ARM GAS  C:\Users\DNIEL~1\AppData\Local\Temp\ccKwCvj9.s 			page 1


   1              		.syntax unified
   2              		.cpu cortex-m3
   3              		.fpu softvfp
   4              		.eabi_attribute 20, 1
   5              		.eabi_attribute 21, 1
   6              		.eabi_attribute 23, 3
   7              		.eabi_attribute 24, 1
   8              		.eabi_attribute 25, 1
   9              		.eabi_attribute 26, 1
  10              		.eabi_attribute 30, 2
  11              		.eabi_attribute 18, 4
  12              		.thumb
  13              		.file	"board.c"
  14              		.section	.debug_abbrev,"",%progbits
  15              	.Ldebug_abbrev0:
  16              		.section	.debug_info,"",%progbits
  17              	.Ldebug_info0:
  18              		.section	.debug_line,"",%progbits
  19              	.Ldebug_line0:
  20 0000 55010000 		.text
  20      02002E01 
  20      00000201 
  20      FB0E0D00 
  20      01010101 
  21              	.Ltext0:
  22              		.cfi_sections	.debug_frame
  23              		.section	.text.__early_init,"ax",%progbits
  24              		.align	2
  25              		.p2align 4,,15
  26              		.global	__early_init
  27              		.thumb
  28              		.thumb_func
  29              		.type	__early_init, %function
  30              	__early_init:
  31              	.LFB118:
  32              		.file 1 "os/board/board.c"
  33              		.loc 1 56 0
  34              		.cfi_startproc
  35              		@ args = 0, pretend = 0, frame = 0
  36              		@ frame_needed = 0, uses_anonymous_args = 0
  37              		@ link register save eliminated.
  38              		.loc 1 59 0
  39              		.loc 1 58 0
  40 0000 FFF7FEBF 		b	stm32_clock_init
  41              		.cfi_endproc
  42              	.LFE118:
  43              		.size	__early_init, .-__early_init
  44 0004 AFF30080 		.section	.text.boardInit,"ax",%progbits
  44      AFF30080 
  44      AFF30080 
  45              		.align	2
  46              		.p2align 4,,15
  47              		.global	boardInit
  48              		.thumb
  49              		.thumb_func
  50              		.type	boardInit, %function
  51              	boardInit:
ARM GAS  C:\Users\DNIEL~1\AppData\Local\Temp\ccKwCvj9.s 			page 2


  52              	.LFB119:
  53              		.loc 1 64 0
  54              		.cfi_startproc
  55              		@ args = 0, pretend = 0, frame = 0
  56              		@ frame_needed = 0, uses_anonymous_args = 0
  57              		@ link register save eliminated.
  58              		.loc 1 65 0
  59 0000 7047     		bx	lr
  60              		.cfi_endproc
  61              	.LFE119:
  62              		.size	boardInit, .-boardInit
  63              		.global	pal_default_config
  64 0002 00BFAFF3 		.section	.rodata.pal_default_config,"a",%progbits
  64      0080AFF3 
  64      0080AFF3 
  64      0080
  65              		.align	2
  66              		.type	pal_default_config, %object
  67              		.size	pal_default_config, 252
  68              	pal_default_config:
  69 0000 00000000 		.word	0
  70 0004 00000000 		.word	0
  71 0008 FFFFFFFF 		.word	-1
  72 000c FFFFFFFF 		.word	-1
  73 0010 FFFFFFFF 		.word	-1
  74 0014 00000000 		.word	0
  75 0018 00000000 		.word	0
  76 001c 00A00000 		.word	40960
  77 0020 00000000 		.word	0
  78 0024 FFFFFFFF 		.word	-1
  79 0028 FFFFFFFF 		.word	-1
  80 002c FFFFFFFF 		.word	-1
  81 0030 00000077 		.word	1996488704
  82 0034 00000000 		.word	0
  83 0038 00A00000 		.word	40960
  84 003c 00000000 		.word	0
  85 0040 FFFFFFFF 		.word	-1
  86 0044 FFFFFFFF 		.word	-1
  87 0048 FFFFFFFF 		.word	-1
  88 004c 00000088 		.word	-2013265920
  89 0050 00000000 		.word	0
  90 0054 00000000 		.word	0
  91 0058 00000000 		.word	0
  92 005c FFFFFFFF 		.word	-1
  93 0060 FFFFFFFF 		.word	-1
  94 0064 FFFFFFFF 		.word	-1
  95 0068 00000000 		.word	0
  96 006c 00000000 		.word	0
  97 0070 10000000 		.word	16
  98 0074 00000000 		.word	0
  99 0078 FFFFFFFF 		.word	-1
 100 007c FFFFFFFF 		.word	-1
 101 0080 FFFFFFFF 		.word	-1
 102 0084 00000000 		.word	0
 103 0088 00000000 		.word	0
 104 008c 00000000 		.word	0
 105 0090 00000000 		.word	0
ARM GAS  C:\Users\DNIEL~1\AppData\Local\Temp\ccKwCvj9.s 			page 3


 106 0094 FFFFFFFF 		.word	-1
 107 0098 FFFFFFFF 		.word	-1
 108 009c FFFFFFFF 		.word	-1
 109 00a0 00000000 		.word	0
 110 00a4 00000000 		.word	0
 111 00a8 00000000 		.word	0
 112 00ac 00000000 		.word	0
 113 00b0 FFFFFFFF 		.word	-1
 114 00b4 FFFFFFFF 		.word	-1
 115 00b8 FFFFFFFF 		.word	-1
 116 00bc 00000000 		.word	0
 117 00c0 00000000 		.word	0
 118 00c4 00000000 		.word	0
 119 00c8 00000000 		.word	0
 120 00cc FFFFFFFF 		.word	-1
 121 00d0 FFFFFFFF 		.word	-1
 122 00d4 FFFFFFFF 		.word	-1
 123 00d8 00000000 		.word	0
 124 00dc 00000000 		.word	0
 125 00e0 00000000 		.word	0
 126 00e4 00000000 		.word	0
 127 00e8 FFFFFFFF 		.word	-1
 128 00ec FFFFFFFF 		.word	-1
 129 00f0 FFFFFFFF 		.word	-1
 130 00f4 00000000 		.word	0
 131 00f8 00000000 		.word	0
 132              		.text
 133              	.Letext0:
 134              		.file 2 "c:\\program files (x86)\\codesourcery\\sourcery g++ lite\\bin\\../lib/gcc/arm-none-eabi/4
 135              		.file 3 "../../../ChibiOS/os/hal/platforms/STM32/GPIOv2/pal_lld.h"
 136              		.file 4 "../../../ChibiOS/os/ports/common/ARMCMx/CMSIS/include/core_cm4.h"
 137              		.section	.debug_info
 138 0000 F5010000 		.4byte	0x1f5
 139 0004 0200     		.2byte	0x2
 140 0006 00000000 		.4byte	.Ldebug_abbrev0
 141 000a 04       		.byte	0x4
 142 000b 01       		.uleb128 0x1
 143 000c 1C000000 		.4byte	.LASF33
 144 0010 01       		.byte	0x1
 145 0011 6C010000 		.4byte	.LASF34
 146 0015 3B000000 		.4byte	.LASF35
 147 0019 00000000 		.4byte	0x0
 148 001d 00000000 		.4byte	0x0
 149 0021 00000000 		.4byte	.Ldebug_ranges0+0x0
 150 0025 00000000 		.4byte	.Ldebug_line0
 151 0029 02       		.uleb128 0x2
 152 002a 04       		.byte	0x4
 153 002b 05       		.byte	0x5
 154 002c 696E7400 		.ascii	"int\000"
 155 0030 03       		.uleb128 0x3
 156 0031 04       		.byte	0x4
 157 0032 07       		.byte	0x7
 158 0033 8D000000 		.4byte	.LASF0
 159 0037 03       		.uleb128 0x3
 160 0038 01       		.byte	0x1
 161 0039 06       		.byte	0x6
 162 003a B5010000 		.4byte	.LASF1
ARM GAS  C:\Users\DNIEL~1\AppData\Local\Temp\ccKwCvj9.s 			page 4


 163 003e 03       		.uleb128 0x3
 164 003f 01       		.byte	0x1
 165 0040 08       		.byte	0x8
 166 0041 C6000000 		.4byte	.LASF2
 167 0045 03       		.uleb128 0x3
 168 0046 02       		.byte	0x2
 169 0047 05       		.byte	0x5
 170 0048 8C010000 		.4byte	.LASF3
 171 004c 03       		.uleb128 0x3
 172 004d 02       		.byte	0x2
 173 004e 07       		.byte	0x7
 174 004f 28000000 		.4byte	.LASF4
 175 0053 04       		.uleb128 0x4
 176 0054 64010000 		.4byte	.LASF6
 177 0058 02       		.byte	0x2
 178 0059 4F       		.byte	0x4f
 179 005a 5E000000 		.4byte	0x5e
 180 005e 03       		.uleb128 0x3
 181 005f 04       		.byte	0x4
 182 0060 05       		.byte	0x5
 183 0061 A6010000 		.4byte	.LASF5
 184 0065 04       		.uleb128 0x4
 185 0066 9D010000 		.4byte	.LASF7
 186 006a 02       		.byte	0x2
 187 006b 50       		.byte	0x50
 188 006c 70000000 		.4byte	0x70
 189 0070 03       		.uleb128 0x3
 190 0071 04       		.byte	0x4
 191 0072 07       		.byte	0x7
 192 0073 EE000000 		.4byte	.LASF8
 193 0077 03       		.uleb128 0x3
 194 0078 08       		.byte	0x8
 195 0079 05       		.byte	0x5
 196 007a 00000000 		.4byte	.LASF9
 197 007e 03       		.uleb128 0x3
 198 007f 08       		.byte	0x8
 199 0080 07       		.byte	0x7
 200 0081 A8000000 		.4byte	.LASF10
 201 0085 03       		.uleb128 0x3
 202 0086 01       		.byte	0x1
 203 0087 08       		.byte	0x8
 204 0088 48010000 		.4byte	.LASF11
 205 008c 05       		.uleb128 0x5
 206 008d 53000000 		.4byte	0x53
 207 0091 06       		.uleb128 0x6
 208 0092 1C       		.byte	0x1c
 209 0093 03       		.byte	0x3
 210 0094 A4       		.byte	0xa4
 211 0095 FC000000 		.4byte	0xfc
 212 0099 07       		.uleb128 0x7
 213 009a AF010000 		.4byte	.LASF12
 214 009e 03       		.byte	0x3
 215 009f A6       		.byte	0xa6
 216 00a0 65000000 		.4byte	0x65
 217 00a4 02       		.byte	0x2
 218 00a5 23       		.byte	0x23
 219 00a6 00       		.uleb128 0x0
ARM GAS  C:\Users\DNIEL~1\AppData\Local\Temp\ccKwCvj9.s 			page 5


 220 00a7 07       		.uleb128 0x7
 221 00a8 9A000000 		.4byte	.LASF13
 222 00ac 03       		.byte	0x3
 223 00ad A8       		.byte	0xa8
 224 00ae 65000000 		.4byte	0x65
 225 00b2 02       		.byte	0x2
 226 00b3 23       		.byte	0x23
 227 00b4 04       		.uleb128 0x4
 228 00b5 07       		.uleb128 0x7
 229 00b6 7D010000 		.4byte	.LASF14
 230 00ba 03       		.byte	0x3
 231 00bb AA       		.byte	0xaa
 232 00bc 65000000 		.4byte	0x65
 233 00c0 02       		.byte	0x2
 234 00c1 23       		.byte	0x23
 235 00c2 08       		.uleb128 0x8
 236 00c3 07       		.uleb128 0x7
 237 00c4 34010000 		.4byte	.LASF15
 238 00c8 03       		.byte	0x3
 239 00c9 AC       		.byte	0xac
 240 00ca 65000000 		.4byte	0x65
 241 00ce 02       		.byte	0x2
 242 00cf 23       		.byte	0x23
 243 00d0 0C       		.uleb128 0xc
 244 00d1 08       		.uleb128 0x8
 245 00d2 6F647200 		.ascii	"odr\000"
 246 00d6 03       		.byte	0x3
 247 00d7 AE       		.byte	0xae
 248 00d8 65000000 		.4byte	0x65
 249 00dc 02       		.byte	0x2
 250 00dd 23       		.byte	0x23
 251 00de 10       		.uleb128 0x10
 252 00df 07       		.uleb128 0x7
 253 00e0 05010000 		.4byte	.LASF16
 254 00e4 03       		.byte	0x3
 255 00e5 B0       		.byte	0xb0
 256 00e6 65000000 		.4byte	0x65
 257 00ea 02       		.byte	0x2
 258 00eb 23       		.byte	0x23
 259 00ec 14       		.uleb128 0x14
 260 00ed 07       		.uleb128 0x7
 261 00ee 00010000 		.4byte	.LASF17
 262 00f2 03       		.byte	0x3
 263 00f3 B2       		.byte	0xb2
 264 00f4 65000000 		.4byte	0x65
 265 00f8 02       		.byte	0x2
 266 00f9 23       		.byte	0x23
 267 00fa 18       		.uleb128 0x18
 268 00fb 00       		.byte	0x0
 269 00fc 04       		.uleb128 0x4
 270 00fd D4000000 		.4byte	.LASF18
 271 0101 03       		.byte	0x3
 272 0102 B3       		.byte	0xb3
 273 0103 91000000 		.4byte	0x91
 274 0107 06       		.uleb128 0x6
 275 0108 FC       		.byte	0xfc
 276 0109 03       		.byte	0x3
ARM GAS  C:\Users\DNIEL~1\AppData\Local\Temp\ccKwCvj9.s 			page 6


 277 010a BC       		.byte	0xbc
 278 010b 92010000 		.4byte	0x192
 279 010f 07       		.uleb128 0x7
 280 0110 E7000000 		.4byte	.LASF19
 281 0114 03       		.byte	0x3
 282 0115 BE       		.byte	0xbe
 283 0116 FC000000 		.4byte	0xfc
 284 011a 02       		.byte	0x2
 285 011b 23       		.byte	0x23
 286 011c 00       		.uleb128 0x0
 287 011d 07       		.uleb128 0x7
 288 011e 41010000 		.4byte	.LASF20
 289 0122 03       		.byte	0x3
 290 0123 C0       		.byte	0xc0
 291 0124 FC000000 		.4byte	0xfc
 292 0128 02       		.byte	0x2
 293 0129 23       		.byte	0x23
 294 012a 1C       		.uleb128 0x1c
 295 012b 07       		.uleb128 0x7
 296 012c 96010000 		.4byte	.LASF21
 297 0130 03       		.byte	0x3
 298 0131 C2       		.byte	0xc2
 299 0132 FC000000 		.4byte	0xfc
 300 0136 02       		.byte	0x2
 301 0137 23       		.byte	0x23
 302 0138 38       		.uleb128 0x38
 303 0139 07       		.uleb128 0x7
 304 013a 15000000 		.4byte	.LASF22
 305 013e 03       		.byte	0x3
 306 013f C4       		.byte	0xc4
 307 0140 FC000000 		.4byte	0xfc
 308 0144 02       		.byte	0x2
 309 0145 23       		.byte	0x23
 310 0146 54       		.uleb128 0x54
 311 0147 07       		.uleb128 0x7
 312 0148 BF000000 		.4byte	.LASF23
 313 014c 03       		.byte	0x3
 314 014d C7       		.byte	0xc7
 315 014e FC000000 		.4byte	0xfc
 316 0152 02       		.byte	0x2
 317 0153 23       		.byte	0x23
 318 0154 70       		.uleb128 0x70
 319 0155 07       		.uleb128 0x7
 320 0156 3A010000 		.4byte	.LASF24
 321 015a 03       		.byte	0x3
 322 015b CB       		.byte	0xcb
 323 015c FC000000 		.4byte	0xfc
 324 0160 03       		.byte	0x3
 325 0161 23       		.byte	0x23
 326 0162 8C01     		.uleb128 0x8c
 327 0164 07       		.uleb128 0x7
 328 0165 85010000 		.4byte	.LASF25
 329 0169 03       		.byte	0x3
 330 016a CF       		.byte	0xcf
 331 016b FC000000 		.4byte	0xfc
 332 016f 03       		.byte	0x3
 333 0170 23       		.byte	0x23
ARM GAS  C:\Users\DNIEL~1\AppData\Local\Temp\ccKwCvj9.s 			page 7


 334 0171 A801     		.uleb128 0xa8
 335 0173 07       		.uleb128 0x7
 336 0174 0E000000 		.4byte	.LASF26
 337 0178 03       		.byte	0x3
 338 0179 D3       		.byte	0xd3
 339 017a FC000000 		.4byte	0xfc
 340 017e 03       		.byte	0x3
 341 017f 23       		.byte	0x23
 342 0180 C401     		.uleb128 0xc4
 343 0182 07       		.uleb128 0x7
 344 0183 A1000000 		.4byte	.LASF27
 345 0187 03       		.byte	0x3
 346 0188 D7       		.byte	0xd7
 347 0189 FC000000 		.4byte	0xfc
 348 018d 03       		.byte	0x3
 349 018e 23       		.byte	0x23
 350 018f E001     		.uleb128 0xe0
 351 0191 00       		.byte	0x0
 352 0192 04       		.uleb128 0x4
 353 0193 17010000 		.4byte	.LASF28
 354 0197 03       		.byte	0x3
 355 0198 D9       		.byte	0xd9
 356 0199 07010000 		.4byte	0x107
 357 019d 09       		.uleb128 0x9
 358 019e 01       		.byte	0x1
 359 019f 57010000 		.4byte	.LASF29
 360 01a3 01       		.byte	0x1
 361 01a4 38       		.byte	0x38
 362 01a5 01       		.byte	0x1
 363 01a6 00000000 		.4byte	.LFB118
 364 01aa 04000000 		.4byte	.LFE118
 365 01ae 02       		.byte	0x2
 366 01af 7D       		.byte	0x7d
 367 01b0 00       		.sleb128 0
 368 01b1 09       		.uleb128 0x9
 369 01b2 01       		.byte	0x1
 370 01b3 4D010000 		.4byte	.LASF30
 371 01b7 01       		.byte	0x1
 372 01b8 40       		.byte	0x40
 373 01b9 01       		.byte	0x1
 374 01ba 00000000 		.4byte	.LFB119
 375 01be 02000000 		.4byte	.LFE119
 376 01c2 02       		.byte	0x2
 377 01c3 7D       		.byte	0x7d
 378 01c4 00       		.sleb128 0
 379 01c5 0A       		.uleb128 0xa
 380 01c6 0A010000 		.4byte	.LASF31
 381 01ca 04       		.byte	0x4
 382 01cb 9806     		.2byte	0x698
 383 01cd 8C000000 		.4byte	0x8c
 384 01d1 01       		.byte	0x1
 385 01d2 01       		.byte	0x1
 386 01d3 0A       		.uleb128 0xa
 387 01d4 0A010000 		.4byte	.LASF31
 388 01d8 04       		.byte	0x4
 389 01d9 9806     		.2byte	0x698
 390 01db 8C000000 		.4byte	0x8c
ARM GAS  C:\Users\DNIEL~1\AppData\Local\Temp\ccKwCvj9.s 			page 8


 391 01df 01       		.byte	0x1
 392 01e0 01       		.byte	0x1
 393 01e1 0B       		.uleb128 0xb
 394 01e2 21010000 		.4byte	.LASF32
 395 01e6 01       		.byte	0x1
 396 01e7 25       		.byte	0x25
 397 01e8 F3010000 		.4byte	0x1f3
 398 01ec 01       		.byte	0x1
 399 01ed 05       		.byte	0x5
 400 01ee 03       		.byte	0x3
 401 01ef 00000000 		.4byte	pal_default_config
 402 01f3 0C       		.uleb128 0xc
 403 01f4 92010000 		.4byte	0x192
 404 01f8 00       		.byte	0x0
 405              		.section	.debug_abbrev
 406 0000 01       		.uleb128 0x1
 407 0001 11       		.uleb128 0x11
 408 0002 01       		.byte	0x1
 409 0003 25       		.uleb128 0x25
 410 0004 0E       		.uleb128 0xe
 411 0005 13       		.uleb128 0x13
 412 0006 0B       		.uleb128 0xb
 413 0007 03       		.uleb128 0x3
 414 0008 0E       		.uleb128 0xe
 415 0009 1B       		.uleb128 0x1b
 416 000a 0E       		.uleb128 0xe
 417 000b 11       		.uleb128 0x11
 418 000c 01       		.uleb128 0x1
 419 000d 52       		.uleb128 0x52
 420 000e 01       		.uleb128 0x1
 421 000f 55       		.uleb128 0x55
 422 0010 06       		.uleb128 0x6
 423 0011 10       		.uleb128 0x10
 424 0012 06       		.uleb128 0x6
 425 0013 00       		.byte	0x0
 426 0014 00       		.byte	0x0
 427 0015 02       		.uleb128 0x2
 428 0016 24       		.uleb128 0x24
 429 0017 00       		.byte	0x0
 430 0018 0B       		.uleb128 0xb
 431 0019 0B       		.uleb128 0xb
 432 001a 3E       		.uleb128 0x3e
 433 001b 0B       		.uleb128 0xb
 434 001c 03       		.uleb128 0x3
 435 001d 08       		.uleb128 0x8
 436 001e 00       		.byte	0x0
 437 001f 00       		.byte	0x0
 438 0020 03       		.uleb128 0x3
 439 0021 24       		.uleb128 0x24
 440 0022 00       		.byte	0x0
 441 0023 0B       		.uleb128 0xb
 442 0024 0B       		.uleb128 0xb
 443 0025 3E       		.uleb128 0x3e
 444 0026 0B       		.uleb128 0xb
 445 0027 03       		.uleb128 0x3
 446 0028 0E       		.uleb128 0xe
 447 0029 00       		.byte	0x0
ARM GAS  C:\Users\DNIEL~1\AppData\Local\Temp\ccKwCvj9.s 			page 9


 448 002a 00       		.byte	0x0
 449 002b 04       		.uleb128 0x4
 450 002c 16       		.uleb128 0x16
 451 002d 00       		.byte	0x0
 452 002e 03       		.uleb128 0x3
 453 002f 0E       		.uleb128 0xe
 454 0030 3A       		.uleb128 0x3a
 455 0031 0B       		.uleb128 0xb
 456 0032 3B       		.uleb128 0x3b
 457 0033 0B       		.uleb128 0xb
 458 0034 49       		.uleb128 0x49
 459 0035 13       		.uleb128 0x13
 460 0036 00       		.byte	0x0
 461 0037 00       		.byte	0x0
 462 0038 05       		.uleb128 0x5
 463 0039 35       		.uleb128 0x35
 464 003a 00       		.byte	0x0
 465 003b 49       		.uleb128 0x49
 466 003c 13       		.uleb128 0x13
 467 003d 00       		.byte	0x0
 468 003e 00       		.byte	0x0
 469 003f 06       		.uleb128 0x6
 470 0040 13       		.uleb128 0x13
 471 0041 01       		.byte	0x1
 472 0042 0B       		.uleb128 0xb
 473 0043 0B       		.uleb128 0xb
 474 0044 3A       		.uleb128 0x3a
 475 0045 0B       		.uleb128 0xb
 476 0046 3B       		.uleb128 0x3b
 477 0047 0B       		.uleb128 0xb
 478 0048 01       		.uleb128 0x1
 479 0049 13       		.uleb128 0x13
 480 004a 00       		.byte	0x0
 481 004b 00       		.byte	0x0
 482 004c 07       		.uleb128 0x7
 483 004d 0D       		.uleb128 0xd
 484 004e 00       		.byte	0x0
 485 004f 03       		.uleb128 0x3
 486 0050 0E       		.uleb128 0xe
 487 0051 3A       		.uleb128 0x3a
 488 0052 0B       		.uleb128 0xb
 489 0053 3B       		.uleb128 0x3b
 490 0054 0B       		.uleb128 0xb
 491 0055 49       		.uleb128 0x49
 492 0056 13       		.uleb128 0x13
 493 0057 38       		.uleb128 0x38
 494 0058 0A       		.uleb128 0xa
 495 0059 00       		.byte	0x0
 496 005a 00       		.byte	0x0
 497 005b 08       		.uleb128 0x8
 498 005c 0D       		.uleb128 0xd
 499 005d 00       		.byte	0x0
 500 005e 03       		.uleb128 0x3
 501 005f 08       		.uleb128 0x8
 502 0060 3A       		.uleb128 0x3a
 503 0061 0B       		.uleb128 0xb
 504 0062 3B       		.uleb128 0x3b
ARM GAS  C:\Users\DNIEL~1\AppData\Local\Temp\ccKwCvj9.s 			page 10


 505 0063 0B       		.uleb128 0xb
 506 0064 49       		.uleb128 0x49
 507 0065 13       		.uleb128 0x13
 508 0066 38       		.uleb128 0x38
 509 0067 0A       		.uleb128 0xa
 510 0068 00       		.byte	0x0
 511 0069 00       		.byte	0x0
 512 006a 09       		.uleb128 0x9
 513 006b 2E       		.uleb128 0x2e
 514 006c 00       		.byte	0x0
 515 006d 3F       		.uleb128 0x3f
 516 006e 0C       		.uleb128 0xc
 517 006f 03       		.uleb128 0x3
 518 0070 0E       		.uleb128 0xe
 519 0071 3A       		.uleb128 0x3a
 520 0072 0B       		.uleb128 0xb
 521 0073 3B       		.uleb128 0x3b
 522 0074 0B       		.uleb128 0xb
 523 0075 27       		.uleb128 0x27
 524 0076 0C       		.uleb128 0xc
 525 0077 11       		.uleb128 0x11
 526 0078 01       		.uleb128 0x1
 527 0079 12       		.uleb128 0x12
 528 007a 01       		.uleb128 0x1
 529 007b 40       		.uleb128 0x40
 530 007c 0A       		.uleb128 0xa
 531 007d 00       		.byte	0x0
 532 007e 00       		.byte	0x0
 533 007f 0A       		.uleb128 0xa
 534 0080 34       		.uleb128 0x34
 535 0081 00       		.byte	0x0
 536 0082 03       		.uleb128 0x3
 537 0083 0E       		.uleb128 0xe
 538 0084 3A       		.uleb128 0x3a
 539 0085 0B       		.uleb128 0xb
 540 0086 3B       		.uleb128 0x3b
 541 0087 05       		.uleb128 0x5
 542 0088 49       		.uleb128 0x49
 543 0089 13       		.uleb128 0x13
 544 008a 3F       		.uleb128 0x3f
 545 008b 0C       		.uleb128 0xc
 546 008c 3C       		.uleb128 0x3c
 547 008d 0C       		.uleb128 0xc
 548 008e 00       		.byte	0x0
 549 008f 00       		.byte	0x0
 550 0090 0B       		.uleb128 0xb
 551 0091 34       		.uleb128 0x34
 552 0092 00       		.byte	0x0
 553 0093 03       		.uleb128 0x3
 554 0094 0E       		.uleb128 0xe
 555 0095 3A       		.uleb128 0x3a
 556 0096 0B       		.uleb128 0xb
 557 0097 3B       		.uleb128 0x3b
 558 0098 0B       		.uleb128 0xb
 559 0099 49       		.uleb128 0x49
 560 009a 13       		.uleb128 0x13
 561 009b 3F       		.uleb128 0x3f
ARM GAS  C:\Users\DNIEL~1\AppData\Local\Temp\ccKwCvj9.s 			page 11


 562 009c 0C       		.uleb128 0xc
 563 009d 02       		.uleb128 0x2
 564 009e 0A       		.uleb128 0xa
 565 009f 00       		.byte	0x0
 566 00a0 00       		.byte	0x0
 567 00a1 0C       		.uleb128 0xc
 568 00a2 26       		.uleb128 0x26
 569 00a3 00       		.byte	0x0
 570 00a4 49       		.uleb128 0x49
 571 00a5 13       		.uleb128 0x13
 572 00a6 00       		.byte	0x0
 573 00a7 00       		.byte	0x0
 574 00a8 00       		.byte	0x0
 575              		.section	.debug_pubnames,"",%progbits
 576 0000 44000000 		.4byte	0x44
 577 0004 0200     		.2byte	0x2
 578 0006 00000000 		.4byte	.Ldebug_info0
 579 000a F9010000 		.4byte	0x1f9
 580 000e 9D010000 		.4byte	0x19d
 581 0012 5F5F6561 		.ascii	"__early_init\000"
 581      726C795F 
 581      696E6974 
 581      00
 582 001f B1010000 		.4byte	0x1b1
 583 0023 626F6172 		.ascii	"boardInit\000"
 583      64496E69 
 583      7400
 584 002d E1010000 		.4byte	0x1e1
 585 0031 70616C5F 		.ascii	"pal_default_config\000"
 585      64656661 
 585      756C745F 
 585      636F6E66 
 585      696700
 586 0044 00000000 		.4byte	0x0
 587              		.section	.debug_pubtypes,"",%progbits
 588 0000 4C000000 		.4byte	0x4c
 589 0004 0200     		.2byte	0x2
 590 0006 00000000 		.4byte	.Ldebug_info0
 591 000a F9010000 		.4byte	0x1f9
 592 000e 53000000 		.4byte	0x53
 593 0012 696E7433 		.ascii	"int32_t\000"
 593      325F7400 
 594 001a 65000000 		.4byte	0x65
 595 001e 75696E74 		.ascii	"uint32_t\000"
 595      33325F74 
 595      00
 596 0027 FC000000 		.4byte	0xfc
 597 002b 73746D33 		.ascii	"stm32_gpio_setup_t\000"
 597      325F6770 
 597      696F5F73 
 597      65747570 
 597      5F7400
 598 003e 92010000 		.4byte	0x192
 599 0042 50414C43 		.ascii	"PALConfig\000"
 599      6F6E6669 
 599      6700
 600 004c 00000000 		.4byte	0x0
ARM GAS  C:\Users\DNIEL~1\AppData\Local\Temp\ccKwCvj9.s 			page 12


 601              		.section	.debug_aranges,"",%progbits
 602 0000 24000000 		.4byte	0x24
 603 0004 0200     		.2byte	0x2
 604 0006 00000000 		.4byte	.Ldebug_info0
 605 000a 04       		.byte	0x4
 606 000b 00       		.byte	0x0
 607 000c 0000     		.2byte	0x0
 608 000e 0000     		.2byte	0x0
 609 0010 00000000 		.4byte	.LFB118
 610 0014 04000000 		.4byte	.LFE118-.LFB118
 611 0018 00000000 		.4byte	.LFB119
 612 001c 02000000 		.4byte	.LFE119-.LFB119
 613 0020 00000000 		.4byte	0x0
 614 0024 00000000 		.4byte	0x0
 615              		.section	.debug_ranges,"",%progbits
 616              	.Ldebug_ranges0:
 617 0000 00000000 		.4byte	.LFB118
 618 0004 04000000 		.4byte	.LFE118
 619 0008 00000000 		.4byte	.LFB119
 620 000c 02000000 		.4byte	.LFE119
 621 0010 00000000 		.4byte	0x0
 622 0014 00000000 		.4byte	0x0
 623              		.section	.debug_str,"MS",%progbits,1
 624              	.LASF9:
 625 0000 6C6F6E67 		.ascii	"long long int\000"
 625      206C6F6E 
 625      6720696E 
 625      7400
 626              	.LASF26:
 627 000e 50484461 		.ascii	"PHData\000"
 627      746100
 628              	.LASF22:
 629 0015 50444461 		.ascii	"PDData\000"
 629      746100
 630              	.LASF33:
 631 001c 474E5520 		.ascii	"GNU C 4.5.2\000"
 631      4320342E 
 631      352E3200 
 632              	.LASF4:
 633 0028 73686F72 		.ascii	"short unsigned int\000"
 633      7420756E 
 633      7369676E 
 633      65642069 
 633      6E7400
 634              	.LASF35:
 635 003b 433A5C55 		.ascii	"C:\\Users\\D\341niel\\Dropbox\\Solar Racing\\Szoftv"
 635      73657273 
 635      5C44E16E 
 635      69656C5C 
 635      44726F70 
 636 0066 65725C4D 		.ascii	"er\\Modulux\\Modulux_v0\\modulux\\firmware\000"
 636      6F64756C 
 636      75785C4D 
 636      6F64756C 
 636      75785F76 
 637              	.LASF0:
 638 008d 756E7369 		.ascii	"unsigned int\000"
ARM GAS  C:\Users\DNIEL~1\AppData\Local\Temp\ccKwCvj9.s 			page 13


 638      676E6564 
 638      20696E74 
 638      00
 639              	.LASF13:
 640 009a 6F747970 		.ascii	"otyper\000"
 640      657200
 641              	.LASF27:
 642 00a1 50494461 		.ascii	"PIData\000"
 642      746100
 643              	.LASF10:
 644 00a8 6C6F6E67 		.ascii	"long long unsigned int\000"
 644      206C6F6E 
 644      6720756E 
 644      7369676E 
 644      65642069 
 645              	.LASF23:
 646 00bf 50454461 		.ascii	"PEData\000"
 646      746100
 647              	.LASF2:
 648 00c6 756E7369 		.ascii	"unsigned char\000"
 648      676E6564 
 648      20636861 
 648      7200
 649              	.LASF18:
 650 00d4 73746D33 		.ascii	"stm32_gpio_setup_t\000"
 650      325F6770 
 650      696F5F73 
 650      65747570 
 650      5F7400
 651              	.LASF19:
 652 00e7 50414461 		.ascii	"PAData\000"
 652      746100
 653              	.LASF8:
 654 00ee 6C6F6E67 		.ascii	"long unsigned int\000"
 654      20756E73 
 654      69676E65 
 654      6420696E 
 654      7400
 655              	.LASF17:
 656 0100 61667268 		.ascii	"afrh\000"
 656      00
 657              	.LASF16:
 658 0105 6166726C 		.ascii	"afrl\000"
 658      00
 659              	.LASF31:
 660 010a 49544D5F 		.ascii	"ITM_RxBuffer\000"
 660      52784275 
 660      66666572 
 660      00
 661              	.LASF28:
 662 0117 50414C43 		.ascii	"PALConfig\000"
 662      6F6E6669 
 662      6700
 663              	.LASF32:
 664 0121 70616C5F 		.ascii	"pal_default_config\000"
 664      64656661 
 664      756C745F 
ARM GAS  C:\Users\DNIEL~1\AppData\Local\Temp\ccKwCvj9.s 			page 14


 664      636F6E66 
 664      696700
 665              	.LASF15:
 666 0134 70757064 		.ascii	"pupdr\000"
 666      7200
 667              	.LASF24:
 668 013a 50464461 		.ascii	"PFData\000"
 668      746100
 669              	.LASF20:
 670 0141 50424461 		.ascii	"PBData\000"
 670      746100
 671              	.LASF11:
 672 0148 63686172 		.ascii	"char\000"
 672      00
 673              	.LASF30:
 674 014d 626F6172 		.ascii	"boardInit\000"
 674      64496E69 
 674      7400
 675              	.LASF29:
 676 0157 5F5F6561 		.ascii	"__early_init\000"
 676      726C795F 
 676      696E6974 
 676      00
 677              	.LASF6:
 678 0164 696E7433 		.ascii	"int32_t\000"
 678      325F7400 
 679              	.LASF34:
 680 016c 6F732F62 		.ascii	"os/board/board.c\000"
 680      6F617264 
 680      2F626F61 
 680      72642E63 
 680      00
 681              	.LASF14:
 682 017d 6F737065 		.ascii	"ospeedr\000"
 682      65647200 
 683              	.LASF25:
 684 0185 50474461 		.ascii	"PGData\000"
 684      746100
 685              	.LASF3:
 686 018c 73686F72 		.ascii	"short int\000"
 686      7420696E 
 686      7400
 687              	.LASF21:
 688 0196 50434461 		.ascii	"PCData\000"
 688      746100
 689              	.LASF7:
 690 019d 75696E74 		.ascii	"uint32_t\000"
 690      33325F74 
 690      00
 691              	.LASF5:
 692 01a6 6C6F6E67 		.ascii	"long int\000"
 692      20696E74 
 692      00
 693              	.LASF12:
 694 01af 6D6F6465 		.ascii	"moder\000"
 694      7200
 695              	.LASF1:
ARM GAS  C:\Users\DNIEL~1\AppData\Local\Temp\ccKwCvj9.s 			page 15


 696 01b5 7369676E 		.ascii	"signed char\000"
 696      65642063 
 696      68617200 
 697              		.ident	"GCC: (Sourcery G++ Lite 2011.03-42) 4.5.2"
ARM GAS  C:\Users\DNIEL~1\AppData\Local\Temp\ccKwCvj9.s 			page 16


DEFINED SYMBOLS
                            *ABS*:00000000 board.c
C:\Users\DNIEL~1\AppData\Local\Temp\ccKwCvj9.s:24     .text.__early_init:00000000 $t
C:\Users\DNIEL~1\AppData\Local\Temp\ccKwCvj9.s:30     .text.__early_init:00000000 __early_init
C:\Users\DNIEL~1\AppData\Local\Temp\ccKwCvj9.s:45     .text.boardInit:00000000 $t
C:\Users\DNIEL~1\AppData\Local\Temp\ccKwCvj9.s:51     .text.boardInit:00000000 boardInit
C:\Users\DNIEL~1\AppData\Local\Temp\ccKwCvj9.s:68     .rodata.pal_default_config:00000000 pal_default_config
C:\Users\DNIEL~1\AppData\Local\Temp\ccKwCvj9.s:65     .rodata.pal_default_config:00000000 $d
                     .debug_frame:00000010 $d

UNDEFINED SYMBOLS
stm32_clock_init
