ARM GAS  C:\Users\DNIEL~1\AppData\Local\Temp\ccOoafU5.s 			page 1


   1              		.syntax unified
   2              		.cpu cortex-m3
   3              		.fpu softvfp
   4              		.eabi_attribute 20, 1
   5              		.eabi_attribute 21, 1
   6              		.eabi_attribute 23, 3
   7              		.eabi_attribute 24, 1
   8              		.eabi_attribute 25, 1
   9              		.eabi_attribute 26, 1
  10              		.eabi_attribute 30, 2
  11              		.eabi_attribute 18, 4
  12              		.thumb
  13              		.file	"chcore_v7m.c"
  14              		.section	.debug_abbrev,"",%progbits
  15              	.Ldebug_abbrev0:
  16              		.section	.debug_info,"",%progbits
  17              	.Ldebug_info0:
  18              		.section	.debug_line,"",%progbits
  19              	.Ldebug_line0:
  20 0000 2F020000 		.text
  20      02007401 
  20      00000201 
  20      FB0E0D00 
  20      01010101 
  21              	.Ltext0:
  22              		.cfi_sections	.debug_frame
  23              		.section	.text._port_switch_from_isr,"ax",%progbits
  24              		.align	2
  25              		.p2align 4,,15
  26              		.global	_port_switch_from_isr
  27              		.thumb
  28              		.thumb_func
  29              		.type	_port_switch_from_isr, %function
  30              	_port_switch_from_isr:
  31              	.LFB11:
  32              		.file 1 "../../../ChibiOS/os/ports/GCC/ARMCMx/chcore_v7m.c"
  33              		.loc 1 200 0
  34              		.cfi_startproc
  35              		@ Naked Function: prologue and epilogue provided by programmer.
  36              		@ args = 0, pretend = 0, frame = 0
  37              		@ frame_needed = 0, uses_anonymous_args = 0
  38              		.loc 1 202 0
  39 0000 FFF7FEFF 		bl	dbg_check_lock
  40              		.loc 1 203 0
  41 0004 FFF7FEFF 		bl	chSchDoReschedule
  42              		.loc 1 204 0
  43 0008 FFF7FEFF 		bl	dbg_check_unlock
  44              		.loc 1 205 0
  45              	@ 205 "../../../ChibiOS/os/ports/GCC/ARMCMx/chcore_v7m.c" 1
  46              		_port_exit_from_isr:
  47              	@ 0 "" 2
  48              		.loc 1 207 0
  49              	@ 207 "../../../ChibiOS/os/ports/GCC/ARMCMx/chcore_v7m.c" 1
  50 000c 00DF     		svc     #0
  51              	@ 0 "" 2
  52              		.loc 1 214 0
  53              		.thumb
ARM GAS  C:\Users\DNIEL~1\AppData\Local\Temp\ccOoafU5.s 			page 2


  54              		.cfi_endproc
  55              	.LFE11:
  56              		.size	_port_switch_from_isr, .-_port_switch_from_isr
  57 000e 00BF     		.section	.text.SVCallVector,"ax",%progbits
  58              		.align	2
  59              		.p2align 4,,15
  60              		.global	SVCallVector
  61              		.thumb
  62              		.thumb_func
  63              		.type	SVCallVector, %function
  64              	SVCallVector:
  65              	.LFB8:
  66              		.loc 1 58 0
  67              		.cfi_startproc
  68              		@ args = 0, pretend = 0, frame = 0
  69              		@ frame_needed = 0, uses_anonymous_args = 0
  70              		@ link register save eliminated.
  71              		.loc 1 62 0
  72              	@ 62 "../../../ChibiOS/os/ports/GCC/ARMCMx/chcore_v7m.c" 1
  73 0000 EFF30983 		mrs     r3, PSP
  74              	@ 0 "" 2
  75              	.LVL0:
  76              		.loc 1 66 0
  77              		.thumb
  78 0004 2033     		adds	r3, r3, #32
  79              	.LVL1:
  80              		.loc 1 73 0
  81              	@ 73 "../../../ChibiOS/os/ports/GCC/ARMCMx/chcore_v7m.c" 1
  82 0006 83F30988 		msr     PSP, r3
  83              	@ 0 "" 2
  84              		.thumb
  85              	.LBB2:
  86              		.loc 1 74 0
  87 000a 0023     		movs	r3, #0
  88              	.LVL2:
  89              	@ 74 "../../../ChibiOS/os/ports/GCC/ARMCMx/chcore_v7m.c" 1
  90 000c 83F31188 		msr     BASEPRI, r3
  91              	@ 0 "" 2
  92              	.LVL3:
  93              		.thumb
  94              	.LBE2:
  95              		.loc 1 75 0
  96 0010 7047     		bx	lr
  97              		.cfi_endproc
  98              	.LFE8:
  99              		.size	SVCallVector, .-SVCallVector
 100 0012 00BFAFF3 		.section	.text._port_init,"ax",%progbits
 100      0080AFF3 
 100      0080AFF3 
 100      0080
 101              		.align	2
 102              		.p2align 4,,15
 103              		.global	_port_init
 104              		.thumb
 105              		.thumb_func
 106              		.type	_port_init, %function
 107              	_port_init:
ARM GAS  C:\Users\DNIEL~1\AppData\Local\Temp\ccOoafU5.s 			page 3


 108              	.LFB9:
 109              		.loc 1 111 0
 110              		.cfi_startproc
 111              		@ args = 0, pretend = 0, frame = 0
 112              		@ frame_needed = 0, uses_anonymous_args = 0
 113              		.loc 1 114 0
 114 0000 0A4B     		ldr	r3, .L4
 115 0002 0022     		movs	r2, #0
 116              		.loc 1 111 0
 117 0004 10B5     		push	{r4, lr}
 118              	.LCFI0:
 119              		.cfi_def_cfa_offset 8
 120              		.loc 1 114 0
 121 0006 9A60     		str	r2, [r3, #8]
 122              		.loc 1 115 0
 123 0008 094A     		ldr	r2, .L4+4
 124              		.loc 1 118 0
 125 000a 0720     		movs	r0, #7
 126 000c 1021     		movs	r1, #16
 127              		.loc 1 115 0
 128 000e DA60     		str	r2, [r3, #12]
 129              		.loc 1 118 0
 130              		.cfi_offset 14, -4
 131              		.cfi_offset 4, -8
 132 0010 FFF7FEFF 		bl	nvicSetSystemHandlerPriority
 133              		.loc 1 120 0
 134 0014 0A20     		movs	r0, #10
 135 0016 4FF40071 		mov	r1, #512
 136 001a FFF7FEFF 		bl	nvicSetSystemHandlerPriority
 137              		.loc 1 122 0
 138 001e 0B20     		movs	r0, #11
 139 0020 8021     		movs	r1, #128
 140              		.loc 1 124 0
 141 0022 BDE81040 		pop	{r4, lr}
 142              		.loc 1 122 0
 143 0026 FFF7FEBF 		b	nvicSetSystemHandlerPriority
 144              	.L5:
 145 002a 00BF     		.align	2
 146              	.L4:
 147 002c 00ED00E0 		.word	-536810240
 148 0030 0003FA05 		.word	100270848
 149              		.cfi_endproc
 150              	.LFE9:
 151              		.size	_port_init, .-_port_init
 152 0034 AFF30080 		.section	.text._port_irq_epilogue,"ax",%progbits
 152      AFF30080 
 152      AFF30080 
 153              		.align	2
 154              		.p2align 4,,15
 155              		.global	_port_irq_epilogue
 156              		.thumb
 157              		.thumb_func
 158              		.type	_port_irq_epilogue, %function
 159              	_port_irq_epilogue:
 160              	.LFB10:
 161              		.loc 1 141 0
 162              		.cfi_startproc
ARM GAS  C:\Users\DNIEL~1\AppData\Local\Temp\ccOoafU5.s 			page 4


 163              		@ args = 0, pretend = 0, frame = 0
 164              		@ frame_needed = 0, uses_anonymous_args = 0
 165              		@ link register save eliminated.
 166              	.LBB3:
 167              		.loc 1 143 0
 168 0000 2023     		movs	r3, #32
 169              	.LVL4:
 170              	@ 143 "../../../ChibiOS/os/ports/GCC/ARMCMx/chcore_v7m.c" 1
 171 0002 83F31188 		msr     BASEPRI, r3
 172              	@ 0 "" 2
 173              	.LVL5:
 174              		.thumb
 175              	.LBE3:
 176              		.loc 1 144 0
 177 0006 1648     		ldr	r0, .L14
 178 0008 4368     		ldr	r3, [r0, #4]
 179              	.LVL6:
 180 000a 13F40063 		ands	r3, r3, #2048
 181 000e 17D0     		beq	.L7
 182              	.LBB4:
 183              		.loc 1 148 0
 184              	@ 148 "../../../ChibiOS/os/ports/GCC/ARMCMx/chcore_v7m.c" 1
 185 0010 EFF30983 		mrs     r3, PSP
 186              	@ 0 "" 2
 187              	.LVL7:
 188              		.loc 1 152 0
 189              		.thumb
 190 0014 203B     		subs	r3, r3, #32
 191              	.LVL8:
 192              		.loc 1 153 0
 193              	@ 153 "../../../ChibiOS/os/ports/GCC/ARMCMx/chcore_v7m.c" 1
 194 0016 83F30988 		msr     PSP, r3
 195              	@ 0 "" 2
 196              		.loc 1 158 0
 197              		.thumb
 198 001a 1249     		ldr	r1, .L14+4
 199              		.loc 1 154 0
 200 001c 4FF08070 		mov	r0, #16777216
 201              		.loc 1 158 0
 202 0020 8A69     		ldr	r2, [r1, #24]
 203              		.loc 1 154 0
 204 0022 D861     		str	r0, [r3, #28]
 205              		.loc 1 158 0
 206 0024 92F82300 		ldrb	r0, [r2, #35]	@ zero_extendqisi2
 207 0028 68B1     		cbz	r0, .L8
 208              		.loc 1 158 0 is_stmt 0 discriminator 1
 209 002a 0868     		ldr	r0, [r1, #0]
 210 002c 9268     		ldr	r2, [r2, #8]
 211 002e 8168     		ldr	r1, [r0, #8]
 212 0030 9142     		cmp	r1, r2
 213 0032 94BF     		ite	ls
 214 0034 0022     		movls	r2, #0
 215 0036 0122     		movhi	r2, #1
 216 0038 72B1     		cbz	r2, .L10
 217              	.L13:
 218              		.loc 1 160 0 is_stmt 1
 219 003a 0B4A     		ldr	r2, .L14+8
ARM GAS  C:\Users\DNIEL~1\AppData\Local\Temp\ccOoafU5.s 			page 5


 220 003c 9A61     		str	r2, [r3, #24]
 221 003e 7047     		bx	lr
 222              	.LVL9:
 223              	.L7:
 224              	.LBE4:
 225              	.LBB5:
 226              		.loc 1 190 0
 227              	@ 190 "../../../ChibiOS/os/ports/GCC/ARMCMx/chcore_v7m.c" 1
 228 0040 83F31188 		msr     BASEPRI, r3
 229              	@ 0 "" 2
 230              	.LVL10:
 231              		.thumb
 232 0044 7047     		bx	lr
 233              	.LVL11:
 234              	.L8:
 235              	.LBE5:
 236              	.LBB6:
 237              		.loc 1 158 0 discriminator 2
 238 0046 0868     		ldr	r0, [r1, #0]
 239 0048 9268     		ldr	r2, [r2, #8]
 240 004a 8168     		ldr	r1, [r0, #8]
 241 004c 9142     		cmp	r1, r2
 242 004e 34BF     		ite	cc
 243 0050 0022     		movcc	r2, #0
 244 0052 0122     		movcs	r2, #1
 245 0054 002A     		cmp	r2, #0
 246 0056 F0D1     		bne	.L13
 247              	.L10:
 248              		.loc 1 169 0
 249 0058 0449     		ldr	r1, .L14+12
 250 005a 9961     		str	r1, [r3, #24]
 251 005c 7047     		bx	lr
 252              	.L15:
 253 005e 00BF     		.align	2
 254              	.L14:
 255 0060 00ED00E0 		.word	-536810240
 256 0064 00000000 		.word	rlist
 257 0068 00000000 		.word	_port_switch_from_isr
 258 006c 0C000000 		.word	_port_exit_from_isr
 259              	.LBE6:
 260              		.cfi_endproc
 261              	.LFE10:
 262              		.size	_port_irq_epilogue, .-_port_irq_epilogue
 263              		.section	.text.SysTickVector,"ax",%progbits
 264              		.align	2
 265              		.p2align 4,,15
 266              		.global	SysTickVector
 267              		.thumb
 268              		.thumb_func
 269              		.type	SysTickVector, %function
 270              	SysTickVector:
 271              	.LFB7:
 272              		.loc 1 40 0
 273              		.cfi_startproc
 274              		@ args = 0, pretend = 0, frame = 0
 275              		@ frame_needed = 0, uses_anonymous_args = 0
 276 0000 10B5     		push	{r4, lr}
ARM GAS  C:\Users\DNIEL~1\AppData\Local\Temp\ccOoafU5.s 			page 6


 277              	.LCFI1:
 278              		.cfi_def_cfa_offset 8
 279              		.loc 1 42 0
 280              		.cfi_offset 14, -4
 281              		.cfi_offset 4, -8
 282 0002 FFF7FEFF 		bl	dbg_check_enter_isr
 283              	.LBB7:
 284              		.loc 1 44 0
 285 0006 2023     		movs	r3, #32
 286              	.LVL12:
 287              	@ 44 "../../../ChibiOS/os/ports/GCC/ARMCMx/chcore_v7m.c" 1
 288 0008 83F31188 		msr     BASEPRI, r3
 289              	@ 0 "" 2
 290              	.LVL13:
 291              		.thumb
 292              	.LBE7:
 293 000c FFF7FEFF 		bl	dbg_check_lock_from_isr
 294              	.LVL14:
 295              		.loc 1 45 0
 296 0010 FFF7FEFF 		bl	chSysTimerHandlerI
 297              		.loc 1 46 0
 298 0014 FFF7FEFF 		bl	dbg_check_unlock_from_isr
 299              	.LBB8:
 300 0018 0023     		movs	r3, #0
 301              	.LVL15:
 302              	@ 46 "../../../ChibiOS/os/ports/GCC/ARMCMx/chcore_v7m.c" 1
 303 001a 83F31188 		msr     BASEPRI, r3
 304              	@ 0 "" 2
 305              	.LVL16:
 306              		.thumb
 307              	.LBE8:
 308              		.loc 1 48 0
 309 001e FFF7FEFF 		bl	dbg_check_leave_isr
 310              	.LVL17:
 311              		.loc 1 49 0
 312 0022 BDE81040 		pop	{r4, lr}
 313              		.loc 1 48 0
 314 0026 FFF7FEBF 		b	_port_irq_epilogue
 315              		.cfi_endproc
 316              	.LFE7:
 317              		.size	SysTickVector, .-SysTickVector
 318 002a 00BFAFF3 		.section	.text._port_switch,"ax",%progbits
 318      0080
 319              		.align	2
 320              		.p2align 4,,15
 321              		.global	_port_switch
 322              		.thumb
 323              		.thumb_func
 324              		.type	_port_switch, %function
 325              	_port_switch:
 326              	.LFB12:
 327              		.loc 1 229 0
 328              		.cfi_startproc
 329              		@ Naked Function: prologue and epilogue provided by programmer.
 330              		@ args = 0, pretend = 0, frame = 0
 331              		@ frame_needed = 0, uses_anonymous_args = 0
 332              	.LVL18:
ARM GAS  C:\Users\DNIEL~1\AppData\Local\Temp\ccOoafU5.s 			page 7


 333              		.loc 1 231 0
 334              	@ 231 "../../../ChibiOS/os/ports/GCC/ARMCMx/chcore_v7m.c" 1
 335 0000 2DE9F04F 		push    {r4, r5, r6, r7, r8, r9, r10, r11, lr}
 336              	@ 0 "" 2
 337              		.loc 1 237 0
 338              	@ 237 "../../../ChibiOS/os/ports/GCC/ARMCMx/chcore_v7m.c" 1
 339 0004 C1F80CD0 		str     sp, [r1, #12]                          
 340 0008 D0F80CD0 		ldr     sp, [r0, #12]
 341              	@ 0 "" 2
 342              		.loc 1 243 0
 343              	@ 243 "../../../ChibiOS/os/ports/GCC/ARMCMx/chcore_v7m.c" 1
 344 000c BDE8F08F 		pop     {r4, r5, r6, r7, r8, r9, r10, r11, pc}
 345              	@ 0 "" 2
 346              		.loc 1 245 0
 347              		.thumb
 348              		.cfi_endproc
 349              	.LFE12:
 350              		.size	_port_switch, .-_port_switch
 351              		.section	.text._port_thread_start,"ax",%progbits
 352              		.align	2
 353              		.p2align 4,,15
 354              		.global	_port_thread_start
 355              		.thumb
 356              		.thumb_func
 357              		.type	_port_thread_start, %function
 358              	_port_thread_start:
 359              	.LFB13:
 360              		.loc 1 252 0
 361              		.cfi_startproc
 362              		@ args = 0, pretend = 0, frame = 0
 363              		@ frame_needed = 0, uses_anonymous_args = 0
 364 0000 08B5     		push	{r3, lr}
 365              	.LCFI2:
 366              		.cfi_def_cfa_offset 8
 367              		.loc 1 254 0
 368              		.cfi_offset 14, -4
 369              		.cfi_offset 3, -8
 370 0002 FFF7FEFF 		bl	dbg_check_unlock
 371              	.LBB9:
 372 0006 0023     		movs	r3, #0
 373              	.LVL19:
 374              	@ 254 "../../../ChibiOS/os/ports/GCC/ARMCMx/chcore_v7m.c" 1
 375 0008 83F31188 		msr     BASEPRI, r3
 376              	@ 0 "" 2
 377              	.LVL20:
 378              		.thumb
 379              	.LBE9:
 380              		.loc 1 255 0
 381              	@ 255 "../../../ChibiOS/os/ports/GCC/ARMCMx/chcore_v7m.c" 1
 382 000c 2846     		mov     r0, r5                                 
 383 000e A047     		blx     r4                                     
 384 0010 FFF7FEFF 		bl      chThdExit
 385              	@ 0 "" 2
 386              		.loc 1 258 0
 387              		.thumb
 388 0014 08BD     		pop	{r3, pc}
 389              		.cfi_endproc
ARM GAS  C:\Users\DNIEL~1\AppData\Local\Temp\ccOoafU5.s 			page 8


 390              	.LFE13:
 391              		.size	_port_thread_start, .-_port_thread_start
 392 0016 00BFAFF3 		.text
 392      0080AFF3 
 392      0080
 393              	.Letext0:
 394              		.section	.debug_loc,"",%progbits
 395              	.Ldebug_loc0:
 396              	.LLST0:
 397 0000 04000000 		.4byte	.LVL0
 398 0004 06000000 		.4byte	.LVL1
 399 0008 0300     		.2byte	0x3
 400 000a 73       		.byte	0x73
 401 000b 20       		.sleb128 32
 402 000c 9F       		.byte	0x9f
 403 000d 06000000 		.4byte	.LVL1
 404 0011 0C000000 		.4byte	.LVL2
 405 0015 0100     		.2byte	0x1
 406 0017 53       		.byte	0x53
 407 0018 00000000 		.4byte	0x0
 408 001c 00000000 		.4byte	0x0
 409              	.LLST1:
 410 0020 10000000 		.4byte	.LVL3
 411 0024 12000000 		.4byte	.LFE8
 412 0028 0100     		.2byte	0x1
 413 002a 53       		.byte	0x53
 414 002b 00000000 		.4byte	0x0
 415 002f 00000000 		.4byte	0x0
 416              	.LLST2:
 417 0033 00000000 		.4byte	.LFB9
 418 0037 06000000 		.4byte	.LCFI0
 419 003b 0200     		.2byte	0x2
 420 003d 7D       		.byte	0x7d
 421 003e 00       		.sleb128 0
 422 003f 06000000 		.4byte	.LCFI0
 423 0043 34000000 		.4byte	.LFE9
 424 0047 0200     		.2byte	0x2
 425 0049 7D       		.byte	0x7d
 426 004a 08       		.sleb128 8
 427 004b 00000000 		.4byte	0x0
 428 004f 00000000 		.4byte	0x0
 429              	.LLST3:
 430 0053 06000000 		.4byte	.LVL5
 431 0057 0A000000 		.4byte	.LVL6
 432 005b 0100     		.2byte	0x1
 433 005d 53       		.byte	0x53
 434 005e 00000000 		.4byte	0x0
 435 0062 00000000 		.4byte	0x0
 436              	.LLST4:
 437 0066 14000000 		.4byte	.LVL7
 438 006a 16000000 		.4byte	.LVL8
 439 006e 0100     		.2byte	0x1
 440 0070 53       		.byte	0x53
 441 0071 16000000 		.4byte	.LVL8
 442 0075 40000000 		.4byte	.LVL9
 443 0079 0100     		.2byte	0x1
 444 007b 53       		.byte	0x53
ARM GAS  C:\Users\DNIEL~1\AppData\Local\Temp\ccOoafU5.s 			page 9


 445 007c 46000000 		.4byte	.LVL11
 446 0080 70000000 		.4byte	.LFE10
 447 0084 0100     		.2byte	0x1
 448 0086 53       		.byte	0x53
 449 0087 00000000 		.4byte	0x0
 450 008b 00000000 		.4byte	0x0
 451              	.LLST5:
 452 008f 44000000 		.4byte	.LVL10
 453 0093 46000000 		.4byte	.LVL11
 454 0097 0100     		.2byte	0x1
 455 0099 53       		.byte	0x53
 456 009a 00000000 		.4byte	0x0
 457 009e 00000000 		.4byte	0x0
 458              	.LLST6:
 459 00a2 00000000 		.4byte	.LFB7
 460 00a6 02000000 		.4byte	.LCFI1
 461 00aa 0200     		.2byte	0x2
 462 00ac 7D       		.byte	0x7d
 463 00ad 00       		.sleb128 0
 464 00ae 02000000 		.4byte	.LCFI1
 465 00b2 2A000000 		.4byte	.LFE7
 466 00b6 0200     		.2byte	0x2
 467 00b8 7D       		.byte	0x7d
 468 00b9 08       		.sleb128 8
 469 00ba 00000000 		.4byte	0x0
 470 00be 00000000 		.4byte	0x0
 471              	.LLST7:
 472 00c2 0C000000 		.4byte	.LVL13
 473 00c6 0F000000 		.4byte	.LVL14-1
 474 00ca 0100     		.2byte	0x1
 475 00cc 53       		.byte	0x53
 476 00cd 00000000 		.4byte	0x0
 477 00d1 00000000 		.4byte	0x0
 478              	.LLST8:
 479 00d5 1E000000 		.4byte	.LVL16
 480 00d9 21000000 		.4byte	.LVL17-1
 481 00dd 0100     		.2byte	0x1
 482 00df 53       		.byte	0x53
 483 00e0 00000000 		.4byte	0x0
 484 00e4 00000000 		.4byte	0x0
 485              	.LLST9:
 486 00e8 00000000 		.4byte	.LFB13
 487 00ec 02000000 		.4byte	.LCFI2
 488 00f0 0200     		.2byte	0x2
 489 00f2 7D       		.byte	0x7d
 490 00f3 00       		.sleb128 0
 491 00f4 02000000 		.4byte	.LCFI2
 492 00f8 16000000 		.4byte	.LFE13
 493 00fc 0200     		.2byte	0x2
 494 00fe 7D       		.byte	0x7d
 495 00ff 08       		.sleb128 8
 496 0100 00000000 		.4byte	0x0
 497 0104 00000000 		.4byte	0x0
 498              	.LLST10:
 499 0108 0C000000 		.4byte	.LVL20
 500 010c 16000000 		.4byte	.LFE13
 501 0110 0100     		.2byte	0x1
ARM GAS  C:\Users\DNIEL~1\AppData\Local\Temp\ccOoafU5.s 			page 10


 502 0112 53       		.byte	0x53
 503 0113 00000000 		.4byte	0x0
 504 0117 00000000 		.4byte	0x0
 505              		.file 2 "c:\\program files (x86)\\codesourcery\\sourcery g++ lite\\bin\\../lib/gcc/arm-none-eabi/4
 506              		.file 3 "../../../ChibiOS/os/ports/GCC/ARMCMx/chtypes.h"
 507              		.file 4 "../../../ChibiOS/os/kernel/include/chlists.h"
 508              		.file 5 "../../../ChibiOS/os/kernel/include/chthreads.h"
 509              		.file 6 "../../../ChibiOS/os/ports/GCC/ARMCMx/chcore_v7m.h"
 510              		.file 7 "../../../ChibiOS/os/ports/common/ARMCMx/nvic.h"
 511              		.file 8 "../../../ChibiOS/os/kernel/include/chschd.h"
 512              		.file 9 "../../../ChibiOS/os/kernel/include/chmtx.h"
 513              		.section	.debug_info
 514 0000 10080000 		.4byte	0x810
 515 0004 0200     		.2byte	0x2
 516 0006 00000000 		.4byte	.Ldebug_abbrev0
 517 000a 04       		.byte	0x4
 518 000b 01       		.uleb128 0x1
 519 000c 93030000 		.4byte	.LASF92
 520 0010 01       		.byte	0x1
 521 0011 83000000 		.4byte	.LASF93
 522 0015 0F020000 		.4byte	.LASF94
 523 0019 00000000 		.4byte	0x0
 524 001d 00000000 		.4byte	0x0
 525 0021 18000000 		.4byte	.Ldebug_ranges0+0x18
 526 0025 00000000 		.4byte	.Ldebug_line0
 527 0029 02       		.uleb128 0x2
 528 002a 04       		.byte	0x4
 529 002b 05       		.byte	0x5
 530 002c 696E7400 		.ascii	"int\000"
 531 0030 03       		.uleb128 0x3
 532 0031 04       		.byte	0x4
 533 0032 07       		.byte	0x7
 534 0033 0D010000 		.4byte	.LASF0
 535 0037 03       		.uleb128 0x3
 536 0038 01       		.byte	0x1
 537 0039 06       		.byte	0x6
 538 003a 67000000 		.4byte	.LASF1
 539 003e 04       		.uleb128 0x4
 540 003f 79030000 		.4byte	.LASF5
 541 0043 02       		.byte	0x2
 542 0044 2A       		.byte	0x2a
 543 0045 49000000 		.4byte	0x49
 544 0049 03       		.uleb128 0x3
 545 004a 01       		.byte	0x1
 546 004b 08       		.byte	0x8
 547 004c 85020000 		.4byte	.LASF2
 548 0050 03       		.uleb128 0x3
 549 0051 02       		.byte	0x2
 550 0052 05       		.byte	0x5
 551 0053 A3020000 		.4byte	.LASF3
 552 0057 03       		.uleb128 0x3
 553 0058 02       		.byte	0x2
 554 0059 07       		.byte	0x7
 555 005a 6A010000 		.4byte	.LASF4
 556 005e 04       		.uleb128 0x4
 557 005f 7D020000 		.4byte	.LASF6
 558 0063 02       		.byte	0x2
ARM GAS  C:\Users\DNIEL~1\AppData\Local\Temp\ccOoafU5.s 			page 11


 559 0064 4F       		.byte	0x4f
 560 0065 69000000 		.4byte	0x69
 561 0069 03       		.uleb128 0x3
 562 006a 04       		.byte	0x4
 563 006b 05       		.byte	0x5
 564 006c BF000000 		.4byte	.LASF7
 565 0070 04       		.uleb128 0x4
 566 0071 F3020000 		.4byte	.LASF8
 567 0075 02       		.byte	0x2
 568 0076 50       		.byte	0x50
 569 0077 7B000000 		.4byte	0x7b
 570 007b 03       		.uleb128 0x3
 571 007c 04       		.byte	0x4
 572 007d 07       		.byte	0x7
 573 007e 35010000 		.4byte	.LASF9
 574 0082 03       		.uleb128 0x3
 575 0083 08       		.byte	0x8
 576 0084 05       		.byte	0x5
 577 0085 59000000 		.4byte	.LASF10
 578 0089 04       		.uleb128 0x4
 579 008a 0D000000 		.4byte	.LASF11
 580 008e 02       		.byte	0x2
 581 008f 78       		.byte	0x78
 582 0090 94000000 		.4byte	0x94
 583 0094 03       		.uleb128 0x3
 584 0095 08       		.byte	0x8
 585 0096 07       		.byte	0x7
 586 0097 2C000000 		.4byte	.LASF12
 587 009b 04       		.uleb128 0x4
 588 009c AC010000 		.4byte	.LASF13
 589 00a0 03       		.byte	0x3
 590 00a1 28       		.byte	0x28
 591 00a2 3E000000 		.4byte	0x3e
 592 00a6 04       		.uleb128 0x4
 593 00a7 C8000000 		.4byte	.LASF14
 594 00ab 03       		.byte	0x3
 595 00ac 29       		.byte	0x29
 596 00ad 3E000000 		.4byte	0x3e
 597 00b1 04       		.uleb128 0x4
 598 00b2 61020000 		.4byte	.LASF15
 599 00b6 03       		.byte	0x3
 600 00b7 2A       		.byte	0x2a
 601 00b8 3E000000 		.4byte	0x3e
 602 00bc 04       		.uleb128 0x4
 603 00bd B5000000 		.4byte	.LASF16
 604 00c1 03       		.byte	0x3
 605 00c2 2B       		.byte	0x2b
 606 00c3 3E000000 		.4byte	0x3e
 607 00c7 04       		.uleb128 0x4
 608 00c8 75020000 		.4byte	.LASF17
 609 00cc 03       		.byte	0x3
 610 00cd 2C       		.byte	0x2c
 611 00ce 70000000 		.4byte	0x70
 612 00d2 04       		.uleb128 0x4
 613 00d3 82010000 		.4byte	.LASF18
 614 00d7 03       		.byte	0x3
 615 00d8 2D       		.byte	0x2d
ARM GAS  C:\Users\DNIEL~1\AppData\Local\Temp\ccOoafU5.s 			page 12


 616 00d9 5E000000 		.4byte	0x5e
 617 00dd 04       		.uleb128 0x4
 618 00de C0010000 		.4byte	.LASF19
 619 00e2 03       		.byte	0x3
 620 00e3 2F       		.byte	0x2f
 621 00e4 70000000 		.4byte	0x70
 622 00e8 04       		.uleb128 0x4
 623 00e9 1D030000 		.4byte	.LASF20
 624 00ed 03       		.byte	0x3
 625 00ee 31       		.byte	0x31
 626 00ef 70000000 		.4byte	0x70
 627 00f3 04       		.uleb128 0x4
 628 00f4 E1020000 		.4byte	.LASF21
 629 00f8 04       		.byte	0x4
 630 00f9 23       		.byte	0x23
 631 00fa FE000000 		.4byte	0xfe
 632 00fe 05       		.uleb128 0x5
 633 00ff E1020000 		.4byte	.LASF21
 634 0103 4C       		.byte	0x4c
 635 0104 05       		.byte	0x5
 636 0105 57       		.byte	0x57
 637 0106 31020000 		.4byte	0x231
 638 010a 06       		.uleb128 0x6
 639 010b D2020000 		.4byte	.LASF22
 640 010f 05       		.byte	0x5
 641 0110 58       		.byte	0x58
 642 0111 56020000 		.4byte	0x256
 643 0115 02       		.byte	0x2
 644 0116 23       		.byte	0x23
 645 0117 00       		.uleb128 0x0
 646 0118 06       		.uleb128 0x6
 647 0119 6E020000 		.4byte	.LASF23
 648 011d 05       		.byte	0x5
 649 011e 5A       		.byte	0x5a
 650 011f 56020000 		.4byte	0x256
 651 0123 02       		.byte	0x2
 652 0124 23       		.byte	0x23
 653 0125 04       		.uleb128 0x4
 654 0126 06       		.uleb128 0x6
 655 0127 52000000 		.4byte	.LASF24
 656 012b 05       		.byte	0x5
 657 012c 5C       		.byte	0x5c
 658 012d C7000000 		.4byte	0xc7
 659 0131 02       		.byte	0x2
 660 0132 23       		.byte	0x23
 661 0133 08       		.uleb128 0x8
 662 0134 06       		.uleb128 0x6
 663 0135 B9030000 		.4byte	.LASF25
 664 0139 05       		.byte	0x5
 665 013a 5D       		.byte	0x5d
 666 013b A7030000 		.4byte	0x3a7
 667 013f 02       		.byte	0x2
 668 0140 23       		.byte	0x23
 669 0141 0C       		.uleb128 0xc
 670 0142 06       		.uleb128 0x6
 671 0143 E4000000 		.4byte	.LASF26
 672 0147 05       		.byte	0x5
ARM GAS  C:\Users\DNIEL~1\AppData\Local\Temp\ccOoafU5.s 			page 13


 673 0148 5F       		.byte	0x5f
 674 0149 56020000 		.4byte	0x256
 675 014d 02       		.byte	0x2
 676 014e 23       		.byte	0x23
 677 014f 10       		.uleb128 0x10
 678 0150 06       		.uleb128 0x6
 679 0151 E2010000 		.4byte	.LASF27
 680 0155 05       		.byte	0x5
 681 0156 60       		.byte	0x60
 682 0157 56020000 		.4byte	0x256
 683 015b 02       		.byte	0x2
 684 015c 23       		.byte	0x23
 685 015d 14       		.uleb128 0x14
 686 015e 06       		.uleb128 0x6
 687 015f 9F030000 		.4byte	.LASF28
 688 0163 05       		.byte	0x5
 689 0164 67       		.byte	0x67
 690 0165 4D060000 		.4byte	0x64d
 691 0169 02       		.byte	0x2
 692 016a 23       		.byte	0x23
 693 016b 18       		.uleb128 0x18
 694 016c 06       		.uleb128 0x6
 695 016d 02010000 		.4byte	.LASF29
 696 0171 05       		.byte	0x5
 697 0172 6D       		.byte	0x6d
 698 0173 5F060000 		.4byte	0x65f
 699 0177 02       		.byte	0x2
 700 0178 23       		.byte	0x23
 701 0179 1C       		.uleb128 0x1c
 702 017a 06       		.uleb128 0x6
 703 017b AD020000 		.4byte	.LASF30
 704 017f 05       		.byte	0x5
 705 0180 72       		.byte	0x72
 706 0181 A6000000 		.4byte	0xa6
 707 0185 02       		.byte	0x2
 708 0186 23       		.byte	0x23
 709 0187 20       		.uleb128 0x20
 710 0188 06       		.uleb128 0x6
 711 0189 D9020000 		.4byte	.LASF31
 712 018d 05       		.byte	0x5
 713 018e 76       		.byte	0x76
 714 018f 9B000000 		.4byte	0x9b
 715 0193 02       		.byte	0x2
 716 0194 23       		.byte	0x23
 717 0195 21       		.uleb128 0x21
 718 0196 06       		.uleb128 0x6
 719 0197 5D030000 		.4byte	.LASF32
 720 019b 05       		.byte	0x5
 721 019c 7B       		.byte	0x7b
 722 019d B1000000 		.4byte	0xb1
 723 01a1 02       		.byte	0x2
 724 01a2 23       		.byte	0x23
 725 01a3 22       		.uleb128 0x22
 726 01a4 06       		.uleb128 0x6
 727 01a5 B5020000 		.4byte	.LASF33
 728 01a9 05       		.byte	0x5
 729 01aa 81       		.byte	0x81
ARM GAS  C:\Users\DNIEL~1\AppData\Local\Temp\ccOoafU5.s 			page 14


 730 01ab BC000000 		.4byte	0xbc
 731 01af 02       		.byte	0x2
 732 01b0 23       		.byte	0x23
 733 01b1 23       		.uleb128 0x23
 734 01b2 06       		.uleb128 0x6
 735 01b3 3F030000 		.4byte	.LASF34
 736 01b7 05       		.byte	0x5
 737 01b8 88       		.byte	0x88
 738 01b9 63050000 		.4byte	0x563
 739 01bd 02       		.byte	0x2
 740 01be 23       		.byte	0x23
 741 01bf 24       		.uleb128 0x24
 742 01c0 07       		.uleb128 0x7
 743 01c1 705F7500 		.ascii	"p_u\000"
 744 01c5 05       		.byte	0x5
 745 01c6 AD       		.byte	0xad
 746 01c7 18060000 		.4byte	0x618
 747 01cb 02       		.byte	0x2
 748 01cc 23       		.byte	0x23
 749 01cd 28       		.uleb128 0x28
 750 01ce 06       		.uleb128 0x6
 751 01cf BF030000 		.4byte	.LASF35
 752 01d3 05       		.byte	0x5
 753 01d4 B2       		.byte	0xb2
 754 01d5 7E020000 		.4byte	0x27e
 755 01d9 02       		.byte	0x2
 756 01da 23       		.byte	0x23
 757 01db 2C       		.uleb128 0x2c
 758 01dc 06       		.uleb128 0x6
 759 01dd 52030000 		.4byte	.LASF36
 760 01e1 05       		.byte	0x5
 761 01e2 B8       		.byte	0xb8
 762 01e3 5C020000 		.4byte	0x25c
 763 01e7 02       		.byte	0x2
 764 01e8 23       		.byte	0x23
 765 01e9 30       		.uleb128 0x30
 766 01ea 06       		.uleb128 0x6
 767 01eb 00000000 		.4byte	.LASF37
 768 01ef 05       		.byte	0x5
 769 01f0 BC       		.byte	0xbc
 770 01f1 D2000000 		.4byte	0xd2
 771 01f5 02       		.byte	0x2
 772 01f6 23       		.byte	0x23
 773 01f7 38       		.uleb128 0x38
 774 01f8 06       		.uleb128 0x6
 775 01f9 E8020000 		.4byte	.LASF38
 776 01fd 05       		.byte	0x5
 777 01fe C2       		.byte	0xc2
 778 01ff DD000000 		.4byte	0xdd
 779 0203 02       		.byte	0x2
 780 0204 23       		.byte	0x23
 781 0205 3C       		.uleb128 0x3c
 782 0206 06       		.uleb128 0x6
 783 0207 99020000 		.4byte	.LASF39
 784 020b 05       		.byte	0x5
 785 020c C9       		.byte	0xc9
 786 020d 65060000 		.4byte	0x665
ARM GAS  C:\Users\DNIEL~1\AppData\Local\Temp\ccOoafU5.s 			page 15


 787 0211 02       		.byte	0x2
 788 0212 23       		.byte	0x23
 789 0213 40       		.uleb128 0x40
 790 0214 06       		.uleb128 0x6
 791 0215 27030000 		.4byte	.LASF40
 792 0219 05       		.byte	0x5
 793 021a CD       		.byte	0xcd
 794 021b C7000000 		.4byte	0xc7
 795 021f 02       		.byte	0x2
 796 0220 23       		.byte	0x23
 797 0221 44       		.uleb128 0x44
 798 0222 06       		.uleb128 0x6
 799 0223 73000000 		.4byte	.LASF41
 800 0227 05       		.byte	0x5
 801 0228 D3       		.byte	0xd3
 802 0229 94020000 		.4byte	0x294
 803 022d 02       		.byte	0x2
 804 022e 23       		.byte	0x23
 805 022f 48       		.uleb128 0x48
 806 0230 00       		.byte	0x0
 807 0231 08       		.uleb128 0x8
 808 0232 08       		.byte	0x8
 809 0233 04       		.byte	0x4
 810 0234 5A       		.byte	0x5a
 811 0235 56020000 		.4byte	0x256
 812 0239 06       		.uleb128 0x6
 813 023a D2020000 		.4byte	.LASF22
 814 023e 04       		.byte	0x4
 815 023f 5B       		.byte	0x5b
 816 0240 56020000 		.4byte	0x256
 817 0244 02       		.byte	0x2
 818 0245 23       		.byte	0x23
 819 0246 00       		.uleb128 0x0
 820 0247 06       		.uleb128 0x6
 821 0248 6E020000 		.4byte	.LASF23
 822 024c 04       		.byte	0x4
 823 024d 5D       		.byte	0x5d
 824 024e 56020000 		.4byte	0x256
 825 0252 02       		.byte	0x2
 826 0253 23       		.byte	0x23
 827 0254 04       		.uleb128 0x4
 828 0255 00       		.byte	0x0
 829 0256 09       		.uleb128 0x9
 830 0257 04       		.byte	0x4
 831 0258 F3000000 		.4byte	0xf3
 832 025c 04       		.uleb128 0x4
 833 025d F0010000 		.4byte	.LASF42
 834 0261 04       		.byte	0x4
 835 0262 5F       		.byte	0x5f
 836 0263 31020000 		.4byte	0x231
 837 0267 08       		.uleb128 0x8
 838 0268 04       		.byte	0x4
 839 0269 04       		.byte	0x4
 840 026a 64       		.byte	0x64
 841 026b 7E020000 		.4byte	0x27e
 842 026f 06       		.uleb128 0x6
 843 0270 D2020000 		.4byte	.LASF22
ARM GAS  C:\Users\DNIEL~1\AppData\Local\Temp\ccOoafU5.s 			page 16


 844 0274 04       		.byte	0x4
 845 0275 66       		.byte	0x66
 846 0276 56020000 		.4byte	0x256
 847 027a 02       		.byte	0x2
 848 027b 23       		.byte	0x23
 849 027c 00       		.uleb128 0x0
 850 027d 00       		.byte	0x0
 851 027e 04       		.uleb128 0x4
 852 027f B4010000 		.4byte	.LASF43
 853 0283 04       		.byte	0x4
 854 0284 69       		.byte	0x69
 855 0285 67020000 		.4byte	0x267
 856 0289 04       		.uleb128 0x4
 857 028a F9000000 		.4byte	.LASF44
 858 028e 06       		.byte	0x6
 859 028f DE       		.byte	0xde
 860 0290 94020000 		.4byte	0x294
 861 0294 0A       		.uleb128 0xa
 862 0295 04       		.byte	0x4
 863 0296 04       		.uleb128 0x4
 864 0297 D2010000 		.4byte	.LASF45
 865 029b 06       		.byte	0x6
 866 029c E4       		.byte	0xe4
 867 029d 89000000 		.4byte	0x89
 868 02a1 05       		.uleb128 0x5
 869 02a2 21010000 		.4byte	.LASF46
 870 02a6 20       		.byte	0x20
 871 02a7 06       		.byte	0x6
 872 02a8 E6       		.byte	0xe6
 873 02a9 19030000 		.4byte	0x319
 874 02ad 07       		.uleb128 0x7
 875 02ae 723000   		.ascii	"r0\000"
 876 02b1 06       		.byte	0x6
 877 02b2 E7       		.byte	0xe7
 878 02b3 89020000 		.4byte	0x289
 879 02b7 02       		.byte	0x2
 880 02b8 23       		.byte	0x23
 881 02b9 00       		.uleb128 0x0
 882 02ba 07       		.uleb128 0x7
 883 02bb 723100   		.ascii	"r1\000"
 884 02be 06       		.byte	0x6
 885 02bf E8       		.byte	0xe8
 886 02c0 89020000 		.4byte	0x289
 887 02c4 02       		.byte	0x2
 888 02c5 23       		.byte	0x23
 889 02c6 04       		.uleb128 0x4
 890 02c7 07       		.uleb128 0x7
 891 02c8 723200   		.ascii	"r2\000"
 892 02cb 06       		.byte	0x6
 893 02cc E9       		.byte	0xe9
 894 02cd 89020000 		.4byte	0x289
 895 02d1 02       		.byte	0x2
 896 02d2 23       		.byte	0x23
 897 02d3 08       		.uleb128 0x8
 898 02d4 07       		.uleb128 0x7
 899 02d5 723300   		.ascii	"r3\000"
 900 02d8 06       		.byte	0x6
ARM GAS  C:\Users\DNIEL~1\AppData\Local\Temp\ccOoafU5.s 			page 17


 901 02d9 EA       		.byte	0xea
 902 02da 89020000 		.4byte	0x289
 903 02de 02       		.byte	0x2
 904 02df 23       		.byte	0x23
 905 02e0 0C       		.uleb128 0xc
 906 02e1 07       		.uleb128 0x7
 907 02e2 72313200 		.ascii	"r12\000"
 908 02e6 06       		.byte	0x6
 909 02e7 EB       		.byte	0xeb
 910 02e8 89020000 		.4byte	0x289
 911 02ec 02       		.byte	0x2
 912 02ed 23       		.byte	0x23
 913 02ee 10       		.uleb128 0x10
 914 02ef 06       		.uleb128 0x6
 915 02f0 1A010000 		.4byte	.LASF47
 916 02f4 06       		.byte	0x6
 917 02f5 EC       		.byte	0xec
 918 02f6 89020000 		.4byte	0x289
 919 02fa 02       		.byte	0x2
 920 02fb 23       		.byte	0x23
 921 02fc 14       		.uleb128 0x14
 922 02fd 07       		.uleb128 0x7
 923 02fe 706300   		.ascii	"pc\000"
 924 0301 06       		.byte	0x6
 925 0302 ED       		.byte	0xed
 926 0303 89020000 		.4byte	0x289
 927 0307 02       		.byte	0x2
 928 0308 23       		.byte	0x23
 929 0309 18       		.uleb128 0x18
 930 030a 06       		.uleb128 0x6
 931 030b BF020000 		.4byte	.LASF48
 932 030f 06       		.byte	0x6
 933 0310 EE       		.byte	0xee
 934 0311 89020000 		.4byte	0x289
 935 0315 02       		.byte	0x2
 936 0316 23       		.byte	0x23
 937 0317 1C       		.uleb128 0x1c
 938 0318 00       		.byte	0x0
 939 0319 0B       		.uleb128 0xb
 940 031a 4B030000 		.4byte	.LASF49
 941 031e 24       		.byte	0x24
 942 031f 06       		.byte	0x6
 943 0320 0501     		.2byte	0x105
 944 0322 A7030000 		.4byte	0x3a7
 945 0326 0C       		.uleb128 0xc
 946 0327 723400   		.ascii	"r4\000"
 947 032a 06       		.byte	0x6
 948 032b 1801     		.2byte	0x118
 949 032d 89020000 		.4byte	0x289
 950 0331 02       		.byte	0x2
 951 0332 23       		.byte	0x23
 952 0333 00       		.uleb128 0x0
 953 0334 0C       		.uleb128 0xc
 954 0335 723500   		.ascii	"r5\000"
 955 0338 06       		.byte	0x6
 956 0339 1901     		.2byte	0x119
 957 033b 89020000 		.4byte	0x289
ARM GAS  C:\Users\DNIEL~1\AppData\Local\Temp\ccOoafU5.s 			page 18


 958 033f 02       		.byte	0x2
 959 0340 23       		.byte	0x23
 960 0341 04       		.uleb128 0x4
 961 0342 0C       		.uleb128 0xc
 962 0343 723600   		.ascii	"r6\000"
 963 0346 06       		.byte	0x6
 964 0347 1A01     		.2byte	0x11a
 965 0349 89020000 		.4byte	0x289
 966 034d 02       		.byte	0x2
 967 034e 23       		.byte	0x23
 968 034f 08       		.uleb128 0x8
 969 0350 0C       		.uleb128 0xc
 970 0351 723700   		.ascii	"r7\000"
 971 0354 06       		.byte	0x6
 972 0355 1B01     		.2byte	0x11b
 973 0357 89020000 		.4byte	0x289
 974 035b 02       		.byte	0x2
 975 035c 23       		.byte	0x23
 976 035d 0C       		.uleb128 0xc
 977 035e 0C       		.uleb128 0xc
 978 035f 723800   		.ascii	"r8\000"
 979 0362 06       		.byte	0x6
 980 0363 1C01     		.2byte	0x11c
 981 0365 89020000 		.4byte	0x289
 982 0369 02       		.byte	0x2
 983 036a 23       		.byte	0x23
 984 036b 10       		.uleb128 0x10
 985 036c 0C       		.uleb128 0xc
 986 036d 723900   		.ascii	"r9\000"
 987 0370 06       		.byte	0x6
 988 0371 1D01     		.2byte	0x11d
 989 0373 89020000 		.4byte	0x289
 990 0377 02       		.byte	0x2
 991 0378 23       		.byte	0x23
 992 0379 14       		.uleb128 0x14
 993 037a 0C       		.uleb128 0xc
 994 037b 72313000 		.ascii	"r10\000"
 995 037f 06       		.byte	0x6
 996 0380 1E01     		.2byte	0x11e
 997 0382 89020000 		.4byte	0x289
 998 0386 02       		.byte	0x2
 999 0387 23       		.byte	0x23
 1000 0388 18       		.uleb128 0x18
 1001 0389 0C       		.uleb128 0xc
 1002 038a 72313100 		.ascii	"r11\000"
 1003 038e 06       		.byte	0x6
 1004 038f 1F01     		.2byte	0x11f
 1005 0391 89020000 		.4byte	0x289
 1006 0395 02       		.byte	0x2
 1007 0396 23       		.byte	0x23
 1008 0397 1C       		.uleb128 0x1c
 1009 0398 0C       		.uleb128 0xc
 1010 0399 6C7200   		.ascii	"lr\000"
 1011 039c 06       		.byte	0x6
 1012 039d 2001     		.2byte	0x120
 1013 039f 89020000 		.4byte	0x289
 1014 03a3 02       		.byte	0x2
ARM GAS  C:\Users\DNIEL~1\AppData\Local\Temp\ccOoafU5.s 			page 19


 1015 03a4 23       		.byte	0x23
 1016 03a5 20       		.uleb128 0x20
 1017 03a6 00       		.byte	0x0
 1018 03a7 0B       		.uleb128 0xb
 1019 03a8 62010000 		.4byte	.LASF50
 1020 03ac 04       		.byte	0x4
 1021 03ad 06       		.byte	0x6
 1022 03ae 2A01     		.2byte	0x12a
 1023 03b0 C4030000 		.4byte	0x3c4
 1024 03b4 0C       		.uleb128 0xc
 1025 03b5 72313300 		.ascii	"r13\000"
 1026 03b9 06       		.byte	0x6
 1027 03ba 2B01     		.2byte	0x12b
 1028 03bc C4030000 		.4byte	0x3c4
 1029 03c0 02       		.byte	0x2
 1030 03c1 23       		.byte	0x23
 1031 03c2 00       		.uleb128 0x0
 1032 03c3 00       		.byte	0x0
 1033 03c4 09       		.uleb128 0x9
 1034 03c5 04       		.byte	0x4
 1035 03c6 19030000 		.4byte	0x319
 1036 03ca 0D       		.uleb128 0xd
 1037 03cb 7B000000 		.4byte	0x7b
 1038 03cf 08       		.uleb128 0x8
 1039 03d0 8C       		.byte	0x8c
 1040 03d1 07       		.byte	0x7
 1041 03d2 82       		.byte	0x82
 1042 03d3 FF040000 		.4byte	0x4ff
 1043 03d7 06       		.uleb128 0x6
 1044 03d8 4C000000 		.4byte	.LASF51
 1045 03dc 07       		.byte	0x7
 1046 03dd 83       		.byte	0x83
 1047 03de CA030000 		.4byte	0x3ca
 1048 03e2 02       		.byte	0x2
 1049 03e3 23       		.byte	0x23
 1050 03e4 00       		.uleb128 0x0
 1051 03e5 06       		.uleb128 0x6
 1052 03e6 7D010000 		.4byte	.LASF52
 1053 03ea 07       		.byte	0x7
 1054 03eb 84       		.byte	0x84
 1055 03ec CA030000 		.4byte	0x3ca
 1056 03f0 02       		.byte	0x2
 1057 03f1 23       		.byte	0x23
 1058 03f2 04       		.uleb128 0x4
 1059 03f3 06       		.uleb128 0x6
 1060 03f4 47010000 		.4byte	.LASF53
 1061 03f8 07       		.byte	0x7
 1062 03f9 85       		.byte	0x85
 1063 03fa CA030000 		.4byte	0x3ca
 1064 03fe 02       		.byte	0x2
 1065 03ff 23       		.byte	0x23
 1066 0400 08       		.uleb128 0x8
 1067 0401 06       		.uleb128 0x6
 1068 0402 88010000 		.4byte	.LASF54
 1069 0406 07       		.byte	0x7
 1070 0407 86       		.byte	0x86
 1071 0408 CA030000 		.4byte	0x3ca
ARM GAS  C:\Users\DNIEL~1\AppData\Local\Temp\ccOoafU5.s 			page 20


 1072 040c 02       		.byte	0x2
 1073 040d 23       		.byte	0x23
 1074 040e 0C       		.uleb128 0xc
 1075 040f 07       		.uleb128 0x7
 1076 0410 53435200 		.ascii	"SCR\000"
 1077 0414 07       		.byte	0x7
 1078 0415 87       		.byte	0x87
 1079 0416 CA030000 		.4byte	0x3ca
 1080 041a 02       		.byte	0x2
 1081 041b 23       		.byte	0x23
 1082 041c 10       		.uleb128 0x10
 1083 041d 07       		.uleb128 0x7
 1084 041e 43435200 		.ascii	"CCR\000"
 1085 0422 07       		.byte	0x7
 1086 0423 88       		.byte	0x88
 1087 0424 CA030000 		.4byte	0x3ca
 1088 0428 02       		.byte	0x2
 1089 0429 23       		.byte	0x23
 1090 042a 14       		.uleb128 0x14
 1091 042b 06       		.uleb128 0x6
 1092 042c 46030000 		.4byte	.LASF55
 1093 0430 07       		.byte	0x7
 1094 0431 89       		.byte	0x89
 1095 0432 0F050000 		.4byte	0x50f
 1096 0436 02       		.byte	0x2
 1097 0437 23       		.byte	0x23
 1098 0438 18       		.uleb128 0x18
 1099 0439 06       		.uleb128 0x6
 1100 043a 93020000 		.4byte	.LASF56
 1101 043e 07       		.byte	0x7
 1102 043f 8A       		.byte	0x8a
 1103 0440 CA030000 		.4byte	0x3ca
 1104 0444 02       		.byte	0x2
 1105 0445 23       		.byte	0x23
 1106 0446 24       		.uleb128 0x24
 1107 0447 06       		.uleb128 0x6
 1108 0448 DD010000 		.4byte	.LASF57
 1109 044c 07       		.byte	0x7
 1110 044d 8B       		.byte	0x8b
 1111 044e CA030000 		.4byte	0x3ca
 1112 0452 02       		.byte	0x2
 1113 0453 23       		.byte	0x23
 1114 0454 28       		.uleb128 0x28
 1115 0455 06       		.uleb128 0x6
 1116 0456 AC030000 		.4byte	.LASF58
 1117 045a 07       		.byte	0x7
 1118 045b 8C       		.byte	0x8c
 1119 045c CA030000 		.4byte	0x3ca
 1120 0460 02       		.byte	0x2
 1121 0461 23       		.byte	0x23
 1122 0462 2C       		.uleb128 0x2c
 1123 0463 06       		.uleb128 0x6
 1124 0464 8E010000 		.4byte	.LASF59
 1125 0468 07       		.byte	0x7
 1126 0469 8D       		.byte	0x8d
 1127 046a CA030000 		.4byte	0x3ca
 1128 046e 02       		.byte	0x2
ARM GAS  C:\Users\DNIEL~1\AppData\Local\Temp\ccOoafU5.s 			page 21


 1129 046f 23       		.byte	0x23
 1130 0470 30       		.uleb128 0x30
 1131 0471 06       		.uleb128 0x6
 1132 0472 93010000 		.4byte	.LASF60
 1133 0476 07       		.byte	0x7
 1134 0477 8E       		.byte	0x8e
 1135 0478 CA030000 		.4byte	0x3ca
 1136 047c 02       		.byte	0x2
 1137 047d 23       		.byte	0x23
 1138 047e 34       		.uleb128 0x34
 1139 047f 06       		.uleb128 0x6
 1140 0480 EC000000 		.4byte	.LASF61
 1141 0484 07       		.byte	0x7
 1142 0485 8F       		.byte	0x8f
 1143 0486 CA030000 		.4byte	0x3ca
 1144 048a 02       		.byte	0x2
 1145 048b 23       		.byte	0x23
 1146 048c 38       		.uleb128 0x38
 1147 048d 06       		.uleb128 0x6
 1148 048e 04030000 		.4byte	.LASF62
 1149 0492 07       		.byte	0x7
 1150 0493 90       		.byte	0x90
 1151 0494 CA030000 		.4byte	0x3ca
 1152 0498 02       		.byte	0x2
 1153 0499 23       		.byte	0x23
 1154 049a 3C       		.uleb128 0x3c
 1155 049b 07       		.uleb128 0x7
 1156 049c 50465200 		.ascii	"PFR\000"
 1157 04a0 07       		.byte	0x7
 1158 04a1 91       		.byte	0x91
 1159 04a2 24050000 		.4byte	0x524
 1160 04a6 02       		.byte	0x2
 1161 04a7 23       		.byte	0x23
 1162 04a8 40       		.uleb128 0x40
 1163 04a9 07       		.uleb128 0x7
 1164 04aa 44465200 		.ascii	"DFR\000"
 1165 04ae 07       		.byte	0x7
 1166 04af 92       		.byte	0x92
 1167 04b0 CA030000 		.4byte	0x3ca
 1168 04b4 02       		.byte	0x2
 1169 04b5 23       		.byte	0x23
 1170 04b6 48       		.uleb128 0x48
 1171 04b7 07       		.uleb128 0x7
 1172 04b8 41445200 		.ascii	"ADR\000"
 1173 04bc 07       		.byte	0x7
 1174 04bd 93       		.byte	0x93
 1175 04be CA030000 		.4byte	0x3ca
 1176 04c2 02       		.byte	0x2
 1177 04c3 23       		.byte	0x23
 1178 04c4 4C       		.uleb128 0x4c
 1179 04c5 06       		.uleb128 0x6
 1180 04c6 6E030000 		.4byte	.LASF63
 1181 04ca 07       		.byte	0x7
 1182 04cb 94       		.byte	0x94
 1183 04cc 39050000 		.4byte	0x539
 1184 04d0 02       		.byte	0x2
 1185 04d1 23       		.byte	0x23
ARM GAS  C:\Users\DNIEL~1\AppData\Local\Temp\ccOoafU5.s 			page 22


 1186 04d2 50       		.uleb128 0x50
 1187 04d3 07       		.uleb128 0x7
 1188 04d4 53415200 		.ascii	"SAR\000"
 1189 04d8 07       		.byte	0x7
 1190 04d9 95       		.byte	0x95
 1191 04da 4E050000 		.4byte	0x54e
 1192 04de 02       		.byte	0x2
 1193 04df 23       		.byte	0x23
 1194 04e0 60       		.uleb128 0x60
 1195 04e1 06       		.uleb128 0x6
 1196 04e2 09030000 		.4byte	.LASF64
 1197 04e6 07       		.byte	0x7
 1198 04e7 96       		.byte	0x96
 1199 04e8 53050000 		.4byte	0x553
 1200 04ec 02       		.byte	0x2
 1201 04ed 23       		.byte	0x23
 1202 04ee 74       		.uleb128 0x74
 1203 04ef 06       		.uleb128 0x6
 1204 04f0 A6030000 		.4byte	.LASF65
 1205 04f4 07       		.byte	0x7
 1206 04f5 97       		.byte	0x97
 1207 04f6 CA030000 		.4byte	0x3ca
 1208 04fa 03       		.byte	0x3
 1209 04fb 23       		.byte	0x23
 1210 04fc 8801     		.uleb128 0x88
 1211 04fe 00       		.byte	0x0
 1212 04ff 0E       		.uleb128 0xe
 1213 0500 7B000000 		.4byte	0x7b
 1214 0504 0F050000 		.4byte	0x50f
 1215 0508 0F       		.uleb128 0xf
 1216 0509 30000000 		.4byte	0x30
 1217 050d 02       		.byte	0x2
 1218 050e 00       		.byte	0x0
 1219 050f 0D       		.uleb128 0xd
 1220 0510 FF040000 		.4byte	0x4ff
 1221 0514 0E       		.uleb128 0xe
 1222 0515 7B000000 		.4byte	0x7b
 1223 0519 24050000 		.4byte	0x524
 1224 051d 0F       		.uleb128 0xf
 1225 051e 30000000 		.4byte	0x30
 1226 0522 01       		.byte	0x1
 1227 0523 00       		.byte	0x0
 1228 0524 0D       		.uleb128 0xd
 1229 0525 14050000 		.4byte	0x514
 1230 0529 0E       		.uleb128 0xe
 1231 052a 7B000000 		.4byte	0x7b
 1232 052e 39050000 		.4byte	0x539
 1233 0532 0F       		.uleb128 0xf
 1234 0533 30000000 		.4byte	0x30
 1235 0537 03       		.byte	0x3
 1236 0538 00       		.byte	0x0
 1237 0539 0D       		.uleb128 0xd
 1238 053a 29050000 		.4byte	0x529
 1239 053e 0E       		.uleb128 0xe
 1240 053f 7B000000 		.4byte	0x7b
 1241 0543 4E050000 		.4byte	0x54e
 1242 0547 0F       		.uleb128 0xf
ARM GAS  C:\Users\DNIEL~1\AppData\Local\Temp\ccOoafU5.s 			page 23


 1243 0548 30000000 		.4byte	0x30
 1244 054c 04       		.byte	0x4
 1245 054d 00       		.byte	0x0
 1246 054e 0D       		.uleb128 0xd
 1247 054f 3E050000 		.4byte	0x53e
 1248 0553 0D       		.uleb128 0xd
 1249 0554 3E050000 		.4byte	0x53e
 1250 0558 04       		.uleb128 0x4
 1251 0559 16000000 		.4byte	.LASF66
 1252 055d 07       		.byte	0x7
 1253 055e 98       		.byte	0x98
 1254 055f CF030000 		.4byte	0x3cf
 1255 0563 0D       		.uleb128 0xd
 1256 0564 E8000000 		.4byte	0xe8
 1257 0568 08       		.uleb128 0x8
 1258 0569 1C       		.byte	0x1c
 1259 056a 08       		.byte	0x8
 1260 056b 57       		.byte	0x57
 1261 056c C5050000 		.4byte	0x5c5
 1262 0570 06       		.uleb128 0x6
 1263 0571 FC020000 		.4byte	.LASF67
 1264 0575 08       		.byte	0x8
 1265 0576 58       		.byte	0x58
 1266 0577 5C020000 		.4byte	0x25c
 1267 057b 02       		.byte	0x2
 1268 057c 23       		.byte	0x23
 1269 057d 00       		.uleb128 0x0
 1270 057e 06       		.uleb128 0x6
 1271 057f C4020000 		.4byte	.LASF68
 1272 0583 08       		.byte	0x8
 1273 0584 59       		.byte	0x59
 1274 0585 C7000000 		.4byte	0xc7
 1275 0589 02       		.byte	0x2
 1276 058a 23       		.byte	0x23
 1277 058b 08       		.uleb128 0x8
 1278 058c 06       		.uleb128 0x6
 1279 058d EA010000 		.4byte	.LASF69
 1280 0591 08       		.byte	0x8
 1281 0592 5B       		.byte	0x5b
 1282 0593 A7030000 		.4byte	0x3a7
 1283 0597 02       		.byte	0x2
 1284 0598 23       		.byte	0x23
 1285 0599 0C       		.uleb128 0xc
 1286 059a 06       		.uleb128 0x6
 1287 059b F1000000 		.4byte	.LASF70
 1288 059f 08       		.byte	0x8
 1289 05a0 5E       		.byte	0x5e
 1290 05a1 56020000 		.4byte	0x256
 1291 05a5 02       		.byte	0x2
 1292 05a6 23       		.byte	0x23
 1293 05a7 10       		.uleb128 0x10
 1294 05a8 06       		.uleb128 0x6
 1295 05a9 07020000 		.4byte	.LASF71
 1296 05ad 08       		.byte	0x8
 1297 05ae 5F       		.byte	0x5f
 1298 05af 56020000 		.4byte	0x256
 1299 05b3 02       		.byte	0x2
ARM GAS  C:\Users\DNIEL~1\AppData\Local\Temp\ccOoafU5.s 			page 24


 1300 05b4 23       		.byte	0x23
 1301 05b5 14       		.uleb128 0x14
 1302 05b6 06       		.uleb128 0x6
 1303 05b7 FD010000 		.4byte	.LASF72
 1304 05bb 08       		.byte	0x8
 1305 05bc 62       		.byte	0x62
 1306 05bd 56020000 		.4byte	0x256
 1307 05c1 02       		.byte	0x2
 1308 05c2 23       		.byte	0x23
 1309 05c3 18       		.uleb128 0x18
 1310 05c4 00       		.byte	0x0
 1311 05c5 04       		.uleb128 0x4
 1312 05c6 64030000 		.4byte	.LASF73
 1313 05ca 08       		.byte	0x8
 1314 05cb 64       		.byte	0x64
 1315 05cc 68050000 		.4byte	0x568
 1316 05d0 05       		.uleb128 0x5
 1317 05d1 CC010000 		.4byte	.LASF74
 1318 05d5 10       		.byte	0x10
 1319 05d6 09       		.byte	0x9
 1320 05d7 25       		.byte	0x25
 1321 05d8 07060000 		.4byte	0x607
 1322 05dc 06       		.uleb128 0x6
 1323 05dd 7B000000 		.4byte	.LASF75
 1324 05e1 09       		.byte	0x9
 1325 05e2 26       		.byte	0x26
 1326 05e3 5C020000 		.4byte	0x25c
 1327 05e7 02       		.byte	0x2
 1328 05e8 23       		.byte	0x23
 1329 05e9 00       		.uleb128 0x0
 1330 05ea 06       		.uleb128 0x6
 1331 05eb B1030000 		.4byte	.LASF76
 1332 05ef 09       		.byte	0x9
 1333 05f0 28       		.byte	0x28
 1334 05f1 56020000 		.4byte	0x256
 1335 05f5 02       		.byte	0x2
 1336 05f6 23       		.byte	0x23
 1337 05f7 08       		.uleb128 0x8
 1338 05f8 06       		.uleb128 0x6
 1339 05f9 16030000 		.4byte	.LASF77
 1340 05fd 09       		.byte	0x9
 1341 05fe 2A       		.byte	0x2a
 1342 05ff 07060000 		.4byte	0x607
 1343 0603 02       		.byte	0x2
 1344 0604 23       		.byte	0x23
 1345 0605 0C       		.uleb128 0xc
 1346 0606 00       		.byte	0x0
 1347 0607 09       		.uleb128 0x9
 1348 0608 04       		.byte	0x4
 1349 0609 D0050000 		.4byte	0x5d0
 1350 060d 04       		.uleb128 0x4
 1351 060e CC010000 		.4byte	.LASF74
 1352 0612 09       		.byte	0x9
 1353 0613 2C       		.byte	0x2c
 1354 0614 D0050000 		.4byte	0x5d0
 1355 0618 10       		.uleb128 0x10
 1356 0619 04       		.byte	0x4
ARM GAS  C:\Users\DNIEL~1\AppData\Local\Temp\ccOoafU5.s 			page 25


 1357 061a 05       		.byte	0x5
 1358 061b 8F       		.byte	0x8f
 1359 061c 4D060000 		.4byte	0x64d
 1360 0620 11       		.uleb128 0x11
 1361 0621 06000000 		.4byte	.LASF78
 1362 0625 05       		.byte	0x5
 1363 0626 96       		.byte	0x96
 1364 0627 D2000000 		.4byte	0xd2
 1365 062b 11       		.uleb128 0x11
 1366 062c 43000000 		.4byte	.LASF79
 1367 0630 05       		.byte	0x5
 1368 0631 9D       		.byte	0x9d
 1369 0632 D2000000 		.4byte	0xd2
 1370 0636 11       		.uleb128 0x11
 1371 0637 8C030000 		.4byte	.LASF80
 1372 063b 05       		.byte	0x5
 1373 063c A4       		.byte	0xa4
 1374 063d 94020000 		.4byte	0x294
 1375 0641 11       		.uleb128 0x11
 1376 0642 CB020000 		.4byte	.LASF81
 1377 0646 05       		.byte	0x5
 1378 0647 AB       		.byte	0xab
 1379 0648 DD000000 		.4byte	0xdd
 1380 064c 00       		.byte	0x0
 1381 064d 09       		.uleb128 0x9
 1382 064e 04       		.byte	0x4
 1383 064f 53060000 		.4byte	0x653
 1384 0653 12       		.uleb128 0x12
 1385 0654 58060000 		.4byte	0x658
 1386 0658 03       		.uleb128 0x3
 1387 0659 01       		.byte	0x1
 1388 065a 08       		.byte	0x8
 1389 065b 11030000 		.4byte	.LASF82
 1390 065f 09       		.uleb128 0x9
 1391 0660 04       		.byte	0x4
 1392 0661 96020000 		.4byte	0x296
 1393 0665 09       		.uleb128 0x9
 1394 0666 04       		.byte	0x4
 1395 0667 0D060000 		.4byte	0x60d
 1396 066b 13       		.uleb128 0x13
 1397 066c 01       		.byte	0x1
 1398 066d 4C010000 		.4byte	.LASF84
 1399 0671 01       		.byte	0x1
 1400 0672 C8       		.byte	0xc8
 1401 0673 01       		.byte	0x1
 1402 0674 00000000 		.4byte	.LFB11
 1403 0678 0E000000 		.4byte	.LFE11
 1404 067c 02       		.byte	0x2
 1405 067d 7D       		.byte	0x7d
 1406 067e 00       		.sleb128 0
 1407 067f 14       		.uleb128 0x14
 1408 0680 01       		.byte	0x1
 1409 0681 32030000 		.4byte	.LASF86
 1410 0685 01       		.byte	0x1
 1411 0686 3A       		.byte	0x3a
 1412 0687 01       		.byte	0x1
 1413 0688 00000000 		.4byte	.LFB8
ARM GAS  C:\Users\DNIEL~1\AppData\Local\Temp\ccOoafU5.s 			page 26


 1414 068c 12000000 		.4byte	.LFE8
 1415 0690 02       		.byte	0x2
 1416 0691 7D       		.byte	0x7d
 1417 0692 00       		.sleb128 0
 1418 0693 C0060000 		.4byte	0x6c0
 1419 0697 15       		.uleb128 0x15
 1420 0698 69020000 		.4byte	.LASF83
 1421 069c 01       		.byte	0x1
 1422 069d 3B       		.byte	0x3b
 1423 069e C0060000 		.4byte	0x6c0
 1424 06a2 00000000 		.4byte	.LLST0
 1425 06a6 16       		.uleb128 0x16
 1426 06a7 0A000000 		.4byte	.LBB2
 1427 06ab 10000000 		.4byte	.LBE2
 1428 06af 17       		.uleb128 0x17
 1429 06b0 746D7000 		.ascii	"tmp\000"
 1430 06b4 01       		.byte	0x1
 1431 06b5 4A       		.byte	0x4a
 1432 06b6 70000000 		.4byte	0x70
 1433 06ba 20000000 		.4byte	.LLST1
 1434 06be 00       		.byte	0x0
 1435 06bf 00       		.byte	0x0
 1436 06c0 09       		.uleb128 0x9
 1437 06c1 04       		.byte	0x4
 1438 06c2 A1020000 		.4byte	0x2a1
 1439 06c6 18       		.uleb128 0x18
 1440 06c7 01       		.byte	0x1
 1441 06c8 81030000 		.4byte	.LASF85
 1442 06cc 01       		.byte	0x1
 1443 06cd 6F       		.byte	0x6f
 1444 06ce 01       		.byte	0x1
 1445 06cf 00000000 		.4byte	.LFB9
 1446 06d3 34000000 		.4byte	.LFE9
 1447 06d7 33000000 		.4byte	.LLST2
 1448 06db 14       		.uleb128 0x14
 1449 06dc 01       		.byte	0x1
 1450 06dd 99010000 		.4byte	.LASF87
 1451 06e1 01       		.byte	0x1
 1452 06e2 8D       		.byte	0x8d
 1453 06e3 01       		.byte	0x1
 1454 06e4 00000000 		.4byte	.LFB10
 1455 06e8 70000000 		.4byte	.LFE10
 1456 06ec 02       		.byte	0x2
 1457 06ed 7D       		.byte	0x7d
 1458 06ee 00       		.sleb128 0
 1459 06ef 43070000 		.4byte	0x743
 1460 06f3 19       		.uleb128 0x19
 1461 06f4 00000000 		.4byte	.LBB3
 1462 06f8 06000000 		.4byte	.LBE3
 1463 06fc 10070000 		.4byte	0x710
 1464 0700 17       		.uleb128 0x17
 1465 0701 746D7000 		.ascii	"tmp\000"
 1466 0705 01       		.byte	0x1
 1467 0706 8F       		.byte	0x8f
 1468 0707 70000000 		.4byte	0x70
 1469 070b 53000000 		.4byte	.LLST3
 1470 070f 00       		.byte	0x0
ARM GAS  C:\Users\DNIEL~1\AppData\Local\Temp\ccOoafU5.s 			page 27


 1471 0710 1A       		.uleb128 0x1a
 1472 0711 00000000 		.4byte	.Ldebug_ranges0+0x0
 1473 0715 29070000 		.4byte	0x729
 1474 0719 15       		.uleb128 0x15
 1475 071a 69020000 		.4byte	.LASF83
 1476 071e 01       		.byte	0x1
 1477 071f 91       		.byte	0x91
 1478 0720 C0060000 		.4byte	0x6c0
 1479 0724 66000000 		.4byte	.LLST4
 1480 0728 00       		.byte	0x0
 1481 0729 16       		.uleb128 0x16
 1482 072a 40000000 		.4byte	.LBB5
 1483 072e 46000000 		.4byte	.LBE5
 1484 0732 17       		.uleb128 0x17
 1485 0733 746D7000 		.ascii	"tmp\000"
 1486 0737 01       		.byte	0x1
 1487 0738 BE       		.byte	0xbe
 1488 0739 70000000 		.4byte	0x70
 1489 073d 8F000000 		.4byte	.LLST5
 1490 0741 00       		.byte	0x0
 1491 0742 00       		.byte	0x0
 1492 0743 1B       		.uleb128 0x1b
 1493 0744 01       		.byte	0x1
 1494 0745 1E000000 		.4byte	.LASF88
 1495 0749 01       		.byte	0x1
 1496 074a 28       		.byte	0x28
 1497 074b 01       		.byte	0x1
 1498 074c 00000000 		.4byte	.LFB7
 1499 0750 2A000000 		.4byte	.LFE7
 1500 0754 A2000000 		.4byte	.LLST6
 1501 0758 93070000 		.4byte	0x793
 1502 075c 19       		.uleb128 0x19
 1503 075d 06000000 		.4byte	.LBB7
 1504 0761 0C000000 		.4byte	.LBE7
 1505 0765 79070000 		.4byte	0x779
 1506 0769 17       		.uleb128 0x17
 1507 076a 746D7000 		.ascii	"tmp\000"
 1508 076e 01       		.byte	0x1
 1509 076f 2C       		.byte	0x2c
 1510 0770 70000000 		.4byte	0x70
 1511 0774 C2000000 		.4byte	.LLST7
 1512 0778 00       		.byte	0x0
 1513 0779 16       		.uleb128 0x16
 1514 077a 18000000 		.4byte	.LBB8
 1515 077e 1E000000 		.4byte	.LBE8
 1516 0782 17       		.uleb128 0x17
 1517 0783 746D7000 		.ascii	"tmp\000"
 1518 0787 01       		.byte	0x1
 1519 0788 2E       		.byte	0x2e
 1520 0789 70000000 		.4byte	0x70
 1521 078d D5000000 		.4byte	.LLST8
 1522 0791 00       		.byte	0x0
 1523 0792 00       		.byte	0x0
 1524 0793 14       		.uleb128 0x14
 1525 0794 01       		.byte	0x1
 1526 0795 28010000 		.4byte	.LASF89
 1527 0799 01       		.byte	0x1
ARM GAS  C:\Users\DNIEL~1\AppData\Local\Temp\ccOoafU5.s 			page 28


 1528 079a E5       		.byte	0xe5
 1529 079b 01       		.byte	0x1
 1530 079c 00000000 		.4byte	.LFB12
 1531 07a0 10000000 		.4byte	.LFE12
 1532 07a4 02       		.byte	0x2
 1533 07a5 7D       		.byte	0x7d
 1534 07a6 00       		.sleb128 0
 1535 07a7 C6070000 		.4byte	0x7c6
 1536 07ab 1C       		.uleb128 0x1c
 1537 07ac 6E747000 		.ascii	"ntp\000"
 1538 07b0 01       		.byte	0x1
 1539 07b1 E5       		.byte	0xe5
 1540 07b2 56020000 		.4byte	0x256
 1541 07b6 01       		.byte	0x1
 1542 07b7 50       		.byte	0x50
 1543 07b8 1C       		.uleb128 0x1c
 1544 07b9 6F747000 		.ascii	"otp\000"
 1545 07bd 01       		.byte	0x1
 1546 07be E5       		.byte	0xe5
 1547 07bf 56020000 		.4byte	0x256
 1548 07c3 01       		.byte	0x1
 1549 07c4 51       		.byte	0x51
 1550 07c5 00       		.byte	0x0
 1551 07c6 1B       		.uleb128 0x1b
 1552 07c7 01       		.byte	0x1
 1553 07c8 D1000000 		.4byte	.LASF90
 1554 07cc 01       		.byte	0x1
 1555 07cd FC       		.byte	0xfc
 1556 07ce 01       		.byte	0x1
 1557 07cf 00000000 		.4byte	.LFB13
 1558 07d3 16000000 		.4byte	.LFE13
 1559 07d7 E8000000 		.4byte	.LLST9
 1560 07db F9070000 		.4byte	0x7f9
 1561 07df 16       		.uleb128 0x16
 1562 07e0 06000000 		.4byte	.LBB9
 1563 07e4 0C000000 		.4byte	.LBE9
 1564 07e8 17       		.uleb128 0x17
 1565 07e9 746D7000 		.ascii	"tmp\000"
 1566 07ed 01       		.byte	0x1
 1567 07ee FE       		.byte	0xfe
 1568 07ef 70000000 		.4byte	0x70
 1569 07f3 08010000 		.4byte	.LLST10
 1570 07f7 00       		.byte	0x0
 1571 07f8 00       		.byte	0x0
 1572 07f9 1D       		.uleb128 0x1d
 1573 07fa 73030000 		.4byte	.LASF91
 1574 07fe 08       		.byte	0x8
 1575 07ff 68       		.byte	0x68
 1576 0800 C5050000 		.4byte	0x5c5
 1577 0804 01       		.byte	0x1
 1578 0805 01       		.byte	0x1
 1579 0806 1D       		.uleb128 0x1d
 1580 0807 73030000 		.4byte	.LASF91
 1581 080b 08       		.byte	0x8
 1582 080c 68       		.byte	0x68
 1583 080d C5050000 		.4byte	0x5c5
 1584 0811 01       		.byte	0x1
ARM GAS  C:\Users\DNIEL~1\AppData\Local\Temp\ccOoafU5.s 			page 29


 1585 0812 01       		.byte	0x1
 1586 0813 00       		.byte	0x0
 1587              		.section	.debug_abbrev
 1588 0000 01       		.uleb128 0x1
 1589 0001 11       		.uleb128 0x11
 1590 0002 01       		.byte	0x1
 1591 0003 25       		.uleb128 0x25
 1592 0004 0E       		.uleb128 0xe
 1593 0005 13       		.uleb128 0x13
 1594 0006 0B       		.uleb128 0xb
 1595 0007 03       		.uleb128 0x3
 1596 0008 0E       		.uleb128 0xe
 1597 0009 1B       		.uleb128 0x1b
 1598 000a 0E       		.uleb128 0xe
 1599 000b 11       		.uleb128 0x11
 1600 000c 01       		.uleb128 0x1
 1601 000d 52       		.uleb128 0x52
 1602 000e 01       		.uleb128 0x1
 1603 000f 55       		.uleb128 0x55
 1604 0010 06       		.uleb128 0x6
 1605 0011 10       		.uleb128 0x10
 1606 0012 06       		.uleb128 0x6
 1607 0013 00       		.byte	0x0
 1608 0014 00       		.byte	0x0
 1609 0015 02       		.uleb128 0x2
 1610 0016 24       		.uleb128 0x24
 1611 0017 00       		.byte	0x0
 1612 0018 0B       		.uleb128 0xb
 1613 0019 0B       		.uleb128 0xb
 1614 001a 3E       		.uleb128 0x3e
 1615 001b 0B       		.uleb128 0xb
 1616 001c 03       		.uleb128 0x3
 1617 001d 08       		.uleb128 0x8
 1618 001e 00       		.byte	0x0
 1619 001f 00       		.byte	0x0
 1620 0020 03       		.uleb128 0x3
 1621 0021 24       		.uleb128 0x24
 1622 0022 00       		.byte	0x0
 1623 0023 0B       		.uleb128 0xb
 1624 0024 0B       		.uleb128 0xb
 1625 0025 3E       		.uleb128 0x3e
 1626 0026 0B       		.uleb128 0xb
 1627 0027 03       		.uleb128 0x3
 1628 0028 0E       		.uleb128 0xe
 1629 0029 00       		.byte	0x0
 1630 002a 00       		.byte	0x0
 1631 002b 04       		.uleb128 0x4
 1632 002c 16       		.uleb128 0x16
 1633 002d 00       		.byte	0x0
 1634 002e 03       		.uleb128 0x3
 1635 002f 0E       		.uleb128 0xe
 1636 0030 3A       		.uleb128 0x3a
 1637 0031 0B       		.uleb128 0xb
 1638 0032 3B       		.uleb128 0x3b
 1639 0033 0B       		.uleb128 0xb
 1640 0034 49       		.uleb128 0x49
 1641 0035 13       		.uleb128 0x13
ARM GAS  C:\Users\DNIEL~1\AppData\Local\Temp\ccOoafU5.s 			page 30


 1642 0036 00       		.byte	0x0
 1643 0037 00       		.byte	0x0
 1644 0038 05       		.uleb128 0x5
 1645 0039 13       		.uleb128 0x13
 1646 003a 01       		.byte	0x1
 1647 003b 03       		.uleb128 0x3
 1648 003c 0E       		.uleb128 0xe
 1649 003d 0B       		.uleb128 0xb
 1650 003e 0B       		.uleb128 0xb
 1651 003f 3A       		.uleb128 0x3a
 1652 0040 0B       		.uleb128 0xb
 1653 0041 3B       		.uleb128 0x3b
 1654 0042 0B       		.uleb128 0xb
 1655 0043 01       		.uleb128 0x1
 1656 0044 13       		.uleb128 0x13
 1657 0045 00       		.byte	0x0
 1658 0046 00       		.byte	0x0
 1659 0047 06       		.uleb128 0x6
 1660 0048 0D       		.uleb128 0xd
 1661 0049 00       		.byte	0x0
 1662 004a 03       		.uleb128 0x3
 1663 004b 0E       		.uleb128 0xe
 1664 004c 3A       		.uleb128 0x3a
 1665 004d 0B       		.uleb128 0xb
 1666 004e 3B       		.uleb128 0x3b
 1667 004f 0B       		.uleb128 0xb
 1668 0050 49       		.uleb128 0x49
 1669 0051 13       		.uleb128 0x13
 1670 0052 38       		.uleb128 0x38
 1671 0053 0A       		.uleb128 0xa
 1672 0054 00       		.byte	0x0
 1673 0055 00       		.byte	0x0
 1674 0056 07       		.uleb128 0x7
 1675 0057 0D       		.uleb128 0xd
 1676 0058 00       		.byte	0x0
 1677 0059 03       		.uleb128 0x3
 1678 005a 08       		.uleb128 0x8
 1679 005b 3A       		.uleb128 0x3a
 1680 005c 0B       		.uleb128 0xb
 1681 005d 3B       		.uleb128 0x3b
 1682 005e 0B       		.uleb128 0xb
 1683 005f 49       		.uleb128 0x49
 1684 0060 13       		.uleb128 0x13
 1685 0061 38       		.uleb128 0x38
 1686 0062 0A       		.uleb128 0xa
 1687 0063 00       		.byte	0x0
 1688 0064 00       		.byte	0x0
 1689 0065 08       		.uleb128 0x8
 1690 0066 13       		.uleb128 0x13
 1691 0067 01       		.byte	0x1
 1692 0068 0B       		.uleb128 0xb
 1693 0069 0B       		.uleb128 0xb
 1694 006a 3A       		.uleb128 0x3a
 1695 006b 0B       		.uleb128 0xb
 1696 006c 3B       		.uleb128 0x3b
 1697 006d 0B       		.uleb128 0xb
 1698 006e 01       		.uleb128 0x1
ARM GAS  C:\Users\DNIEL~1\AppData\Local\Temp\ccOoafU5.s 			page 31


 1699 006f 13       		.uleb128 0x13
 1700 0070 00       		.byte	0x0
 1701 0071 00       		.byte	0x0
 1702 0072 09       		.uleb128 0x9
 1703 0073 0F       		.uleb128 0xf
 1704 0074 00       		.byte	0x0
 1705 0075 0B       		.uleb128 0xb
 1706 0076 0B       		.uleb128 0xb
 1707 0077 49       		.uleb128 0x49
 1708 0078 13       		.uleb128 0x13
 1709 0079 00       		.byte	0x0
 1710 007a 00       		.byte	0x0
 1711 007b 0A       		.uleb128 0xa
 1712 007c 0F       		.uleb128 0xf
 1713 007d 00       		.byte	0x0
 1714 007e 0B       		.uleb128 0xb
 1715 007f 0B       		.uleb128 0xb
 1716 0080 00       		.byte	0x0
 1717 0081 00       		.byte	0x0
 1718 0082 0B       		.uleb128 0xb
 1719 0083 13       		.uleb128 0x13
 1720 0084 01       		.byte	0x1
 1721 0085 03       		.uleb128 0x3
 1722 0086 0E       		.uleb128 0xe
 1723 0087 0B       		.uleb128 0xb
 1724 0088 0B       		.uleb128 0xb
 1725 0089 3A       		.uleb128 0x3a
 1726 008a 0B       		.uleb128 0xb
 1727 008b 3B       		.uleb128 0x3b
 1728 008c 05       		.uleb128 0x5
 1729 008d 01       		.uleb128 0x1
 1730 008e 13       		.uleb128 0x13
 1731 008f 00       		.byte	0x0
 1732 0090 00       		.byte	0x0
 1733 0091 0C       		.uleb128 0xc
 1734 0092 0D       		.uleb128 0xd
 1735 0093 00       		.byte	0x0
 1736 0094 03       		.uleb128 0x3
 1737 0095 08       		.uleb128 0x8
 1738 0096 3A       		.uleb128 0x3a
 1739 0097 0B       		.uleb128 0xb
 1740 0098 3B       		.uleb128 0x3b
 1741 0099 05       		.uleb128 0x5
 1742 009a 49       		.uleb128 0x49
 1743 009b 13       		.uleb128 0x13
 1744 009c 38       		.uleb128 0x38
 1745 009d 0A       		.uleb128 0xa
 1746 009e 00       		.byte	0x0
 1747 009f 00       		.byte	0x0
 1748 00a0 0D       		.uleb128 0xd
 1749 00a1 35       		.uleb128 0x35
 1750 00a2 00       		.byte	0x0
 1751 00a3 49       		.uleb128 0x49
 1752 00a4 13       		.uleb128 0x13
 1753 00a5 00       		.byte	0x0
 1754 00a6 00       		.byte	0x0
 1755 00a7 0E       		.uleb128 0xe
ARM GAS  C:\Users\DNIEL~1\AppData\Local\Temp\ccOoafU5.s 			page 32


 1756 00a8 01       		.uleb128 0x1
 1757 00a9 01       		.byte	0x1
 1758 00aa 49       		.uleb128 0x49
 1759 00ab 13       		.uleb128 0x13
 1760 00ac 01       		.uleb128 0x1
 1761 00ad 13       		.uleb128 0x13
 1762 00ae 00       		.byte	0x0
 1763 00af 00       		.byte	0x0
 1764 00b0 0F       		.uleb128 0xf
 1765 00b1 21       		.uleb128 0x21
 1766 00b2 00       		.byte	0x0
 1767 00b3 49       		.uleb128 0x49
 1768 00b4 13       		.uleb128 0x13
 1769 00b5 2F       		.uleb128 0x2f
 1770 00b6 0B       		.uleb128 0xb
 1771 00b7 00       		.byte	0x0
 1772 00b8 00       		.byte	0x0
 1773 00b9 10       		.uleb128 0x10
 1774 00ba 17       		.uleb128 0x17
 1775 00bb 01       		.byte	0x1
 1776 00bc 0B       		.uleb128 0xb
 1777 00bd 0B       		.uleb128 0xb
 1778 00be 3A       		.uleb128 0x3a
 1779 00bf 0B       		.uleb128 0xb
 1780 00c0 3B       		.uleb128 0x3b
 1781 00c1 0B       		.uleb128 0xb
 1782 00c2 01       		.uleb128 0x1
 1783 00c3 13       		.uleb128 0x13
 1784 00c4 00       		.byte	0x0
 1785 00c5 00       		.byte	0x0
 1786 00c6 11       		.uleb128 0x11
 1787 00c7 0D       		.uleb128 0xd
 1788 00c8 00       		.byte	0x0
 1789 00c9 03       		.uleb128 0x3
 1790 00ca 0E       		.uleb128 0xe
 1791 00cb 3A       		.uleb128 0x3a
 1792 00cc 0B       		.uleb128 0xb
 1793 00cd 3B       		.uleb128 0x3b
 1794 00ce 0B       		.uleb128 0xb
 1795 00cf 49       		.uleb128 0x49
 1796 00d0 13       		.uleb128 0x13
 1797 00d1 00       		.byte	0x0
 1798 00d2 00       		.byte	0x0
 1799 00d3 12       		.uleb128 0x12
 1800 00d4 26       		.uleb128 0x26
 1801 00d5 00       		.byte	0x0
 1802 00d6 49       		.uleb128 0x49
 1803 00d7 13       		.uleb128 0x13
 1804 00d8 00       		.byte	0x0
 1805 00d9 00       		.byte	0x0
 1806 00da 13       		.uleb128 0x13
 1807 00db 2E       		.uleb128 0x2e
 1808 00dc 00       		.byte	0x0
 1809 00dd 3F       		.uleb128 0x3f
 1810 00de 0C       		.uleb128 0xc
 1811 00df 03       		.uleb128 0x3
 1812 00e0 0E       		.uleb128 0xe
ARM GAS  C:\Users\DNIEL~1\AppData\Local\Temp\ccOoafU5.s 			page 33


 1813 00e1 3A       		.uleb128 0x3a
 1814 00e2 0B       		.uleb128 0xb
 1815 00e3 3B       		.uleb128 0x3b
 1816 00e4 0B       		.uleb128 0xb
 1817 00e5 27       		.uleb128 0x27
 1818 00e6 0C       		.uleb128 0xc
 1819 00e7 11       		.uleb128 0x11
 1820 00e8 01       		.uleb128 0x1
 1821 00e9 12       		.uleb128 0x12
 1822 00ea 01       		.uleb128 0x1
 1823 00eb 40       		.uleb128 0x40
 1824 00ec 0A       		.uleb128 0xa
 1825 00ed 00       		.byte	0x0
 1826 00ee 00       		.byte	0x0
 1827 00ef 14       		.uleb128 0x14
 1828 00f0 2E       		.uleb128 0x2e
 1829 00f1 01       		.byte	0x1
 1830 00f2 3F       		.uleb128 0x3f
 1831 00f3 0C       		.uleb128 0xc
 1832 00f4 03       		.uleb128 0x3
 1833 00f5 0E       		.uleb128 0xe
 1834 00f6 3A       		.uleb128 0x3a
 1835 00f7 0B       		.uleb128 0xb
 1836 00f8 3B       		.uleb128 0x3b
 1837 00f9 0B       		.uleb128 0xb
 1838 00fa 27       		.uleb128 0x27
 1839 00fb 0C       		.uleb128 0xc
 1840 00fc 11       		.uleb128 0x11
 1841 00fd 01       		.uleb128 0x1
 1842 00fe 12       		.uleb128 0x12
 1843 00ff 01       		.uleb128 0x1
 1844 0100 40       		.uleb128 0x40
 1845 0101 0A       		.uleb128 0xa
 1846 0102 01       		.uleb128 0x1
 1847 0103 13       		.uleb128 0x13
 1848 0104 00       		.byte	0x0
 1849 0105 00       		.byte	0x0
 1850 0106 15       		.uleb128 0x15
 1851 0107 34       		.uleb128 0x34
 1852 0108 00       		.byte	0x0
 1853 0109 03       		.uleb128 0x3
 1854 010a 0E       		.uleb128 0xe
 1855 010b 3A       		.uleb128 0x3a
 1856 010c 0B       		.uleb128 0xb
 1857 010d 3B       		.uleb128 0x3b
 1858 010e 0B       		.uleb128 0xb
 1859 010f 49       		.uleb128 0x49
 1860 0110 13       		.uleb128 0x13
 1861 0111 02       		.uleb128 0x2
 1862 0112 06       		.uleb128 0x6
 1863 0113 00       		.byte	0x0
 1864 0114 00       		.byte	0x0
 1865 0115 16       		.uleb128 0x16
 1866 0116 0B       		.uleb128 0xb
 1867 0117 01       		.byte	0x1
 1868 0118 11       		.uleb128 0x11
 1869 0119 01       		.uleb128 0x1
ARM GAS  C:\Users\DNIEL~1\AppData\Local\Temp\ccOoafU5.s 			page 34


 1870 011a 12       		.uleb128 0x12
 1871 011b 01       		.uleb128 0x1
 1872 011c 00       		.byte	0x0
 1873 011d 00       		.byte	0x0
 1874 011e 17       		.uleb128 0x17
 1875 011f 34       		.uleb128 0x34
 1876 0120 00       		.byte	0x0
 1877 0121 03       		.uleb128 0x3
 1878 0122 08       		.uleb128 0x8
 1879 0123 3A       		.uleb128 0x3a
 1880 0124 0B       		.uleb128 0xb
 1881 0125 3B       		.uleb128 0x3b
 1882 0126 0B       		.uleb128 0xb
 1883 0127 49       		.uleb128 0x49
 1884 0128 13       		.uleb128 0x13
 1885 0129 02       		.uleb128 0x2
 1886 012a 06       		.uleb128 0x6
 1887 012b 00       		.byte	0x0
 1888 012c 00       		.byte	0x0
 1889 012d 18       		.uleb128 0x18
 1890 012e 2E       		.uleb128 0x2e
 1891 012f 00       		.byte	0x0
 1892 0130 3F       		.uleb128 0x3f
 1893 0131 0C       		.uleb128 0xc
 1894 0132 03       		.uleb128 0x3
 1895 0133 0E       		.uleb128 0xe
 1896 0134 3A       		.uleb128 0x3a
 1897 0135 0B       		.uleb128 0xb
 1898 0136 3B       		.uleb128 0x3b
 1899 0137 0B       		.uleb128 0xb
 1900 0138 27       		.uleb128 0x27
 1901 0139 0C       		.uleb128 0xc
 1902 013a 11       		.uleb128 0x11
 1903 013b 01       		.uleb128 0x1
 1904 013c 12       		.uleb128 0x12
 1905 013d 01       		.uleb128 0x1
 1906 013e 40       		.uleb128 0x40
 1907 013f 06       		.uleb128 0x6
 1908 0140 00       		.byte	0x0
 1909 0141 00       		.byte	0x0
 1910 0142 19       		.uleb128 0x19
 1911 0143 0B       		.uleb128 0xb
 1912 0144 01       		.byte	0x1
 1913 0145 11       		.uleb128 0x11
 1914 0146 01       		.uleb128 0x1
 1915 0147 12       		.uleb128 0x12
 1916 0148 01       		.uleb128 0x1
 1917 0149 01       		.uleb128 0x1
 1918 014a 13       		.uleb128 0x13
 1919 014b 00       		.byte	0x0
 1920 014c 00       		.byte	0x0
 1921 014d 1A       		.uleb128 0x1a
 1922 014e 0B       		.uleb128 0xb
 1923 014f 01       		.byte	0x1
 1924 0150 55       		.uleb128 0x55
 1925 0151 06       		.uleb128 0x6
 1926 0152 01       		.uleb128 0x1
ARM GAS  C:\Users\DNIEL~1\AppData\Local\Temp\ccOoafU5.s 			page 35


 1927 0153 13       		.uleb128 0x13
 1928 0154 00       		.byte	0x0
 1929 0155 00       		.byte	0x0
 1930 0156 1B       		.uleb128 0x1b
 1931 0157 2E       		.uleb128 0x2e
 1932 0158 01       		.byte	0x1
 1933 0159 3F       		.uleb128 0x3f
 1934 015a 0C       		.uleb128 0xc
 1935 015b 03       		.uleb128 0x3
 1936 015c 0E       		.uleb128 0xe
 1937 015d 3A       		.uleb128 0x3a
 1938 015e 0B       		.uleb128 0xb
 1939 015f 3B       		.uleb128 0x3b
 1940 0160 0B       		.uleb128 0xb
 1941 0161 27       		.uleb128 0x27
 1942 0162 0C       		.uleb128 0xc
 1943 0163 11       		.uleb128 0x11
 1944 0164 01       		.uleb128 0x1
 1945 0165 12       		.uleb128 0x12
 1946 0166 01       		.uleb128 0x1
 1947 0167 40       		.uleb128 0x40
 1948 0168 06       		.uleb128 0x6
 1949 0169 01       		.uleb128 0x1
 1950 016a 13       		.uleb128 0x13
 1951 016b 00       		.byte	0x0
 1952 016c 00       		.byte	0x0
 1953 016d 1C       		.uleb128 0x1c
 1954 016e 05       		.uleb128 0x5
 1955 016f 00       		.byte	0x0
 1956 0170 03       		.uleb128 0x3
 1957 0171 08       		.uleb128 0x8
 1958 0172 3A       		.uleb128 0x3a
 1959 0173 0B       		.uleb128 0xb
 1960 0174 3B       		.uleb128 0x3b
 1961 0175 0B       		.uleb128 0xb
 1962 0176 49       		.uleb128 0x49
 1963 0177 13       		.uleb128 0x13
 1964 0178 02       		.uleb128 0x2
 1965 0179 0A       		.uleb128 0xa
 1966 017a 00       		.byte	0x0
 1967 017b 00       		.byte	0x0
 1968 017c 1D       		.uleb128 0x1d
 1969 017d 34       		.uleb128 0x34
 1970 017e 00       		.byte	0x0
 1971 017f 03       		.uleb128 0x3
 1972 0180 0E       		.uleb128 0xe
 1973 0181 3A       		.uleb128 0x3a
 1974 0182 0B       		.uleb128 0xb
 1975 0183 3B       		.uleb128 0x3b
 1976 0184 0B       		.uleb128 0xb
 1977 0185 49       		.uleb128 0x49
 1978 0186 13       		.uleb128 0x13
 1979 0187 3F       		.uleb128 0x3f
 1980 0188 0C       		.uleb128 0xc
 1981 0189 3C       		.uleb128 0x3c
 1982 018a 0C       		.uleb128 0xc
 1983 018b 00       		.byte	0x0
ARM GAS  C:\Users\DNIEL~1\AppData\Local\Temp\ccOoafU5.s 			page 36


 1984 018c 00       		.byte	0x0
 1985 018d 00       		.byte	0x0
 1986              		.section	.debug_pubnames,"",%progbits
 1987 0000 99000000 		.4byte	0x99
 1988 0004 0200     		.2byte	0x2
 1989 0006 00000000 		.4byte	.Ldebug_info0
 1990 000a 14080000 		.4byte	0x814
 1991 000e 6B060000 		.4byte	0x66b
 1992 0012 5F706F72 		.ascii	"_port_switch_from_isr\000"
 1992      745F7377 
 1992      69746368 
 1992      5F66726F 
 1992      6D5F6973 
 1993 0028 7F060000 		.4byte	0x67f
 1994 002c 53564361 		.ascii	"SVCallVector\000"
 1994      6C6C5665 
 1994      63746F72 
 1994      00
 1995 0039 C6060000 		.4byte	0x6c6
 1996 003d 5F706F72 		.ascii	"_port_init\000"
 1996      745F696E 
 1996      697400
 1997 0048 DB060000 		.4byte	0x6db
 1998 004c 5F706F72 		.ascii	"_port_irq_epilogue\000"
 1998      745F6972 
 1998      715F6570 
 1998      696C6F67 
 1998      756500
 1999 005f 43070000 		.4byte	0x743
 2000 0063 53797354 		.ascii	"SysTickVector\000"
 2000      69636B56 
 2000      6563746F 
 2000      7200
 2001 0071 93070000 		.4byte	0x793
 2002 0075 5F706F72 		.ascii	"_port_switch\000"
 2002      745F7377 
 2002      69746368 
 2002      00
 2003 0082 C6070000 		.4byte	0x7c6
 2004 0086 5F706F72 		.ascii	"_port_thread_start\000"
 2004      745F7468 
 2004      72656164 
 2004      5F737461 
 2004      727400
 2005 0099 00000000 		.4byte	0x0
 2006              		.section	.debug_pubtypes,"",%progbits
 2007 0000 4A010000 		.4byte	0x14a
 2008 0004 0200     		.2byte	0x2
 2009 0006 00000000 		.4byte	.Ldebug_info0
 2010 000a 14080000 		.4byte	0x814
 2011 000e 3E000000 		.4byte	0x3e
 2012 0012 75696E74 		.ascii	"uint8_t\000"
 2012      385F7400 
 2013 001a 5E000000 		.4byte	0x5e
 2014 001e 696E7433 		.ascii	"int32_t\000"
 2014      325F7400 
 2015 0026 70000000 		.4byte	0x70
ARM GAS  C:\Users\DNIEL~1\AppData\Local\Temp\ccOoafU5.s 			page 37


 2016 002a 75696E74 		.ascii	"uint32_t\000"
 2016      33325F74 
 2016      00
 2017 0033 89000000 		.4byte	0x89
 2018 0037 75696E74 		.ascii	"uint64_t\000"
 2018      36345F74 
 2018      00
 2019 0040 9B000000 		.4byte	0x9b
 2020 0044 746D6F64 		.ascii	"tmode_t\000"
 2020      655F7400 
 2021 004c A6000000 		.4byte	0xa6
 2022 0050 74737461 		.ascii	"tstate_t\000"
 2022      74655F74 
 2022      00
 2023 0059 B1000000 		.4byte	0xb1
 2024 005d 74726566 		.ascii	"trefs_t\000"
 2024      735F7400 
 2025 0065 BC000000 		.4byte	0xbc
 2026 0069 74736C69 		.ascii	"tslices_t\000"
 2026      6365735F 
 2026      7400
 2027 0073 C7000000 		.4byte	0xc7
 2028 0077 74707269 		.ascii	"tprio_t\000"
 2028      6F5F7400 
 2029 007f D2000000 		.4byte	0xd2
 2030 0083 6D73675F 		.ascii	"msg_t\000"
 2030      7400
 2031 0089 DD000000 		.4byte	0xdd
 2032 008d 6576656E 		.ascii	"eventmask_t\000"
 2032      746D6173 
 2032      6B5F7400 
 2033 0099 E8000000 		.4byte	0xe8
 2034 009d 73797374 		.ascii	"systime_t\000"
 2034      696D655F 
 2034      7400
 2035 00a7 F3000000 		.4byte	0xf3
 2036 00ab 54687265 		.ascii	"Thread\000"
 2036      616400
 2037 00b2 5C020000 		.4byte	0x25c
 2038 00b6 54687265 		.ascii	"ThreadsQueue\000"
 2038      61647351 
 2038      75657565 
 2038      00
 2039 00c3 7E020000 		.4byte	0x27e
 2040 00c7 54687265 		.ascii	"ThreadsList\000"
 2040      6164734C 
 2040      69737400 
 2041 00d3 89020000 		.4byte	0x289
 2042 00d7 72656761 		.ascii	"regarm_t\000"
 2042      726D5F74 
 2042      00
 2043 00e0 96020000 		.4byte	0x296
 2044 00e4 73746B61 		.ascii	"stkalign_t\000"
 2044      6C69676E 
 2044      5F7400
 2045 00ef A1020000 		.4byte	0x2a1
 2046 00f3 65787463 		.ascii	"extctx\000"
ARM GAS  C:\Users\DNIEL~1\AppData\Local\Temp\ccOoafU5.s 			page 38


 2046      747800
 2047 00fa 19030000 		.4byte	0x319
 2048 00fe 696E7463 		.ascii	"intctx\000"
 2048      747800
 2049 0105 A7030000 		.4byte	0x3a7
 2050 0109 636F6E74 		.ascii	"context\000"
 2050      65787400 
 2051 0111 58050000 		.4byte	0x558
 2052 0115 434D785F 		.ascii	"CMx_SCB\000"
 2052      53434200 
 2053 011d C5050000 		.4byte	0x5c5
 2054 0121 52656164 		.ascii	"ReadyList\000"
 2054      794C6973 
 2054      7400
 2055 012b D0050000 		.4byte	0x5d0
 2056 012f 4D757465 		.ascii	"Mutex\000"
 2056      7800
 2057 0135 0D060000 		.4byte	0x60d
 2058 0139 4D757465 		.ascii	"Mutex\000"
 2058      7800
 2059 013f FE000000 		.4byte	0xfe
 2060 0143 54687265 		.ascii	"Thread\000"
 2060      616400
 2061 014a 00000000 		.4byte	0x0
 2062              		.section	.debug_aranges,"",%progbits
 2063 0000 4C000000 		.4byte	0x4c
 2064 0004 0200     		.2byte	0x2
 2065 0006 00000000 		.4byte	.Ldebug_info0
 2066 000a 04       		.byte	0x4
 2067 000b 00       		.byte	0x0
 2068 000c 0000     		.2byte	0x0
 2069 000e 0000     		.2byte	0x0
 2070 0010 00000000 		.4byte	.LFB11
 2071 0014 0E000000 		.4byte	.LFE11-.LFB11
 2072 0018 00000000 		.4byte	.LFB8
 2073 001c 12000000 		.4byte	.LFE8-.LFB8
 2074 0020 00000000 		.4byte	.LFB9
 2075 0024 34000000 		.4byte	.LFE9-.LFB9
 2076 0028 00000000 		.4byte	.LFB10
 2077 002c 70000000 		.4byte	.LFE10-.LFB10
 2078 0030 00000000 		.4byte	.LFB7
 2079 0034 2A000000 		.4byte	.LFE7-.LFB7
 2080 0038 00000000 		.4byte	.LFB12
 2081 003c 10000000 		.4byte	.LFE12-.LFB12
 2082 0040 00000000 		.4byte	.LFB13
 2083 0044 16000000 		.4byte	.LFE13-.LFB13
 2084 0048 00000000 		.4byte	0x0
 2085 004c 00000000 		.4byte	0x0
 2086              		.section	.debug_ranges,"",%progbits
 2087              	.Ldebug_ranges0:
 2088 0000 10000000 		.4byte	.LBB4
 2089 0004 40000000 		.4byte	.LBE4
 2090 0008 46000000 		.4byte	.LBB6
 2091 000c 70000000 		.4byte	.LBE6
 2092 0010 00000000 		.4byte	0x0
 2093 0014 00000000 		.4byte	0x0
 2094 0018 00000000 		.4byte	.LFB11
ARM GAS  C:\Users\DNIEL~1\AppData\Local\Temp\ccOoafU5.s 			page 39


 2095 001c 0E000000 		.4byte	.LFE11
 2096 0020 00000000 		.4byte	.LFB8
 2097 0024 12000000 		.4byte	.LFE8
 2098 0028 00000000 		.4byte	.LFB9
 2099 002c 34000000 		.4byte	.LFE9
 2100 0030 00000000 		.4byte	.LFB10
 2101 0034 70000000 		.4byte	.LFE10
 2102 0038 00000000 		.4byte	.LFB7
 2103 003c 2A000000 		.4byte	.LFE7
 2104 0040 00000000 		.4byte	.LFB12
 2105 0044 10000000 		.4byte	.LFE12
 2106 0048 00000000 		.4byte	.LFB13
 2107 004c 16000000 		.4byte	.LFE13
 2108 0050 00000000 		.4byte	0x0
 2109 0054 00000000 		.4byte	0x0
 2110              		.section	.debug_str,"MS",%progbits,1
 2111              	.LASF37:
 2112 0000 705F6D73 		.ascii	"p_msg\000"
 2112      6700
 2113              	.LASF78:
 2114 0006 7264796D 		.ascii	"rdymsg\000"
 2114      736700
 2115              	.LASF11:
 2116 000d 75696E74 		.ascii	"uint64_t\000"
 2116      36345F74 
 2116      00
 2117              	.LASF66:
 2118 0016 434D785F 		.ascii	"CMx_SCB\000"
 2118      53434200 
 2119              	.LASF88:
 2120 001e 53797354 		.ascii	"SysTickVector\000"
 2120      69636B56 
 2120      6563746F 
 2120      7200
 2121              	.LASF12:
 2122 002c 6C6F6E67 		.ascii	"long long unsigned int\000"
 2122      206C6F6E 
 2122      6720756E 
 2122      7369676E 
 2122      65642069 
 2123              	.LASF79:
 2124 0043 65786974 		.ascii	"exitcode\000"
 2124      636F6465 
 2124      00
 2125              	.LASF51:
 2126 004c 43505549 		.ascii	"CPUID\000"
 2126      4400
 2127              	.LASF24:
 2128 0052 705F7072 		.ascii	"p_prio\000"
 2128      696F00
 2129              	.LASF10:
 2130 0059 6C6F6E67 		.ascii	"long long int\000"
 2130      206C6F6E 
 2130      6720696E 
 2130      7400
 2131              	.LASF1:
 2132 0067 7369676E 		.ascii	"signed char\000"
ARM GAS  C:\Users\DNIEL~1\AppData\Local\Temp\ccOoafU5.s 			page 40


 2132      65642063 
 2132      68617200 
 2133              	.LASF41:
 2134 0073 705F6D70 		.ascii	"p_mpool\000"
 2134      6F6F6C00 
 2135              	.LASF75:
 2136 007b 6D5F7175 		.ascii	"m_queue\000"
 2136      65756500 
 2137              	.LASF93:
 2138 0083 2E2E2F2E 		.ascii	"../../../ChibiOS/os/ports/GCC/ARMCMx/chcore_v7m.c\000"
 2138      2E2F2E2E 
 2138      2F436869 
 2138      62694F53 
 2138      2F6F732F 
 2139              	.LASF16:
 2140 00b5 74736C69 		.ascii	"tslices_t\000"
 2140      6365735F 
 2140      7400
 2141              	.LASF7:
 2142 00bf 6C6F6E67 		.ascii	"long int\000"
 2142      20696E74 
 2142      00
 2143              	.LASF14:
 2144 00c8 74737461 		.ascii	"tstate_t\000"
 2144      74655F74 
 2144      00
 2145              	.LASF90:
 2146 00d1 5F706F72 		.ascii	"_port_thread_start\000"
 2146      745F7468 
 2146      72656164 
 2146      5F737461 
 2146      727400
 2147              	.LASF26:
 2148 00e4 705F6E65 		.ascii	"p_newer\000"
 2148      77657200 
 2149              	.LASF61:
 2150 00ec 42464152 		.ascii	"BFAR\000"
 2150      00
 2151              	.LASF70:
 2152 00f1 725F6E65 		.ascii	"r_newer\000"
 2152      77657200 
 2153              	.LASF44:
 2154 00f9 72656761 		.ascii	"regarm_t\000"
 2154      726D5F74 
 2154      00
 2155              	.LASF29:
 2156 0102 705F7374 		.ascii	"p_stklimit\000"
 2156      6B6C696D 
 2156      697400
 2157              	.LASF0:
 2158 010d 756E7369 		.ascii	"unsigned int\000"
 2158      676E6564 
 2158      20696E74 
 2158      00
 2159              	.LASF47:
 2160 011a 6C725F74 		.ascii	"lr_thd\000"
 2160      686400
ARM GAS  C:\Users\DNIEL~1\AppData\Local\Temp\ccOoafU5.s 			page 41


 2161              	.LASF46:
 2162 0121 65787463 		.ascii	"extctx\000"
 2162      747800
 2163              	.LASF89:
 2164 0128 5F706F72 		.ascii	"_port_switch\000"
 2164      745F7377 
 2164      69746368 
 2164      00
 2165              	.LASF9:
 2166 0135 6C6F6E67 		.ascii	"long unsigned int\000"
 2166      20756E73 
 2166      69676E65 
 2166      6420696E 
 2166      7400
 2167              	.LASF53:
 2168 0147 56544F52 		.ascii	"VTOR\000"
 2168      00
 2169              	.LASF84:
 2170 014c 5F706F72 		.ascii	"_port_switch_from_isr\000"
 2170      745F7377 
 2170      69746368 
 2170      5F66726F 
 2170      6D5F6973 
 2171              	.LASF50:
 2172 0162 636F6E74 		.ascii	"context\000"
 2172      65787400 
 2173              	.LASF4:
 2174 016a 73686F72 		.ascii	"short unsigned int\000"
 2174      7420756E 
 2174      7369676E 
 2174      65642069 
 2174      6E7400
 2175              	.LASF52:
 2176 017d 49435352 		.ascii	"ICSR\000"
 2176      00
 2177              	.LASF18:
 2178 0182 6D73675F 		.ascii	"msg_t\000"
 2178      7400
 2179              	.LASF54:
 2180 0188 41495243 		.ascii	"AIRCR\000"
 2180      5200
 2181              	.LASF59:
 2182 018e 44465352 		.ascii	"DFSR\000"
 2182      00
 2183              	.LASF60:
 2184 0193 4D4D4641 		.ascii	"MMFAR\000"
 2184      5200
 2185              	.LASF87:
 2186 0199 5F706F72 		.ascii	"_port_irq_epilogue\000"
 2186      745F6972 
 2186      715F6570 
 2186      696C6F67 
 2186      756500
 2187              	.LASF13:
 2188 01ac 746D6F64 		.ascii	"tmode_t\000"
 2188      655F7400 
 2189              	.LASF43:
ARM GAS  C:\Users\DNIEL~1\AppData\Local\Temp\ccOoafU5.s 			page 42


 2190 01b4 54687265 		.ascii	"ThreadsList\000"
 2190      6164734C 
 2190      69737400 
 2191              	.LASF19:
 2192 01c0 6576656E 		.ascii	"eventmask_t\000"
 2192      746D6173 
 2192      6B5F7400 
 2193              	.LASF74:
 2194 01cc 4D757465 		.ascii	"Mutex\000"
 2194      7800
 2195              	.LASF45:
 2196 01d2 73746B61 		.ascii	"stkalign_t\000"
 2196      6C69676E 
 2196      5F7400
 2197              	.LASF57:
 2198 01dd 43465352 		.ascii	"CFSR\000"
 2198      00
 2199              	.LASF27:
 2200 01e2 705F6F6C 		.ascii	"p_older\000"
 2200      64657200 
 2201              	.LASF69:
 2202 01ea 725F6374 		.ascii	"r_ctx\000"
 2202      7800
 2203              	.LASF42:
 2204 01f0 54687265 		.ascii	"ThreadsQueue\000"
 2204      61647351 
 2204      75657565 
 2204      00
 2205              	.LASF72:
 2206 01fd 725F6375 		.ascii	"r_current\000"
 2206      7272656E 
 2206      7400
 2207              	.LASF71:
 2208 0207 725F6F6C 		.ascii	"r_older\000"
 2208      64657200 
 2209              	.LASF94:
 2210 020f 433A5C55 		.ascii	"C:\\Users\\D\341niel\\Dropbox\\Solar Racing\\Szoftv"
 2210      73657273 
 2210      5C44E16E 
 2210      69656C5C 
 2210      44726F70 
 2211 023a 65725C4D 		.ascii	"er\\Modulux\\Modulux_v0\\modulux\\firmware\000"
 2211      6F64756C 
 2211      75785C4D 
 2211      6F64756C 
 2211      75785F76 
 2212              	.LASF15:
 2213 0261 74726566 		.ascii	"trefs_t\000"
 2213      735F7400 
 2214              	.LASF83:
 2215 0269 63747870 		.ascii	"ctxp\000"
 2215      00
 2216              	.LASF23:
 2217 026e 705F7072 		.ascii	"p_prev\000"
 2217      657600
 2218              	.LASF17:
 2219 0275 74707269 		.ascii	"tprio_t\000"
ARM GAS  C:\Users\DNIEL~1\AppData\Local\Temp\ccOoafU5.s 			page 43


 2219      6F5F7400 
 2220              	.LASF6:
 2221 027d 696E7433 		.ascii	"int32_t\000"
 2221      325F7400 
 2222              	.LASF2:
 2223 0285 756E7369 		.ascii	"unsigned char\000"
 2223      676E6564 
 2223      20636861 
 2223      7200
 2224              	.LASF56:
 2225 0293 53484353 		.ascii	"SHCSR\000"
 2225      5200
 2226              	.LASF39:
 2227 0299 705F6D74 		.ascii	"p_mtxlist\000"
 2227      786C6973 
 2227      7400
 2228              	.LASF3:
 2229 02a3 73686F72 		.ascii	"short int\000"
 2229      7420696E 
 2229      7400
 2230              	.LASF30:
 2231 02ad 705F7374 		.ascii	"p_state\000"
 2231      61746500 
 2232              	.LASF33:
 2233 02b5 705F7072 		.ascii	"p_preempt\000"
 2233      65656D70 
 2233      7400
 2234              	.LASF48:
 2235 02bf 78707372 		.ascii	"xpsr\000"
 2235      00
 2236              	.LASF68:
 2237 02c4 725F7072 		.ascii	"r_prio\000"
 2237      696F00
 2238              	.LASF81:
 2239 02cb 65776D61 		.ascii	"ewmask\000"
 2239      736B00
 2240              	.LASF22:
 2241 02d2 705F6E65 		.ascii	"p_next\000"
 2241      787400
 2242              	.LASF31:
 2243 02d9 705F666C 		.ascii	"p_flags\000"
 2243      61677300 
 2244              	.LASF21:
 2245 02e1 54687265 		.ascii	"Thread\000"
 2245      616400
 2246              	.LASF38:
 2247 02e8 705F6570 		.ascii	"p_epending\000"
 2247      656E6469 
 2247      6E6700
 2248              	.LASF8:
 2249 02f3 75696E74 		.ascii	"uint32_t\000"
 2249      33325F74 
 2249      00
 2250              	.LASF67:
 2251 02fc 725F7175 		.ascii	"r_queue\000"
 2251      65756500 
 2252              	.LASF62:
ARM GAS  C:\Users\DNIEL~1\AppData\Local\Temp\ccOoafU5.s 			page 44


 2253 0304 41465352 		.ascii	"AFSR\000"
 2253      00
 2254              	.LASF64:
 2255 0309 756E7573 		.ascii	"unused1\000"
 2255      65643100 
 2256              	.LASF82:
 2257 0311 63686172 		.ascii	"char\000"
 2257      00
 2258              	.LASF77:
 2259 0316 6D5F6E65 		.ascii	"m_next\000"
 2259      787400
 2260              	.LASF20:
 2261 031d 73797374 		.ascii	"systime_t\000"
 2261      696D655F 
 2261      7400
 2262              	.LASF40:
 2263 0327 705F7265 		.ascii	"p_realprio\000"
 2263      616C7072 
 2263      696F00
 2264              	.LASF86:
 2265 0332 53564361 		.ascii	"SVCallVector\000"
 2265      6C6C5665 
 2265      63746F72 
 2265      00
 2266              	.LASF34:
 2267 033f 705F7469 		.ascii	"p_time\000"
 2267      6D6500
 2268              	.LASF55:
 2269 0346 53485052 		.ascii	"SHPR\000"
 2269      00
 2270              	.LASF49:
 2271 034b 696E7463 		.ascii	"intctx\000"
 2271      747800
 2272              	.LASF36:
 2273 0352 705F6D73 		.ascii	"p_msgqueue\000"
 2273      67717565 
 2273      756500
 2274              	.LASF32:
 2275 035d 705F7265 		.ascii	"p_refs\000"
 2275      667300
 2276              	.LASF73:
 2277 0364 52656164 		.ascii	"ReadyList\000"
 2277      794C6973 
 2277      7400
 2278              	.LASF63:
 2279 036e 4D4D4652 		.ascii	"MMFR\000"
 2279      00
 2280              	.LASF91:
 2281 0373 726C6973 		.ascii	"rlist\000"
 2281      7400
 2282              	.LASF5:
 2283 0379 75696E74 		.ascii	"uint8_t\000"
 2283      385F7400 
 2284              	.LASF85:
 2285 0381 5F706F72 		.ascii	"_port_init\000"
 2285      745F696E 
 2285      697400
ARM GAS  C:\Users\DNIEL~1\AppData\Local\Temp\ccOoafU5.s 			page 45


 2286              	.LASF80:
 2287 038c 77746F62 		.ascii	"wtobjp\000"
 2287      6A7000
 2288              	.LASF92:
 2289 0393 474E5520 		.ascii	"GNU C 4.5.2\000"
 2289      4320342E 
 2289      352E3200 
 2290              	.LASF28:
 2291 039f 705F6E61 		.ascii	"p_name\000"
 2291      6D6500
 2292              	.LASF65:
 2293 03a6 43504143 		.ascii	"CPACR\000"
 2293      5200
 2294              	.LASF58:
 2295 03ac 48465352 		.ascii	"HFSR\000"
 2295      00
 2296              	.LASF76:
 2297 03b1 6D5F6F77 		.ascii	"m_owner\000"
 2297      6E657200 
 2298              	.LASF25:
 2299 03b9 705F6374 		.ascii	"p_ctx\000"
 2299      7800
 2300              	.LASF35:
 2301 03bf 705F7761 		.ascii	"p_waiting\000"
 2301      6974696E 
 2301      6700
 2302              		.ident	"GCC: (Sourcery G++ Lite 2011.03-42) 4.5.2"
ARM GAS  C:\Users\DNIEL~1\AppData\Local\Temp\ccOoafU5.s 			page 46


DEFINED SYMBOLS
                            *ABS*:00000000 chcore_v7m.c
C:\Users\DNIEL~1\AppData\Local\Temp\ccOoafU5.s:24     .text._port_switch_from_isr:00000000 $t
C:\Users\DNIEL~1\AppData\Local\Temp\ccOoafU5.s:30     .text._port_switch_from_isr:00000000 _port_switch_from_isr
C:\Users\DNIEL~1\AppData\Local\Temp\ccOoafU5.s:46     .text._port_switch_from_isr:0000000c _port_exit_from_isr
C:\Users\DNIEL~1\AppData\Local\Temp\ccOoafU5.s:58     .text.SVCallVector:00000000 $t
C:\Users\DNIEL~1\AppData\Local\Temp\ccOoafU5.s:64     .text.SVCallVector:00000000 SVCallVector
C:\Users\DNIEL~1\AppData\Local\Temp\ccOoafU5.s:101    .text._port_init:00000000 $t
C:\Users\DNIEL~1\AppData\Local\Temp\ccOoafU5.s:107    .text._port_init:00000000 _port_init
C:\Users\DNIEL~1\AppData\Local\Temp\ccOoafU5.s:147    .text._port_init:0000002c $d
C:\Users\DNIEL~1\AppData\Local\Temp\ccOoafU5.s:153    .text._port_irq_epilogue:00000000 $t
C:\Users\DNIEL~1\AppData\Local\Temp\ccOoafU5.s:159    .text._port_irq_epilogue:00000000 _port_irq_epilogue
C:\Users\DNIEL~1\AppData\Local\Temp\ccOoafU5.s:255    .text._port_irq_epilogue:00000060 $d
C:\Users\DNIEL~1\AppData\Local\Temp\ccOoafU5.s:264    .text.SysTickVector:00000000 $t
C:\Users\DNIEL~1\AppData\Local\Temp\ccOoafU5.s:270    .text.SysTickVector:00000000 SysTickVector
C:\Users\DNIEL~1\AppData\Local\Temp\ccOoafU5.s:319    .text._port_switch:00000000 $t
C:\Users\DNIEL~1\AppData\Local\Temp\ccOoafU5.s:325    .text._port_switch:00000000 _port_switch
C:\Users\DNIEL~1\AppData\Local\Temp\ccOoafU5.s:352    .text._port_thread_start:00000000 $t
C:\Users\DNIEL~1\AppData\Local\Temp\ccOoafU5.s:358    .text._port_thread_start:00000000 _port_thread_start
                     .debug_frame:00000010 $d
C:\Users\DNIEL~1\AppData\Local\Temp\ccOoafU5.s:152    .text._port_init:00000034 $t

UNDEFINED SYMBOLS
dbg_check_lock
chSchDoReschedule
dbg_check_unlock
nvicSetSystemHandlerPriority
rlist
dbg_check_enter_isr
dbg_check_lock_from_isr
chSysTimerHandlerI
dbg_check_unlock_from_isr
dbg_check_leave_isr
chThdExit
