ARM GAS  C:\Users\srich\AppData\Local\Temp\ccCCs4mn.s 			page 1


   1              		.syntax unified
   2              		.cpu cortex-m4
   3              		.fpu softvfp
   4              		.eabi_attribute 20, 1
   5              		.eabi_attribute 21, 1
   6              		.eabi_attribute 23, 3
   7              		.eabi_attribute 24, 1
   8              		.eabi_attribute 25, 1
   9              		.eabi_attribute 26, 1
  10              		.eabi_attribute 30, 2
  11              		.eabi_attribute 34, 1
  12              		.eabi_attribute 18, 4
  13              		.thumb
  14              		.file	"chheap.c"
  15              		.text
  16              	.Ltext0:
  17              		.cfi_sections	.debug_frame
  18              		.section	.text._heap_init,"ax",%progbits
  19              		.align	2
  20              		.p2align 4,,15
  21              		.global	_heap_init
  22              		.thumb
  23              		.thumb_func
  24              		.type	_heap_init, %function
  25              	_heap_init:
  26              	.LFB7:
  27              		.file 1 "c:\\ChibiStudio\\chibios/os/kernel/src/chheap.c"
  28              		.loc 1 75 0
  29              		.cfi_startproc
  30              		@ args = 0, pretend = 0, frame = 0
  31              		@ frame_needed = 0, uses_anonymous_args = 0
  32              		@ link register save eliminated.
  33              		.loc 1 76 0
  34 0000 40F20003 		movw	r3, #:lower16:.LANCHOR0
  35 0004 C0F20003 		movt	r3, #:upper16:.LANCHOR0
  36 0008 40F20001 		movw	r1, #:lower16:chCoreAlloc
  37              		.loc 1 77 0
  38 000c 0022     		movs	r2, #0
  39              		.loc 1 76 0
  40 000e C0F20001 		movt	r1, #:upper16:chCoreAlloc
  41              		.loc 1 80 0
  42 0012 03F11000 		add	r0, r3, #16
  43              		.loc 1 76 0
  44 0016 1960     		str	r1, [r3, #0]
  45              		.loc 1 77 0
  46 0018 9A60     		str	r2, [r3, #8]
  47              		.loc 1 78 0
  48 001a DA60     		str	r2, [r3, #12]
  49              		.loc 1 84 0
  50              		.loc 1 80 0
  51 001c FFF7FEBF 		b	chMtxInit
  52              	.LVL0:
  53              		.cfi_endproc
  54              	.LFE7:
  55              		.size	_heap_init, .-_heap_init
  56              		.section	.text.chHeapInit,"ax",%progbits
  57              		.align	2
ARM GAS  C:\Users\srich\AppData\Local\Temp\ccCCs4mn.s 			page 2


  58              		.p2align 4,,15
  59              		.global	chHeapInit
  60              		.thumb
  61              		.thumb_func
  62              		.type	chHeapInit, %function
  63              	chHeapInit:
  64              	.LFB8:
  65              		.loc 1 99 0
  66              		.cfi_startproc
  67              		@ args = 0, pretend = 0, frame = 0
  68              		@ frame_needed = 0, uses_anonymous_args = 0
  69              		@ link register save eliminated.
  70              	.LVL1:
  71              		.loc 1 104 0
  72 0000 0023     		movs	r3, #0
  73 0002 0360     		str	r3, [r0, #0]
  74              	.LVL2:
  75              		.loc 1 105 0
  76 0004 8160     		str	r1, [r0, #8]
  77              		.loc 1 106 0
  78 0006 C360     		str	r3, [r0, #12]
  79              		.loc 1 108 0
  80 0008 083A     		subs	r2, r2, #8
  81              	.LVL3:
  82              		.loc 1 110 0
  83 000a 1030     		adds	r0, r0, #16
  84              	.LVL4:
  85              		.loc 1 107 0
  86 000c 0B60     		str	r3, [r1, #0]
  87              		.loc 1 108 0
  88 000e 4A60     		str	r2, [r1, #4]
  89              		.loc 1 114 0
  90              		.loc 1 110 0
  91 0010 FFF7FEBF 		b	chMtxInit
  92              	.LVL5:
  93              		.cfi_endproc
  94              	.LFE8:
  95              		.size	chHeapInit, .-chHeapInit
  96 0014 AFF30080 		.section	.text.chHeapAlloc,"ax",%progbits
  96      AFF30080 
  96      AFF30080 
  97              		.align	2
  98              		.p2align 4,,15
  99              		.global	chHeapAlloc
 100              		.thumb
 101              		.thumb_func
 102              		.type	chHeapAlloc, %function
 103              	chHeapAlloc:
 104              	.LFB9:
 105              		.loc 1 132 0
 106              		.cfi_startproc
 107              		@ args = 0, pretend = 0, frame = 0
 108              		@ frame_needed = 0, uses_anonymous_args = 0
 109              	.LVL6:
 110 0000 F8B5     		push	{r3, r4, r5, r6, r7, lr}
 111              	.LCFI0:
 112              		.cfi_def_cfa_offset 24
ARM GAS  C:\Users\srich\AppData\Local\Temp\ccCCs4mn.s 			page 3


 113              		.cfi_offset 3, -24
 114              		.cfi_offset 4, -20
 115              		.cfi_offset 5, -16
 116              		.cfi_offset 6, -12
 117              		.cfi_offset 7, -8
 118              		.cfi_offset 14, -4
 119              		.loc 1 136 0
 120 0002 204E     		ldr	r6, .L20
 121 0004 0028     		cmp	r0, #0
 122 0006 18BF     		it	ne
 123 0008 0646     		movne	r6, r0
 124              		.loc 1 138 0
 125 000a 0731     		adds	r1, r1, #7
 126              	.LVL7:
 127              		.loc 1 140 0
 128 000c 06F11000 		add	r0, r6, #16
 129              	.LVL8:
 130              		.loc 1 138 0
 131 0010 21F00705 		bic	r5, r1, #7
 132              	.LVL9:
 133              		.loc 1 139 0
 134 0014 06F10804 		add	r4, r6, #8
 135              	.LVL10:
 136              		.loc 1 140 0
 137 0018 FFF7FEFF 		bl	chMtxLock
 138              	.LVL11:
 139              		.loc 1 142 0
 140 001c 00E0     		b	.L5
 141              	.LVL12:
 142              	.L13:
 143              		.loc 1 144 0
 144 001e 1C46     		mov	r4, r3
 145              	.LVL13:
 146              	.L5:
 147              		.loc 1 142 0 discriminator 1
 148 0020 2368     		ldr	r3, [r4, #0]
 149              	.LVL14:
 150 0022 FBB1     		cbz	r3, .L18
 151              		.loc 1 144 0
 152 0024 5A68     		ldr	r2, [r3, #4]
 153 0026 9542     		cmp	r5, r2
 154 0028 F9D8     		bhi	.L13
 155              		.loc 1 145 0
 156 002a 05F10801 		add	r1, r5, #8
 157 002e 9142     		cmp	r1, r2
 158 0030 15D8     		bhi	.L19
 159              		.loc 1 155 0
 160 0032 4FF6F870 		movw	r0, #65528
 161 0036 CFF6FF70 		movt	r0, 65535
 162 003a 401B     		subs	r0, r0, r5
 163              		.loc 1 153 0
 164 003c 03EB010E 		add	lr, r3, r1
 165              	.LVL15:
 166              		.loc 1 155 0
 167 0040 8218     		adds	r2, r0, r2
 168              		.loc 1 154 0
 169 0042 1868     		ldr	r0, [r3, #0]
ARM GAS  C:\Users\srich\AppData\Local\Temp\ccCCs4mn.s 			page 4


 170              		.loc 1 155 0
 171 0044 CEF80420 		str	r2, [lr, #4]
 172              		.loc 1 154 0
 173 0048 5850     		str	r0, [r3, r1]
 174              		.loc 1 157 0
 175 004a 5D60     		str	r5, [r3, #4]
 176              		.loc 1 156 0
 177 004c C4F800E0 		str	lr, [r4, #0]
 178              	.LVL16:
 179              	.L7:
 180              		.loc 1 159 0
 181 0050 1C46     		mov	r4, r3
 182              	.LVL17:
 183 0052 44F8086B 		str	r6, [r4], #8
 184              		.loc 1 161 0
 185 0056 FFF7FEFF 		bl	chMtxUnlock
 186              	.LVL18:
 187              	.L8:
 188              		.loc 1 181 0
 189 005a 2046     		mov	r0, r4
 190 005c F8BD     		pop	{r3, r4, r5, r6, r7, pc}
 191              	.LVL19:
 192              	.L19:
 193              		.loc 1 149 0
 194 005e 1968     		ldr	r1, [r3, #0]
 195 0060 2160     		str	r1, [r4, #0]
 196 0062 F5E7     		b	.L7
 197              	.L18:
 198              		.loc 1 167 0
 199 0064 FFF7FEFF 		bl	chMtxUnlock
 200              	.LVL20:
 201              		.loc 1 171 0
 202 0068 3268     		ldr	r2, [r6, #0]
 203 006a 4AB1     		cbz	r2, .L11
 204              		.loc 1 172 0
 205 006c 05F10800 		add	r0, r5, #8
 206 0070 9047     		blx	r2
 207              	.LVL21:
 208              		.loc 1 173 0
 209 0072 28B1     		cbz	r0, .L11
 210              		.loc 1 177 0
 211 0074 00F10804 		add	r4, r0, #8
 212              	.LVL22:
 213              		.loc 1 174 0
 214 0078 0660     		str	r6, [r0, #0]
 215              		.loc 1 175 0
 216 007a 4560     		str	r5, [r0, #4]
 217              	.LVL23:
 218              		.loc 1 181 0
 219 007c 2046     		mov	r0, r4
 220 007e F8BD     		pop	{r3, r4, r5, r6, r7, pc}
 221              	.LVL24:
 222              	.L11:
 223              		.loc 1 180 0
 224 0080 0024     		movs	r4, #0
 225              	.LVL25:
 226 0082 EAE7     		b	.L8
ARM GAS  C:\Users\srich\AppData\Local\Temp\ccCCs4mn.s 			page 5


 227              	.L21:
 228              		.align	2
 229              	.L20:
 230 0084 00000000 		.word	.LANCHOR0
 231              		.cfi_endproc
 232              	.LFE9:
 233              		.size	chHeapAlloc, .-chHeapAlloc
 234 0088 AFF30080 		.section	.text.chHeapFree,"ax",%progbits
 234      AFF30080 
 235              		.align	2
 236              		.p2align 4,,15
 237              		.global	chHeapFree
 238              		.thumb
 239              		.thumb_func
 240              		.type	chHeapFree, %function
 241              	chHeapFree:
 242              	.LFB10:
 243              		.loc 1 194 0
 244              		.cfi_startproc
 245              		@ args = 0, pretend = 0, frame = 0
 246              		@ frame_needed = 0, uses_anonymous_args = 0
 247              	.LVL26:
 248 0000 70B5     		push	{r4, r5, r6, lr}
 249              	.LCFI1:
 250              		.cfi_def_cfa_offset 16
 251              		.cfi_offset 4, -16
 252              		.cfi_offset 5, -12
 253              		.cfi_offset 6, -8
 254              		.cfi_offset 14, -4
 255              		.loc 1 194 0
 256 0002 0646     		mov	r6, r0
 257              		.loc 1 200 0
 258 0004 A0F10804 		sub	r4, r0, #8
 259              	.LVL27:
 260              		.loc 1 201 0
 261 0008 50F8080C 		ldr	r0, [r0, #-8]
 262              	.LVL28:
 263              		.loc 1 202 0
 264 000c 00F10805 		add	r5, r0, #8
 265              	.LVL29:
 266              		.loc 1 203 0
 267 0010 1030     		adds	r0, r0, #16
 268              	.LVL30:
 269 0012 FFF7FEFF 		bl	chMtxLock
 270              	.LVL31:
 271              		.loc 1 202 0
 272 0016 2B46     		mov	r3, r5
 273              	.LVL32:
 274              	.L29:
 275              		.loc 1 210 0
 276 0018 AB42     		cmp	r3, r5
 277              		.loc 1 211 0
 278 001a 1A68     		ldr	r2, [r3, #0]
 279              		.loc 1 210 0
 280 001c 01D0     		beq	.L23
 281              		.loc 1 210 0 is_stmt 0 discriminator 2
 282 001e A342     		cmp	r3, r4
ARM GAS  C:\Users\srich\AppData\Local\Temp\ccCCs4mn.s 			page 6


 283 0020 02D2     		bcs	.L26
 284              	.L23:
 285              		.loc 1 210 0 discriminator 1
 286 0022 1AB1     		cbz	r2, .L25
 287              		.loc 1 211 0 is_stmt 1
 288 0024 9442     		cmp	r4, r2
 289 0026 01D3     		bcc	.L25
 290              	.L26:
 291              	.LVL33:
 292              		.loc 1 228 0
 293 0028 1346     		mov	r3, r2
 294              		.loc 1 229 0
 295 002a F5E7     		b	.L29
 296              	.LVL34:
 297              	.L25:
 298              		.loc 1 216 0
 299 002c 56F8041C 		ldr	r1, [r6, #-4]
 300              		.loc 1 213 0
 301 0030 46F8082C 		str	r2, [r6, #-8]
 302              		.loc 1 214 0
 303 0034 1C60     		str	r4, [r3, #0]
 304              		.loc 1 216 0
 305 0036 01F10802 		add	r2, r1, #8
 306 003a 56F8085C 		ldr	r5, [r6, #-8]
 307              	.LVL35:
 308 003e A018     		adds	r0, r4, r2
 309 0040 A842     		cmp	r0, r5
 310 0042 09D0     		beq	.L33
 311              		.loc 1 221 0
 312 0044 5A68     		ldr	r2, [r3, #4]
 313 0046 02F10800 		add	r0, r2, #8
 314 004a 1918     		adds	r1, r3, r0
 315 004c 8C42     		cmp	r4, r1
 316 004e 11D0     		beq	.L34
 317              	.L28:
 318              		.loc 1 233 0
 319 0050 BDE87040 		pop	{r4, r5, r6, lr}
 320              		.loc 1 231 0
 321 0054 FFF7FEBF 		b	chMtxUnlock
 322              	.LVL36:
 323              	.L33:
 324              		.loc 1 218 0
 325 0058 4068     		ldr	r0, [r0, #4]
 326              		.loc 1 219 0
 327 005a A258     		ldr	r2, [r4, r2]
 328              		.loc 1 218 0
 329 005c 0918     		adds	r1, r1, r0
 330 005e 0831     		adds	r1, r1, #8
 331 0060 46F8041C 		str	r1, [r6, #-4]
 332              		.loc 1 219 0
 333 0064 46F8082C 		str	r2, [r6, #-8]
 334              		.loc 1 221 0
 335 0068 5A68     		ldr	r2, [r3, #4]
 336 006a 02F10800 		add	r0, r2, #8
 337 006e 1918     		adds	r1, r3, r0
 338 0070 8C42     		cmp	r4, r1
 339 0072 EDD1     		bne	.L28
ARM GAS  C:\Users\srich\AppData\Local\Temp\ccCCs4mn.s 			page 7


 340              	.L34:
 341              		.loc 1 223 0
 342 0074 56F8040C 		ldr	r0, [r6, #-4]
 343              		.loc 1 224 0
 344 0078 56F8081C 		ldr	r1, [r6, #-8]
 345              		.loc 1 223 0
 346 007c 1218     		adds	r2, r2, r0
 347 007e 0832     		adds	r2, r2, #8
 348              		.loc 1 224 0
 349 0080 83E80600 		stmia	r3, {r1, r2}
 350 0084 E4E7     		b	.L28
 351              		.cfi_endproc
 352              	.LFE10:
 353              		.size	chHeapFree, .-chHeapFree
 354 0086 00BFAFF3 		.section	.text.chHeapStatus,"ax",%progbits
 354      0080AFF3 
 354      0080
 355              		.align	2
 356              		.p2align 4,,15
 357              		.global	chHeapStatus
 358              		.thumb
 359              		.thumb_func
 360              		.type	chHeapStatus, %function
 361              	chHeapStatus:
 362              	.LFB11:
 363              		.loc 1 250 0
 364              		.cfi_startproc
 365              		@ args = 0, pretend = 0, frame = 0
 366              		@ frame_needed = 0, uses_anonymous_args = 0
 367              	.LVL37:
 368 0000 38B5     		push	{r3, r4, r5, lr}
 369              	.LCFI2:
 370              		.cfi_def_cfa_offset 16
 371              		.cfi_offset 3, -16
 372              		.cfi_offset 4, -12
 373              		.cfi_offset 5, -8
 374              		.cfi_offset 14, -4
 375              		.loc 1 255 0
 376 0002 0E4C     		ldr	r4, .L46
 377 0004 0028     		cmp	r0, #0
 378 0006 18BF     		it	ne
 379 0008 0446     		movne	r4, r0
 380              		.loc 1 257 0
 381 000a 04F11000 		add	r0, r4, #16
 382              	.LVL38:
 383              		.loc 1 250 0
 384 000e 0D46     		mov	r5, r1
 385              		.loc 1 257 0
 386 0010 FFF7FEFF 		bl	chMtxLock
 387              	.LVL39:
 388              		.loc 1 260 0
 389 0014 A368     		ldr	r3, [r4, #8]
 390 0016 6BB1     		cbz	r3, .L41
 391 0018 0022     		movs	r2, #0
 392 001a 1446     		mov	r4, r2
 393              	.LVL40:
 394              	.L38:
ARM GAS  C:\Users\srich\AppData\Local\Temp\ccCCs4mn.s 			page 8


 395              		.loc 1 261 0 discriminator 2
 396 001c 5868     		ldr	r0, [r3, #4]
 397              		.loc 1 260 0 discriminator 2
 398 001e 1B68     		ldr	r3, [r3, #0]
 399              		.loc 1 261 0 discriminator 2
 400 0020 1218     		adds	r2, r2, r0
 401              	.LVL41:
 402              		.loc 1 260 0 discriminator 2
 403 0022 0134     		adds	r4, r4, #1
 404              	.LVL42:
 405 0024 002B     		cmp	r3, #0
 406 0026 F9D1     		bne	.L38
 407              	.LVL43:
 408              	.L37:
 409              		.loc 1 262 0
 410 0028 05B1     		cbz	r5, .L39
 411              		.loc 1 263 0
 412 002a 2A60     		str	r2, [r5, #0]
 413              	.L39:
 414              		.loc 1 265 0
 415 002c FFF7FEFF 		bl	chMtxUnlock
 416              	.LVL44:
 417              		.loc 1 267 0
 418 0030 2046     		mov	r0, r4
 419 0032 38BD     		pop	{r3, r4, r5, pc}
 420              	.LVL45:
 421              	.L41:
 422              		.loc 1 259 0
 423 0034 1A46     		mov	r2, r3
 424              		.loc 1 260 0
 425 0036 1C46     		mov	r4, r3
 426 0038 F6E7     		b	.L37
 427              	.L47:
 428 003a 00BF     		.align	2
 429              	.L46:
 430 003c 00000000 		.word	.LANCHOR0
 431              		.cfi_endproc
 432              	.LFE11:
 433              		.size	chHeapStatus, .-chHeapStatus
 434              		.section	.bss.default_heap,"aw",%nobits
 435              		.align	3
 436              		.set	.LANCHOR0,. + 0
 437              		.type	default_heap, %object
 438              		.size	default_heap, 32
 439              	default_heap:
 440 0000 00000000 		.space	32
 440      00000000 
 440      00000000 
 440      00000000 
 440      00000000 
 441              		.text
 442              	.Letext0:
 443              		.file 2 "c:\\chibistudio\\tools\\gnu tools arm embedded\\4.7 2014q2\\bin\\../lib/gcc/arm-none-eabi
 444              		.file 3 "c:\\chibistudio\\tools\\gnu tools arm embedded\\4.7 2014q2\\bin\\../lib/gcc/arm-none-eabi
 445              		.file 4 "c:\\ChibiStudio\\chibios/os/ports/GCC/ARMCMx/chtypes.h"
 446              		.file 5 "c:\\ChibiStudio\\chibios/os/kernel/include/chlists.h"
 447              		.file 6 "c:\\ChibiStudio\\chibios/os/kernel/include/chthreads.h"
ARM GAS  C:\Users\srich\AppData\Local\Temp\ccCCs4mn.s 			page 9


 448              		.file 7 "c:\\ChibiStudio\\chibios/os/ports/GCC/ARMCMx/chcore_v7m.h"
 449              		.file 8 "c:\\ChibiStudio\\chibios/os/kernel/include/chmtx.h"
 450              		.file 9 "c:\\ChibiStudio\\chibios/os/kernel/include/chmemcore.h"
 451              		.file 10 "c:\\ChibiStudio\\chibios/os/kernel/include/chheap.h"
 452              		.section	.debug_info,"",%progbits
 453              	.Ldebug_info0:
 454 0000 31070000 		.4byte	0x731
 455 0004 0200     		.2byte	0x2
 456 0006 00000000 		.4byte	.Ldebug_abbrev0
 457 000a 04       		.byte	0x4
 458 000b 01       		.uleb128 0x1
 459 000c 9F010000 		.4byte	.LASF79
 460 0010 01       		.byte	0x1
 461 0011 53010000 		.4byte	.LASF80
 462 0015 00000000 		.4byte	.Ldebug_ranges0+0
 463 0019 00000000 		.4byte	0
 464 001d 00000000 		.4byte	0
 465 0021 00000000 		.4byte	.Ldebug_line0
 466 0025 02       		.uleb128 0x2
 467 0026 04       		.byte	0x4
 468 0027 05       		.byte	0x5
 469 0028 696E7400 		.ascii	"int\000"
 470 002c 03       		.uleb128 0x3
 471 002d 06000000 		.4byte	.LASF2
 472 0031 02       		.byte	0x2
 473 0032 D5       		.byte	0xd5
 474 0033 37000000 		.4byte	0x37
 475 0037 04       		.uleb128 0x4
 476 0038 04       		.byte	0x4
 477 0039 07       		.byte	0x7
 478 003a E8000000 		.4byte	.LASF0
 479 003e 04       		.uleb128 0x4
 480 003f 01       		.byte	0x1
 481 0040 06       		.byte	0x6
 482 0041 88000000 		.4byte	.LASF1
 483 0045 03       		.uleb128 0x3
 484 0046 1F030000 		.4byte	.LASF3
 485 004a 03       		.byte	0x3
 486 004b 2A       		.byte	0x2a
 487 004c 50000000 		.4byte	0x50
 488 0050 04       		.uleb128 0x4
 489 0051 01       		.byte	0x1
 490 0052 08       		.byte	0x8
 491 0053 2D020000 		.4byte	.LASF4
 492 0057 04       		.uleb128 0x4
 493 0058 02       		.byte	0x2
 494 0059 05       		.byte	0x5
 495 005a 50020000 		.4byte	.LASF5
 496 005e 04       		.uleb128 0x4
 497 005f 02       		.byte	0x2
 498 0060 07       		.byte	0x7
 499 0061 14010000 		.4byte	.LASF6
 500 0065 03       		.uleb128 0x3
 501 0066 25020000 		.4byte	.LASF7
 502 006a 03       		.byte	0x3
 503 006b 4F       		.byte	0x4f
 504 006c 70000000 		.4byte	0x70
ARM GAS  C:\Users\srich\AppData\Local\Temp\ccCCs4mn.s 			page 10


 505 0070 04       		.uleb128 0x4
 506 0071 04       		.byte	0x4
 507 0072 05       		.byte	0x5
 508 0073 BF000000 		.4byte	.LASF8
 509 0077 03       		.uleb128 0x3
 510 0078 AC020000 		.4byte	.LASF9
 511 007c 03       		.byte	0x3
 512 007d 50       		.byte	0x50
 513 007e 82000000 		.4byte	0x82
 514 0082 04       		.uleb128 0x4
 515 0083 04       		.byte	0x4
 516 0084 07       		.byte	0x7
 517 0085 F5000000 		.4byte	.LASF10
 518 0089 04       		.uleb128 0x4
 519 008a 08       		.byte	0x8
 520 008b 05       		.byte	0x5
 521 008c 7A000000 		.4byte	.LASF11
 522 0090 03       		.uleb128 0x3
 523 0091 14000000 		.4byte	.LASF12
 524 0095 03       		.byte	0x3
 525 0096 78       		.byte	0x78
 526 0097 9B000000 		.4byte	0x9b
 527 009b 04       		.uleb128 0x4
 528 009c 08       		.byte	0x8
 529 009d 07       		.byte	0x7
 530 009e 2A000000 		.4byte	.LASF13
 531 00a2 04       		.uleb128 0x4
 532 00a3 01       		.byte	0x1
 533 00a4 02       		.byte	0x2
 534 00a5 1F020000 		.4byte	.LASF14
 535 00a9 03       		.uleb128 0x3
 536 00aa 2D010000 		.4byte	.LASF15
 537 00ae 04       		.byte	0x4
 538 00af 2C       		.byte	0x2c
 539 00b0 45000000 		.4byte	0x45
 540 00b4 03       		.uleb128 0x3
 541 00b5 C8000000 		.4byte	.LASF16
 542 00b9 04       		.byte	0x4
 543 00ba 2D       		.byte	0x2d
 544 00bb 45000000 		.4byte	0x45
 545 00bf 03       		.uleb128 0x3
 546 00c0 08020000 		.4byte	.LASF17
 547 00c4 04       		.byte	0x4
 548 00c5 2E       		.byte	0x2e
 549 00c6 45000000 		.4byte	0x45
 550 00ca 03       		.uleb128 0x3
 551 00cb B5000000 		.4byte	.LASF18
 552 00cf 04       		.byte	0x4
 553 00d0 2F       		.byte	0x2f
 554 00d1 45000000 		.4byte	0x45
 555 00d5 03       		.uleb128 0x3
 556 00d6 17020000 		.4byte	.LASF19
 557 00da 04       		.byte	0x4
 558 00db 30       		.byte	0x30
 559 00dc 77000000 		.4byte	0x77
 560 00e0 03       		.uleb128 0x3
 561 00e1 27010000 		.4byte	.LASF20
ARM GAS  C:\Users\srich\AppData\Local\Temp\ccCCs4mn.s 			page 11


 562 00e5 04       		.byte	0x4
 563 00e6 31       		.byte	0x31
 564 00e7 65000000 		.4byte	0x65
 565 00eb 03       		.uleb128 0x3
 566 00ec 41010000 		.4byte	.LASF21
 567 00f0 04       		.byte	0x4
 568 00f1 33       		.byte	0x33
 569 00f2 77000000 		.4byte	0x77
 570 00f6 03       		.uleb128 0x3
 571 00f7 E0020000 		.4byte	.LASF22
 572 00fb 04       		.byte	0x4
 573 00fc 35       		.byte	0x35
 574 00fd 77000000 		.4byte	0x77
 575 0101 03       		.uleb128 0x3
 576 0102 8E020000 		.4byte	.LASF23
 577 0106 05       		.byte	0x5
 578 0107 2A       		.byte	0x2a
 579 0108 0C010000 		.4byte	0x10c
 580 010c 05       		.uleb128 0x5
 581 010d 8E020000 		.4byte	.LASF23
 582 0111 48       		.byte	0x48
 583 0112 06       		.byte	0x6
 584 0113 5E       		.byte	0x5e
 585 0114 31020000 		.4byte	0x231
 586 0118 06       		.uleb128 0x6
 587 0119 7F020000 		.4byte	.LASF24
 588 011d 06       		.byte	0x6
 589 011e 5F       		.byte	0x5f
 590 011f 56020000 		.4byte	0x256
 591 0123 02       		.byte	0x2
 592 0124 23       		.byte	0x23
 593 0125 00       		.uleb128 0
 594 0126 06       		.uleb128 0x6
 595 0127 10020000 		.4byte	.LASF25
 596 012b 06       		.byte	0x6
 597 012c 61       		.byte	0x61
 598 012d 56020000 		.4byte	0x256
 599 0131 02       		.byte	0x2
 600 0132 23       		.byte	0x23
 601 0133 04       		.uleb128 0x4
 602 0134 06       		.uleb128 0x6
 603 0135 73000000 		.4byte	.LASF26
 604 0139 06       		.byte	0x6
 605 013a 63       		.byte	0x63
 606 013b D5000000 		.4byte	0xd5
 607 013f 02       		.byte	0x2
 608 0140 23       		.byte	0x23
 609 0141 08       		.uleb128 0x8
 610 0142 06       		.uleb128 0x6
 611 0143 4E030000 		.4byte	.LASF27
 612 0147 06       		.byte	0x6
 613 0148 64       		.byte	0x64
 614 0149 2F030000 		.4byte	0x32f
 615 014d 02       		.byte	0x2
 616 014e 23       		.byte	0x23
 617 014f 0C       		.uleb128 0xc
 618 0150 06       		.uleb128 0x6
ARM GAS  C:\Users\srich\AppData\Local\Temp\ccCCs4mn.s 			page 12


 619 0151 D1000000 		.4byte	.LASF28
 620 0155 06       		.byte	0x6
 621 0156 66       		.byte	0x66
 622 0157 56020000 		.4byte	0x256
 623 015b 02       		.byte	0x2
 624 015c 23       		.byte	0x23
 625 015d 10       		.uleb128 0x10
 626 015e 06       		.uleb128 0x6
 627 015f E8010000 		.4byte	.LASF29
 628 0163 06       		.byte	0x6
 629 0164 67       		.byte	0x67
 630 0165 56020000 		.4byte	0x256
 631 0169 02       		.byte	0x2
 632 016a 23       		.byte	0x23
 633 016b 14       		.uleb128 0x14
 634 016c 06       		.uleb128 0x6
 635 016d 34030000 		.4byte	.LASF30
 636 0171 06       		.byte	0x6
 637 0172 6E       		.byte	0x6e
 638 0173 AD040000 		.4byte	0x4ad
 639 0177 02       		.byte	0x2
 640 0178 23       		.byte	0x23
 641 0179 18       		.uleb128 0x18
 642 017a 06       		.uleb128 0x6
 643 017b 5A020000 		.4byte	.LASF31
 644 017f 06       		.byte	0x6
 645 0180 79       		.byte	0x79
 646 0181 B4000000 		.4byte	0xb4
 647 0185 02       		.byte	0x2
 648 0186 23       		.byte	0x23
 649 0187 1C       		.uleb128 0x1c
 650 0188 06       		.uleb128 0x6
 651 0189 86020000 		.4byte	.LASF32
 652 018d 06       		.byte	0x6
 653 018e 7D       		.byte	0x7d
 654 018f A9000000 		.4byte	0xa9
 655 0193 02       		.byte	0x2
 656 0194 23       		.byte	0x23
 657 0195 1D       		.uleb128 0x1d
 658 0196 06       		.uleb128 0x6
 659 0197 18030000 		.4byte	.LASF33
 660 019b 06       		.byte	0x6
 661 019c 82       		.byte	0x82
 662 019d BF000000 		.4byte	0xbf
 663 01a1 02       		.byte	0x2
 664 01a2 23       		.byte	0x23
 665 01a3 1E       		.uleb128 0x1e
 666 01a4 06       		.uleb128 0x6
 667 01a5 62020000 		.4byte	.LASF34
 668 01a9 06       		.byte	0x6
 669 01aa 88       		.byte	0x88
 670 01ab CA000000 		.4byte	0xca
 671 01af 02       		.byte	0x2
 672 01b0 23       		.byte	0x23
 673 01b1 1F       		.uleb128 0x1f
 674 01b2 06       		.uleb128 0x6
 675 01b3 F5020000 		.4byte	.LASF35
ARM GAS  C:\Users\srich\AppData\Local\Temp\ccCCs4mn.s 			page 13


 676 01b7 06       		.byte	0x6
 677 01b8 8F       		.byte	0x8f
 678 01b9 59030000 		.4byte	0x359
 679 01bd 02       		.byte	0x2
 680 01be 23       		.byte	0x23
 681 01bf 20       		.uleb128 0x20
 682 01c0 07       		.uleb128 0x7
 683 01c1 705F7500 		.ascii	"p_u\000"
 684 01c5 06       		.byte	0x6
 685 01c6 B4       		.byte	0xb4
 686 01c7 78040000 		.4byte	0x478
 687 01cb 02       		.byte	0x2
 688 01cc 23       		.byte	0x23
 689 01cd 24       		.uleb128 0x24
 690 01ce 06       		.uleb128 0x6
 691 01cf 54030000 		.4byte	.LASF36
 692 01d3 06       		.byte	0x6
 693 01d4 B9       		.byte	0xb9
 694 01d5 7E020000 		.4byte	0x27e
 695 01d9 02       		.byte	0x2
 696 01da 23       		.byte	0x23
 697 01db 28       		.uleb128 0x28
 698 01dc 06       		.uleb128 0x6
 699 01dd 03030000 		.4byte	.LASF37
 700 01e1 06       		.byte	0x6
 701 01e2 BF       		.byte	0xbf
 702 01e3 5C020000 		.4byte	0x25c
 703 01e7 02       		.byte	0x2
 704 01e8 23       		.byte	0x23
 705 01e9 2C       		.uleb128 0x2c
 706 01ea 06       		.uleb128 0x6
 707 01eb 00000000 		.4byte	.LASF38
 708 01ef 06       		.byte	0x6
 709 01f0 C3       		.byte	0xc3
 710 01f1 E0000000 		.4byte	0xe0
 711 01f5 02       		.byte	0x2
 712 01f6 23       		.byte	0x23
 713 01f7 34       		.uleb128 0x34
 714 01f8 06       		.uleb128 0x6
 715 01f9 A1020000 		.4byte	.LASF39
 716 01fd 06       		.byte	0x6
 717 01fe C9       		.byte	0xc9
 718 01ff EB000000 		.4byte	0xeb
 719 0203 02       		.byte	0x2
 720 0204 23       		.byte	0x23
 721 0205 38       		.uleb128 0x38
 722 0206 06       		.uleb128 0x6
 723 0207 46020000 		.4byte	.LASF40
 724 020b 06       		.byte	0x6
 725 020c D0       		.byte	0xd0
 726 020d BF040000 		.4byte	0x4bf
 727 0211 02       		.byte	0x2
 728 0212 23       		.byte	0x23
 729 0213 3C       		.uleb128 0x3c
 730 0214 06       		.uleb128 0x6
 731 0215 EA020000 		.4byte	.LASF41
 732 0219 06       		.byte	0x6
ARM GAS  C:\Users\srich\AppData\Local\Temp\ccCCs4mn.s 			page 14


 733 021a D4       		.byte	0xd4
 734 021b D5000000 		.4byte	0xd5
 735 021f 02       		.byte	0x2
 736 0220 23       		.byte	0x23
 737 0221 40       		.uleb128 0x40
 738 0222 06       		.uleb128 0x6
 739 0223 9A000000 		.4byte	.LASF42
 740 0227 06       		.byte	0x6
 741 0228 DA       		.byte	0xda
 742 0229 94020000 		.4byte	0x294
 743 022d 02       		.byte	0x2
 744 022e 23       		.byte	0x23
 745 022f 44       		.uleb128 0x44
 746 0230 00       		.byte	0
 747 0231 08       		.uleb128 0x8
 748 0232 08       		.byte	0x8
 749 0233 05       		.byte	0x5
 750 0234 61       		.byte	0x61
 751 0235 56020000 		.4byte	0x256
 752 0239 06       		.uleb128 0x6
 753 023a 7F020000 		.4byte	.LASF24
 754 023e 05       		.byte	0x5
 755 023f 62       		.byte	0x62
 756 0240 56020000 		.4byte	0x256
 757 0244 02       		.byte	0x2
 758 0245 23       		.byte	0x23
 759 0246 00       		.uleb128 0
 760 0247 06       		.uleb128 0x6
 761 0248 10020000 		.4byte	.LASF25
 762 024c 05       		.byte	0x5
 763 024d 64       		.byte	0x64
 764 024e 56020000 		.4byte	0x256
 765 0252 02       		.byte	0x2
 766 0253 23       		.byte	0x23
 767 0254 04       		.uleb128 0x4
 768 0255 00       		.byte	0
 769 0256 09       		.uleb128 0x9
 770 0257 04       		.byte	0x4
 771 0258 01010000 		.4byte	0x101
 772 025c 03       		.uleb128 0x3
 773 025d F0010000 		.4byte	.LASF43
 774 0261 05       		.byte	0x5
 775 0262 66       		.byte	0x66
 776 0263 31020000 		.4byte	0x231
 777 0267 08       		.uleb128 0x8
 778 0268 04       		.byte	0x4
 779 0269 05       		.byte	0x5
 780 026a 6B       		.byte	0x6b
 781 026b 7E020000 		.4byte	0x27e
 782 026f 06       		.uleb128 0x6
 783 0270 7F020000 		.4byte	.LASF24
 784 0274 05       		.byte	0x5
 785 0275 6D       		.byte	0x6d
 786 0276 56020000 		.4byte	0x256
 787 027a 02       		.byte	0x2
 788 027b 23       		.byte	0x23
 789 027c 00       		.uleb128 0
ARM GAS  C:\Users\srich\AppData\Local\Temp\ccCCs4mn.s 			page 15


 790 027d 00       		.byte	0
 791 027e 03       		.uleb128 0x3
 792 027f 35010000 		.4byte	.LASF44
 793 0283 05       		.byte	0x5
 794 0284 70       		.byte	0x70
 795 0285 67020000 		.4byte	0x267
 796 0289 03       		.uleb128 0x3
 797 028a D9000000 		.4byte	.LASF45
 798 028e 07       		.byte	0x7
 799 028f E5       		.byte	0xe5
 800 0290 94020000 		.4byte	0x294
 801 0294 0A       		.uleb128 0xa
 802 0295 04       		.byte	0x4
 803 0296 03       		.uleb128 0x3
 804 0297 81010000 		.4byte	.LASF46
 805 029b 07       		.byte	0x7
 806 029c EB       		.byte	0xeb
 807 029d 90000000 		.4byte	0x90
 808 02a1 0B       		.uleb128 0xb
 809 02a2 FC020000 		.4byte	.LASF47
 810 02a6 24       		.byte	0x24
 811 02a7 07       		.byte	0x7
 812 02a8 0C01     		.2byte	0x10c
 813 02aa 2F030000 		.4byte	0x32f
 814 02ae 0C       		.uleb128 0xc
 815 02af 723400   		.ascii	"r4\000"
 816 02b2 07       		.byte	0x7
 817 02b3 1F01     		.2byte	0x11f
 818 02b5 89020000 		.4byte	0x289
 819 02b9 02       		.byte	0x2
 820 02ba 23       		.byte	0x23
 821 02bb 00       		.uleb128 0
 822 02bc 0C       		.uleb128 0xc
 823 02bd 723500   		.ascii	"r5\000"
 824 02c0 07       		.byte	0x7
 825 02c1 2001     		.2byte	0x120
 826 02c3 89020000 		.4byte	0x289
 827 02c7 02       		.byte	0x2
 828 02c8 23       		.byte	0x23
 829 02c9 04       		.uleb128 0x4
 830 02ca 0C       		.uleb128 0xc
 831 02cb 723600   		.ascii	"r6\000"
 832 02ce 07       		.byte	0x7
 833 02cf 2101     		.2byte	0x121
 834 02d1 89020000 		.4byte	0x289
 835 02d5 02       		.byte	0x2
 836 02d6 23       		.byte	0x23
 837 02d7 08       		.uleb128 0x8
 838 02d8 0C       		.uleb128 0xc
 839 02d9 723700   		.ascii	"r7\000"
 840 02dc 07       		.byte	0x7
 841 02dd 2201     		.2byte	0x122
 842 02df 89020000 		.4byte	0x289
 843 02e3 02       		.byte	0x2
 844 02e4 23       		.byte	0x23
 845 02e5 0C       		.uleb128 0xc
 846 02e6 0C       		.uleb128 0xc
ARM GAS  C:\Users\srich\AppData\Local\Temp\ccCCs4mn.s 			page 16


 847 02e7 723800   		.ascii	"r8\000"
 848 02ea 07       		.byte	0x7
 849 02eb 2301     		.2byte	0x123
 850 02ed 89020000 		.4byte	0x289
 851 02f1 02       		.byte	0x2
 852 02f2 23       		.byte	0x23
 853 02f3 10       		.uleb128 0x10
 854 02f4 0C       		.uleb128 0xc
 855 02f5 723900   		.ascii	"r9\000"
 856 02f8 07       		.byte	0x7
 857 02f9 2401     		.2byte	0x124
 858 02fb 89020000 		.4byte	0x289
 859 02ff 02       		.byte	0x2
 860 0300 23       		.byte	0x23
 861 0301 14       		.uleb128 0x14
 862 0302 0C       		.uleb128 0xc
 863 0303 72313000 		.ascii	"r10\000"
 864 0307 07       		.byte	0x7
 865 0308 2501     		.2byte	0x125
 866 030a 89020000 		.4byte	0x289
 867 030e 02       		.byte	0x2
 868 030f 23       		.byte	0x23
 869 0310 18       		.uleb128 0x18
 870 0311 0C       		.uleb128 0xc
 871 0312 72313100 		.ascii	"r11\000"
 872 0316 07       		.byte	0x7
 873 0317 2601     		.2byte	0x126
 874 0319 89020000 		.4byte	0x289
 875 031d 02       		.byte	0x2
 876 031e 23       		.byte	0x23
 877 031f 1C       		.uleb128 0x1c
 878 0320 0C       		.uleb128 0xc
 879 0321 6C7200   		.ascii	"lr\000"
 880 0324 07       		.byte	0x7
 881 0325 2701     		.2byte	0x127
 882 0327 89020000 		.4byte	0x289
 883 032b 02       		.byte	0x2
 884 032c 23       		.byte	0x23
 885 032d 20       		.uleb128 0x20
 886 032e 00       		.byte	0
 887 032f 0B       		.uleb128 0xb
 888 0330 07010000 		.4byte	.LASF48
 889 0334 04       		.byte	0x4
 890 0335 07       		.byte	0x7
 891 0336 3101     		.2byte	0x131
 892 0338 4C030000 		.4byte	0x34c
 893 033c 0C       		.uleb128 0xc
 894 033d 72313300 		.ascii	"r13\000"
 895 0341 07       		.byte	0x7
 896 0342 3201     		.2byte	0x132
 897 0344 4C030000 		.4byte	0x34c
 898 0348 02       		.byte	0x2
 899 0349 23       		.byte	0x23
 900 034a 00       		.uleb128 0
 901 034b 00       		.byte	0
 902 034c 09       		.uleb128 0x9
 903 034d 04       		.byte	0x4
ARM GAS  C:\Users\srich\AppData\Local\Temp\ccCCs4mn.s 			page 17


 904 034e A1020000 		.4byte	0x2a1
 905 0352 04       		.uleb128 0x4
 906 0353 04       		.byte	0x4
 907 0354 07       		.byte	0x7
 908 0355 8C010000 		.4byte	.LASF49
 909 0359 0D       		.uleb128 0xd
 910 035a F6000000 		.4byte	0xf6
 911 035e 05       		.uleb128 0x5
 912 035f 4D010000 		.4byte	.LASF50
 913 0363 10       		.byte	0x10
 914 0364 08       		.byte	0x8
 915 0365 2C       		.byte	0x2c
 916 0366 95030000 		.4byte	0x395
 917 036a 06       		.uleb128 0x6
 918 036b A2000000 		.4byte	.LASF51
 919 036f 08       		.byte	0x8
 920 0370 2D       		.byte	0x2d
 921 0371 5C020000 		.4byte	0x25c
 922 0375 02       		.byte	0x2
 923 0376 23       		.byte	0x23
 924 0377 00       		.uleb128 0
 925 0378 06       		.uleb128 0x6
 926 0379 46030000 		.4byte	.LASF52
 927 037d 08       		.byte	0x8
 928 037e 2F       		.byte	0x2f
 929 037f 56020000 		.4byte	0x256
 930 0383 02       		.byte	0x2
 931 0384 23       		.byte	0x23
 932 0385 08       		.uleb128 0x8
 933 0386 06       		.uleb128 0x6
 934 0387 D9020000 		.4byte	.LASF53
 935 038b 08       		.byte	0x8
 936 038c 31       		.byte	0x31
 937 038d 95030000 		.4byte	0x395
 938 0391 02       		.byte	0x2
 939 0392 23       		.byte	0x23
 940 0393 0C       		.uleb128 0xc
 941 0394 00       		.byte	0
 942 0395 09       		.uleb128 0x9
 943 0396 04       		.byte	0x4
 944 0397 5E030000 		.4byte	0x35e
 945 039b 03       		.uleb128 0x3
 946 039c 4D010000 		.4byte	.LASF50
 947 03a0 08       		.byte	0x8
 948 03a1 33       		.byte	0x33
 949 03a2 5E030000 		.4byte	0x35e
 950 03a6 03       		.uleb128 0x3
 951 03a7 1D000000 		.4byte	.LASF54
 952 03ab 09       		.byte	0x9
 953 03ac 2C       		.byte	0x2c
 954 03ad B1030000 		.4byte	0x3b1
 955 03b1 09       		.uleb128 0x9
 956 03b2 04       		.byte	0x4
 957 03b3 B7030000 		.4byte	0x3b7
 958 03b7 0E       		.uleb128 0xe
 959 03b8 01       		.byte	0x1
 960 03b9 94020000 		.4byte	0x294
ARM GAS  C:\Users\srich\AppData\Local\Temp\ccCCs4mn.s 			page 18


 961 03bd C7030000 		.4byte	0x3c7
 962 03c1 0F       		.uleb128 0xf
 963 03c2 2C000000 		.4byte	0x2c
 964 03c6 00       		.byte	0
 965 03c7 03       		.uleb128 0x3
 966 03c8 FD010000 		.4byte	.LASF55
 967 03cc 0A       		.byte	0xa
 968 03cd 34       		.byte	0x34
 969 03ce D2030000 		.4byte	0x3d2
 970 03d2 05       		.uleb128 0x5
 971 03d3 5E030000 		.4byte	.LASF56
 972 03d7 20       		.byte	0x20
 973 03d8 0A       		.byte	0xa
 974 03d9 47       		.byte	0x47
 975 03da 09040000 		.4byte	0x409
 976 03de 06       		.uleb128 0x6
 977 03df 3B020000 		.4byte	.LASF57
 978 03e3 0A       		.byte	0xa
 979 03e4 48       		.byte	0x48
 980 03e5 A6030000 		.4byte	0x3a6
 981 03e9 02       		.byte	0x2
 982 03ea 23       		.byte	0x23
 983 03eb 00       		.uleb128 0
 984 03ec 06       		.uleb128 0x6
 985 03ed 4A000000 		.4byte	.LASF58
 986 03f1 0A       		.byte	0xa
 987 03f2 4A       		.byte	0x4a
 988 03f3 28040000 		.4byte	0x428
 989 03f7 02       		.byte	0x2
 990 03f8 23       		.byte	0x23
 991 03f9 08       		.uleb128 0x8
 992 03fa 06       		.uleb128 0x6
 993 03fb 94000000 		.4byte	.LASF59
 994 03ff 0A       		.byte	0xa
 995 0400 4C       		.byte	0x4c
 996 0401 9B030000 		.4byte	0x39b
 997 0405 02       		.byte	0x2
 998 0406 23       		.byte	0x23
 999 0407 10       		.uleb128 0x10
 1000 0408 00       		.byte	0
 1001 0409 10       		.uleb128 0x10
 1002 040a 04       		.byte	0x4
 1003 040b 0A       		.byte	0xa
 1004 040c 3C       		.byte	0x3c
 1005 040d 28040000 		.4byte	0x428
 1006 0411 11       		.uleb128 0x11
 1007 0412 6E000000 		.4byte	.LASF60
 1008 0416 0A       		.byte	0xa
 1009 0417 3D       		.byte	0x3d
 1010 0418 49040000 		.4byte	0x449
 1011 041c 11       		.uleb128 0x11
 1012 041d B5020000 		.4byte	.LASF61
 1013 0421 0A       		.byte	0xa
 1014 0422 3E       		.byte	0x3e
 1015 0423 4F040000 		.4byte	0x44f
 1016 0427 00       		.byte	0
 1017 0428 12       		.uleb128 0x12
ARM GAS  C:\Users\srich\AppData\Local\Temp\ccCCs4mn.s 			page 19


 1018 0429 6C020000 		.4byte	.LASF81
 1019 042d 08       		.byte	0x8
 1020 042e 0A       		.byte	0xa
 1021 042f 39       		.byte	0x39
 1022 0430 49040000 		.4byte	0x449
 1023 0434 11       		.uleb128 0x11
 1024 0435 E2000000 		.4byte	.LASF62
 1025 0439 0A       		.byte	0xa
 1026 043a 3A       		.byte	0x3a
 1027 043b 96020000 		.4byte	0x296
 1028 043f 13       		.uleb128 0x13
 1029 0440 6800     		.ascii	"h\000"
 1030 0442 0A       		.byte	0xa
 1031 0443 41       		.byte	0x41
 1032 0444 55040000 		.4byte	0x455
 1033 0448 00       		.byte	0
 1034 0449 09       		.uleb128 0x9
 1035 044a 04       		.byte	0x4
 1036 044b 28040000 		.4byte	0x428
 1037 044f 09       		.uleb128 0x9
 1038 0450 04       		.byte	0x4
 1039 0451 C7030000 		.4byte	0x3c7
 1040 0455 08       		.uleb128 0x8
 1041 0456 08       		.byte	0x8
 1042 0457 0A       		.byte	0xa
 1043 0458 3B       		.byte	0x3b
 1044 0459 78040000 		.4byte	0x478
 1045 045d 07       		.uleb128 0x7
 1046 045e 7500     		.ascii	"u\000"
 1047 0460 0A       		.byte	0xa
 1048 0461 3F       		.byte	0x3f
 1049 0462 09040000 		.4byte	0x409
 1050 0466 02       		.byte	0x2
 1051 0467 23       		.byte	0x23
 1052 0468 00       		.uleb128 0
 1053 0469 06       		.uleb128 0x6
 1054 046a 0F010000 		.4byte	.LASF63
 1055 046e 0A       		.byte	0xa
 1056 046f 40       		.byte	0x40
 1057 0470 2C000000 		.4byte	0x2c
 1058 0474 02       		.byte	0x2
 1059 0475 23       		.byte	0x23
 1060 0476 04       		.uleb128 0x4
 1061 0477 00       		.byte	0
 1062 0478 10       		.uleb128 0x10
 1063 0479 04       		.byte	0x4
 1064 047a 06       		.byte	0x6
 1065 047b 96       		.byte	0x96
 1066 047c AD040000 		.4byte	0x4ad
 1067 0480 11       		.uleb128 0x11
 1068 0481 0D000000 		.4byte	.LASF64
 1069 0485 06       		.byte	0x6
 1070 0486 9D       		.byte	0x9d
 1071 0487 E0000000 		.4byte	0xe0
 1072 048b 11       		.uleb128 0x11
 1073 048c 41000000 		.4byte	.LASF65
 1074 0490 06       		.byte	0x6
ARM GAS  C:\Users\srich\AppData\Local\Temp\ccCCs4mn.s 			page 20


 1075 0491 A4       		.byte	0xa4
 1076 0492 E0000000 		.4byte	0xe0
 1077 0496 11       		.uleb128 0x11
 1078 0497 27030000 		.4byte	.LASF66
 1079 049b 06       		.byte	0x6
 1080 049c AB       		.byte	0xab
 1081 049d 94020000 		.4byte	0x294
 1082 04a1 11       		.uleb128 0x11
 1083 04a2 78020000 		.4byte	.LASF67
 1084 04a6 06       		.byte	0x6
 1085 04a7 B2       		.byte	0xb2
 1086 04a8 EB000000 		.4byte	0xeb
 1087 04ac 00       		.byte	0
 1088 04ad 09       		.uleb128 0x9
 1089 04ae 04       		.byte	0x4
 1090 04af B3040000 		.4byte	0x4b3
 1091 04b3 14       		.uleb128 0x14
 1092 04b4 B8040000 		.4byte	0x4b8
 1093 04b8 04       		.uleb128 0x4
 1094 04b9 01       		.byte	0x1
 1095 04ba 08       		.byte	0x8
 1096 04bb C7020000 		.4byte	.LASF68
 1097 04bf 09       		.uleb128 0x9
 1098 04c0 04       		.byte	0x4
 1099 04c1 9B030000 		.4byte	0x39b
 1100 04c5 15       		.uleb128 0x15
 1101 04c6 01       		.byte	0x1
 1102 04c7 3B030000 		.4byte	.LASF69
 1103 04cb 01       		.byte	0x1
 1104 04cc 4B       		.byte	0x4b
 1105 04cd 01       		.byte	0x1
 1106 04ce 00000000 		.4byte	.LFB7
 1107 04d2 20000000 		.4byte	.LFE7
 1108 04d6 02       		.byte	0x2
 1109 04d7 7D       		.byte	0x7d
 1110 04d8 00       		.sleb128 0
 1111 04d9 01       		.byte	0x1
 1112 04da F3040000 		.4byte	0x4f3
 1113 04de 16       		.uleb128 0x16
 1114 04df 20000000 		.4byte	.LVL0
 1115 04e3 01       		.byte	0x1
 1116 04e4 FE060000 		.4byte	0x6fe
 1117 04e8 17       		.uleb128 0x17
 1118 04e9 01       		.byte	0x1
 1119 04ea 50       		.byte	0x50
 1120 04eb 05       		.byte	0x5
 1121 04ec 03       		.byte	0x3
 1122 04ed 10000000 		.4byte	.LANCHOR0+16
 1123 04f1 00       		.byte	0
 1124 04f2 00       		.byte	0
 1125 04f3 15       		.uleb128 0x15
 1126 04f4 01       		.byte	0x1
 1127 04f5 63000000 		.4byte	.LASF70
 1128 04f9 01       		.byte	0x1
 1129 04fa 63       		.byte	0x63
 1130 04fb 01       		.byte	0x1
 1131 04fc 00000000 		.4byte	.LFB8
ARM GAS  C:\Users\srich\AppData\Local\Temp\ccCCs4mn.s 			page 21


 1132 0500 14000000 		.4byte	.LFE8
 1133 0504 02       		.byte	0x2
 1134 0505 7D       		.byte	0x7d
 1135 0506 00       		.sleb128 0
 1136 0507 01       		.byte	0x1
 1137 0508 5C050000 		.4byte	0x55c
 1138 050c 18       		.uleb128 0x18
 1139 050d 51000000 		.4byte	.LASF71
 1140 0511 01       		.byte	0x1
 1141 0512 63       		.byte	0x63
 1142 0513 4F040000 		.4byte	0x44f
 1143 0517 00000000 		.4byte	.LLST0
 1144 051b 19       		.uleb128 0x19
 1145 051c 62756600 		.ascii	"buf\000"
 1146 0520 01       		.byte	0x1
 1147 0521 63       		.byte	0x63
 1148 0522 94020000 		.4byte	0x294
 1149 0526 2E000000 		.4byte	.LLST1
 1150 052a 18       		.uleb128 0x18
 1151 052b 0F010000 		.4byte	.LASF63
 1152 052f 01       		.byte	0x1
 1153 0530 63       		.byte	0x63
 1154 0531 2C000000 		.4byte	0x2c
 1155 0535 4F000000 		.4byte	.LLST2
 1156 0539 1A       		.uleb128 0x1a
 1157 053a 687000   		.ascii	"hp\000"
 1158 053d 01       		.byte	0x1
 1159 053e 64       		.byte	0x64
 1160 053f 49040000 		.4byte	0x449
 1161 0543 7D000000 		.4byte	.LLST3
 1162 0547 16       		.uleb128 0x16
 1163 0548 14000000 		.4byte	.LVL5
 1164 054c 01       		.byte	0x1
 1165 054d FE060000 		.4byte	0x6fe
 1166 0551 17       		.uleb128 0x17
 1167 0552 01       		.byte	0x1
 1168 0553 50       		.byte	0x50
 1169 0554 05       		.byte	0x5
 1170 0555 F3       		.byte	0xf3
 1171 0556 01       		.uleb128 0x1
 1172 0557 50       		.byte	0x50
 1173 0558 23       		.byte	0x23
 1174 0559 10       		.uleb128 0x10
 1175 055a 00       		.byte	0
 1176 055b 00       		.byte	0
 1177 055c 1B       		.uleb128 0x1b
 1178 055d 01       		.byte	0x1
 1179 055e 95020000 		.4byte	.LASF73
 1180 0562 01       		.byte	0x1
 1181 0563 84       		.byte	0x84
 1182 0564 01       		.byte	0x1
 1183 0565 94020000 		.4byte	0x294
 1184 0569 00000000 		.4byte	.LFB9
 1185 056d 88000000 		.4byte	.LFE9
 1186 0571 9E000000 		.4byte	.LLST4
 1187 0575 01       		.byte	0x1
 1188 0576 F5050000 		.4byte	0x5f5
ARM GAS  C:\Users\srich\AppData\Local\Temp\ccCCs4mn.s 			page 22


 1189 057a 18       		.uleb128 0x18
 1190 057b 51000000 		.4byte	.LASF71
 1191 057f 01       		.byte	0x1
 1192 0580 84       		.byte	0x84
 1193 0581 4F040000 		.4byte	0x44f
 1194 0585 BE000000 		.4byte	.LLST5
 1195 0589 18       		.uleb128 0x18
 1196 058a 0F010000 		.4byte	.LASF63
 1197 058e 01       		.byte	0x1
 1198 058f 84       		.byte	0x84
 1199 0590 2C000000 		.4byte	0x2c
 1200 0594 DF000000 		.4byte	.LLST6
 1201 0598 1A       		.uleb128 0x1a
 1202 0599 717000   		.ascii	"qp\000"
 1203 059c 01       		.byte	0x1
 1204 059d 85       		.byte	0x85
 1205 059e 49040000 		.4byte	0x449
 1206 05a2 0A010000 		.4byte	.LLST7
 1207 05a6 1A       		.uleb128 0x1a
 1208 05a7 687000   		.ascii	"hp\000"
 1209 05aa 01       		.byte	0x1
 1210 05ab 85       		.byte	0x85
 1211 05ac 49040000 		.4byte	0x449
 1212 05b0 33010000 		.4byte	.LLST8
 1213 05b4 1A       		.uleb128 0x1a
 1214 05b5 667000   		.ascii	"fp\000"
 1215 05b8 01       		.byte	0x1
 1216 05b9 85       		.byte	0x85
 1217 05ba 49040000 		.4byte	0x449
 1218 05be 7F010000 		.4byte	.LLST9
 1219 05c2 1C       		.uleb128 0x1c
 1220 05c3 1C000000 		.4byte	.LVL11
 1221 05c7 12070000 		.4byte	0x712
 1222 05cb D6050000 		.4byte	0x5d6
 1223 05cf 17       		.uleb128 0x17
 1224 05d0 01       		.byte	0x1
 1225 05d1 50       		.byte	0x50
 1226 05d2 02       		.byte	0x2
 1227 05d3 76       		.byte	0x76
 1228 05d4 10       		.sleb128 16
 1229 05d5 00       		.byte	0
 1230 05d6 1D       		.uleb128 0x1d
 1231 05d7 5A000000 		.4byte	.LVL18
 1232 05db 26070000 		.4byte	0x726
 1233 05df 1D       		.uleb128 0x1d
 1234 05e0 68000000 		.4byte	.LVL20
 1235 05e4 26070000 		.4byte	0x726
 1236 05e8 1E       		.uleb128 0x1e
 1237 05e9 72000000 		.4byte	.LVL21
 1238 05ed 17       		.uleb128 0x17
 1239 05ee 01       		.byte	0x1
 1240 05ef 50       		.byte	0x50
 1241 05f0 02       		.byte	0x2
 1242 05f1 75       		.byte	0x75
 1243 05f2 08       		.sleb128 8
 1244 05f3 00       		.byte	0
 1245 05f4 00       		.byte	0
ARM GAS  C:\Users\srich\AppData\Local\Temp\ccCCs4mn.s 			page 23


 1246 05f5 1F       		.uleb128 0x1f
 1247 05f6 01       		.byte	0x1
 1248 05f7 AA000000 		.4byte	.LASF72
 1249 05fb 01       		.byte	0x1
 1250 05fc C2       		.byte	0xc2
 1251 05fd 01       		.byte	0x1
 1252 05fe 00000000 		.4byte	.LFB10
 1253 0602 86000000 		.4byte	.LFE10
 1254 0606 92010000 		.4byte	.LLST10
 1255 060a 01       		.byte	0x1
 1256 060b 64060000 		.4byte	0x664
 1257 060f 19       		.uleb128 0x19
 1258 0610 7000     		.ascii	"p\000"
 1259 0612 01       		.byte	0x1
 1260 0613 C2       		.byte	0xc2
 1261 0614 94020000 		.4byte	0x294
 1262 0618 B2010000 		.4byte	.LLST11
 1263 061c 1A       		.uleb128 0x1a
 1264 061d 717000   		.ascii	"qp\000"
 1265 0620 01       		.byte	0x1
 1266 0621 C3       		.byte	0xc3
 1267 0622 49040000 		.4byte	0x449
 1268 0626 D0010000 		.4byte	.LLST12
 1269 062a 20       		.uleb128 0x20
 1270 062b 687000   		.ascii	"hp\000"
 1271 062e 01       		.byte	0x1
 1272 062f C3       		.byte	0xc3
 1273 0630 49040000 		.4byte	0x449
 1274 0634 01       		.byte	0x1
 1275 0635 54       		.byte	0x54
 1276 0636 21       		.uleb128 0x21
 1277 0637 51000000 		.4byte	.LASF71
 1278 063b 01       		.byte	0x1
 1279 063c C4       		.byte	0xc4
 1280 063d 4F040000 		.4byte	0x44f
 1281 0641 0F020000 		.4byte	.LLST13
 1282 0645 1C       		.uleb128 0x1c
 1283 0646 16000000 		.4byte	.LVL31
 1284 064a 12070000 		.4byte	0x712
 1285 064e 59060000 		.4byte	0x659
 1286 0652 17       		.uleb128 0x17
 1287 0653 01       		.byte	0x1
 1288 0654 50       		.byte	0x50
 1289 0655 02       		.byte	0x2
 1290 0656 75       		.byte	0x75
 1291 0657 08       		.sleb128 8
 1292 0658 00       		.byte	0
 1293 0659 22       		.uleb128 0x22
 1294 065a 58000000 		.4byte	.LVL36
 1295 065e 01       		.byte	0x1
 1296 065f 26070000 		.4byte	0x726
 1297 0663 00       		.byte	0
 1298 0664 1B       		.uleb128 0x1b
 1299 0665 01       		.byte	0x1
 1300 0666 CC020000 		.4byte	.LASF74
 1301 066a 01       		.byte	0x1
 1302 066b FA       		.byte	0xfa
ARM GAS  C:\Users\srich\AppData\Local\Temp\ccCCs4mn.s 			page 24


 1303 066c 01       		.byte	0x1
 1304 066d 2C000000 		.4byte	0x2c
 1305 0671 00000000 		.4byte	.LFB11
 1306 0675 40000000 		.4byte	.LFE11
 1307 0679 3B020000 		.4byte	.LLST14
 1308 067d 01       		.byte	0x1
 1309 067e E7060000 		.4byte	0x6e7
 1310 0682 18       		.uleb128 0x18
 1311 0683 51000000 		.4byte	.LASF71
 1312 0687 01       		.byte	0x1
 1313 0688 FA       		.byte	0xfa
 1314 0689 4F040000 		.4byte	0x44f
 1315 068d 5B020000 		.4byte	.LLST15
 1316 0691 18       		.uleb128 0x18
 1317 0692 2E030000 		.4byte	.LASF75
 1318 0696 01       		.byte	0x1
 1319 0697 FA       		.byte	0xfa
 1320 0698 E7060000 		.4byte	0x6e7
 1321 069c 7C020000 		.4byte	.LLST16
 1322 06a0 1A       		.uleb128 0x1a
 1323 06a1 717000   		.ascii	"qp\000"
 1324 06a4 01       		.byte	0x1
 1325 06a5 FB       		.byte	0xfb
 1326 06a6 49040000 		.4byte	0x449
 1327 06aa 9A020000 		.4byte	.LLST17
 1328 06ae 1A       		.uleb128 0x1a
 1329 06af 6E00     		.ascii	"n\000"
 1330 06b1 01       		.byte	0x1
 1331 06b2 FC       		.byte	0xfc
 1332 06b3 2C000000 		.4byte	0x2c
 1333 06b7 C2020000 		.4byte	.LLST18
 1334 06bb 1A       		.uleb128 0x1a
 1335 06bc 737A00   		.ascii	"sz\000"
 1336 06bf 01       		.byte	0x1
 1337 06c0 FC       		.byte	0xfc
 1338 06c1 2C000000 		.4byte	0x2c
 1339 06c5 ED020000 		.4byte	.LLST19
 1340 06c9 1C       		.uleb128 0x1c
 1341 06ca 14000000 		.4byte	.LVL39
 1342 06ce 12070000 		.4byte	0x712
 1343 06d2 DD060000 		.4byte	0x6dd
 1344 06d6 17       		.uleb128 0x17
 1345 06d7 01       		.byte	0x1
 1346 06d8 50       		.byte	0x50
 1347 06d9 02       		.byte	0x2
 1348 06da 74       		.byte	0x74
 1349 06db 10       		.sleb128 16
 1350 06dc 00       		.byte	0
 1351 06dd 1D       		.uleb128 0x1d
 1352 06de 30000000 		.4byte	.LVL44
 1353 06e2 26070000 		.4byte	0x726
 1354 06e6 00       		.byte	0
 1355 06e7 09       		.uleb128 0x9
 1356 06e8 04       		.byte	0x4
 1357 06e9 2C000000 		.4byte	0x2c
 1358 06ed 23       		.uleb128 0x23
 1359 06ee BA020000 		.4byte	.LASF76
ARM GAS  C:\Users\srich\AppData\Local\Temp\ccCCs4mn.s 			page 25


 1360 06f2 01       		.byte	0x1
 1361 06f3 44       		.byte	0x44
 1362 06f4 C7030000 		.4byte	0x3c7
 1363 06f8 05       		.byte	0x5
 1364 06f9 03       		.byte	0x3
 1365 06fa 00000000 		.4byte	default_heap
 1366 06fe 24       		.uleb128 0x24
 1367 06ff 01       		.byte	0x1
 1368 0700 0E030000 		.4byte	.LASF77
 1369 0704 08       		.byte	0x8
 1370 0705 38       		.byte	0x38
 1371 0706 01       		.byte	0x1
 1372 0707 01       		.byte	0x1
 1373 0708 12070000 		.4byte	0x712
 1374 070c 0F       		.uleb128 0xf
 1375 070d BF040000 		.4byte	0x4bf
 1376 0711 00       		.byte	0
 1377 0712 24       		.uleb128 0x24
 1378 0713 01       		.byte	0x1
 1379 0714 95010000 		.4byte	.LASF78
 1380 0718 08       		.byte	0x8
 1381 0719 39       		.byte	0x39
 1382 071a 01       		.byte	0x1
 1383 071b 01       		.byte	0x1
 1384 071c 26070000 		.4byte	0x726
 1385 0720 0F       		.uleb128 0xf
 1386 0721 BF040000 		.4byte	0x4bf
 1387 0725 00       		.byte	0
 1388 0726 25       		.uleb128 0x25
 1389 0727 01       		.byte	0x1
 1390 0728 57000000 		.4byte	.LASF82
 1391 072c 08       		.byte	0x8
 1392 072d 3D       		.byte	0x3d
 1393 072e 01       		.byte	0x1
 1394 072f BF040000 		.4byte	0x4bf
 1395 0733 01       		.byte	0x1
 1396 0734 00       		.byte	0
 1397              		.section	.debug_abbrev,"",%progbits
 1398              	.Ldebug_abbrev0:
 1399 0000 01       		.uleb128 0x1
 1400 0001 11       		.uleb128 0x11
 1401 0002 01       		.byte	0x1
 1402 0003 25       		.uleb128 0x25
 1403 0004 0E       		.uleb128 0xe
 1404 0005 13       		.uleb128 0x13
 1405 0006 0B       		.uleb128 0xb
 1406 0007 03       		.uleb128 0x3
 1407 0008 0E       		.uleb128 0xe
 1408 0009 55       		.uleb128 0x55
 1409 000a 06       		.uleb128 0x6
 1410 000b 11       		.uleb128 0x11
 1411 000c 01       		.uleb128 0x1
 1412 000d 52       		.uleb128 0x52
 1413 000e 01       		.uleb128 0x1
 1414 000f 10       		.uleb128 0x10
 1415 0010 06       		.uleb128 0x6
 1416 0011 00       		.byte	0
ARM GAS  C:\Users\srich\AppData\Local\Temp\ccCCs4mn.s 			page 26


 1417 0012 00       		.byte	0
 1418 0013 02       		.uleb128 0x2
 1419 0014 24       		.uleb128 0x24
 1420 0015 00       		.byte	0
 1421 0016 0B       		.uleb128 0xb
 1422 0017 0B       		.uleb128 0xb
 1423 0018 3E       		.uleb128 0x3e
 1424 0019 0B       		.uleb128 0xb
 1425 001a 03       		.uleb128 0x3
 1426 001b 08       		.uleb128 0x8
 1427 001c 00       		.byte	0
 1428 001d 00       		.byte	0
 1429 001e 03       		.uleb128 0x3
 1430 001f 16       		.uleb128 0x16
 1431 0020 00       		.byte	0
 1432 0021 03       		.uleb128 0x3
 1433 0022 0E       		.uleb128 0xe
 1434 0023 3A       		.uleb128 0x3a
 1435 0024 0B       		.uleb128 0xb
 1436 0025 3B       		.uleb128 0x3b
 1437 0026 0B       		.uleb128 0xb
 1438 0027 49       		.uleb128 0x49
 1439 0028 13       		.uleb128 0x13
 1440 0029 00       		.byte	0
 1441 002a 00       		.byte	0
 1442 002b 04       		.uleb128 0x4
 1443 002c 24       		.uleb128 0x24
 1444 002d 00       		.byte	0
 1445 002e 0B       		.uleb128 0xb
 1446 002f 0B       		.uleb128 0xb
 1447 0030 3E       		.uleb128 0x3e
 1448 0031 0B       		.uleb128 0xb
 1449 0032 03       		.uleb128 0x3
 1450 0033 0E       		.uleb128 0xe
 1451 0034 00       		.byte	0
 1452 0035 00       		.byte	0
 1453 0036 05       		.uleb128 0x5
 1454 0037 13       		.uleb128 0x13
 1455 0038 01       		.byte	0x1
 1456 0039 03       		.uleb128 0x3
 1457 003a 0E       		.uleb128 0xe
 1458 003b 0B       		.uleb128 0xb
 1459 003c 0B       		.uleb128 0xb
 1460 003d 3A       		.uleb128 0x3a
 1461 003e 0B       		.uleb128 0xb
 1462 003f 3B       		.uleb128 0x3b
 1463 0040 0B       		.uleb128 0xb
 1464 0041 01       		.uleb128 0x1
 1465 0042 13       		.uleb128 0x13
 1466 0043 00       		.byte	0
 1467 0044 00       		.byte	0
 1468 0045 06       		.uleb128 0x6
 1469 0046 0D       		.uleb128 0xd
 1470 0047 00       		.byte	0
 1471 0048 03       		.uleb128 0x3
 1472 0049 0E       		.uleb128 0xe
 1473 004a 3A       		.uleb128 0x3a
ARM GAS  C:\Users\srich\AppData\Local\Temp\ccCCs4mn.s 			page 27


 1474 004b 0B       		.uleb128 0xb
 1475 004c 3B       		.uleb128 0x3b
 1476 004d 0B       		.uleb128 0xb
 1477 004e 49       		.uleb128 0x49
 1478 004f 13       		.uleb128 0x13
 1479 0050 38       		.uleb128 0x38
 1480 0051 0A       		.uleb128 0xa
 1481 0052 00       		.byte	0
 1482 0053 00       		.byte	0
 1483 0054 07       		.uleb128 0x7
 1484 0055 0D       		.uleb128 0xd
 1485 0056 00       		.byte	0
 1486 0057 03       		.uleb128 0x3
 1487 0058 08       		.uleb128 0x8
 1488 0059 3A       		.uleb128 0x3a
 1489 005a 0B       		.uleb128 0xb
 1490 005b 3B       		.uleb128 0x3b
 1491 005c 0B       		.uleb128 0xb
 1492 005d 49       		.uleb128 0x49
 1493 005e 13       		.uleb128 0x13
 1494 005f 38       		.uleb128 0x38
 1495 0060 0A       		.uleb128 0xa
 1496 0061 00       		.byte	0
 1497 0062 00       		.byte	0
 1498 0063 08       		.uleb128 0x8
 1499 0064 13       		.uleb128 0x13
 1500 0065 01       		.byte	0x1
 1501 0066 0B       		.uleb128 0xb
 1502 0067 0B       		.uleb128 0xb
 1503 0068 3A       		.uleb128 0x3a
 1504 0069 0B       		.uleb128 0xb
 1505 006a 3B       		.uleb128 0x3b
 1506 006b 0B       		.uleb128 0xb
 1507 006c 01       		.uleb128 0x1
 1508 006d 13       		.uleb128 0x13
 1509 006e 00       		.byte	0
 1510 006f 00       		.byte	0
 1511 0070 09       		.uleb128 0x9
 1512 0071 0F       		.uleb128 0xf
 1513 0072 00       		.byte	0
 1514 0073 0B       		.uleb128 0xb
 1515 0074 0B       		.uleb128 0xb
 1516 0075 49       		.uleb128 0x49
 1517 0076 13       		.uleb128 0x13
 1518 0077 00       		.byte	0
 1519 0078 00       		.byte	0
 1520 0079 0A       		.uleb128 0xa
 1521 007a 0F       		.uleb128 0xf
 1522 007b 00       		.byte	0
 1523 007c 0B       		.uleb128 0xb
 1524 007d 0B       		.uleb128 0xb
 1525 007e 00       		.byte	0
 1526 007f 00       		.byte	0
 1527 0080 0B       		.uleb128 0xb
 1528 0081 13       		.uleb128 0x13
 1529 0082 01       		.byte	0x1
 1530 0083 03       		.uleb128 0x3
ARM GAS  C:\Users\srich\AppData\Local\Temp\ccCCs4mn.s 			page 28


 1531 0084 0E       		.uleb128 0xe
 1532 0085 0B       		.uleb128 0xb
 1533 0086 0B       		.uleb128 0xb
 1534 0087 3A       		.uleb128 0x3a
 1535 0088 0B       		.uleb128 0xb
 1536 0089 3B       		.uleb128 0x3b
 1537 008a 05       		.uleb128 0x5
 1538 008b 01       		.uleb128 0x1
 1539 008c 13       		.uleb128 0x13
 1540 008d 00       		.byte	0
 1541 008e 00       		.byte	0
 1542 008f 0C       		.uleb128 0xc
 1543 0090 0D       		.uleb128 0xd
 1544 0091 00       		.byte	0
 1545 0092 03       		.uleb128 0x3
 1546 0093 08       		.uleb128 0x8
 1547 0094 3A       		.uleb128 0x3a
 1548 0095 0B       		.uleb128 0xb
 1549 0096 3B       		.uleb128 0x3b
 1550 0097 05       		.uleb128 0x5
 1551 0098 49       		.uleb128 0x49
 1552 0099 13       		.uleb128 0x13
 1553 009a 38       		.uleb128 0x38
 1554 009b 0A       		.uleb128 0xa
 1555 009c 00       		.byte	0
 1556 009d 00       		.byte	0
 1557 009e 0D       		.uleb128 0xd
 1558 009f 35       		.uleb128 0x35
 1559 00a0 00       		.byte	0
 1560 00a1 49       		.uleb128 0x49
 1561 00a2 13       		.uleb128 0x13
 1562 00a3 00       		.byte	0
 1563 00a4 00       		.byte	0
 1564 00a5 0E       		.uleb128 0xe
 1565 00a6 15       		.uleb128 0x15
 1566 00a7 01       		.byte	0x1
 1567 00a8 27       		.uleb128 0x27
 1568 00a9 0C       		.uleb128 0xc
 1569 00aa 49       		.uleb128 0x49
 1570 00ab 13       		.uleb128 0x13
 1571 00ac 01       		.uleb128 0x1
 1572 00ad 13       		.uleb128 0x13
 1573 00ae 00       		.byte	0
 1574 00af 00       		.byte	0
 1575 00b0 0F       		.uleb128 0xf
 1576 00b1 05       		.uleb128 0x5
 1577 00b2 00       		.byte	0
 1578 00b3 49       		.uleb128 0x49
 1579 00b4 13       		.uleb128 0x13
 1580 00b5 00       		.byte	0
 1581 00b6 00       		.byte	0
 1582 00b7 10       		.uleb128 0x10
 1583 00b8 17       		.uleb128 0x17
 1584 00b9 01       		.byte	0x1
 1585 00ba 0B       		.uleb128 0xb
 1586 00bb 0B       		.uleb128 0xb
 1587 00bc 3A       		.uleb128 0x3a
ARM GAS  C:\Users\srich\AppData\Local\Temp\ccCCs4mn.s 			page 29


 1588 00bd 0B       		.uleb128 0xb
 1589 00be 3B       		.uleb128 0x3b
 1590 00bf 0B       		.uleb128 0xb
 1591 00c0 01       		.uleb128 0x1
 1592 00c1 13       		.uleb128 0x13
 1593 00c2 00       		.byte	0
 1594 00c3 00       		.byte	0
 1595 00c4 11       		.uleb128 0x11
 1596 00c5 0D       		.uleb128 0xd
 1597 00c6 00       		.byte	0
 1598 00c7 03       		.uleb128 0x3
 1599 00c8 0E       		.uleb128 0xe
 1600 00c9 3A       		.uleb128 0x3a
 1601 00ca 0B       		.uleb128 0xb
 1602 00cb 3B       		.uleb128 0x3b
 1603 00cc 0B       		.uleb128 0xb
 1604 00cd 49       		.uleb128 0x49
 1605 00ce 13       		.uleb128 0x13
 1606 00cf 00       		.byte	0
 1607 00d0 00       		.byte	0
 1608 00d1 12       		.uleb128 0x12
 1609 00d2 17       		.uleb128 0x17
 1610 00d3 01       		.byte	0x1
 1611 00d4 03       		.uleb128 0x3
 1612 00d5 0E       		.uleb128 0xe
 1613 00d6 0B       		.uleb128 0xb
 1614 00d7 0B       		.uleb128 0xb
 1615 00d8 3A       		.uleb128 0x3a
 1616 00d9 0B       		.uleb128 0xb
 1617 00da 3B       		.uleb128 0x3b
 1618 00db 0B       		.uleb128 0xb
 1619 00dc 01       		.uleb128 0x1
 1620 00dd 13       		.uleb128 0x13
 1621 00de 00       		.byte	0
 1622 00df 00       		.byte	0
 1623 00e0 13       		.uleb128 0x13
 1624 00e1 0D       		.uleb128 0xd
 1625 00e2 00       		.byte	0
 1626 00e3 03       		.uleb128 0x3
 1627 00e4 08       		.uleb128 0x8
 1628 00e5 3A       		.uleb128 0x3a
 1629 00e6 0B       		.uleb128 0xb
 1630 00e7 3B       		.uleb128 0x3b
 1631 00e8 0B       		.uleb128 0xb
 1632 00e9 49       		.uleb128 0x49
 1633 00ea 13       		.uleb128 0x13
 1634 00eb 00       		.byte	0
 1635 00ec 00       		.byte	0
 1636 00ed 14       		.uleb128 0x14
 1637 00ee 26       		.uleb128 0x26
 1638 00ef 00       		.byte	0
 1639 00f0 49       		.uleb128 0x49
 1640 00f1 13       		.uleb128 0x13
 1641 00f2 00       		.byte	0
 1642 00f3 00       		.byte	0
 1643 00f4 15       		.uleb128 0x15
 1644 00f5 2E       		.uleb128 0x2e
ARM GAS  C:\Users\srich\AppData\Local\Temp\ccCCs4mn.s 			page 30


 1645 00f6 01       		.byte	0x1
 1646 00f7 3F       		.uleb128 0x3f
 1647 00f8 0C       		.uleb128 0xc
 1648 00f9 03       		.uleb128 0x3
 1649 00fa 0E       		.uleb128 0xe
 1650 00fb 3A       		.uleb128 0x3a
 1651 00fc 0B       		.uleb128 0xb
 1652 00fd 3B       		.uleb128 0x3b
 1653 00fe 0B       		.uleb128 0xb
 1654 00ff 27       		.uleb128 0x27
 1655 0100 0C       		.uleb128 0xc
 1656 0101 11       		.uleb128 0x11
 1657 0102 01       		.uleb128 0x1
 1658 0103 12       		.uleb128 0x12
 1659 0104 01       		.uleb128 0x1
 1660 0105 40       		.uleb128 0x40
 1661 0106 0A       		.uleb128 0xa
 1662 0107 9742     		.uleb128 0x2117
 1663 0109 0C       		.uleb128 0xc
 1664 010a 01       		.uleb128 0x1
 1665 010b 13       		.uleb128 0x13
 1666 010c 00       		.byte	0
 1667 010d 00       		.byte	0
 1668 010e 16       		.uleb128 0x16
 1669 010f 898201   		.uleb128 0x4109
 1670 0112 01       		.byte	0x1
 1671 0113 11       		.uleb128 0x11
 1672 0114 01       		.uleb128 0x1
 1673 0115 9542     		.uleb128 0x2115
 1674 0117 0C       		.uleb128 0xc
 1675 0118 31       		.uleb128 0x31
 1676 0119 13       		.uleb128 0x13
 1677 011a 00       		.byte	0
 1678 011b 00       		.byte	0
 1679 011c 17       		.uleb128 0x17
 1680 011d 8A8201   		.uleb128 0x410a
 1681 0120 00       		.byte	0
 1682 0121 02       		.uleb128 0x2
 1683 0122 0A       		.uleb128 0xa
 1684 0123 9142     		.uleb128 0x2111
 1685 0125 0A       		.uleb128 0xa
 1686 0126 00       		.byte	0
 1687 0127 00       		.byte	0
 1688 0128 18       		.uleb128 0x18
 1689 0129 05       		.uleb128 0x5
 1690 012a 00       		.byte	0
 1691 012b 03       		.uleb128 0x3
 1692 012c 0E       		.uleb128 0xe
 1693 012d 3A       		.uleb128 0x3a
 1694 012e 0B       		.uleb128 0xb
 1695 012f 3B       		.uleb128 0x3b
 1696 0130 0B       		.uleb128 0xb
 1697 0131 49       		.uleb128 0x49
 1698 0132 13       		.uleb128 0x13
 1699 0133 02       		.uleb128 0x2
 1700 0134 06       		.uleb128 0x6
 1701 0135 00       		.byte	0
ARM GAS  C:\Users\srich\AppData\Local\Temp\ccCCs4mn.s 			page 31


 1702 0136 00       		.byte	0
 1703 0137 19       		.uleb128 0x19
 1704 0138 05       		.uleb128 0x5
 1705 0139 00       		.byte	0
 1706 013a 03       		.uleb128 0x3
 1707 013b 08       		.uleb128 0x8
 1708 013c 3A       		.uleb128 0x3a
 1709 013d 0B       		.uleb128 0xb
 1710 013e 3B       		.uleb128 0x3b
 1711 013f 0B       		.uleb128 0xb
 1712 0140 49       		.uleb128 0x49
 1713 0141 13       		.uleb128 0x13
 1714 0142 02       		.uleb128 0x2
 1715 0143 06       		.uleb128 0x6
 1716 0144 00       		.byte	0
 1717 0145 00       		.byte	0
 1718 0146 1A       		.uleb128 0x1a
 1719 0147 34       		.uleb128 0x34
 1720 0148 00       		.byte	0
 1721 0149 03       		.uleb128 0x3
 1722 014a 08       		.uleb128 0x8
 1723 014b 3A       		.uleb128 0x3a
 1724 014c 0B       		.uleb128 0xb
 1725 014d 3B       		.uleb128 0x3b
 1726 014e 0B       		.uleb128 0xb
 1727 014f 49       		.uleb128 0x49
 1728 0150 13       		.uleb128 0x13
 1729 0151 02       		.uleb128 0x2
 1730 0152 06       		.uleb128 0x6
 1731 0153 00       		.byte	0
 1732 0154 00       		.byte	0
 1733 0155 1B       		.uleb128 0x1b
 1734 0156 2E       		.uleb128 0x2e
 1735 0157 01       		.byte	0x1
 1736 0158 3F       		.uleb128 0x3f
 1737 0159 0C       		.uleb128 0xc
 1738 015a 03       		.uleb128 0x3
 1739 015b 0E       		.uleb128 0xe
 1740 015c 3A       		.uleb128 0x3a
 1741 015d 0B       		.uleb128 0xb
 1742 015e 3B       		.uleb128 0x3b
 1743 015f 0B       		.uleb128 0xb
 1744 0160 27       		.uleb128 0x27
 1745 0161 0C       		.uleb128 0xc
 1746 0162 49       		.uleb128 0x49
 1747 0163 13       		.uleb128 0x13
 1748 0164 11       		.uleb128 0x11
 1749 0165 01       		.uleb128 0x1
 1750 0166 12       		.uleb128 0x12
 1751 0167 01       		.uleb128 0x1
 1752 0168 40       		.uleb128 0x40
 1753 0169 06       		.uleb128 0x6
 1754 016a 9742     		.uleb128 0x2117
 1755 016c 0C       		.uleb128 0xc
 1756 016d 01       		.uleb128 0x1
 1757 016e 13       		.uleb128 0x13
 1758 016f 00       		.byte	0
ARM GAS  C:\Users\srich\AppData\Local\Temp\ccCCs4mn.s 			page 32


 1759 0170 00       		.byte	0
 1760 0171 1C       		.uleb128 0x1c
 1761 0172 898201   		.uleb128 0x4109
 1762 0175 01       		.byte	0x1
 1763 0176 11       		.uleb128 0x11
 1764 0177 01       		.uleb128 0x1
 1765 0178 31       		.uleb128 0x31
 1766 0179 13       		.uleb128 0x13
 1767 017a 01       		.uleb128 0x1
 1768 017b 13       		.uleb128 0x13
 1769 017c 00       		.byte	0
 1770 017d 00       		.byte	0
 1771 017e 1D       		.uleb128 0x1d
 1772 017f 898201   		.uleb128 0x4109
 1773 0182 00       		.byte	0
 1774 0183 11       		.uleb128 0x11
 1775 0184 01       		.uleb128 0x1
 1776 0185 31       		.uleb128 0x31
 1777 0186 13       		.uleb128 0x13
 1778 0187 00       		.byte	0
 1779 0188 00       		.byte	0
 1780 0189 1E       		.uleb128 0x1e
 1781 018a 898201   		.uleb128 0x4109
 1782 018d 01       		.byte	0x1
 1783 018e 11       		.uleb128 0x11
 1784 018f 01       		.uleb128 0x1
 1785 0190 00       		.byte	0
 1786 0191 00       		.byte	0
 1787 0192 1F       		.uleb128 0x1f
 1788 0193 2E       		.uleb128 0x2e
 1789 0194 01       		.byte	0x1
 1790 0195 3F       		.uleb128 0x3f
 1791 0196 0C       		.uleb128 0xc
 1792 0197 03       		.uleb128 0x3
 1793 0198 0E       		.uleb128 0xe
 1794 0199 3A       		.uleb128 0x3a
 1795 019a 0B       		.uleb128 0xb
 1796 019b 3B       		.uleb128 0x3b
 1797 019c 0B       		.uleb128 0xb
 1798 019d 27       		.uleb128 0x27
 1799 019e 0C       		.uleb128 0xc
 1800 019f 11       		.uleb128 0x11
 1801 01a0 01       		.uleb128 0x1
 1802 01a1 12       		.uleb128 0x12
 1803 01a2 01       		.uleb128 0x1
 1804 01a3 40       		.uleb128 0x40
 1805 01a4 06       		.uleb128 0x6
 1806 01a5 9742     		.uleb128 0x2117
 1807 01a7 0C       		.uleb128 0xc
 1808 01a8 01       		.uleb128 0x1
 1809 01a9 13       		.uleb128 0x13
 1810 01aa 00       		.byte	0
 1811 01ab 00       		.byte	0
 1812 01ac 20       		.uleb128 0x20
 1813 01ad 34       		.uleb128 0x34
 1814 01ae 00       		.byte	0
 1815 01af 03       		.uleb128 0x3
ARM GAS  C:\Users\srich\AppData\Local\Temp\ccCCs4mn.s 			page 33


 1816 01b0 08       		.uleb128 0x8
 1817 01b1 3A       		.uleb128 0x3a
 1818 01b2 0B       		.uleb128 0xb
 1819 01b3 3B       		.uleb128 0x3b
 1820 01b4 0B       		.uleb128 0xb
 1821 01b5 49       		.uleb128 0x49
 1822 01b6 13       		.uleb128 0x13
 1823 01b7 02       		.uleb128 0x2
 1824 01b8 0A       		.uleb128 0xa
 1825 01b9 00       		.byte	0
 1826 01ba 00       		.byte	0
 1827 01bb 21       		.uleb128 0x21
 1828 01bc 34       		.uleb128 0x34
 1829 01bd 00       		.byte	0
 1830 01be 03       		.uleb128 0x3
 1831 01bf 0E       		.uleb128 0xe
 1832 01c0 3A       		.uleb128 0x3a
 1833 01c1 0B       		.uleb128 0xb
 1834 01c2 3B       		.uleb128 0x3b
 1835 01c3 0B       		.uleb128 0xb
 1836 01c4 49       		.uleb128 0x49
 1837 01c5 13       		.uleb128 0x13
 1838 01c6 02       		.uleb128 0x2
 1839 01c7 06       		.uleb128 0x6
 1840 01c8 00       		.byte	0
 1841 01c9 00       		.byte	0
 1842 01ca 22       		.uleb128 0x22
 1843 01cb 898201   		.uleb128 0x4109
 1844 01ce 00       		.byte	0
 1845 01cf 11       		.uleb128 0x11
 1846 01d0 01       		.uleb128 0x1
 1847 01d1 9542     		.uleb128 0x2115
 1848 01d3 0C       		.uleb128 0xc
 1849 01d4 31       		.uleb128 0x31
 1850 01d5 13       		.uleb128 0x13
 1851 01d6 00       		.byte	0
 1852 01d7 00       		.byte	0
 1853 01d8 23       		.uleb128 0x23
 1854 01d9 34       		.uleb128 0x34
 1855 01da 00       		.byte	0
 1856 01db 03       		.uleb128 0x3
 1857 01dc 0E       		.uleb128 0xe
 1858 01dd 3A       		.uleb128 0x3a
 1859 01de 0B       		.uleb128 0xb
 1860 01df 3B       		.uleb128 0x3b
 1861 01e0 0B       		.uleb128 0xb
 1862 01e1 49       		.uleb128 0x49
 1863 01e2 13       		.uleb128 0x13
 1864 01e3 02       		.uleb128 0x2
 1865 01e4 0A       		.uleb128 0xa
 1866 01e5 00       		.byte	0
 1867 01e6 00       		.byte	0
 1868 01e7 24       		.uleb128 0x24
 1869 01e8 2E       		.uleb128 0x2e
 1870 01e9 01       		.byte	0x1
 1871 01ea 3F       		.uleb128 0x3f
 1872 01eb 0C       		.uleb128 0xc
ARM GAS  C:\Users\srich\AppData\Local\Temp\ccCCs4mn.s 			page 34


 1873 01ec 03       		.uleb128 0x3
 1874 01ed 0E       		.uleb128 0xe
 1875 01ee 3A       		.uleb128 0x3a
 1876 01ef 0B       		.uleb128 0xb
 1877 01f0 3B       		.uleb128 0x3b
 1878 01f1 0B       		.uleb128 0xb
 1879 01f2 27       		.uleb128 0x27
 1880 01f3 0C       		.uleb128 0xc
 1881 01f4 3C       		.uleb128 0x3c
 1882 01f5 0C       		.uleb128 0xc
 1883 01f6 01       		.uleb128 0x1
 1884 01f7 13       		.uleb128 0x13
 1885 01f8 00       		.byte	0
 1886 01f9 00       		.byte	0
 1887 01fa 25       		.uleb128 0x25
 1888 01fb 2E       		.uleb128 0x2e
 1889 01fc 00       		.byte	0
 1890 01fd 3F       		.uleb128 0x3f
 1891 01fe 0C       		.uleb128 0xc
 1892 01ff 03       		.uleb128 0x3
 1893 0200 0E       		.uleb128 0xe
 1894 0201 3A       		.uleb128 0x3a
 1895 0202 0B       		.uleb128 0xb
 1896 0203 3B       		.uleb128 0x3b
 1897 0204 0B       		.uleb128 0xb
 1898 0205 27       		.uleb128 0x27
 1899 0206 0C       		.uleb128 0xc
 1900 0207 49       		.uleb128 0x49
 1901 0208 13       		.uleb128 0x13
 1902 0209 3C       		.uleb128 0x3c
 1903 020a 0C       		.uleb128 0xc
 1904 020b 00       		.byte	0
 1905 020c 00       		.byte	0
 1906 020d 00       		.byte	0
 1907              		.section	.debug_loc,"",%progbits
 1908              	.Ldebug_loc0:
 1909              	.LLST0:
 1910 0000 00000000 		.4byte	.LVL1
 1911 0004 0C000000 		.4byte	.LVL4
 1912 0008 0100     		.2byte	0x1
 1913 000a 50       		.byte	0x50
 1914 000b 0C000000 		.4byte	.LVL4
 1915 000f 13000000 		.4byte	.LVL5-1
 1916 0013 0300     		.2byte	0x3
 1917 0015 70       		.byte	0x70
 1918 0016 70       		.sleb128 -16
 1919 0017 9F       		.byte	0x9f
 1920 0018 13000000 		.4byte	.LVL5-1
 1921 001c 14000000 		.4byte	.LFE8
 1922 0020 0400     		.2byte	0x4
 1923 0022 F3       		.byte	0xf3
 1924 0023 01       		.uleb128 0x1
 1925 0024 50       		.byte	0x50
 1926 0025 9F       		.byte	0x9f
 1927 0026 00000000 		.4byte	0
 1928 002a 00000000 		.4byte	0
 1929              	.LLST1:
ARM GAS  C:\Users\srich\AppData\Local\Temp\ccCCs4mn.s 			page 35


 1930 002e 00000000 		.4byte	.LVL1
 1931 0032 13000000 		.4byte	.LVL5-1
 1932 0036 0100     		.2byte	0x1
 1933 0038 51       		.byte	0x51
 1934 0039 13000000 		.4byte	.LVL5-1
 1935 003d 14000000 		.4byte	.LFE8
 1936 0041 0400     		.2byte	0x4
 1937 0043 F3       		.byte	0xf3
 1938 0044 01       		.uleb128 0x1
 1939 0045 51       		.byte	0x51
 1940 0046 9F       		.byte	0x9f
 1941 0047 00000000 		.4byte	0
 1942 004b 00000000 		.4byte	0
 1943              	.LLST2:
 1944 004f 00000000 		.4byte	.LVL1
 1945 0053 0A000000 		.4byte	.LVL3
 1946 0057 0100     		.2byte	0x1
 1947 0059 52       		.byte	0x52
 1948 005a 0A000000 		.4byte	.LVL3
 1949 005e 13000000 		.4byte	.LVL5-1
 1950 0062 0300     		.2byte	0x3
 1951 0064 72       		.byte	0x72
 1952 0065 08       		.sleb128 8
 1953 0066 9F       		.byte	0x9f
 1954 0067 13000000 		.4byte	.LVL5-1
 1955 006b 14000000 		.4byte	.LFE8
 1956 006f 0400     		.2byte	0x4
 1957 0071 F3       		.byte	0xf3
 1958 0072 01       		.uleb128 0x1
 1959 0073 52       		.byte	0x52
 1960 0074 9F       		.byte	0x9f
 1961 0075 00000000 		.4byte	0
 1962 0079 00000000 		.4byte	0
 1963              	.LLST3:
 1964 007d 04000000 		.4byte	.LVL2
 1965 0081 13000000 		.4byte	.LVL5-1
 1966 0085 0100     		.2byte	0x1
 1967 0087 51       		.byte	0x51
 1968 0088 13000000 		.4byte	.LVL5-1
 1969 008c 14000000 		.4byte	.LFE8
 1970 0090 0400     		.2byte	0x4
 1971 0092 F3       		.byte	0xf3
 1972 0093 01       		.uleb128 0x1
 1973 0094 51       		.byte	0x51
 1974 0095 9F       		.byte	0x9f
 1975 0096 00000000 		.4byte	0
 1976 009a 00000000 		.4byte	0
 1977              	.LLST4:
 1978 009e 00000000 		.4byte	.LFB9
 1979 00a2 02000000 		.4byte	.LCFI0
 1980 00a6 0200     		.2byte	0x2
 1981 00a8 7D       		.byte	0x7d
 1982 00a9 00       		.sleb128 0
 1983 00aa 02000000 		.4byte	.LCFI0
 1984 00ae 88000000 		.4byte	.LFE9
 1985 00b2 0200     		.2byte	0x2
 1986 00b4 7D       		.byte	0x7d
ARM GAS  C:\Users\srich\AppData\Local\Temp\ccCCs4mn.s 			page 36


 1987 00b5 18       		.sleb128 24
 1988 00b6 00000000 		.4byte	0
 1989 00ba 00000000 		.4byte	0
 1990              	.LLST5:
 1991 00be 00000000 		.4byte	.LVL6
 1992 00c2 10000000 		.4byte	.LVL8
 1993 00c6 0100     		.2byte	0x1
 1994 00c8 50       		.byte	0x50
 1995 00c9 10000000 		.4byte	.LVL8
 1996 00cd 88000000 		.4byte	.LFE9
 1997 00d1 0400     		.2byte	0x4
 1998 00d3 F3       		.byte	0xf3
 1999 00d4 01       		.uleb128 0x1
 2000 00d5 50       		.byte	0x50
 2001 00d6 9F       		.byte	0x9f
 2002 00d7 00000000 		.4byte	0
 2003 00db 00000000 		.4byte	0
 2004              	.LLST6:
 2005 00df 00000000 		.4byte	.LVL6
 2006 00e3 0C000000 		.4byte	.LVL7
 2007 00e7 0100     		.2byte	0x1
 2008 00e9 51       		.byte	0x51
 2009 00ea 0C000000 		.4byte	.LVL7
 2010 00ee 14000000 		.4byte	.LVL9
 2011 00f2 0300     		.2byte	0x3
 2012 00f4 71       		.byte	0x71
 2013 00f5 79       		.sleb128 -7
 2014 00f6 9F       		.byte	0x9f
 2015 00f7 14000000 		.4byte	.LVL9
 2016 00fb 88000000 		.4byte	.LFE9
 2017 00ff 0100     		.2byte	0x1
 2018 0101 55       		.byte	0x55
 2019 0102 00000000 		.4byte	0
 2020 0106 00000000 		.4byte	0
 2021              	.LLST7:
 2022 010a 18000000 		.4byte	.LVL10
 2023 010e 52000000 		.4byte	.LVL17
 2024 0112 0100     		.2byte	0x1
 2025 0114 54       		.byte	0x54
 2026 0115 5E000000 		.4byte	.LVL19
 2027 0119 78000000 		.4byte	.LVL22
 2028 011d 0100     		.2byte	0x1
 2029 011f 54       		.byte	0x54
 2030 0120 80000000 		.4byte	.LVL24
 2031 0124 82000000 		.4byte	.LVL25
 2032 0128 0100     		.2byte	0x1
 2033 012a 54       		.byte	0x54
 2034 012b 00000000 		.4byte	0
 2035 012f 00000000 		.4byte	0
 2036              	.LLST8:
 2037 0133 1E000000 		.4byte	.LVL12
 2038 0137 20000000 		.4byte	.LVL13
 2039 013b 0100     		.2byte	0x1
 2040 013d 53       		.byte	0x53
 2041 013e 22000000 		.4byte	.LVL14
 2042 0142 59000000 		.4byte	.LVL18-1
 2043 0146 0100     		.2byte	0x1
ARM GAS  C:\Users\srich\AppData\Local\Temp\ccCCs4mn.s 			page 37


 2044 0148 53       		.byte	0x53
 2045 0149 59000000 		.4byte	.LVL18-1
 2046 014d 5A000000 		.4byte	.LVL18
 2047 0151 0300     		.2byte	0x3
 2048 0153 74       		.byte	0x74
 2049 0154 78       		.sleb128 -8
 2050 0155 9F       		.byte	0x9f
 2051 0156 5E000000 		.4byte	.LVL19
 2052 015a 67000000 		.4byte	.LVL20-1
 2053 015e 0100     		.2byte	0x1
 2054 0160 53       		.byte	0x53
 2055 0161 72000000 		.4byte	.LVL21
 2056 0165 7C000000 		.4byte	.LVL23
 2057 0169 0100     		.2byte	0x1
 2058 016b 50       		.byte	0x50
 2059 016c 7C000000 		.4byte	.LVL23
 2060 0170 80000000 		.4byte	.LVL24
 2061 0174 0100     		.2byte	0x1
 2062 0176 54       		.byte	0x54
 2063 0177 00000000 		.4byte	0
 2064 017b 00000000 		.4byte	0
 2065              	.LLST9:
 2066 017f 40000000 		.4byte	.LVL15
 2067 0183 50000000 		.4byte	.LVL16
 2068 0187 0100     		.2byte	0x1
 2069 0189 5E       		.byte	0x5e
 2070 018a 00000000 		.4byte	0
 2071 018e 00000000 		.4byte	0
 2072              	.LLST10:
 2073 0192 00000000 		.4byte	.LFB10
 2074 0196 02000000 		.4byte	.LCFI1
 2075 019a 0200     		.2byte	0x2
 2076 019c 7D       		.byte	0x7d
 2077 019d 00       		.sleb128 0
 2078 019e 02000000 		.4byte	.LCFI1
 2079 01a2 86000000 		.4byte	.LFE10
 2080 01a6 0200     		.2byte	0x2
 2081 01a8 7D       		.byte	0x7d
 2082 01a9 10       		.sleb128 16
 2083 01aa 00000000 		.4byte	0
 2084 01ae 00000000 		.4byte	0
 2085              	.LLST11:
 2086 01b2 00000000 		.4byte	.LVL26
 2087 01b6 0C000000 		.4byte	.LVL28
 2088 01ba 0100     		.2byte	0x1
 2089 01bc 50       		.byte	0x50
 2090 01bd 0C000000 		.4byte	.LVL28
 2091 01c1 86000000 		.4byte	.LFE10
 2092 01c5 0100     		.2byte	0x1
 2093 01c7 56       		.byte	0x56
 2094 01c8 00000000 		.4byte	0
 2095 01cc 00000000 		.4byte	0
 2096              	.LLST12:
 2097 01d0 10000000 		.4byte	.LVL29
 2098 01d4 18000000 		.4byte	.LVL32
 2099 01d8 0100     		.2byte	0x1
 2100 01da 55       		.byte	0x55
ARM GAS  C:\Users\srich\AppData\Local\Temp\ccCCs4mn.s 			page 38


 2101 01db 18000000 		.4byte	.LVL32
 2102 01df 28000000 		.4byte	.LVL33
 2103 01e3 0100     		.2byte	0x1
 2104 01e5 53       		.byte	0x53
 2105 01e6 28000000 		.4byte	.LVL33
 2106 01ea 2C000000 		.4byte	.LVL34
 2107 01ee 0100     		.2byte	0x1
 2108 01f0 52       		.byte	0x52
 2109 01f1 2C000000 		.4byte	.LVL34
 2110 01f5 57000000 		.4byte	.LVL36-1
 2111 01f9 0100     		.2byte	0x1
 2112 01fb 53       		.byte	0x53
 2113 01fc 58000000 		.4byte	.LVL36
 2114 0200 86000000 		.4byte	.LFE10
 2115 0204 0100     		.2byte	0x1
 2116 0206 53       		.byte	0x53
 2117 0207 00000000 		.4byte	0
 2118 020b 00000000 		.4byte	0
 2119              	.LLST13:
 2120 020f 0C000000 		.4byte	.LVL28
 2121 0213 12000000 		.4byte	.LVL30
 2122 0217 0100     		.2byte	0x1
 2123 0219 50       		.byte	0x50
 2124 021a 12000000 		.4byte	.LVL30
 2125 021e 15000000 		.4byte	.LVL31-1
 2126 0222 0200     		.2byte	0x2
 2127 0224 74       		.byte	0x74
 2128 0225 00       		.sleb128 0
 2129 0226 15000000 		.4byte	.LVL31-1
 2130 022a 3E000000 		.4byte	.LVL35
 2131 022e 0300     		.2byte	0x3
 2132 0230 75       		.byte	0x75
 2133 0231 78       		.sleb128 -8
 2134 0232 9F       		.byte	0x9f
 2135 0233 00000000 		.4byte	0
 2136 0237 00000000 		.4byte	0
 2137              	.LLST14:
 2138 023b 00000000 		.4byte	.LFB11
 2139 023f 02000000 		.4byte	.LCFI2
 2140 0243 0200     		.2byte	0x2
 2141 0245 7D       		.byte	0x7d
 2142 0246 00       		.sleb128 0
 2143 0247 02000000 		.4byte	.LCFI2
 2144 024b 40000000 		.4byte	.LFE11
 2145 024f 0200     		.2byte	0x2
 2146 0251 7D       		.byte	0x7d
 2147 0252 10       		.sleb128 16
 2148 0253 00000000 		.4byte	0
 2149 0257 00000000 		.4byte	0
 2150              	.LLST15:
 2151 025b 00000000 		.4byte	.LVL37
 2152 025f 0E000000 		.4byte	.LVL38
 2153 0263 0100     		.2byte	0x1
 2154 0265 50       		.byte	0x50
 2155 0266 0E000000 		.4byte	.LVL38
 2156 026a 40000000 		.4byte	.LFE11
 2157 026e 0400     		.2byte	0x4
ARM GAS  C:\Users\srich\AppData\Local\Temp\ccCCs4mn.s 			page 39


 2158 0270 F3       		.byte	0xf3
 2159 0271 01       		.uleb128 0x1
 2160 0272 50       		.byte	0x50
 2161 0273 9F       		.byte	0x9f
 2162 0274 00000000 		.4byte	0
 2163 0278 00000000 		.4byte	0
 2164              	.LLST16:
 2165 027c 00000000 		.4byte	.LVL37
 2166 0280 13000000 		.4byte	.LVL39-1
 2167 0284 0100     		.2byte	0x1
 2168 0286 51       		.byte	0x51
 2169 0287 13000000 		.4byte	.LVL39-1
 2170 028b 40000000 		.4byte	.LFE11
 2171 028f 0100     		.2byte	0x1
 2172 0291 55       		.byte	0x55
 2173 0292 00000000 		.4byte	0
 2174 0296 00000000 		.4byte	0
 2175              	.LLST17:
 2176 029a 14000000 		.4byte	.LVL39
 2177 029e 1C000000 		.4byte	.LVL40
 2178 02a2 0600     		.2byte	0x6
 2179 02a4 F3       		.byte	0xf3
 2180 02a5 01       		.uleb128 0x1
 2181 02a6 50       		.byte	0x50
 2182 02a7 23       		.byte	0x23
 2183 02a8 08       		.uleb128 0x8
 2184 02a9 9F       		.byte	0x9f
 2185 02aa 34000000 		.4byte	.LVL45
 2186 02ae 40000000 		.4byte	.LFE11
 2187 02b2 0600     		.2byte	0x6
 2188 02b4 F3       		.byte	0xf3
 2189 02b5 01       		.uleb128 0x1
 2190 02b6 50       		.byte	0x50
 2191 02b7 23       		.byte	0x23
 2192 02b8 08       		.uleb128 0x8
 2193 02b9 9F       		.byte	0x9f
 2194 02ba 00000000 		.4byte	0
 2195 02be 00000000 		.4byte	0
 2196              	.LLST18:
 2197 02c2 14000000 		.4byte	.LVL39
 2198 02c6 1C000000 		.4byte	.LVL40
 2199 02ca 0200     		.2byte	0x2
 2200 02cc 30       		.byte	0x30
 2201 02cd 9F       		.byte	0x9f
 2202 02ce 24000000 		.4byte	.LVL42
 2203 02d2 28000000 		.4byte	.LVL43
 2204 02d6 0100     		.2byte	0x1
 2205 02d8 54       		.byte	0x54
 2206 02d9 34000000 		.4byte	.LVL45
 2207 02dd 40000000 		.4byte	.LFE11
 2208 02e1 0200     		.2byte	0x2
 2209 02e3 30       		.byte	0x30
 2210 02e4 9F       		.byte	0x9f
 2211 02e5 00000000 		.4byte	0
 2212 02e9 00000000 		.4byte	0
 2213              	.LLST19:
 2214 02ed 14000000 		.4byte	.LVL39
ARM GAS  C:\Users\srich\AppData\Local\Temp\ccCCs4mn.s 			page 40


 2215 02f1 1C000000 		.4byte	.LVL40
 2216 02f5 0200     		.2byte	0x2
 2217 02f7 30       		.byte	0x30
 2218 02f8 9F       		.byte	0x9f
 2219 02f9 22000000 		.4byte	.LVL41
 2220 02fd 28000000 		.4byte	.LVL43
 2221 0301 0100     		.2byte	0x1
 2222 0303 52       		.byte	0x52
 2223 0304 34000000 		.4byte	.LVL45
 2224 0308 40000000 		.4byte	.LFE11
 2225 030c 0200     		.2byte	0x2
 2226 030e 30       		.byte	0x30
 2227 030f 9F       		.byte	0x9f
 2228 0310 00000000 		.4byte	0
 2229 0314 00000000 		.4byte	0
 2230              		.section	.debug_aranges,"",%progbits
 2231 0000 3C000000 		.4byte	0x3c
 2232 0004 0200     		.2byte	0x2
 2233 0006 00000000 		.4byte	.Ldebug_info0
 2234 000a 04       		.byte	0x4
 2235 000b 00       		.byte	0
 2236 000c 0000     		.2byte	0
 2237 000e 0000     		.2byte	0
 2238 0010 00000000 		.4byte	.LFB7
 2239 0014 20000000 		.4byte	.LFE7-.LFB7
 2240 0018 00000000 		.4byte	.LFB8
 2241 001c 14000000 		.4byte	.LFE8-.LFB8
 2242 0020 00000000 		.4byte	.LFB9
 2243 0024 88000000 		.4byte	.LFE9-.LFB9
 2244 0028 00000000 		.4byte	.LFB10
 2245 002c 86000000 		.4byte	.LFE10-.LFB10
 2246 0030 00000000 		.4byte	.LFB11
 2247 0034 40000000 		.4byte	.LFE11-.LFB11
 2248 0038 00000000 		.4byte	0
 2249 003c 00000000 		.4byte	0
 2250              		.section	.debug_ranges,"",%progbits
 2251              	.Ldebug_ranges0:
 2252 0000 00000000 		.4byte	.LFB7
 2253 0004 20000000 		.4byte	.LFE7
 2254 0008 00000000 		.4byte	.LFB8
 2255 000c 14000000 		.4byte	.LFE8
 2256 0010 00000000 		.4byte	.LFB9
 2257 0014 88000000 		.4byte	.LFE9
 2258 0018 00000000 		.4byte	.LFB10
 2259 001c 86000000 		.4byte	.LFE10
 2260 0020 00000000 		.4byte	.LFB11
 2261 0024 40000000 		.4byte	.LFE11
 2262 0028 00000000 		.4byte	0
 2263 002c 00000000 		.4byte	0
 2264              		.section	.debug_line,"",%progbits
 2265              	.Ldebug_line0:
 2266 0000 D4020000 		.section	.debug_str,"MS",%progbits,1
 2266      0200ED01 
 2266      00000201 
 2266      FB0E0D00 
 2266      01010101 
 2267              	.LASF38:
ARM GAS  C:\Users\srich\AppData\Local\Temp\ccCCs4mn.s 			page 41


 2268 0000 705F6D73 		.ascii	"p_msg\000"
 2268      6700
 2269              	.LASF2:
 2270 0006 73697A65 		.ascii	"size_t\000"
 2270      5F7400
 2271              	.LASF64:
 2272 000d 7264796D 		.ascii	"rdymsg\000"
 2272      736700
 2273              	.LASF12:
 2274 0014 75696E74 		.ascii	"uint64_t\000"
 2274      36345F74 
 2274      00
 2275              	.LASF54:
 2276 001d 6D656D67 		.ascii	"memgetfunc_t\000"
 2276      65746675 
 2276      6E635F74 
 2276      00
 2277              	.LASF13:
 2278 002a 6C6F6E67 		.ascii	"long long unsigned int\000"
 2278      206C6F6E 
 2278      6720756E 
 2278      7369676E 
 2278      65642069 
 2279              	.LASF65:
 2280 0041 65786974 		.ascii	"exitcode\000"
 2280      636F6465 
 2280      00
 2281              	.LASF58:
 2282 004a 685F6672 		.ascii	"h_free\000"
 2282      656500
 2283              	.LASF71:
 2284 0051 68656170 		.ascii	"heapp\000"
 2284      7000
 2285              	.LASF82:
 2286 0057 63684D74 		.ascii	"chMtxUnlock\000"
 2286      78556E6C 
 2286      6F636B00 
 2287              	.LASF70:
 2288 0063 63684865 		.ascii	"chHeapInit\000"
 2288      6170496E 
 2288      697400
 2289              	.LASF60:
 2290 006e 6E657874 		.ascii	"next\000"
 2290      00
 2291              	.LASF26:
 2292 0073 705F7072 		.ascii	"p_prio\000"
 2292      696F00
 2293              	.LASF11:
 2294 007a 6C6F6E67 		.ascii	"long long int\000"
 2294      206C6F6E 
 2294      6720696E 
 2294      7400
 2295              	.LASF1:
 2296 0088 7369676E 		.ascii	"signed char\000"
 2296      65642063 
 2296      68617200 
 2297              	.LASF59:
ARM GAS  C:\Users\srich\AppData\Local\Temp\ccCCs4mn.s 			page 42


 2298 0094 685F6D74 		.ascii	"h_mtx\000"
 2298      7800
 2299              	.LASF42:
 2300 009a 705F6D70 		.ascii	"p_mpool\000"
 2300      6F6F6C00 
 2301              	.LASF51:
 2302 00a2 6D5F7175 		.ascii	"m_queue\000"
 2302      65756500 
 2303              	.LASF72:
 2304 00aa 63684865 		.ascii	"chHeapFree\000"
 2304      61704672 
 2304      656500
 2305              	.LASF18:
 2306 00b5 74736C69 		.ascii	"tslices_t\000"
 2306      6365735F 
 2306      7400
 2307              	.LASF8:
 2308 00bf 6C6F6E67 		.ascii	"long int\000"
 2308      20696E74 
 2308      00
 2309              	.LASF16:
 2310 00c8 74737461 		.ascii	"tstate_t\000"
 2310      74655F74 
 2310      00
 2311              	.LASF28:
 2312 00d1 705F6E65 		.ascii	"p_newer\000"
 2312      77657200 
 2313              	.LASF45:
 2314 00d9 72656761 		.ascii	"regarm_t\000"
 2314      726D5F74 
 2314      00
 2315              	.LASF62:
 2316 00e2 616C6967 		.ascii	"align\000"
 2316      6E00
 2317              	.LASF0:
 2318 00e8 756E7369 		.ascii	"unsigned int\000"
 2318      676E6564 
 2318      20696E74 
 2318      00
 2319              	.LASF10:
 2320 00f5 6C6F6E67 		.ascii	"long unsigned int\000"
 2320      20756E73 
 2320      69676E65 
 2320      6420696E 
 2320      7400
 2321              	.LASF48:
 2322 0107 636F6E74 		.ascii	"context\000"
 2322      65787400 
 2323              	.LASF63:
 2324 010f 73697A65 		.ascii	"size\000"
 2324      00
 2325              	.LASF6:
 2326 0114 73686F72 		.ascii	"short unsigned int\000"
 2326      7420756E 
 2326      7369676E 
 2326      65642069 
 2326      6E7400
ARM GAS  C:\Users\srich\AppData\Local\Temp\ccCCs4mn.s 			page 43


 2327              	.LASF20:
 2328 0127 6D73675F 		.ascii	"msg_t\000"
 2328      7400
 2329              	.LASF15:
 2330 012d 746D6F64 		.ascii	"tmode_t\000"
 2330      655F7400 
 2331              	.LASF44:
 2332 0135 54687265 		.ascii	"ThreadsList\000"
 2332      6164734C 
 2332      69737400 
 2333              	.LASF21:
 2334 0141 6576656E 		.ascii	"eventmask_t\000"
 2334      746D6173 
 2334      6B5F7400 
 2335              	.LASF50:
 2336 014d 4D757465 		.ascii	"Mutex\000"
 2336      7800
 2337              	.LASF80:
 2338 0153 633A5C43 		.ascii	"c:\\ChibiStudio\\chibios/os/kernel/src/chheap.c\000"
 2338      68696269 
 2338      53747564 
 2338      696F5C63 
 2338      68696269 
 2339              	.LASF46:
 2340 0181 73746B61 		.ascii	"stkalign_t\000"
 2340      6C69676E 
 2340      5F7400
 2341              	.LASF49:
 2342 018c 73697A65 		.ascii	"sizetype\000"
 2342      74797065 
 2342      00
 2343              	.LASF78:
 2344 0195 63684D74 		.ascii	"chMtxLock\000"
 2344      784C6F63 
 2344      6B00
 2345              	.LASF79:
 2346 019f 474E5520 		.ascii	"GNU C 4.7.4 20140401 (release) [ARM/embedded-4_7-br"
 2346      4320342E 
 2346      372E3420 
 2346      32303134 
 2346      30343031 
 2347 01d2 616E6368 		.ascii	"anch revision 209195]\000"
 2347      20726576 
 2347      6973696F 
 2347      6E203230 
 2347      39313935 
 2348              	.LASF29:
 2349 01e8 705F6F6C 		.ascii	"p_older\000"
 2349      64657200 
 2350              	.LASF43:
 2351 01f0 54687265 		.ascii	"ThreadsQueue\000"
 2351      61647351 
 2351      75657565 
 2351      00
 2352              	.LASF55:
 2353 01fd 4D656D6F 		.ascii	"MemoryHeap\000"
 2353      72794865 
ARM GAS  C:\Users\srich\AppData\Local\Temp\ccCCs4mn.s 			page 44


 2353      617000
 2354              	.LASF17:
 2355 0208 74726566 		.ascii	"trefs_t\000"
 2355      735F7400 
 2356              	.LASF25:
 2357 0210 705F7072 		.ascii	"p_prev\000"
 2357      657600
 2358              	.LASF19:
 2359 0217 74707269 		.ascii	"tprio_t\000"
 2359      6F5F7400 
 2360              	.LASF14:
 2361 021f 5F426F6F 		.ascii	"_Bool\000"
 2361      6C00
 2362              	.LASF7:
 2363 0225 696E7433 		.ascii	"int32_t\000"
 2363      325F7400 
 2364              	.LASF4:
 2365 022d 756E7369 		.ascii	"unsigned char\000"
 2365      676E6564 
 2365      20636861 
 2365      7200
 2366              	.LASF57:
 2367 023b 685F7072 		.ascii	"h_provider\000"
 2367      6F766964 
 2367      657200
 2368              	.LASF40:
 2369 0246 705F6D74 		.ascii	"p_mtxlist\000"
 2369      786C6973 
 2369      7400
 2370              	.LASF5:
 2371 0250 73686F72 		.ascii	"short int\000"
 2371      7420696E 
 2371      7400
 2372              	.LASF31:
 2373 025a 705F7374 		.ascii	"p_state\000"
 2373      61746500 
 2374              	.LASF34:
 2375 0262 705F7072 		.ascii	"p_preempt\000"
 2375      65656D70 
 2375      7400
 2376              	.LASF81:
 2377 026c 68656170 		.ascii	"heap_header\000"
 2377      5F686561 
 2377      64657200 
 2378              	.LASF67:
 2379 0278 65776D61 		.ascii	"ewmask\000"
 2379      736B00
 2380              	.LASF24:
 2381 027f 705F6E65 		.ascii	"p_next\000"
 2381      787400
 2382              	.LASF32:
 2383 0286 705F666C 		.ascii	"p_flags\000"
 2383      61677300 
 2384              	.LASF23:
 2385 028e 54687265 		.ascii	"Thread\000"
 2385      616400
 2386              	.LASF73:
ARM GAS  C:\Users\srich\AppData\Local\Temp\ccCCs4mn.s 			page 45


 2387 0295 63684865 		.ascii	"chHeapAlloc\000"
 2387      6170416C 
 2387      6C6F6300 
 2388              	.LASF39:
 2389 02a1 705F6570 		.ascii	"p_epending\000"
 2389      656E6469 
 2389      6E6700
 2390              	.LASF9:
 2391 02ac 75696E74 		.ascii	"uint32_t\000"
 2391      33325F74 
 2391      00
 2392              	.LASF61:
 2393 02b5 68656170 		.ascii	"heap\000"
 2393      00
 2394              	.LASF76:
 2395 02ba 64656661 		.ascii	"default_heap\000"
 2395      756C745F 
 2395      68656170 
 2395      00
 2396              	.LASF68:
 2397 02c7 63686172 		.ascii	"char\000"
 2397      00
 2398              	.LASF74:
 2399 02cc 63684865 		.ascii	"chHeapStatus\000"
 2399      61705374 
 2399      61747573 
 2399      00
 2400              	.LASF53:
 2401 02d9 6D5F6E65 		.ascii	"m_next\000"
 2401      787400
 2402              	.LASF22:
 2403 02e0 73797374 		.ascii	"systime_t\000"
 2403      696D655F 
 2403      7400
 2404              	.LASF41:
 2405 02ea 705F7265 		.ascii	"p_realprio\000"
 2405      616C7072 
 2405      696F00
 2406              	.LASF35:
 2407 02f5 705F7469 		.ascii	"p_time\000"
 2407      6D6500
 2408              	.LASF47:
 2409 02fc 696E7463 		.ascii	"intctx\000"
 2409      747800
 2410              	.LASF37:
 2411 0303 705F6D73 		.ascii	"p_msgqueue\000"
 2411      67717565 
 2411      756500
 2412              	.LASF77:
 2413 030e 63684D74 		.ascii	"chMtxInit\000"
 2413      78496E69 
 2413      7400
 2414              	.LASF33:
 2415 0318 705F7265 		.ascii	"p_refs\000"
 2415      667300
 2416              	.LASF3:
 2417 031f 75696E74 		.ascii	"uint8_t\000"
ARM GAS  C:\Users\srich\AppData\Local\Temp\ccCCs4mn.s 			page 46


 2417      385F7400 
 2418              	.LASF66:
 2419 0327 77746F62 		.ascii	"wtobjp\000"
 2419      6A7000
 2420              	.LASF75:
 2421 032e 73697A65 		.ascii	"sizep\000"
 2421      7000
 2422              	.LASF30:
 2423 0334 705F6E61 		.ascii	"p_name\000"
 2423      6D6500
 2424              	.LASF69:
 2425 033b 5F686561 		.ascii	"_heap_init\000"
 2425      705F696E 
 2425      697400
 2426              	.LASF52:
 2427 0346 6D5F6F77 		.ascii	"m_owner\000"
 2427      6E657200 
 2428              	.LASF27:
 2429 034e 705F6374 		.ascii	"p_ctx\000"
 2429      7800
 2430              	.LASF36:
 2431 0354 705F7761 		.ascii	"p_waiting\000"
 2431      6974696E 
 2431      6700
 2432              	.LASF56:
 2433 035e 6D656D6F 		.ascii	"memory_heap\000"
 2433      72795F68 
 2433      65617000 
 2434              		.ident	"GCC: (GNU Tools for ARM Embedded Processors) 4.7.4 20140401 (release) [ARM/embedded-4_7-br
ARM GAS  C:\Users\srich\AppData\Local\Temp\ccCCs4mn.s 			page 47


DEFINED SYMBOLS
                            *ABS*:00000000 chheap.c
C:\Users\srich\AppData\Local\Temp\ccCCs4mn.s:19     .text._heap_init:00000000 $t
C:\Users\srich\AppData\Local\Temp\ccCCs4mn.s:25     .text._heap_init:00000000 _heap_init
C:\Users\srich\AppData\Local\Temp\ccCCs4mn.s:436    .bss.default_heap:00000000 .LANCHOR0
C:\Users\srich\AppData\Local\Temp\ccCCs4mn.s:57     .text.chHeapInit:00000000 $t
C:\Users\srich\AppData\Local\Temp\ccCCs4mn.s:63     .text.chHeapInit:00000000 chHeapInit
C:\Users\srich\AppData\Local\Temp\ccCCs4mn.s:97     .text.chHeapAlloc:00000000 $t
C:\Users\srich\AppData\Local\Temp\ccCCs4mn.s:103    .text.chHeapAlloc:00000000 chHeapAlloc
C:\Users\srich\AppData\Local\Temp\ccCCs4mn.s:230    .text.chHeapAlloc:00000084 $d
C:\Users\srich\AppData\Local\Temp\ccCCs4mn.s:235    .text.chHeapFree:00000000 $t
C:\Users\srich\AppData\Local\Temp\ccCCs4mn.s:241    .text.chHeapFree:00000000 chHeapFree
C:\Users\srich\AppData\Local\Temp\ccCCs4mn.s:355    .text.chHeapStatus:00000000 $t
C:\Users\srich\AppData\Local\Temp\ccCCs4mn.s:361    .text.chHeapStatus:00000000 chHeapStatus
C:\Users\srich\AppData\Local\Temp\ccCCs4mn.s:430    .text.chHeapStatus:0000003c $d
C:\Users\srich\AppData\Local\Temp\ccCCs4mn.s:435    .bss.default_heap:00000000 $d
C:\Users\srich\AppData\Local\Temp\ccCCs4mn.s:439    .bss.default_heap:00000000 default_heap
                     .debug_frame:00000010 $d
C:\Users\srich\AppData\Local\Temp\ccCCs4mn.s:234    .text.chHeapAlloc:00000088 $t

UNDEFINED SYMBOLS
chCoreAlloc
chMtxInit
chMtxLock
chMtxUnlock
