ARM GAS  C:\Users\DNIEL~1\AppData\Local\Temp\ccPA64Z4.s 			page 1


   1              		.syntax unified
   2              		.cpu cortex-m4
   3              		.fpu softvfp
   4              		.eabi_attribute 20, 1
   5              		.eabi_attribute 21, 1
   6              		.eabi_attribute 23, 3
   7              		.eabi_attribute 24, 1
   8              		.eabi_attribute 25, 1
   9              		.eabi_attribute 26, 1
  10              		.eabi_attribute 30, 2
  11              		.eabi_attribute 18, 4
  12              		.thumb
  13              		.file	"chlists.c"
  14              		.section	.debug_abbrev,"",%progbits
  15              	.Ldebug_abbrev0:
  16              		.section	.debug_info,"",%progbits
  17              	.Ldebug_info0:
  18              		.section	.debug_line,"",%progbits
  19              	.Ldebug_line0:
  20 0000 19000000 		.text
  20      02001300 
  20      00000201 
  20      FB0E0D00 
  20      01010101 
  21              	.Ltext0:
  22              		.cfi_sections	.debug_frame
  23              	.Letext0:
  24              		.section	.debug_info
  25 0000 76000000 		.4byte	0x76
  26 0004 0200     		.2byte	0x2
  27 0006 00000000 		.4byte	.Ldebug_abbrev0
  28 000a 04       		.byte	0x4
  29 000b 01       		.uleb128 0x1
  30 000c B2000000 		.4byte	.LASF11
  31 0010 01       		.byte	0x1
  32 0011 BE000000 		.4byte	.LASF12
  33 0015 7C000000 		.4byte	.LASF13
  34 0019 00000000 		.4byte	.Ltext0
  35 001d 00000000 		.4byte	.Letext0
  36 0021 00000000 		.4byte	.Ldebug_line0
  37 0025 02       		.uleb128 0x2
  38 0026 04       		.byte	0x4
  39 0027 05       		.byte	0x5
  40 0028 696E7400 		.ascii	"int\000"
  41 002c 03       		.uleb128 0x3
  42 002d 04       		.byte	0x4
  43 002e 07       		.byte	0x7
  44 002f 00000000 		.4byte	.LASF0
  45 0033 03       		.uleb128 0x3
  46 0034 01       		.byte	0x1
  47 0035 06       		.byte	0x6
  48 0036 2D000000 		.4byte	.LASF1
  49 003a 03       		.uleb128 0x3
  50 003b 01       		.byte	0x1
  51 003c 08       		.byte	0x8
  52 003d 1F000000 		.4byte	.LASF2
  53 0041 03       		.uleb128 0x3
ARM GAS  C:\Users\DNIEL~1\AppData\Local\Temp\ccPA64Z4.s 			page 2


  54 0042 02       		.byte	0x2
  55 0043 05       		.byte	0x5
  56 0044 4C000000 		.4byte	.LASF3
  57 0048 03       		.uleb128 0x3
  58 0049 02       		.byte	0x2
  59 004a 07       		.byte	0x7
  60 004b 39000000 		.4byte	.LASF4
  61 004f 03       		.uleb128 0x3
  62 0050 04       		.byte	0x4
  63 0051 05       		.byte	0x5
  64 0052 73000000 		.4byte	.LASF5
  65 0056 03       		.uleb128 0x3
  66 0057 04       		.byte	0x4
  67 0058 07       		.byte	0x7
  68 0059 0D000000 		.4byte	.LASF6
  69 005d 03       		.uleb128 0x3
  70 005e 08       		.byte	0x8
  71 005f 05       		.byte	0x5
  72 0060 EC000000 		.4byte	.LASF7
  73 0064 03       		.uleb128 0x3
  74 0065 08       		.byte	0x8
  75 0066 07       		.byte	0x7
  76 0067 56000000 		.4byte	.LASF8
  77 006b 03       		.uleb128 0x3
  78 006c 01       		.byte	0x1
  79 006d 02       		.byte	0x2
  80 006e 6D000000 		.4byte	.LASF9
  81 0072 03       		.uleb128 0x3
  82 0073 01       		.byte	0x1
  83 0074 08       		.byte	0x8
  84 0075 E7000000 		.4byte	.LASF10
  85 0079 00       		.byte	0x0
  86              		.section	.debug_abbrev
  87 0000 01       		.uleb128 0x1
  88 0001 11       		.uleb128 0x11
  89 0002 01       		.byte	0x1
  90 0003 25       		.uleb128 0x25
  91 0004 0E       		.uleb128 0xe
  92 0005 13       		.uleb128 0x13
  93 0006 0B       		.uleb128 0xb
  94 0007 03       		.uleb128 0x3
  95 0008 0E       		.uleb128 0xe
  96 0009 1B       		.uleb128 0x1b
  97 000a 0E       		.uleb128 0xe
  98 000b 11       		.uleb128 0x11
  99 000c 01       		.uleb128 0x1
 100 000d 12       		.uleb128 0x12
 101 000e 01       		.uleb128 0x1
 102 000f 10       		.uleb128 0x10
 103 0010 06       		.uleb128 0x6
 104 0011 00       		.byte	0x0
 105 0012 00       		.byte	0x0
 106 0013 02       		.uleb128 0x2
 107 0014 24       		.uleb128 0x24
 108 0015 00       		.byte	0x0
 109 0016 0B       		.uleb128 0xb
 110 0017 0B       		.uleb128 0xb
ARM GAS  C:\Users\DNIEL~1\AppData\Local\Temp\ccPA64Z4.s 			page 3


 111 0018 3E       		.uleb128 0x3e
 112 0019 0B       		.uleb128 0xb
 113 001a 03       		.uleb128 0x3
 114 001b 08       		.uleb128 0x8
 115 001c 00       		.byte	0x0
 116 001d 00       		.byte	0x0
 117 001e 03       		.uleb128 0x3
 118 001f 24       		.uleb128 0x24
 119 0020 00       		.byte	0x0
 120 0021 0B       		.uleb128 0xb
 121 0022 0B       		.uleb128 0xb
 122 0023 3E       		.uleb128 0x3e
 123 0024 0B       		.uleb128 0xb
 124 0025 03       		.uleb128 0x3
 125 0026 0E       		.uleb128 0xe
 126 0027 00       		.byte	0x0
 127 0028 00       		.byte	0x0
 128 0029 00       		.byte	0x0
 129              		.section	.debug_pubtypes,"",%progbits
 130 0000 0E000000 		.4byte	0xe
 131 0004 0200     		.2byte	0x2
 132 0006 00000000 		.4byte	.Ldebug_info0
 133 000a 7A000000 		.4byte	0x7a
 134 000e 00000000 		.4byte	0x0
 135              		.section	.debug_str,"MS",%progbits,1
 136              	.LASF0:
 137 0000 756E7369 		.ascii	"unsigned int\000"
 137      676E6564 
 137      20696E74 
 137      00
 138              	.LASF6:
 139 000d 6C6F6E67 		.ascii	"long unsigned int\000"
 139      20756E73 
 139      69676E65 
 139      6420696E 
 139      7400
 140              	.LASF2:
 141 001f 756E7369 		.ascii	"unsigned char\000"
 141      676E6564 
 141      20636861 
 141      7200
 142              	.LASF1:
 143 002d 7369676E 		.ascii	"signed char\000"
 143      65642063 
 143      68617200 
 144              	.LASF4:
 145 0039 73686F72 		.ascii	"short unsigned int\000"
 145      7420756E 
 145      7369676E 
 145      65642069 
 145      6E7400
 146              	.LASF3:
 147 004c 73686F72 		.ascii	"short int\000"
 147      7420696E 
 147      7400
 148              	.LASF8:
 149 0056 6C6F6E67 		.ascii	"long long unsigned int\000"
ARM GAS  C:\Users\DNIEL~1\AppData\Local\Temp\ccPA64Z4.s 			page 4


 149      206C6F6E 
 149      6720756E 
 149      7369676E 
 149      65642069 
 150              	.LASF9:
 151 006d 5F426F6F 		.ascii	"_Bool\000"
 151      6C00
 152              	.LASF5:
 153 0073 6C6F6E67 		.ascii	"long int\000"
 153      20696E74 
 153      00
 154              	.LASF13:
 155 007c 433A5C44 		.ascii	"C:\\Dani\\MegaLux\\Repo\\Modulux\\Modulux\\modulux\\"
 155      616E695C 
 155      4D656761 
 155      4C75785C 
 155      5265706F 
 156 00a9 6669726D 		.ascii	"firmware\000"
 156      77617265 
 156      00
 157              	.LASF11:
 158 00b2 474E5520 		.ascii	"GNU C 4.5.2\000"
 158      4320342E 
 158      352E3200 
 159              	.LASF12:
 160 00be 2E2E2F2E 		.ascii	"../../../Chibios/os/kernel/src/chlists.c\000"
 160      2E2F2E2E 
 160      2F436869 
 160      62696F73 
 160      2F6F732F 
 161              	.LASF10:
 162 00e7 63686172 		.ascii	"char\000"
 162      00
 163              	.LASF7:
 164 00ec 6C6F6E67 		.ascii	"long long int\000"
 164      206C6F6E 
 164      6720696E 
 164      7400
 165              		.ident	"GCC: (Sourcery G++ Lite 2011.03-42) 4.5.2"
ARM GAS  C:\Users\DNIEL~1\AppData\Local\Temp\ccPA64Z4.s 			page 5


DEFINED SYMBOLS
                            *ABS*:00000000 chlists.c

NO UNDEFINED SYMBOLS
