ARM GAS  C:\Users\srich\AppData\Local\Temp\ccS4gjad.s 			page 1


   1              		.syntax unified
   2              		.cpu cortex-m4
   3              		.fpu softvfp
   4              		.eabi_attribute 20, 1
   5              		.eabi_attribute 21, 1
   6              		.eabi_attribute 23, 3
   7              		.eabi_attribute 24, 1
   8              		.eabi_attribute 25, 1
   9              		.eabi_attribute 26, 1
  10              		.eabi_attribute 30, 2
  11              		.eabi_attribute 34, 1
  12              		.eabi_attribute 18, 4
  13              		.thumb
  14              		.file	"chmemcore.c"
  15              		.text
  16              	.Ltext0:
  17              		.cfi_sections	.debug_frame
  18              		.section	.text._core_init,"ax",%progbits
  19              		.align	2
  20              		.p2align 4,,15
  21              		.global	_core_init
  22              		.thumb
  23              		.thumb_func
  24              		.type	_core_init, %function
  25              	_core_init:
  26              	.LFB7:
  27              		.file 1 "c:\\ChibiStudio\\chibios/os/kernel/src/chmemcore.c"
  28              		.loc 1 66 0
  29              		.cfi_startproc
  30              		@ args = 0, pretend = 0, frame = 0
  31              		@ frame_needed = 0, uses_anonymous_args = 0
  32              		@ link register save eliminated.
  33              		.loc 1 70 0
  34 0000 40F20002 		movw	r2, #:lower16:.LANCHOR0
  35              		.loc 1 71 0
  36 0004 40F20003 		movw	r3, #:lower16:.LANCHOR1
  37 0008 40F20001 		movw	r1, #:lower16:__heap_end__
  38              		.loc 1 70 0
  39 000c 0648     		ldr	r0, .L2
  40 000e C0F20002 		movt	r2, #:upper16:.LANCHOR0
  41              		.loc 1 71 0
  42 0012 C0F20003 		movt	r3, #:upper16:.LANCHOR1
  43 0016 C0F20001 		movt	r1, #:upper16:__heap_end__
  44              		.loc 1 70 0
  45 001a 20F00700 		bic	r0, r0, #7
  46              		.loc 1 71 0
  47 001e 21F00701 		bic	r1, r1, #7
  48              		.loc 1 70 0
  49 0022 1060     		str	r0, [r2, #0]
  50              		.loc 1 71 0
  51 0024 1960     		str	r1, [r3, #0]
  52 0026 7047     		bx	lr
  53              	.L3:
  54              		.align	2
  55              	.L2:
  56 0028 07000000 		.word	__heap_base__+7
  57              		.cfi_endproc
ARM GAS  C:\Users\srich\AppData\Local\Temp\ccS4gjad.s 			page 2


  58              	.LFE7:
  59              		.size	_core_init, .-_core_init
  60 002c AFF30080 		.section	.text.chCoreAlloc,"ax",%progbits
  61              		.align	2
  62              		.p2align 4,,15
  63              		.global	chCoreAlloc
  64              		.thumb
  65              		.thumb_func
  66              		.type	chCoreAlloc, %function
  67              	chCoreAlloc:
  68              	.LFB8:
  69              		.loc 1 91 0
  70              		.cfi_startproc
  71              		@ args = 0, pretend = 0, frame = 0
  72              		@ frame_needed = 0, uses_anonymous_args = 0
  73              		@ link register save eliminated.
  74              	.LVL0:
  75              	.LBB6:
  76              		.loc 1 94 0
  77 0000 2023     		movs	r3, #32
  78              	.LVL1:
  79              	@ 94 "c:\ChibiStudio\chibios/os/kernel/src/chmemcore.c" 1
  80 0002 83F31188 		msr     BASEPRI, r3
  81              	@ 0 "" 2
  82              	.LVL2:
  83              		.thumb
  84              	.LBE6:
  85              	.LBB7:
  86              	.LBB8:
  87              		.loc 1 118 0
  88 0006 094B     		ldr	r3, .L7
  89              	.LVL3:
  90 0008 0949     		ldr	r1, .L7+4
  91 000a 1A68     		ldr	r2, [r3, #0]
  92 000c 0968     		ldr	r1, [r1, #0]
  93              		.loc 1 117 0
  94 000e 0730     		adds	r0, r0, #7
  95              	.LVL4:
  96 0010 20F00700 		bic	r0, r0, #7
  97              	.LVL5:
  98              		.loc 1 118 0
  99 0014 891A     		subs	r1, r1, r2
 100 0016 8842     		cmp	r0, r1
 101              	.LVL6:
 102              		.loc 1 121 0
 103 0018 9ABF     		itte	ls
 104 001a 1018     		addls	r0, r2, r0
 105              	.LVL7:
 106 001c 1860     		strls	r0, [r3, #0]
 107              		.loc 1 119 0
 108 001e 0022     		movhi	r2, #0
 109              	.LVL8:
 110              	.LBE8:
 111              	.LBE7:
 112              	.LBB9:
 113              		.loc 1 96 0
 114 0020 0023     		movs	r3, #0
ARM GAS  C:\Users\srich\AppData\Local\Temp\ccS4gjad.s 			page 3


 115              	.LVL9:
 116              	@ 96 "c:\ChibiStudio\chibios/os/kernel/src/chmemcore.c" 1
 117 0022 83F31188 		msr     BASEPRI, r3
 118              	@ 0 "" 2
 119              	.LVL10:
 120              		.thumb
 121              	.LBE9:
 122              		.loc 1 98 0
 123 0026 1046     		mov	r0, r2
 124 0028 7047     		bx	lr
 125              	.L8:
 126 002a 00BF     		.align	2
 127              	.L7:
 128 002c 00000000 		.word	.LANCHOR0
 129 0030 00000000 		.word	.LANCHOR1
 130              		.cfi_endproc
 131              	.LFE8:
 132              		.size	chCoreAlloc, .-chCoreAlloc
 133 0034 AFF30080 		.section	.text.chCoreAllocI,"ax",%progbits
 133      AFF30080 
 133      AFF30080 
 134              		.align	2
 135              		.p2align 4,,15
 136              		.global	chCoreAllocI
 137              		.thumb
 138              		.thumb_func
 139              		.type	chCoreAllocI, %function
 140              	chCoreAllocI:
 141              	.LFB9:
 142              		.loc 1 112 0
 143              		.cfi_startproc
 144              		@ args = 0, pretend = 0, frame = 0
 145              		@ frame_needed = 0, uses_anonymous_args = 0
 146              		@ link register save eliminated.
 147              	.LVL11:
 148              		.loc 1 118 0
 149 0000 074A     		ldr	r2, .L12
 150 0002 0849     		ldr	r1, .L12+4
 151 0004 1368     		ldr	r3, [r2, #0]
 152 0006 0968     		ldr	r1, [r1, #0]
 153              		.loc 1 117 0
 154 0008 0730     		adds	r0, r0, #7
 155              	.LVL12:
 156 000a 20F00700 		bic	r0, r0, #7
 157              	.LVL13:
 158              		.loc 1 118 0
 159 000e C91A     		subs	r1, r1, r3
 160 0010 8842     		cmp	r0, r1
 161              	.LVL14:
 162              		.loc 1 121 0
 163 0012 9ABF     		itte	ls
 164 0014 1818     		addls	r0, r3, r0
 165              	.LVL15:
 166 0016 1060     		strls	r0, [r2, #0]
 167              		.loc 1 119 0
 168 0018 0023     		movhi	r3, #0
 169              	.LVL16:
ARM GAS  C:\Users\srich\AppData\Local\Temp\ccS4gjad.s 			page 4


 170              		.loc 1 123 0
 171 001a 1846     		mov	r0, r3
 172 001c 7047     		bx	lr
 173              	.L13:
 174 001e 00BF     		.align	2
 175              	.L12:
 176 0020 00000000 		.word	.LANCHOR0
 177 0024 00000000 		.word	.LANCHOR1
 178              		.cfi_endproc
 179              	.LFE9:
 180              		.size	chCoreAllocI, .-chCoreAllocI
 181 0028 AFF30080 		.section	.text.chCoreStatus,"ax",%progbits
 181      AFF30080 
 182              		.align	2
 183              		.p2align 4,,15
 184              		.global	chCoreStatus
 185              		.thumb
 186              		.thumb_func
 187              		.type	chCoreStatus, %function
 188              	chCoreStatus:
 189              	.LFB10:
 190              		.loc 1 132 0
 191              		.cfi_startproc
 192              		@ args = 0, pretend = 0, frame = 0
 193              		@ frame_needed = 0, uses_anonymous_args = 0
 194              		@ link register save eliminated.
 195              		.loc 1 134 0
 196 0000 40F20002 		movw	r2, #:lower16:.LANCHOR1
 197 0004 40F20003 		movw	r3, #:lower16:.LANCHOR0
 198 0008 C0F20002 		movt	r2, #:upper16:.LANCHOR1
 199 000c C0F20003 		movt	r3, #:upper16:.LANCHOR0
 200 0010 1068     		ldr	r0, [r2, #0]
 201 0012 1968     		ldr	r1, [r3, #0]
 202              		.loc 1 135 0
 203 0014 401A     		subs	r0, r0, r1
 204 0016 7047     		bx	lr
 205              		.cfi_endproc
 206              	.LFE10:
 207              		.size	chCoreStatus, .-chCoreStatus
 208 0018 AFF30080 		.section	.bss.endmem,"aw",%nobits
 208      AFF30080 
 209              		.align	2
 210              		.set	.LANCHOR1,. + 0
 211              		.type	endmem, %object
 212              		.size	endmem, 4
 213              	endmem:
 214 0000 00000000 		.space	4
 215              		.section	.bss.nextmem,"aw",%nobits
 216              		.align	2
 217              		.set	.LANCHOR0,. + 0
 218              		.type	nextmem, %object
 219              		.size	nextmem, 4
 220              	nextmem:
 221 0000 00000000 		.space	4
 222              		.text
 223              	.Letext0:
 224              		.file 2 "c:\\chibistudio\\tools\\gnu tools arm embedded\\4.7 2014q2\\bin\\../lib/gcc/arm-none-eabi
ARM GAS  C:\Users\srich\AppData\Local\Temp\ccS4gjad.s 			page 5


 225              		.file 3 "c:\\chibistudio\\tools\\gnu tools arm embedded\\4.7 2014q2\\bin\\../lib/gcc/arm-none-eabi
 226              		.section	.debug_info,"",%progbits
 227              	.Ldebug_info0:
 228 0000 27020000 		.4byte	0x227
 229 0004 0200     		.2byte	0x2
 230 0006 00000000 		.4byte	.Ldebug_abbrev0
 231 000a 04       		.byte	0x4
 232 000b 01       		.uleb128 0x1
 233 000c 3D000000 		.4byte	.LASF19
 234 0010 01       		.byte	0x1
 235 0011 BD000000 		.4byte	.LASF20
 236 0015 00000000 		.4byte	.Ldebug_ranges0+0
 237 0019 00000000 		.4byte	0
 238 001d 00000000 		.4byte	0
 239 0021 00000000 		.4byte	.Ldebug_line0
 240 0025 02       		.uleb128 0x2
 241 0026 04       		.byte	0x4
 242 0027 05       		.byte	0x5
 243 0028 696E7400 		.ascii	"int\000"
 244 002c 03       		.uleb128 0x3
 245 002d 21000000 		.4byte	.LASF2
 246 0031 02       		.byte	0x2
 247 0032 D5       		.byte	0xd5
 248 0033 37000000 		.4byte	0x37
 249 0037 04       		.uleb128 0x4
 250 0038 04       		.byte	0x4
 251 0039 07       		.byte	0x7
 252 003a 67010000 		.4byte	.LASF0
 253 003e 04       		.uleb128 0x4
 254 003f 01       		.byte	0x1
 255 0040 06       		.byte	0x6
 256 0041 41010000 		.4byte	.LASF1
 257 0045 03       		.uleb128 0x3
 258 0046 EE000000 		.4byte	.LASF3
 259 004a 03       		.byte	0x3
 260 004b 2A       		.byte	0x2a
 261 004c 50000000 		.4byte	0x50
 262 0050 04       		.uleb128 0x4
 263 0051 01       		.byte	0x1
 264 0052 08       		.byte	0x8
 265 0053 F6000000 		.4byte	.LASF4
 266 0057 04       		.uleb128 0x4
 267 0058 02       		.byte	0x2
 268 0059 05       		.byte	0x5
 269 005a 5D010000 		.4byte	.LASF5
 270 005e 04       		.uleb128 0x4
 271 005f 02       		.byte	0x2
 272 0060 07       		.byte	0x7
 273 0061 0E000000 		.4byte	.LASF6
 274 0065 04       		.uleb128 0x4
 275 0066 04       		.byte	0x4
 276 0067 05       		.byte	0x5
 277 0068 1E010000 		.4byte	.LASF7
 278 006c 03       		.uleb128 0x3
 279 006d 15010000 		.4byte	.LASF8
 280 0071 03       		.byte	0x3
 281 0072 50       		.byte	0x50
ARM GAS  C:\Users\srich\AppData\Local\Temp\ccS4gjad.s 			page 6


 282 0073 77000000 		.4byte	0x77
 283 0077 04       		.uleb128 0x4
 284 0078 04       		.byte	0x4
 285 0079 07       		.byte	0x7
 286 007a 94000000 		.4byte	.LASF9
 287 007e 04       		.uleb128 0x4
 288 007f 08       		.byte	0x8
 289 0080 05       		.byte	0x5
 290 0081 00000000 		.4byte	.LASF10
 291 0085 04       		.uleb128 0x4
 292 0086 08       		.byte	0x8
 293 0087 07       		.byte	0x7
 294 0088 A6000000 		.4byte	.LASF11
 295 008c 04       		.uleb128 0x4
 296 008d 01       		.byte	0x1
 297 008e 02       		.byte	0x2
 298 008f 27010000 		.4byte	.LASF12
 299 0093 05       		.uleb128 0x5
 300 0094 04       		.byte	0x4
 301 0095 04       		.uleb128 0x4
 302 0096 04       		.byte	0x4
 303 0097 07       		.byte	0x7
 304 0098 74010000 		.4byte	.LASF13
 305 009c 04       		.uleb128 0x4
 306 009d 01       		.byte	0x1
 307 009e 08       		.byte	0x8
 308 009f 04010000 		.4byte	.LASF14
 309 00a3 06       		.uleb128 0x6
 310 00a4 04       		.byte	0x4
 311 00a5 45000000 		.4byte	0x45
 312 00a9 07       		.uleb128 0x7
 313 00aa 01       		.byte	0x1
 314 00ab 34010000 		.4byte	.LASF21
 315 00af 01       		.byte	0x1
 316 00b0 70       		.byte	0x70
 317 00b1 01       		.byte	0x1
 318 00b2 93000000 		.4byte	0x93
 319 00b6 01       		.byte	0x1
 320 00b7 D0000000 		.4byte	0xd0
 321 00bb 08       		.uleb128 0x8
 322 00bc 4D010000 		.4byte	.LASF22
 323 00c0 01       		.byte	0x1
 324 00c1 70       		.byte	0x70
 325 00c2 2C000000 		.4byte	0x2c
 326 00c6 09       		.uleb128 0x9
 327 00c7 7000     		.ascii	"p\000"
 328 00c9 01       		.byte	0x1
 329 00ca 71       		.byte	0x71
 330 00cb 93000000 		.4byte	0x93
 331 00cf 00       		.byte	0
 332 00d0 0A       		.uleb128 0xa
 333 00d1 01       		.byte	0x1
 334 00d2 52010000 		.4byte	.LASF23
 335 00d6 01       		.byte	0x1
 336 00d7 42       		.byte	0x42
 337 00d8 01       		.byte	0x1
 338 00d9 00000000 		.4byte	.LFB7
ARM GAS  C:\Users\srich\AppData\Local\Temp\ccS4gjad.s 			page 7


 339 00dd 2C000000 		.4byte	.LFE7
 340 00e1 02       		.byte	0x2
 341 00e2 7D       		.byte	0x7d
 342 00e3 00       		.sleb128 0
 343 00e4 01       		.byte	0x1
 344 00e5 04010000 		.4byte	0x104
 345 00e9 0B       		.uleb128 0xb
 346 00ea 86000000 		.4byte	.LASF15
 347 00ee 01       		.byte	0x1
 348 00ef 44       		.byte	0x44
 349 00f0 04010000 		.4byte	0x104
 350 00f4 01       		.byte	0x1
 351 00f5 01       		.byte	0x1
 352 00f6 0B       		.uleb128 0xb
 353 00f7 30000000 		.4byte	.LASF16
 354 00fb 01       		.byte	0x1
 355 00fc 45       		.byte	0x45
 356 00fd 04010000 		.4byte	0x104
 357 0101 01       		.byte	0x1
 358 0102 01       		.byte	0x1
 359 0103 00       		.byte	0
 360 0104 0C       		.uleb128 0xc
 361 0105 45000000 		.4byte	0x45
 362 0109 0F010000 		.4byte	0x10f
 363 010d 0D       		.uleb128 0xd
 364 010e 00       		.byte	0
 365 010f 0E       		.uleb128 0xe
 366 0110 01       		.byte	0x1
 367 0111 09010000 		.4byte	.LASF24
 368 0115 01       		.byte	0x1
 369 0116 5B       		.byte	0x5b
 370 0117 01       		.byte	0x1
 371 0118 93000000 		.4byte	0x93
 372 011c 00000000 		.4byte	.LFB8
 373 0120 34000000 		.4byte	.LFE8
 374 0124 02       		.byte	0x2
 375 0125 7D       		.byte	0x7d
 376 0126 00       		.sleb128 0
 377 0127 01       		.byte	0x1
 378 0128 AD010000 		.4byte	0x1ad
 379 012c 0F       		.uleb128 0xf
 380 012d 4D010000 		.4byte	.LASF22
 381 0131 01       		.byte	0x1
 382 0132 5B       		.byte	0x5b
 383 0133 2C000000 		.4byte	0x2c
 384 0137 00000000 		.4byte	.LLST0
 385 013b 10       		.uleb128 0x10
 386 013c 7000     		.ascii	"p\000"
 387 013e 01       		.byte	0x1
 388 013f 5C       		.byte	0x5c
 389 0140 93000000 		.4byte	0x93
 390 0144 01       		.byte	0x1
 391 0145 52       		.byte	0x52
 392 0146 11       		.uleb128 0x11
 393 0147 00000000 		.4byte	.LBB6
 394 014b 06000000 		.4byte	.LBE6
 395 014f 63010000 		.4byte	0x163
ARM GAS  C:\Users\srich\AppData\Local\Temp\ccS4gjad.s 			page 8


 396 0153 12       		.uleb128 0x12
 397 0154 746D7000 		.ascii	"tmp\000"
 398 0158 01       		.byte	0x1
 399 0159 5E       		.byte	0x5e
 400 015a 6C000000 		.4byte	0x6c
 401 015e 2E000000 		.4byte	.LLST1
 402 0162 00       		.byte	0
 403 0163 13       		.uleb128 0x13
 404 0164 A9000000 		.4byte	0xa9
 405 0168 06000000 		.4byte	.LBB7
 406 016c 20000000 		.4byte	.LBE7
 407 0170 01       		.byte	0x1
 408 0171 5F       		.byte	0x5f
 409 0172 93010000 		.4byte	0x193
 410 0176 14       		.uleb128 0x14
 411 0177 BB000000 		.4byte	0xbb
 412 017b 41000000 		.4byte	.LLST2
 413 017f 15       		.uleb128 0x15
 414 0180 06000000 		.4byte	.LBB8
 415 0184 20000000 		.4byte	.LBE8
 416 0188 16       		.uleb128 0x16
 417 0189 C6000000 		.4byte	0xc6
 418 018d 7F000000 		.4byte	.LLST3
 419 0191 00       		.byte	0
 420 0192 00       		.byte	0
 421 0193 15       		.uleb128 0x15
 422 0194 20000000 		.4byte	.LBB9
 423 0198 26000000 		.4byte	.LBE9
 424 019c 12       		.uleb128 0x12
 425 019d 746D7000 		.ascii	"tmp\000"
 426 01a1 01       		.byte	0x1
 427 01a2 60       		.byte	0x60
 428 01a3 6C000000 		.4byte	0x6c
 429 01a7 A1000000 		.4byte	.LLST4
 430 01ab 00       		.byte	0
 431 01ac 00       		.byte	0
 432 01ad 17       		.uleb128 0x17
 433 01ae A9000000 		.4byte	0xa9
 434 01b2 00000000 		.4byte	.LFB9
 435 01b6 28000000 		.4byte	.LFE9
 436 01ba 02       		.byte	0x2
 437 01bb 7D       		.byte	0x7d
 438 01bc 00       		.sleb128 0
 439 01bd 01       		.byte	0x1
 440 01be D5010000 		.4byte	0x1d5
 441 01c2 14       		.uleb128 0x14
 442 01c3 BB000000 		.4byte	0xbb
 443 01c7 B4000000 		.4byte	.LLST5
 444 01cb 16       		.uleb128 0x16
 445 01cc C6000000 		.4byte	0xc6
 446 01d0 F2000000 		.4byte	.LLST6
 447 01d4 00       		.byte	0
 448 01d5 18       		.uleb128 0x18
 449 01d6 01       		.byte	0x1
 450 01d7 7D010000 		.4byte	.LASF25
 451 01db 01       		.byte	0x1
 452 01dc 84       		.byte	0x84
ARM GAS  C:\Users\srich\AppData\Local\Temp\ccS4gjad.s 			page 9


 453 01dd 01       		.byte	0x1
 454 01de 2C000000 		.4byte	0x2c
 455 01e2 00000000 		.4byte	.LFB10
 456 01e6 18000000 		.4byte	.LFE10
 457 01ea 02       		.byte	0x2
 458 01eb 7D       		.byte	0x7d
 459 01ec 00       		.sleb128 0
 460 01ed 01       		.byte	0x1
 461 01ee 19       		.uleb128 0x19
 462 01ef 28000000 		.4byte	.LASF17
 463 01f3 01       		.byte	0x1
 464 01f4 3A       		.byte	0x3a
 465 01f5 A3000000 		.4byte	0xa3
 466 01f9 05       		.byte	0x5
 467 01fa 03       		.byte	0x3
 468 01fb 00000000 		.4byte	nextmem
 469 01ff 19       		.uleb128 0x19
 470 0200 2D010000 		.4byte	.LASF18
 471 0204 01       		.byte	0x1
 472 0205 3B       		.byte	0x3b
 473 0206 A3000000 		.4byte	0xa3
 474 020a 05       		.byte	0x5
 475 020b 03       		.byte	0x3
 476 020c 00000000 		.4byte	endmem
 477 0210 0B       		.uleb128 0xb
 478 0211 86000000 		.4byte	.LASF15
 479 0215 01       		.byte	0x1
 480 0216 44       		.byte	0x44
 481 0217 04010000 		.4byte	0x104
 482 021b 01       		.byte	0x1
 483 021c 01       		.byte	0x1
 484 021d 0B       		.uleb128 0xb
 485 021e 30000000 		.4byte	.LASF16
 486 0222 01       		.byte	0x1
 487 0223 45       		.byte	0x45
 488 0224 04010000 		.4byte	0x104
 489 0228 01       		.byte	0x1
 490 0229 01       		.byte	0x1
 491 022a 00       		.byte	0
 492              		.section	.debug_abbrev,"",%progbits
 493              	.Ldebug_abbrev0:
 494 0000 01       		.uleb128 0x1
 495 0001 11       		.uleb128 0x11
 496 0002 01       		.byte	0x1
 497 0003 25       		.uleb128 0x25
 498 0004 0E       		.uleb128 0xe
 499 0005 13       		.uleb128 0x13
 500 0006 0B       		.uleb128 0xb
 501 0007 03       		.uleb128 0x3
 502 0008 0E       		.uleb128 0xe
 503 0009 55       		.uleb128 0x55
 504 000a 06       		.uleb128 0x6
 505 000b 11       		.uleb128 0x11
 506 000c 01       		.uleb128 0x1
 507 000d 52       		.uleb128 0x52
 508 000e 01       		.uleb128 0x1
 509 000f 10       		.uleb128 0x10
ARM GAS  C:\Users\srich\AppData\Local\Temp\ccS4gjad.s 			page 10


 510 0010 06       		.uleb128 0x6
 511 0011 00       		.byte	0
 512 0012 00       		.byte	0
 513 0013 02       		.uleb128 0x2
 514 0014 24       		.uleb128 0x24
 515 0015 00       		.byte	0
 516 0016 0B       		.uleb128 0xb
 517 0017 0B       		.uleb128 0xb
 518 0018 3E       		.uleb128 0x3e
 519 0019 0B       		.uleb128 0xb
 520 001a 03       		.uleb128 0x3
 521 001b 08       		.uleb128 0x8
 522 001c 00       		.byte	0
 523 001d 00       		.byte	0
 524 001e 03       		.uleb128 0x3
 525 001f 16       		.uleb128 0x16
 526 0020 00       		.byte	0
 527 0021 03       		.uleb128 0x3
 528 0022 0E       		.uleb128 0xe
 529 0023 3A       		.uleb128 0x3a
 530 0024 0B       		.uleb128 0xb
 531 0025 3B       		.uleb128 0x3b
 532 0026 0B       		.uleb128 0xb
 533 0027 49       		.uleb128 0x49
 534 0028 13       		.uleb128 0x13
 535 0029 00       		.byte	0
 536 002a 00       		.byte	0
 537 002b 04       		.uleb128 0x4
 538 002c 24       		.uleb128 0x24
 539 002d 00       		.byte	0
 540 002e 0B       		.uleb128 0xb
 541 002f 0B       		.uleb128 0xb
 542 0030 3E       		.uleb128 0x3e
 543 0031 0B       		.uleb128 0xb
 544 0032 03       		.uleb128 0x3
 545 0033 0E       		.uleb128 0xe
 546 0034 00       		.byte	0
 547 0035 00       		.byte	0
 548 0036 05       		.uleb128 0x5
 549 0037 0F       		.uleb128 0xf
 550 0038 00       		.byte	0
 551 0039 0B       		.uleb128 0xb
 552 003a 0B       		.uleb128 0xb
 553 003b 00       		.byte	0
 554 003c 00       		.byte	0
 555 003d 06       		.uleb128 0x6
 556 003e 0F       		.uleb128 0xf
 557 003f 00       		.byte	0
 558 0040 0B       		.uleb128 0xb
 559 0041 0B       		.uleb128 0xb
 560 0042 49       		.uleb128 0x49
 561 0043 13       		.uleb128 0x13
 562 0044 00       		.byte	0
 563 0045 00       		.byte	0
 564 0046 07       		.uleb128 0x7
 565 0047 2E       		.uleb128 0x2e
 566 0048 01       		.byte	0x1
ARM GAS  C:\Users\srich\AppData\Local\Temp\ccS4gjad.s 			page 11


 567 0049 3F       		.uleb128 0x3f
 568 004a 0C       		.uleb128 0xc
 569 004b 03       		.uleb128 0x3
 570 004c 0E       		.uleb128 0xe
 571 004d 3A       		.uleb128 0x3a
 572 004e 0B       		.uleb128 0xb
 573 004f 3B       		.uleb128 0x3b
 574 0050 0B       		.uleb128 0xb
 575 0051 27       		.uleb128 0x27
 576 0052 0C       		.uleb128 0xc
 577 0053 49       		.uleb128 0x49
 578 0054 13       		.uleb128 0x13
 579 0055 20       		.uleb128 0x20
 580 0056 0B       		.uleb128 0xb
 581 0057 01       		.uleb128 0x1
 582 0058 13       		.uleb128 0x13
 583 0059 00       		.byte	0
 584 005a 00       		.byte	0
 585 005b 08       		.uleb128 0x8
 586 005c 05       		.uleb128 0x5
 587 005d 00       		.byte	0
 588 005e 03       		.uleb128 0x3
 589 005f 0E       		.uleb128 0xe
 590 0060 3A       		.uleb128 0x3a
 591 0061 0B       		.uleb128 0xb
 592 0062 3B       		.uleb128 0x3b
 593 0063 0B       		.uleb128 0xb
 594 0064 49       		.uleb128 0x49
 595 0065 13       		.uleb128 0x13
 596 0066 00       		.byte	0
 597 0067 00       		.byte	0
 598 0068 09       		.uleb128 0x9
 599 0069 34       		.uleb128 0x34
 600 006a 00       		.byte	0
 601 006b 03       		.uleb128 0x3
 602 006c 08       		.uleb128 0x8
 603 006d 3A       		.uleb128 0x3a
 604 006e 0B       		.uleb128 0xb
 605 006f 3B       		.uleb128 0x3b
 606 0070 0B       		.uleb128 0xb
 607 0071 49       		.uleb128 0x49
 608 0072 13       		.uleb128 0x13
 609 0073 00       		.byte	0
 610 0074 00       		.byte	0
 611 0075 0A       		.uleb128 0xa
 612 0076 2E       		.uleb128 0x2e
 613 0077 01       		.byte	0x1
 614 0078 3F       		.uleb128 0x3f
 615 0079 0C       		.uleb128 0xc
 616 007a 03       		.uleb128 0x3
 617 007b 0E       		.uleb128 0xe
 618 007c 3A       		.uleb128 0x3a
 619 007d 0B       		.uleb128 0xb
 620 007e 3B       		.uleb128 0x3b
 621 007f 0B       		.uleb128 0xb
 622 0080 27       		.uleb128 0x27
 623 0081 0C       		.uleb128 0xc
ARM GAS  C:\Users\srich\AppData\Local\Temp\ccS4gjad.s 			page 12


 624 0082 11       		.uleb128 0x11
 625 0083 01       		.uleb128 0x1
 626 0084 12       		.uleb128 0x12
 627 0085 01       		.uleb128 0x1
 628 0086 40       		.uleb128 0x40
 629 0087 0A       		.uleb128 0xa
 630 0088 9742     		.uleb128 0x2117
 631 008a 0C       		.uleb128 0xc
 632 008b 01       		.uleb128 0x1
 633 008c 13       		.uleb128 0x13
 634 008d 00       		.byte	0
 635 008e 00       		.byte	0
 636 008f 0B       		.uleb128 0xb
 637 0090 34       		.uleb128 0x34
 638 0091 00       		.byte	0
 639 0092 03       		.uleb128 0x3
 640 0093 0E       		.uleb128 0xe
 641 0094 3A       		.uleb128 0x3a
 642 0095 0B       		.uleb128 0xb
 643 0096 3B       		.uleb128 0x3b
 644 0097 0B       		.uleb128 0xb
 645 0098 49       		.uleb128 0x49
 646 0099 13       		.uleb128 0x13
 647 009a 3F       		.uleb128 0x3f
 648 009b 0C       		.uleb128 0xc
 649 009c 3C       		.uleb128 0x3c
 650 009d 0C       		.uleb128 0xc
 651 009e 00       		.byte	0
 652 009f 00       		.byte	0
 653 00a0 0C       		.uleb128 0xc
 654 00a1 01       		.uleb128 0x1
 655 00a2 01       		.byte	0x1
 656 00a3 49       		.uleb128 0x49
 657 00a4 13       		.uleb128 0x13
 658 00a5 01       		.uleb128 0x1
 659 00a6 13       		.uleb128 0x13
 660 00a7 00       		.byte	0
 661 00a8 00       		.byte	0
 662 00a9 0D       		.uleb128 0xd
 663 00aa 21       		.uleb128 0x21
 664 00ab 00       		.byte	0
 665 00ac 00       		.byte	0
 666 00ad 00       		.byte	0
 667 00ae 0E       		.uleb128 0xe
 668 00af 2E       		.uleb128 0x2e
 669 00b0 01       		.byte	0x1
 670 00b1 3F       		.uleb128 0x3f
 671 00b2 0C       		.uleb128 0xc
 672 00b3 03       		.uleb128 0x3
 673 00b4 0E       		.uleb128 0xe
 674 00b5 3A       		.uleb128 0x3a
 675 00b6 0B       		.uleb128 0xb
 676 00b7 3B       		.uleb128 0x3b
 677 00b8 0B       		.uleb128 0xb
 678 00b9 27       		.uleb128 0x27
 679 00ba 0C       		.uleb128 0xc
 680 00bb 49       		.uleb128 0x49
ARM GAS  C:\Users\srich\AppData\Local\Temp\ccS4gjad.s 			page 13


 681 00bc 13       		.uleb128 0x13
 682 00bd 11       		.uleb128 0x11
 683 00be 01       		.uleb128 0x1
 684 00bf 12       		.uleb128 0x12
 685 00c0 01       		.uleb128 0x1
 686 00c1 40       		.uleb128 0x40
 687 00c2 0A       		.uleb128 0xa
 688 00c3 9742     		.uleb128 0x2117
 689 00c5 0C       		.uleb128 0xc
 690 00c6 01       		.uleb128 0x1
 691 00c7 13       		.uleb128 0x13
 692 00c8 00       		.byte	0
 693 00c9 00       		.byte	0
 694 00ca 0F       		.uleb128 0xf
 695 00cb 05       		.uleb128 0x5
 696 00cc 00       		.byte	0
 697 00cd 03       		.uleb128 0x3
 698 00ce 0E       		.uleb128 0xe
 699 00cf 3A       		.uleb128 0x3a
 700 00d0 0B       		.uleb128 0xb
 701 00d1 3B       		.uleb128 0x3b
 702 00d2 0B       		.uleb128 0xb
 703 00d3 49       		.uleb128 0x49
 704 00d4 13       		.uleb128 0x13
 705 00d5 02       		.uleb128 0x2
 706 00d6 06       		.uleb128 0x6
 707 00d7 00       		.byte	0
 708 00d8 00       		.byte	0
 709 00d9 10       		.uleb128 0x10
 710 00da 34       		.uleb128 0x34
 711 00db 00       		.byte	0
 712 00dc 03       		.uleb128 0x3
 713 00dd 08       		.uleb128 0x8
 714 00de 3A       		.uleb128 0x3a
 715 00df 0B       		.uleb128 0xb
 716 00e0 3B       		.uleb128 0x3b
 717 00e1 0B       		.uleb128 0xb
 718 00e2 49       		.uleb128 0x49
 719 00e3 13       		.uleb128 0x13
 720 00e4 02       		.uleb128 0x2
 721 00e5 0A       		.uleb128 0xa
 722 00e6 00       		.byte	0
 723 00e7 00       		.byte	0
 724 00e8 11       		.uleb128 0x11
 725 00e9 0B       		.uleb128 0xb
 726 00ea 01       		.byte	0x1
 727 00eb 11       		.uleb128 0x11
 728 00ec 01       		.uleb128 0x1
 729 00ed 12       		.uleb128 0x12
 730 00ee 01       		.uleb128 0x1
 731 00ef 01       		.uleb128 0x1
 732 00f0 13       		.uleb128 0x13
 733 00f1 00       		.byte	0
 734 00f2 00       		.byte	0
 735 00f3 12       		.uleb128 0x12
 736 00f4 34       		.uleb128 0x34
 737 00f5 00       		.byte	0
ARM GAS  C:\Users\srich\AppData\Local\Temp\ccS4gjad.s 			page 14


 738 00f6 03       		.uleb128 0x3
 739 00f7 08       		.uleb128 0x8
 740 00f8 3A       		.uleb128 0x3a
 741 00f9 0B       		.uleb128 0xb
 742 00fa 3B       		.uleb128 0x3b
 743 00fb 0B       		.uleb128 0xb
 744 00fc 49       		.uleb128 0x49
 745 00fd 13       		.uleb128 0x13
 746 00fe 02       		.uleb128 0x2
 747 00ff 06       		.uleb128 0x6
 748 0100 00       		.byte	0
 749 0101 00       		.byte	0
 750 0102 13       		.uleb128 0x13
 751 0103 1D       		.uleb128 0x1d
 752 0104 01       		.byte	0x1
 753 0105 31       		.uleb128 0x31
 754 0106 13       		.uleb128 0x13
 755 0107 11       		.uleb128 0x11
 756 0108 01       		.uleb128 0x1
 757 0109 12       		.uleb128 0x12
 758 010a 01       		.uleb128 0x1
 759 010b 58       		.uleb128 0x58
 760 010c 0B       		.uleb128 0xb
 761 010d 59       		.uleb128 0x59
 762 010e 0B       		.uleb128 0xb
 763 010f 01       		.uleb128 0x1
 764 0110 13       		.uleb128 0x13
 765 0111 00       		.byte	0
 766 0112 00       		.byte	0
 767 0113 14       		.uleb128 0x14
 768 0114 05       		.uleb128 0x5
 769 0115 00       		.byte	0
 770 0116 31       		.uleb128 0x31
 771 0117 13       		.uleb128 0x13
 772 0118 02       		.uleb128 0x2
 773 0119 06       		.uleb128 0x6
 774 011a 00       		.byte	0
 775 011b 00       		.byte	0
 776 011c 15       		.uleb128 0x15
 777 011d 0B       		.uleb128 0xb
 778 011e 01       		.byte	0x1
 779 011f 11       		.uleb128 0x11
 780 0120 01       		.uleb128 0x1
 781 0121 12       		.uleb128 0x12
 782 0122 01       		.uleb128 0x1
 783 0123 00       		.byte	0
 784 0124 00       		.byte	0
 785 0125 16       		.uleb128 0x16
 786 0126 34       		.uleb128 0x34
 787 0127 00       		.byte	0
 788 0128 31       		.uleb128 0x31
 789 0129 13       		.uleb128 0x13
 790 012a 02       		.uleb128 0x2
 791 012b 06       		.uleb128 0x6
 792 012c 00       		.byte	0
 793 012d 00       		.byte	0
 794 012e 17       		.uleb128 0x17
ARM GAS  C:\Users\srich\AppData\Local\Temp\ccS4gjad.s 			page 15


 795 012f 2E       		.uleb128 0x2e
 796 0130 01       		.byte	0x1
 797 0131 31       		.uleb128 0x31
 798 0132 13       		.uleb128 0x13
 799 0133 11       		.uleb128 0x11
 800 0134 01       		.uleb128 0x1
 801 0135 12       		.uleb128 0x12
 802 0136 01       		.uleb128 0x1
 803 0137 40       		.uleb128 0x40
 804 0138 0A       		.uleb128 0xa
 805 0139 9742     		.uleb128 0x2117
 806 013b 0C       		.uleb128 0xc
 807 013c 01       		.uleb128 0x1
 808 013d 13       		.uleb128 0x13
 809 013e 00       		.byte	0
 810 013f 00       		.byte	0
 811 0140 18       		.uleb128 0x18
 812 0141 2E       		.uleb128 0x2e
 813 0142 00       		.byte	0
 814 0143 3F       		.uleb128 0x3f
 815 0144 0C       		.uleb128 0xc
 816 0145 03       		.uleb128 0x3
 817 0146 0E       		.uleb128 0xe
 818 0147 3A       		.uleb128 0x3a
 819 0148 0B       		.uleb128 0xb
 820 0149 3B       		.uleb128 0x3b
 821 014a 0B       		.uleb128 0xb
 822 014b 27       		.uleb128 0x27
 823 014c 0C       		.uleb128 0xc
 824 014d 49       		.uleb128 0x49
 825 014e 13       		.uleb128 0x13
 826 014f 11       		.uleb128 0x11
 827 0150 01       		.uleb128 0x1
 828 0151 12       		.uleb128 0x12
 829 0152 01       		.uleb128 0x1
 830 0153 40       		.uleb128 0x40
 831 0154 0A       		.uleb128 0xa
 832 0155 9742     		.uleb128 0x2117
 833 0157 0C       		.uleb128 0xc
 834 0158 00       		.byte	0
 835 0159 00       		.byte	0
 836 015a 19       		.uleb128 0x19
 837 015b 34       		.uleb128 0x34
 838 015c 00       		.byte	0
 839 015d 03       		.uleb128 0x3
 840 015e 0E       		.uleb128 0xe
 841 015f 3A       		.uleb128 0x3a
 842 0160 0B       		.uleb128 0xb
 843 0161 3B       		.uleb128 0x3b
 844 0162 0B       		.uleb128 0xb
 845 0163 49       		.uleb128 0x49
 846 0164 13       		.uleb128 0x13
 847 0165 02       		.uleb128 0x2
 848 0166 0A       		.uleb128 0xa
 849 0167 00       		.byte	0
 850 0168 00       		.byte	0
 851 0169 00       		.byte	0
ARM GAS  C:\Users\srich\AppData\Local\Temp\ccS4gjad.s 			page 16


 852              		.section	.debug_loc,"",%progbits
 853              	.Ldebug_loc0:
 854              	.LLST0:
 855 0000 00000000 		.4byte	.LVL0
 856 0004 10000000 		.4byte	.LVL4
 857 0008 0100     		.2byte	0x1
 858 000a 50       		.byte	0x50
 859 000b 10000000 		.4byte	.LVL4
 860 000f 14000000 		.4byte	.LVL5
 861 0013 0300     		.2byte	0x3
 862 0015 70       		.byte	0x70
 863 0016 79       		.sleb128 -7
 864 0017 9F       		.byte	0x9f
 865 0018 14000000 		.4byte	.LVL5
 866 001c 34000000 		.4byte	.LFE8
 867 0020 0400     		.2byte	0x4
 868 0022 F3       		.byte	0xf3
 869 0023 01       		.uleb128 0x1
 870 0024 50       		.byte	0x50
 871 0025 9F       		.byte	0x9f
 872 0026 00000000 		.4byte	0
 873 002a 00000000 		.4byte	0
 874              	.LLST1:
 875 002e 06000000 		.4byte	.LVL2
 876 0032 08000000 		.4byte	.LVL3
 877 0036 0100     		.2byte	0x1
 878 0038 53       		.byte	0x53
 879 0039 00000000 		.4byte	0
 880 003d 00000000 		.4byte	0
 881              	.LLST2:
 882 0041 06000000 		.4byte	.LVL2
 883 0045 10000000 		.4byte	.LVL4
 884 0049 0100     		.2byte	0x1
 885 004b 50       		.byte	0x50
 886 004c 10000000 		.4byte	.LVL4
 887 0050 14000000 		.4byte	.LVL5
 888 0054 0300     		.2byte	0x3
 889 0056 70       		.byte	0x70
 890 0057 79       		.sleb128 -7
 891 0058 9F       		.byte	0x9f
 892 0059 14000000 		.4byte	.LVL5
 893 005d 1C000000 		.4byte	.LVL7
 894 0061 0100     		.2byte	0x1
 895 0063 50       		.byte	0x50
 896 0064 1C000000 		.4byte	.LVL7
 897 0068 34000000 		.4byte	.LFE8
 898 006c 0900     		.2byte	0x9
 899 006e F3       		.byte	0xf3
 900 006f 01       		.uleb128 0x1
 901 0070 50       		.byte	0x50
 902 0071 23       		.byte	0x23
 903 0072 07       		.uleb128 0x7
 904 0073 09       		.byte	0x9
 905 0074 F8       		.byte	0xf8
 906 0075 1A       		.byte	0x1a
 907 0076 9F       		.byte	0x9f
 908 0077 00000000 		.4byte	0
ARM GAS  C:\Users\srich\AppData\Local\Temp\ccS4gjad.s 			page 17


 909 007b 00000000 		.4byte	0
 910              	.LLST3:
 911 007f 18000000 		.4byte	.LVL6
 912 0083 20000000 		.4byte	.LVL8
 913 0087 0100     		.2byte	0x1
 914 0089 52       		.byte	0x52
 915 008a 20000000 		.4byte	.LVL8
 916 008e 34000000 		.4byte	.LFE8
 917 0092 0500     		.2byte	0x5
 918 0094 03       		.byte	0x3
 919 0095 00000000 		.4byte	nextmem
 920 0099 00000000 		.4byte	0
 921 009d 00000000 		.4byte	0
 922              	.LLST4:
 923 00a1 26000000 		.4byte	.LVL10
 924 00a5 34000000 		.4byte	.LFE8
 925 00a9 0100     		.2byte	0x1
 926 00ab 53       		.byte	0x53
 927 00ac 00000000 		.4byte	0
 928 00b0 00000000 		.4byte	0
 929              	.LLST5:
 930 00b4 00000000 		.4byte	.LVL11
 931 00b8 0A000000 		.4byte	.LVL12
 932 00bc 0100     		.2byte	0x1
 933 00be 50       		.byte	0x50
 934 00bf 0A000000 		.4byte	.LVL12
 935 00c3 0E000000 		.4byte	.LVL13
 936 00c7 0300     		.2byte	0x3
 937 00c9 70       		.byte	0x70
 938 00ca 79       		.sleb128 -7
 939 00cb 9F       		.byte	0x9f
 940 00cc 0E000000 		.4byte	.LVL13
 941 00d0 16000000 		.4byte	.LVL15
 942 00d4 0100     		.2byte	0x1
 943 00d6 50       		.byte	0x50
 944 00d7 16000000 		.4byte	.LVL15
 945 00db 28000000 		.4byte	.LFE9
 946 00df 0900     		.2byte	0x9
 947 00e1 F3       		.byte	0xf3
 948 00e2 01       		.uleb128 0x1
 949 00e3 50       		.byte	0x50
 950 00e4 23       		.byte	0x23
 951 00e5 07       		.uleb128 0x7
 952 00e6 09       		.byte	0x9
 953 00e7 F8       		.byte	0xf8
 954 00e8 1A       		.byte	0x1a
 955 00e9 9F       		.byte	0x9f
 956 00ea 00000000 		.4byte	0
 957 00ee 00000000 		.4byte	0
 958              	.LLST6:
 959 00f2 12000000 		.4byte	.LVL14
 960 00f6 1A000000 		.4byte	.LVL16
 961 00fa 0100     		.2byte	0x1
 962 00fc 53       		.byte	0x53
 963 00fd 1A000000 		.4byte	.LVL16
 964 0101 28000000 		.4byte	.LFE9
 965 0105 0500     		.2byte	0x5
ARM GAS  C:\Users\srich\AppData\Local\Temp\ccS4gjad.s 			page 18


 966 0107 03       		.byte	0x3
 967 0108 00000000 		.4byte	nextmem
 968 010c 00000000 		.4byte	0
 969 0110 00000000 		.4byte	0
 970              		.section	.debug_aranges,"",%progbits
 971 0000 34000000 		.4byte	0x34
 972 0004 0200     		.2byte	0x2
 973 0006 00000000 		.4byte	.Ldebug_info0
 974 000a 04       		.byte	0x4
 975 000b 00       		.byte	0
 976 000c 0000     		.2byte	0
 977 000e 0000     		.2byte	0
 978 0010 00000000 		.4byte	.LFB7
 979 0014 2C000000 		.4byte	.LFE7-.LFB7
 980 0018 00000000 		.4byte	.LFB8
 981 001c 34000000 		.4byte	.LFE8-.LFB8
 982 0020 00000000 		.4byte	.LFB9
 983 0024 28000000 		.4byte	.LFE9-.LFB9
 984 0028 00000000 		.4byte	.LFB10
 985 002c 18000000 		.4byte	.LFE10-.LFB10
 986 0030 00000000 		.4byte	0
 987 0034 00000000 		.4byte	0
 988              		.section	.debug_ranges,"",%progbits
 989              	.Ldebug_ranges0:
 990 0000 00000000 		.4byte	.LFB7
 991 0004 2C000000 		.4byte	.LFE7
 992 0008 00000000 		.4byte	.LFB8
 993 000c 34000000 		.4byte	.LFE8
 994 0010 00000000 		.4byte	.LFB9
 995 0014 28000000 		.4byte	.LFE9
 996 0018 00000000 		.4byte	.LFB10
 997 001c 18000000 		.4byte	.LFE10
 998 0020 00000000 		.4byte	0
 999 0024 00000000 		.4byte	0
 1000              		.section	.debug_line,"",%progbits
 1001              	.Ldebug_line0:
 1002 0000 9F010000 		.section	.debug_str,"MS",%progbits,1
 1002      02003D01 
 1002      00000201 
 1002      FB0E0D00 
 1002      01010101 
 1003              	.LASF10:
 1004 0000 6C6F6E67 		.ascii	"long long int\000"
 1004      206C6F6E 
 1004      6720696E 
 1004      7400
 1005              	.LASF6:
 1006 000e 73686F72 		.ascii	"short unsigned int\000"
 1006      7420756E 
 1006      7369676E 
 1006      65642069 
 1006      6E7400
 1007              	.LASF2:
 1008 0021 73697A65 		.ascii	"size_t\000"
 1008      5F7400
 1009              	.LASF17:
 1010 0028 6E657874 		.ascii	"nextmem\000"
ARM GAS  C:\Users\srich\AppData\Local\Temp\ccS4gjad.s 			page 19


 1010      6D656D00 
 1011              	.LASF16:
 1012 0030 5F5F6865 		.ascii	"__heap_end__\000"
 1012      61705F65 
 1012      6E645F5F 
 1012      00
 1013              	.LASF19:
 1014 003d 474E5520 		.ascii	"GNU C 4.7.4 20140401 (release) [ARM/embedded-4_7-br"
 1014      4320342E 
 1014      372E3420 
 1014      32303134 
 1014      30343031 
 1015 0070 616E6368 		.ascii	"anch revision 209195]\000"
 1015      20726576 
 1015      6973696F 
 1015      6E203230 
 1015      39313935 
 1016              	.LASF15:
 1017 0086 5F5F6865 		.ascii	"__heap_base__\000"
 1017      61705F62 
 1017      6173655F 
 1017      5F00
 1018              	.LASF9:
 1019 0094 6C6F6E67 		.ascii	"long unsigned int\000"
 1019      20756E73 
 1019      69676E65 
 1019      6420696E 
 1019      7400
 1020              	.LASF11:
 1021 00a6 6C6F6E67 		.ascii	"long long unsigned int\000"
 1021      206C6F6E 
 1021      6720756E 
 1021      7369676E 
 1021      65642069 
 1022              	.LASF20:
 1023 00bd 633A5C43 		.ascii	"c:\\ChibiStudio\\chibios/os/kernel/src/chmemcore.c\000"
 1023      68696269 
 1023      53747564 
 1023      696F5C63 
 1023      68696269 
 1024              	.LASF3:
 1025 00ee 75696E74 		.ascii	"uint8_t\000"
 1025      385F7400 
 1026              	.LASF4:
 1027 00f6 756E7369 		.ascii	"unsigned char\000"
 1027      676E6564 
 1027      20636861 
 1027      7200
 1028              	.LASF14:
 1029 0104 63686172 		.ascii	"char\000"
 1029      00
 1030              	.LASF24:
 1031 0109 6368436F 		.ascii	"chCoreAlloc\000"
 1031      7265416C 
 1031      6C6F6300 
 1032              	.LASF8:
 1033 0115 75696E74 		.ascii	"uint32_t\000"
ARM GAS  C:\Users\srich\AppData\Local\Temp\ccS4gjad.s 			page 20


 1033      33325F74 
 1033      00
 1034              	.LASF7:
 1035 011e 6C6F6E67 		.ascii	"long int\000"
 1035      20696E74 
 1035      00
 1036              	.LASF12:
 1037 0127 5F426F6F 		.ascii	"_Bool\000"
 1037      6C00
 1038              	.LASF18:
 1039 012d 656E646D 		.ascii	"endmem\000"
 1039      656D00
 1040              	.LASF21:
 1041 0134 6368436F 		.ascii	"chCoreAllocI\000"
 1041      7265416C 
 1041      6C6F6349 
 1041      00
 1042              	.LASF1:
 1043 0141 7369676E 		.ascii	"signed char\000"
 1043      65642063 
 1043      68617200 
 1044              	.LASF22:
 1045 014d 73697A65 		.ascii	"size\000"
 1045      00
 1046              	.LASF23:
 1047 0152 5F636F72 		.ascii	"_core_init\000"
 1047      655F696E 
 1047      697400
 1048              	.LASF5:
 1049 015d 73686F72 		.ascii	"short int\000"
 1049      7420696E 
 1049      7400
 1050              	.LASF0:
 1051 0167 756E7369 		.ascii	"unsigned int\000"
 1051      676E6564 
 1051      20696E74 
 1051      00
 1052              	.LASF13:
 1053 0174 73697A65 		.ascii	"sizetype\000"
 1053      74797065 
 1053      00
 1054              	.LASF25:
 1055 017d 6368436F 		.ascii	"chCoreStatus\000"
 1055      72655374 
 1055      61747573 
 1055      00
 1056              		.ident	"GCC: (GNU Tools for ARM Embedded Processors) 4.7.4 20140401 (release) [ARM/embedded-4_7-br
ARM GAS  C:\Users\srich\AppData\Local\Temp\ccS4gjad.s 			page 21


DEFINED SYMBOLS
                            *ABS*:00000000 chmemcore.c
C:\Users\srich\AppData\Local\Temp\ccS4gjad.s:19     .text._core_init:00000000 $t
C:\Users\srich\AppData\Local\Temp\ccS4gjad.s:25     .text._core_init:00000000 _core_init
C:\Users\srich\AppData\Local\Temp\ccS4gjad.s:217    .bss.nextmem:00000000 .LANCHOR0
C:\Users\srich\AppData\Local\Temp\ccS4gjad.s:210    .bss.endmem:00000000 .LANCHOR1
C:\Users\srich\AppData\Local\Temp\ccS4gjad.s:56     .text._core_init:00000028 $d
C:\Users\srich\AppData\Local\Temp\ccS4gjad.s:61     .text.chCoreAlloc:00000000 $t
C:\Users\srich\AppData\Local\Temp\ccS4gjad.s:67     .text.chCoreAlloc:00000000 chCoreAlloc
C:\Users\srich\AppData\Local\Temp\ccS4gjad.s:128    .text.chCoreAlloc:0000002c $d
C:\Users\srich\AppData\Local\Temp\ccS4gjad.s:134    .text.chCoreAllocI:00000000 $t
C:\Users\srich\AppData\Local\Temp\ccS4gjad.s:140    .text.chCoreAllocI:00000000 chCoreAllocI
C:\Users\srich\AppData\Local\Temp\ccS4gjad.s:176    .text.chCoreAllocI:00000020 $d
C:\Users\srich\AppData\Local\Temp\ccS4gjad.s:182    .text.chCoreStatus:00000000 $t
C:\Users\srich\AppData\Local\Temp\ccS4gjad.s:188    .text.chCoreStatus:00000000 chCoreStatus
C:\Users\srich\AppData\Local\Temp\ccS4gjad.s:209    .bss.endmem:00000000 $d
C:\Users\srich\AppData\Local\Temp\ccS4gjad.s:213    .bss.endmem:00000000 endmem
C:\Users\srich\AppData\Local\Temp\ccS4gjad.s:216    .bss.nextmem:00000000 $d
C:\Users\srich\AppData\Local\Temp\ccS4gjad.s:220    .bss.nextmem:00000000 nextmem
                     .debug_frame:00000010 $d
C:\Users\srich\AppData\Local\Temp\ccS4gjad.s:60     .text._core_init:0000002c $t
C:\Users\srich\AppData\Local\Temp\ccS4gjad.s:133    .text.chCoreAlloc:00000034 $t
C:\Users\srich\AppData\Local\Temp\ccS4gjad.s:181    .text.chCoreAllocI:00000028 $t

UNDEFINED SYMBOLS
__heap_end__
__heap_base__
