ARM GAS  C:\Users\srich\AppData\Local\Temp\cclEkJ63.s 			page 1


   1              		.syntax unified
   2              		.cpu cortex-m4
   3              		.fpu softvfp
   4              		.eabi_attribute 20, 1
   5              		.eabi_attribute 21, 1
   6              		.eabi_attribute 23, 3
   7              		.eabi_attribute 24, 1
   8              		.eabi_attribute 25, 1
   9              		.eabi_attribute 26, 1
  10              		.eabi_attribute 30, 2
  11              		.eabi_attribute 34, 1
  12              		.eabi_attribute 18, 4
  13              		.thumb
  14              		.file	"chmsg.c"
  15              		.text
  16              	.Ltext0:
  17              		.cfi_sections	.debug_frame
  18              		.section	.text.chMsgSend,"ax",%progbits
  19              		.align	2
  20              		.p2align 4,,15
  21              		.global	chMsgSend
  22              		.thumb
  23              		.thumb_func
  24              		.type	chMsgSend, %function
  25              	chMsgSend:
  26              	.LFB7:
  27              		.file 1 "c:\\ChibiStudio\\chibios/os/kernel/src/chmsg.c"
  28              		.loc 1 75 0
  29              		.cfi_startproc
  30              		@ args = 0, pretend = 0, frame = 0
  31              		@ frame_needed = 0, uses_anonymous_args = 0
  32              	.LVL0:
  33              		.loc 1 76 0
  34 0000 0E4B     		ldr	r3, .L5
  35              		.loc 1 75 0
  36 0002 70B5     		push	{r4, r5, r6, lr}
  37              	.LCFI0:
  38              		.cfi_def_cfa_offset 16
  39              		.cfi_offset 4, -16
  40              		.cfi_offset 5, -12
  41              		.cfi_offset 6, -8
  42              		.cfi_offset 14, -4
  43              		.loc 1 76 0
  44 0004 9C69     		ldr	r4, [r3, #24]
  45              	.LVL1:
  46              	.LBB10:
  47              		.loc 1 80 0
  48 0006 2023     		movs	r3, #32
  49              	.LVL2:
  50              	@ 80 "c:\ChibiStudio\chibios/os/kernel/src/chmsg.c" 1
  51 0008 83F31188 		msr     BASEPRI, r3
  52              	@ 0 "" 2
  53              	.LVL3:
  54              		.thumb
  55              	.LBE10:
  56              		.loc 1 82 0
  57 000c 00F12C05 		add	r5, r0, #44
ARM GAS  C:\Users\srich\AppData\Local\Temp\cclEkJ63.s 			page 2


  58 0010 6562     		str	r5, [r4, #36]
  59              	.LVL4:
  60              		.loc 1 84 0
  61 0012 067F     		ldrb	r6, [r0, #28]	@ zero_extendqisi2
  62              	.LBB11:
  63              	.LBB12:
  64              		.file 2 "c:\\ChibiStudio\\chibios/os/kernel/include/chinline.h"
  65              		.loc 2 55 0
  66 0014 036B     		ldr	r3, [r0, #48]
  67              	.LVL5:
  68              		.loc 2 54 0
  69 0016 2560     		str	r5, [r4, #0]
  70              	.LBE12:
  71              	.LBE11:
  72              		.loc 1 84 0
  73 0018 0C2E     		cmp	r6, #12
  74              		.loc 1 81 0
  75 001a 6163     		str	r1, [r4, #52]
  76              	.LBB14:
  77              	.LBB13:
  78              		.loc 2 55 0
  79 001c 6360     		str	r3, [r4, #4]
  80              		.loc 2 56 0
  81 001e 0463     		str	r4, [r0, #48]
  82 0020 1C60     		str	r4, [r3, #0]
  83              	.LBE13:
  84              	.LBE14:
  85              		.loc 1 84 0
  86 0022 07D0     		beq	.L4
  87              	.LVL6:
  88              	.L2:
  89              		.loc 1 86 0
  90 0024 0A20     		movs	r0, #10
  91 0026 FFF7FEFF 		bl	chSchGoSleepS
  92              	.LVL7:
  93              		.loc 1 87 0
  94 002a 606A     		ldr	r0, [r4, #36]
  95              	.LVL8:
  96              	.LBB15:
  97              		.loc 1 88 0
  98 002c 0023     		movs	r3, #0
  99              	.LVL9:
 100              	@ 88 "c:\ChibiStudio\chibios/os/kernel/src/chmsg.c" 1
 101 002e 83F31188 		msr     BASEPRI, r3
 102              	@ 0 "" 2
 103              	.LVL10:
 104              		.thumb
 105              	.LBE15:
 106              		.loc 1 90 0
 107 0032 70BD     		pop	{r4, r5, r6, pc}
 108              	.LVL11:
 109              	.L4:
 110              		.loc 1 85 0
 111 0034 FFF7FEFF 		bl	chSchReadyI
 112              	.LVL12:
 113 0038 F4E7     		b	.L2
 114              	.L6:
ARM GAS  C:\Users\srich\AppData\Local\Temp\cclEkJ63.s 			page 3


 115 003a 00BF     		.align	2
 116              	.L5:
 117 003c 00000000 		.word	rlist
 118              		.cfi_endproc
 119              	.LFE7:
 120              		.size	chMsgSend, .-chMsgSend
 121              		.section	.text.chMsgWait,"ax",%progbits
 122              		.align	2
 123              		.p2align 4,,15
 124              		.global	chMsgWait
 125              		.thumb
 126              		.thumb_func
 127              		.type	chMsgWait, %function
 128              	chMsgWait:
 129              	.LFB8:
 130              		.loc 1 106 0
 131              		.cfi_startproc
 132              		@ args = 0, pretend = 0, frame = 0
 133              		@ frame_needed = 0, uses_anonymous_args = 0
 134 0000 10B5     		push	{r4, lr}
 135              	.LCFI1:
 136              		.cfi_def_cfa_offset 8
 137              		.cfi_offset 4, -8
 138              		.cfi_offset 14, -4
 139              	.LBB16:
 140              		.loc 1 109 0
 141 0002 2023     		movs	r3, #32
 142              	.LVL13:
 143              	@ 109 "c:\ChibiStudio\chibios/os/kernel/src/chmsg.c" 1
 144 0004 83F31188 		msr     BASEPRI, r3
 145              	@ 0 "" 2
 146              	.LVL14:
 147              		.thumb
 148              	.LBE16:
 149              		.loc 1 110 0
 150 0008 0B4C     		ldr	r4, .L10
 151 000a A369     		ldr	r3, [r4, #24]
 152              	.LVL15:
 153 000c 1A46     		mov	r2, r3
 154 000e 52F82C0F 		ldr	r0, [r2, #44]!
 155 0012 9042     		cmp	r0, r2
 156 0014 08D0     		beq	.L9
 157              	.L8:
 158              	.LVL16:
 159              	.LBB17:
 160              	.LBB18:
 161              		.loc 2 62 0
 162 0016 0168     		ldr	r1, [r0, #0]
 163 0018 D962     		str	r1, [r3, #44]
 164 001a 4A60     		str	r2, [r1, #4]
 165              	.LBE18:
 166              	.LBE17:
 167              		.loc 1 113 0
 168 001c 0B22     		movs	r2, #11
 169              	.LBB19:
 170              		.loc 1 114 0
 171 001e 0023     		movs	r3, #0
ARM GAS  C:\Users\srich\AppData\Local\Temp\cclEkJ63.s 			page 4


 172              	.LVL17:
 173              	.LBE19:
 174              		.loc 1 113 0
 175 0020 0277     		strb	r2, [r0, #28]
 176              	.LBB20:
 177              		.loc 1 114 0
 178              	@ 114 "c:\ChibiStudio\chibios/os/kernel/src/chmsg.c" 1
 179 0022 83F31188 		msr     BASEPRI, r3
 180              	@ 0 "" 2
 181              	.LVL18:
 182              		.thumb
 183              	.LBE20:
 184              		.loc 1 116 0
 185 0026 10BD     		pop	{r4, pc}
 186              	.LVL19:
 187              	.L9:
 188              		.loc 1 111 0
 189 0028 0C20     		movs	r0, #12
 190 002a FFF7FEFF 		bl	chSchGoSleepS
 191              	.LVL20:
 192 002e A369     		ldr	r3, [r4, #24]
 193 0030 1A46     		mov	r2, r3
 194 0032 52F82C0F 		ldr	r0, [r2, #44]!
 195 0036 EEE7     		b	.L8
 196              	.L11:
 197              		.align	2
 198              	.L10:
 199 0038 00000000 		.word	rlist
 200              		.cfi_endproc
 201              	.LFE8:
 202              		.size	chMsgWait, .-chMsgWait
 203 003c AFF30080 		.section	.text.chMsgRelease,"ax",%progbits
 204              		.align	2
 205              		.p2align 4,,15
 206              		.global	chMsgRelease
 207              		.thumb
 208              		.thumb_func
 209              		.type	chMsgRelease, %function
 210              	chMsgRelease:
 211              	.LFB9:
 212              		.loc 1 128 0
 213              		.cfi_startproc
 214              		@ args = 0, pretend = 0, frame = 0
 215              		@ frame_needed = 0, uses_anonymous_args = 0
 216              	.LVL21:
 217 0000 08B5     		push	{r3, lr}
 218              	.LCFI2:
 219              		.cfi_def_cfa_offset 8
 220              		.cfi_offset 3, -8
 221              		.cfi_offset 14, -4
 222              	.LBB21:
 223              		.loc 1 130 0
 224 0002 2023     		movs	r3, #32
 225              	.LVL22:
 226              	@ 130 "c:\ChibiStudio\chibios/os/kernel/src/chmsg.c" 1
 227 0004 83F31188 		msr     BASEPRI, r3
 228              	@ 0 "" 2
ARM GAS  C:\Users\srich\AppData\Local\Temp\cclEkJ63.s 			page 5


 229              	.LVL23:
 230              		.thumb
 231              	.LBE21:
 232              		.loc 1 133 0
 233 0008 FFF7FEFF 		bl	chSchWakeupS
 234              	.LVL24:
 235              	.LBB22:
 236              		.loc 1 134 0
 237 000c 0023     		movs	r3, #0
 238              	.LVL25:
 239              	@ 134 "c:\ChibiStudio\chibios/os/kernel/src/chmsg.c" 1
 240 000e 83F31188 		msr     BASEPRI, r3
 241              	@ 0 "" 2
 242              	.LVL26:
 243              		.thumb
 244 0012 08BD     		pop	{r3, pc}
 245              	.LBE22:
 246              		.cfi_endproc
 247              	.LFE9:
 248              		.size	chMsgRelease, .-chMsgRelease
 249 0014 AFF30080 		.text
 249      AFF30080 
 249      AFF30080 
 250              	.Letext0:
 251              		.file 3 "c:\\chibistudio\\tools\\gnu tools arm embedded\\4.7 2014q2\\bin\\../lib/gcc/arm-none-eabi
 252              		.file 4 "c:\\ChibiStudio\\chibios/os/ports/GCC/ARMCMx/chtypes.h"
 253              		.file 5 "c:\\ChibiStudio\\chibios/os/kernel/include/chlists.h"
 254              		.file 6 "c:\\ChibiStudio\\chibios/os/kernel/include/chthreads.h"
 255              		.file 7 "c:\\ChibiStudio\\chibios/os/ports/GCC/ARMCMx/chcore_v7m.h"
 256              		.file 8 "c:\\ChibiStudio\\chibios/os/kernel/include/chschd.h"
 257              		.file 9 "c:\\ChibiStudio\\chibios/os/kernel/include/chmtx.h"
 258              		.section	.debug_info,"",%progbits
 259              	.Ldebug_info0:
 260 0000 BE060000 		.4byte	0x6be
 261 0004 0200     		.2byte	0x2
 262 0006 00000000 		.4byte	.Ldebug_abbrev0
 263 000a 04       		.byte	0x4
 264 000b 01       		.uleb128 0x1
 265 000c 46010000 		.4byte	.LASF65
 266 0010 01       		.byte	0x1
 267 0011 19010000 		.4byte	.LASF66
 268 0015 30000000 		.4byte	.Ldebug_ranges0+0x30
 269 0019 00000000 		.4byte	0
 270 001d 00000000 		.4byte	0
 271 0021 00000000 		.4byte	.Ldebug_line0
 272 0025 02       		.uleb128 0x2
 273 0026 04       		.byte	0x4
 274 0027 05       		.byte	0x5
 275 0028 696E7400 		.ascii	"int\000"
 276 002c 03       		.uleb128 0x3
 277 002d 04       		.byte	0x4
 278 002e 07       		.byte	0x7
 279 002f AA000000 		.4byte	.LASF0
 280 0033 03       		.uleb128 0x3
 281 0034 01       		.byte	0x1
 282 0035 06       		.byte	0x6
 283 0036 4F000000 		.4byte	.LASF1
ARM GAS  C:\Users\srich\AppData\Local\Temp\cclEkJ63.s 			page 6


 284 003a 04       		.uleb128 0x4
 285 003b F0020000 		.4byte	.LASF5
 286 003f 03       		.byte	0x3
 287 0040 2A       		.byte	0x2a
 288 0041 45000000 		.4byte	0x45
 289 0045 03       		.uleb128 0x3
 290 0046 01       		.byte	0x1
 291 0047 08       		.byte	0x8
 292 0048 E1010000 		.4byte	.LASF2
 293 004c 03       		.uleb128 0x3
 294 004d 02       		.byte	0x2
 295 004e 05       		.byte	0x5
 296 004f F9010000 		.4byte	.LASF3
 297 0053 03       		.uleb128 0x3
 298 0054 02       		.byte	0x2
 299 0055 07       		.byte	0x7
 300 0056 D1000000 		.4byte	.LASF4
 301 005a 04       		.uleb128 0x4
 302 005b D9010000 		.4byte	.LASF6
 303 005f 03       		.byte	0x3
 304 0060 4F       		.byte	0x4f
 305 0061 65000000 		.4byte	0x65
 306 0065 03       		.uleb128 0x3
 307 0066 04       		.byte	0x4
 308 0067 05       		.byte	0x5
 309 0068 75000000 		.4byte	.LASF7
 310 006c 04       		.uleb128 0x4
 311 006d 5F020000 		.4byte	.LASF8
 312 0071 03       		.byte	0x3
 313 0072 50       		.byte	0x50
 314 0073 77000000 		.4byte	0x77
 315 0077 03       		.uleb128 0x3
 316 0078 04       		.byte	0x4
 317 0079 07       		.byte	0x7
 318 007a B7000000 		.4byte	.LASF9
 319 007e 03       		.uleb128 0x3
 320 007f 08       		.byte	0x8
 321 0080 05       		.byte	0x5
 322 0081 41000000 		.4byte	.LASF10
 323 0085 03       		.uleb128 0x3
 324 0086 08       		.byte	0x8
 325 0087 07       		.byte	0x7
 326 0088 1A000000 		.4byte	.LASF11
 327 008c 03       		.uleb128 0x3
 328 008d 01       		.byte	0x1
 329 008e 02       		.byte	0x2
 330 008f D3010000 		.4byte	.LASF12
 331 0093 04       		.uleb128 0x4
 332 0094 EA000000 		.4byte	.LASF13
 333 0098 04       		.byte	0x4
 334 0099 2C       		.byte	0x2c
 335 009a 3A000000 		.4byte	0x3a
 336 009e 04       		.uleb128 0x4
 337 009f 88000000 		.4byte	.LASF14
 338 00a3 04       		.byte	0x4
 339 00a4 2D       		.byte	0x2d
 340 00a5 3A000000 		.4byte	0x3a
ARM GAS  C:\Users\srich\AppData\Local\Temp\cclEkJ63.s 			page 7


 341 00a9 04       		.uleb128 0x4
 342 00aa BC010000 		.4byte	.LASF15
 343 00ae 04       		.byte	0x4
 344 00af 2E       		.byte	0x2e
 345 00b0 3A000000 		.4byte	0x3a
 346 00b4 04       		.uleb128 0x4
 347 00b5 6B000000 		.4byte	.LASF16
 348 00b9 04       		.byte	0x4
 349 00ba 2F       		.byte	0x2f
 350 00bb 3A000000 		.4byte	0x3a
 351 00bf 04       		.uleb128 0x4
 352 00c0 CB010000 		.4byte	.LASF17
 353 00c4 04       		.byte	0x4
 354 00c5 30       		.byte	0x30
 355 00c6 6C000000 		.4byte	0x6c
 356 00ca 04       		.uleb128 0x4
 357 00cb E4000000 		.4byte	.LASF18
 358 00cf 04       		.byte	0x4
 359 00d0 31       		.byte	0x31
 360 00d1 5A000000 		.4byte	0x5a
 361 00d5 04       		.uleb128 0x4
 362 00d6 FE000000 		.4byte	.LASF19
 363 00da 04       		.byte	0x4
 364 00db 33       		.byte	0x33
 365 00dc 6C000000 		.4byte	0x6c
 366 00e0 04       		.uleb128 0x4
 367 00e1 94020000 		.4byte	.LASF20
 368 00e5 04       		.byte	0x4
 369 00e6 35       		.byte	0x35
 370 00e7 6C000000 		.4byte	0x6c
 371 00eb 04       		.uleb128 0x4
 372 00ec 32020000 		.4byte	.LASF21
 373 00f0 05       		.byte	0x5
 374 00f1 2A       		.byte	0x2a
 375 00f2 F6000000 		.4byte	0xf6
 376 00f6 05       		.uleb128 0x5
 377 00f7 32020000 		.4byte	.LASF21
 378 00fb 48       		.byte	0x48
 379 00fc 06       		.byte	0x6
 380 00fd 5E       		.byte	0x5e
 381 00fe 1B020000 		.4byte	0x21b
 382 0102 06       		.uleb128 0x6
 383 0103 23020000 		.4byte	.LASF22
 384 0107 06       		.byte	0x6
 385 0108 5F       		.byte	0x5f
 386 0109 40020000 		.4byte	0x240
 387 010d 02       		.byte	0x2
 388 010e 23       		.byte	0x23
 389 010f 00       		.uleb128 0
 390 0110 06       		.uleb128 0x6
 391 0111 C4010000 		.4byte	.LASF23
 392 0115 06       		.byte	0x6
 393 0116 61       		.byte	0x61
 394 0117 40020000 		.4byte	0x240
 395 011b 02       		.byte	0x2
 396 011c 23       		.byte	0x23
 397 011d 04       		.uleb128 0x4
ARM GAS  C:\Users\srich\AppData\Local\Temp\cclEkJ63.s 			page 8


 398 011e 06       		.uleb128 0x6
 399 011f 3A000000 		.4byte	.LASF24
 400 0123 06       		.byte	0x6
 401 0124 63       		.byte	0x63
 402 0125 BF000000 		.4byte	0xbf
 403 0129 02       		.byte	0x2
 404 012a 23       		.byte	0x23
 405 012b 08       		.uleb128 0x8
 406 012c 06       		.uleb128 0x6
 407 012d 0E030000 		.4byte	.LASF25
 408 0131 06       		.byte	0x6
 409 0132 64       		.byte	0x64
 410 0133 0E030000 		.4byte	0x30e
 411 0137 02       		.byte	0x2
 412 0138 23       		.byte	0x23
 413 0139 0C       		.uleb128 0xc
 414 013a 06       		.uleb128 0x6
 415 013b 91000000 		.4byte	.LASF26
 416 013f 06       		.byte	0x6
 417 0140 66       		.byte	0x66
 418 0141 40020000 		.4byte	0x240
 419 0145 02       		.byte	0x2
 420 0146 23       		.byte	0x23
 421 0147 10       		.uleb128 0x10
 422 0148 06       		.uleb128 0x6
 423 0149 8F010000 		.4byte	.LASF27
 424 014d 06       		.byte	0x6
 425 014e 67       		.byte	0x67
 426 014f 40020000 		.4byte	0x240
 427 0153 02       		.byte	0x2
 428 0154 23       		.byte	0x23
 429 0155 14       		.uleb128 0x14
 430 0156 06       		.uleb128 0x6
 431 0157 FF020000 		.4byte	.LASF28
 432 015b 06       		.byte	0x6
 433 015c 6E       		.byte	0x6e
 434 015d 22040000 		.4byte	0x422
 435 0161 02       		.byte	0x2
 436 0162 23       		.byte	0x23
 437 0163 18       		.uleb128 0x18
 438 0164 06       		.uleb128 0x6
 439 0165 03020000 		.4byte	.LASF29
 440 0169 06       		.byte	0x6
 441 016a 79       		.byte	0x79
 442 016b 9E000000 		.4byte	0x9e
 443 016f 02       		.byte	0x2
 444 0170 23       		.byte	0x23
 445 0171 1C       		.uleb128 0x1c
 446 0172 06       		.uleb128 0x6
 447 0173 2A020000 		.4byte	.LASF30
 448 0177 06       		.byte	0x6
 449 0178 7D       		.byte	0x7d
 450 0179 93000000 		.4byte	0x93
 451 017d 02       		.byte	0x2
 452 017e 23       		.byte	0x23
 453 017f 1D       		.uleb128 0x1d
 454 0180 06       		.uleb128 0x6
ARM GAS  C:\Users\srich\AppData\Local\Temp\cclEkJ63.s 			page 9


 455 0181 D9020000 		.4byte	.LASF31
 456 0185 06       		.byte	0x6
 457 0186 82       		.byte	0x82
 458 0187 A9000000 		.4byte	0xa9
 459 018b 02       		.byte	0x2
 460 018c 23       		.byte	0x23
 461 018d 1E       		.uleb128 0x1e
 462 018e 06       		.uleb128 0x6
 463 018f 0B020000 		.4byte	.LASF32
 464 0193 06       		.byte	0x6
 465 0194 88       		.byte	0x88
 466 0195 B4000000 		.4byte	0xb4
 467 0199 02       		.byte	0x2
 468 019a 23       		.byte	0x23
 469 019b 1F       		.uleb128 0x1f
 470 019c 06       		.uleb128 0x6
 471 019d A9020000 		.4byte	.LASF33
 472 01a1 06       		.byte	0x6
 473 01a2 8F       		.byte	0x8f
 474 01a3 38030000 		.4byte	0x338
 475 01a7 02       		.byte	0x2
 476 01a8 23       		.byte	0x23
 477 01a9 20       		.uleb128 0x20
 478 01aa 07       		.uleb128 0x7
 479 01ab 705F7500 		.ascii	"p_u\000"
 480 01af 06       		.byte	0x6
 481 01b0 B4       		.byte	0xb4
 482 01b1 ED030000 		.4byte	0x3ed
 483 01b5 02       		.byte	0x2
 484 01b6 23       		.byte	0x23
 485 01b7 24       		.uleb128 0x24
 486 01b8 06       		.uleb128 0x6
 487 01b9 14030000 		.4byte	.LASF34
 488 01bd 06       		.byte	0x6
 489 01be B9       		.byte	0xb9
 490 01bf 68020000 		.4byte	0x268
 491 01c3 02       		.byte	0x2
 492 01c4 23       		.byte	0x23
 493 01c5 28       		.uleb128 0x28
 494 01c6 06       		.uleb128 0x6
 495 01c7 B7020000 		.4byte	.LASF35
 496 01cb 06       		.byte	0x6
 497 01cc BF       		.byte	0xbf
 498 01cd 46020000 		.4byte	0x246
 499 01d1 02       		.byte	0x2
 500 01d2 23       		.byte	0x23
 501 01d3 2C       		.uleb128 0x2c
 502 01d4 06       		.uleb128 0x6
 503 01d5 00000000 		.4byte	.LASF36
 504 01d9 06       		.byte	0x6
 505 01da C3       		.byte	0xc3
 506 01db CA000000 		.4byte	0xca
 507 01df 02       		.byte	0x2
 508 01e0 23       		.byte	0x23
 509 01e1 34       		.uleb128 0x34
 510 01e2 06       		.uleb128 0x6
 511 01e3 54020000 		.4byte	.LASF37
ARM GAS  C:\Users\srich\AppData\Local\Temp\cclEkJ63.s 			page 10


 512 01e7 06       		.byte	0x6
 513 01e8 C9       		.byte	0xc9
 514 01e9 D5000000 		.4byte	0xd5
 515 01ed 02       		.byte	0x2
 516 01ee 23       		.byte	0x23
 517 01ef 38       		.uleb128 0x38
 518 01f0 06       		.uleb128 0x6
 519 01f1 EF010000 		.4byte	.LASF38
 520 01f5 06       		.byte	0x6
 521 01f6 D0       		.byte	0xd0
 522 01f7 34040000 		.4byte	0x434
 523 01fb 02       		.byte	0x2
 524 01fc 23       		.byte	0x23
 525 01fd 3C       		.uleb128 0x3c
 526 01fe 06       		.uleb128 0x6
 527 01ff 9E020000 		.4byte	.LASF39
 528 0203 06       		.byte	0x6
 529 0204 D4       		.byte	0xd4
 530 0205 BF000000 		.4byte	0xbf
 531 0209 02       		.byte	0x2
 532 020a 23       		.byte	0x23
 533 020b 40       		.uleb128 0x40
 534 020c 06       		.uleb128 0x6
 535 020d 5B000000 		.4byte	.LASF40
 536 0211 06       		.byte	0x6
 537 0212 DA       		.byte	0xda
 538 0213 7E020000 		.4byte	0x27e
 539 0217 02       		.byte	0x2
 540 0218 23       		.byte	0x23
 541 0219 44       		.uleb128 0x44
 542 021a 00       		.byte	0
 543 021b 08       		.uleb128 0x8
 544 021c 08       		.byte	0x8
 545 021d 05       		.byte	0x5
 546 021e 61       		.byte	0x61
 547 021f 40020000 		.4byte	0x240
 548 0223 06       		.uleb128 0x6
 549 0224 23020000 		.4byte	.LASF22
 550 0228 05       		.byte	0x5
 551 0229 62       		.byte	0x62
 552 022a 40020000 		.4byte	0x240
 553 022e 02       		.byte	0x2
 554 022f 23       		.byte	0x23
 555 0230 00       		.uleb128 0
 556 0231 06       		.uleb128 0x6
 557 0232 C4010000 		.4byte	.LASF23
 558 0236 05       		.byte	0x5
 559 0237 64       		.byte	0x64
 560 0238 40020000 		.4byte	0x240
 561 023c 02       		.byte	0x2
 562 023d 23       		.byte	0x23
 563 023e 04       		.uleb128 0x4
 564 023f 00       		.byte	0
 565 0240 09       		.uleb128 0x9
 566 0241 04       		.byte	0x4
 567 0242 EB000000 		.4byte	0xeb
 568 0246 04       		.uleb128 0x4
ARM GAS  C:\Users\srich\AppData\Local\Temp\cclEkJ63.s 			page 11


 569 0247 9D010000 		.4byte	.LASF41
 570 024b 05       		.byte	0x5
 571 024c 66       		.byte	0x66
 572 024d 1B020000 		.4byte	0x21b
 573 0251 08       		.uleb128 0x8
 574 0252 04       		.byte	0x4
 575 0253 05       		.byte	0x5
 576 0254 6B       		.byte	0x6b
 577 0255 68020000 		.4byte	0x268
 578 0259 06       		.uleb128 0x6
 579 025a 23020000 		.4byte	.LASF22
 580 025e 05       		.byte	0x5
 581 025f 6D       		.byte	0x6d
 582 0260 40020000 		.4byte	0x240
 583 0264 02       		.byte	0x2
 584 0265 23       		.byte	0x23
 585 0266 00       		.uleb128 0
 586 0267 00       		.byte	0
 587 0268 04       		.uleb128 0x4
 588 0269 F2000000 		.4byte	.LASF42
 589 026d 05       		.byte	0x5
 590 026e 70       		.byte	0x70
 591 026f 51020000 		.4byte	0x251
 592 0273 04       		.uleb128 0x4
 593 0274 A1000000 		.4byte	.LASF43
 594 0278 07       		.byte	0x7
 595 0279 E5       		.byte	0xe5
 596 027a 7E020000 		.4byte	0x27e
 597 027e 0A       		.uleb128 0xa
 598 027f 04       		.byte	0x4
 599 0280 0B       		.uleb128 0xb
 600 0281 B0020000 		.4byte	.LASF44
 601 0285 24       		.byte	0x24
 602 0286 07       		.byte	0x7
 603 0287 0C01     		.2byte	0x10c
 604 0289 0E030000 		.4byte	0x30e
 605 028d 0C       		.uleb128 0xc
 606 028e 723400   		.ascii	"r4\000"
 607 0291 07       		.byte	0x7
 608 0292 1F01     		.2byte	0x11f
 609 0294 73020000 		.4byte	0x273
 610 0298 02       		.byte	0x2
 611 0299 23       		.byte	0x23
 612 029a 00       		.uleb128 0
 613 029b 0C       		.uleb128 0xc
 614 029c 723500   		.ascii	"r5\000"
 615 029f 07       		.byte	0x7
 616 02a0 2001     		.2byte	0x120
 617 02a2 73020000 		.4byte	0x273
 618 02a6 02       		.byte	0x2
 619 02a7 23       		.byte	0x23
 620 02a8 04       		.uleb128 0x4
 621 02a9 0C       		.uleb128 0xc
 622 02aa 723600   		.ascii	"r6\000"
 623 02ad 07       		.byte	0x7
 624 02ae 2101     		.2byte	0x121
 625 02b0 73020000 		.4byte	0x273
ARM GAS  C:\Users\srich\AppData\Local\Temp\cclEkJ63.s 			page 12


 626 02b4 02       		.byte	0x2
 627 02b5 23       		.byte	0x23
 628 02b6 08       		.uleb128 0x8
 629 02b7 0C       		.uleb128 0xc
 630 02b8 723700   		.ascii	"r7\000"
 631 02bb 07       		.byte	0x7
 632 02bc 2201     		.2byte	0x122
 633 02be 73020000 		.4byte	0x273
 634 02c2 02       		.byte	0x2
 635 02c3 23       		.byte	0x23
 636 02c4 0C       		.uleb128 0xc
 637 02c5 0C       		.uleb128 0xc
 638 02c6 723800   		.ascii	"r8\000"
 639 02c9 07       		.byte	0x7
 640 02ca 2301     		.2byte	0x123
 641 02cc 73020000 		.4byte	0x273
 642 02d0 02       		.byte	0x2
 643 02d1 23       		.byte	0x23
 644 02d2 10       		.uleb128 0x10
 645 02d3 0C       		.uleb128 0xc
 646 02d4 723900   		.ascii	"r9\000"
 647 02d7 07       		.byte	0x7
 648 02d8 2401     		.2byte	0x124
 649 02da 73020000 		.4byte	0x273
 650 02de 02       		.byte	0x2
 651 02df 23       		.byte	0x23
 652 02e0 14       		.uleb128 0x14
 653 02e1 0C       		.uleb128 0xc
 654 02e2 72313000 		.ascii	"r10\000"
 655 02e6 07       		.byte	0x7
 656 02e7 2501     		.2byte	0x125
 657 02e9 73020000 		.4byte	0x273
 658 02ed 02       		.byte	0x2
 659 02ee 23       		.byte	0x23
 660 02ef 18       		.uleb128 0x18
 661 02f0 0C       		.uleb128 0xc
 662 02f1 72313100 		.ascii	"r11\000"
 663 02f5 07       		.byte	0x7
 664 02f6 2601     		.2byte	0x126
 665 02f8 73020000 		.4byte	0x273
 666 02fc 02       		.byte	0x2
 667 02fd 23       		.byte	0x23
 668 02fe 1C       		.uleb128 0x1c
 669 02ff 0C       		.uleb128 0xc
 670 0300 6C7200   		.ascii	"lr\000"
 671 0303 07       		.byte	0x7
 672 0304 2701     		.2byte	0x127
 673 0306 73020000 		.4byte	0x273
 674 030a 02       		.byte	0x2
 675 030b 23       		.byte	0x23
 676 030c 20       		.uleb128 0x20
 677 030d 00       		.byte	0
 678 030e 0B       		.uleb128 0xb
 679 030f C9000000 		.4byte	.LASF45
 680 0313 04       		.byte	0x4
 681 0314 07       		.byte	0x7
 682 0315 3101     		.2byte	0x131
ARM GAS  C:\Users\srich\AppData\Local\Temp\cclEkJ63.s 			page 13


 683 0317 2B030000 		.4byte	0x32b
 684 031b 0C       		.uleb128 0xc
 685 031c 72313300 		.ascii	"r13\000"
 686 0320 07       		.byte	0x7
 687 0321 3201     		.2byte	0x132
 688 0323 2B030000 		.4byte	0x32b
 689 0327 02       		.byte	0x2
 690 0328 23       		.byte	0x23
 691 0329 00       		.uleb128 0
 692 032a 00       		.byte	0
 693 032b 09       		.uleb128 0x9
 694 032c 04       		.byte	0x4
 695 032d 80020000 		.4byte	0x280
 696 0331 03       		.uleb128 0x3
 697 0332 04       		.byte	0x4
 698 0333 07       		.byte	0x7
 699 0334 10010000 		.4byte	.LASF46
 700 0338 0D       		.uleb128 0xd
 701 0339 E0000000 		.4byte	0xe0
 702 033d 08       		.uleb128 0x8
 703 033e 1C       		.byte	0x1c
 704 033f 08       		.byte	0x8
 705 0340 5E       		.byte	0x5e
 706 0341 9A030000 		.4byte	0x39a
 707 0345 06       		.uleb128 0x6
 708 0346 68020000 		.4byte	.LASF47
 709 034a 08       		.byte	0x8
 710 034b 5F       		.byte	0x5f
 711 034c 46020000 		.4byte	0x246
 712 0350 02       		.byte	0x2
 713 0351 23       		.byte	0x23
 714 0352 00       		.uleb128 0
 715 0353 06       		.uleb128 0x6
 716 0354 15020000 		.4byte	.LASF48
 717 0358 08       		.byte	0x8
 718 0359 60       		.byte	0x60
 719 035a BF000000 		.4byte	0xbf
 720 035e 02       		.byte	0x2
 721 035f 23       		.byte	0x23
 722 0360 08       		.uleb128 0x8
 723 0361 06       		.uleb128 0x6
 724 0362 97010000 		.4byte	.LASF49
 725 0366 08       		.byte	0x8
 726 0367 62       		.byte	0x62
 727 0368 0E030000 		.4byte	0x30e
 728 036c 02       		.byte	0x2
 729 036d 23       		.byte	0x23
 730 036e 0C       		.uleb128 0xc
 731 036f 06       		.uleb128 0x6
 732 0370 99000000 		.4byte	.LASF50
 733 0374 08       		.byte	0x8
 734 0375 65       		.byte	0x65
 735 0376 40020000 		.4byte	0x240
 736 037a 02       		.byte	0x2
 737 037b 23       		.byte	0x23
 738 037c 10       		.uleb128 0x10
 739 037d 06       		.uleb128 0x6
ARM GAS  C:\Users\srich\AppData\Local\Temp\cclEkJ63.s 			page 14


 740 037e B4010000 		.4byte	.LASF51
 741 0382 08       		.byte	0x8
 742 0383 66       		.byte	0x66
 743 0384 40020000 		.4byte	0x240
 744 0388 02       		.byte	0x2
 745 0389 23       		.byte	0x23
 746 038a 14       		.uleb128 0x14
 747 038b 06       		.uleb128 0x6
 748 038c AA010000 		.4byte	.LASF52
 749 0390 08       		.byte	0x8
 750 0391 69       		.byte	0x69
 751 0392 40020000 		.4byte	0x240
 752 0396 02       		.byte	0x2
 753 0397 23       		.byte	0x23
 754 0398 18       		.uleb128 0x18
 755 0399 00       		.byte	0
 756 039a 04       		.uleb128 0x4
 757 039b E0020000 		.4byte	.LASF53
 758 039f 08       		.byte	0x8
 759 03a0 6B       		.byte	0x6b
 760 03a1 3D030000 		.4byte	0x33d
 761 03a5 05       		.uleb128 0x5
 762 03a6 0A010000 		.4byte	.LASF54
 763 03aa 10       		.byte	0x10
 764 03ab 09       		.byte	0x9
 765 03ac 2C       		.byte	0x2c
 766 03ad DC030000 		.4byte	0x3dc
 767 03b1 06       		.uleb128 0x6
 768 03b2 63000000 		.4byte	.LASF55
 769 03b6 09       		.byte	0x9
 770 03b7 2D       		.byte	0x2d
 771 03b8 46020000 		.4byte	0x246
 772 03bc 02       		.byte	0x2
 773 03bd 23       		.byte	0x23
 774 03be 00       		.uleb128 0
 775 03bf 06       		.uleb128 0x6
 776 03c0 06030000 		.4byte	.LASF56
 777 03c4 09       		.byte	0x9
 778 03c5 2F       		.byte	0x2f
 779 03c6 40020000 		.4byte	0x240
 780 03ca 02       		.byte	0x2
 781 03cb 23       		.byte	0x23
 782 03cc 08       		.uleb128 0x8
 783 03cd 06       		.uleb128 0x6
 784 03ce 8D020000 		.4byte	.LASF57
 785 03d2 09       		.byte	0x9
 786 03d3 31       		.byte	0x31
 787 03d4 DC030000 		.4byte	0x3dc
 788 03d8 02       		.byte	0x2
 789 03d9 23       		.byte	0x23
 790 03da 0C       		.uleb128 0xc
 791 03db 00       		.byte	0
 792 03dc 09       		.uleb128 0x9
 793 03dd 04       		.byte	0x4
 794 03de A5030000 		.4byte	0x3a5
 795 03e2 04       		.uleb128 0x4
 796 03e3 0A010000 		.4byte	.LASF54
ARM GAS  C:\Users\srich\AppData\Local\Temp\cclEkJ63.s 			page 15


 797 03e7 09       		.byte	0x9
 798 03e8 33       		.byte	0x33
 799 03e9 A5030000 		.4byte	0x3a5
 800 03ed 0E       		.uleb128 0xe
 801 03ee 04       		.byte	0x4
 802 03ef 06       		.byte	0x6
 803 03f0 96       		.byte	0x96
 804 03f1 22040000 		.4byte	0x422
 805 03f5 0F       		.uleb128 0xf
 806 03f6 13000000 		.4byte	.LASF58
 807 03fa 06       		.byte	0x6
 808 03fb 9D       		.byte	0x9d
 809 03fc CA000000 		.4byte	0xca
 810 0400 0F       		.uleb128 0xf
 811 0401 31000000 		.4byte	.LASF59
 812 0405 06       		.byte	0x6
 813 0406 A4       		.byte	0xa4
 814 0407 CA000000 		.4byte	0xca
 815 040b 0F       		.uleb128 0xf
 816 040c F8020000 		.4byte	.LASF60
 817 0410 06       		.byte	0x6
 818 0411 AB       		.byte	0xab
 819 0412 7E020000 		.4byte	0x27e
 820 0416 0F       		.uleb128 0xf
 821 0417 1C020000 		.4byte	.LASF61
 822 041b 06       		.byte	0x6
 823 041c B2       		.byte	0xb2
 824 041d D5000000 		.4byte	0xd5
 825 0421 00       		.byte	0
 826 0422 09       		.uleb128 0x9
 827 0423 04       		.byte	0x4
 828 0424 28040000 		.4byte	0x428
 829 0428 10       		.uleb128 0x10
 830 0429 2D040000 		.4byte	0x42d
 831 042d 03       		.uleb128 0x3
 832 042e 01       		.byte	0x1
 833 042f 08       		.byte	0x8
 834 0430 7C020000 		.4byte	.LASF62
 835 0434 09       		.uleb128 0x9
 836 0435 04       		.byte	0x4
 837 0436 E2030000 		.4byte	0x3e2
 838 043a 11       		.uleb128 0x11
 839 043b 06000000 		.4byte	.LASF67
 840 043f 02       		.byte	0x2
 841 0440 34       		.byte	0x34
 842 0441 01       		.byte	0x1
 843 0442 03       		.byte	0x3
 844 0443 5D040000 		.4byte	0x45d
 845 0447 12       		.uleb128 0x12
 846 0448 747000   		.ascii	"tp\000"
 847 044b 02       		.byte	0x2
 848 044c 34       		.byte	0x34
 849 044d 40020000 		.4byte	0x240
 850 0451 12       		.uleb128 0x12
 851 0452 74717000 		.ascii	"tqp\000"
 852 0456 02       		.byte	0x2
 853 0457 34       		.byte	0x34
ARM GAS  C:\Users\srich\AppData\Local\Temp\cclEkJ63.s 			page 16


 854 0458 5D040000 		.4byte	0x45d
 855 045c 00       		.byte	0
 856 045d 09       		.uleb128 0x9
 857 045e 04       		.byte	0x4
 858 045f 46020000 		.4byte	0x246
 859 0463 13       		.uleb128 0x13
 860 0464 81020000 		.4byte	.LASF68
 861 0468 02       		.byte	0x2
 862 0469 3B       		.byte	0x3b
 863 046a 01       		.byte	0x1
 864 046b 40020000 		.4byte	0x240
 865 046f 03       		.byte	0x3
 866 0470 8A040000 		.4byte	0x48a
 867 0474 12       		.uleb128 0x12
 868 0475 74717000 		.ascii	"tqp\000"
 869 0479 02       		.byte	0x2
 870 047a 3B       		.byte	0x3b
 871 047b 5D040000 		.4byte	0x45d
 872 047f 14       		.uleb128 0x14
 873 0480 747000   		.ascii	"tp\000"
 874 0483 02       		.byte	0x2
 875 0484 3C       		.byte	0x3c
 876 0485 40020000 		.4byte	0x240
 877 0489 00       		.byte	0
 878 048a 15       		.uleb128 0x15
 879 048b 01       		.byte	0x1
 880 048c 7E000000 		.4byte	.LASF63
 881 0490 01       		.byte	0x1
 882 0491 4B       		.byte	0x4b
 883 0492 01       		.byte	0x1
 884 0493 CA000000 		.4byte	0xca
 885 0497 00000000 		.4byte	.LFB7
 886 049b 40000000 		.4byte	.LFE7
 887 049f 00000000 		.4byte	.LLST0
 888 04a3 01       		.byte	0x1
 889 04a4 4B050000 		.4byte	0x54b
 890 04a8 16       		.uleb128 0x16
 891 04a9 747000   		.ascii	"tp\000"
 892 04ac 01       		.byte	0x1
 893 04ad 4B       		.byte	0x4b
 894 04ae 40020000 		.4byte	0x240
 895 04b2 20000000 		.4byte	.LLST1
 896 04b6 16       		.uleb128 0x16
 897 04b7 6D736700 		.ascii	"msg\000"
 898 04bb 01       		.byte	0x1
 899 04bc 4B       		.byte	0x4b
 900 04bd CA000000 		.4byte	0xca
 901 04c1 58000000 		.4byte	.LLST2
 902 04c5 17       		.uleb128 0x17
 903 04c6 63747000 		.ascii	"ctp\000"
 904 04ca 01       		.byte	0x1
 905 04cb 4C       		.byte	0x4c
 906 04cc 40020000 		.4byte	0x240
 907 04d0 01       		.byte	0x1
 908 04d1 54       		.byte	0x54
 909 04d2 18       		.uleb128 0x18
 910 04d3 06000000 		.4byte	.LBB10
ARM GAS  C:\Users\srich\AppData\Local\Temp\cclEkJ63.s 			page 17


 911 04d7 0C000000 		.4byte	.LBE10
 912 04db EF040000 		.4byte	0x4ef
 913 04df 19       		.uleb128 0x19
 914 04e0 746D7000 		.ascii	"tmp\000"
 915 04e4 01       		.byte	0x1
 916 04e5 50       		.byte	0x50
 917 04e6 6C000000 		.4byte	0x6c
 918 04ea 9D000000 		.4byte	.LLST3
 919 04ee 00       		.byte	0
 920 04ef 1A       		.uleb128 0x1a
 921 04f0 3A040000 		.4byte	0x43a
 922 04f4 14000000 		.4byte	.LBB11
 923 04f8 00000000 		.4byte	.Ldebug_ranges0+0
 924 04fc 01       		.byte	0x1
 925 04fd 53       		.byte	0x53
 926 04fe 11050000 		.4byte	0x511
 927 0502 1B       		.uleb128 0x1b
 928 0503 51040000 		.4byte	0x451
 929 0507 01       		.byte	0x1
 930 0508 55       		.byte	0x55
 931 0509 1B       		.uleb128 0x1b
 932 050a 47040000 		.4byte	0x447
 933 050e 01       		.byte	0x1
 934 050f 54       		.byte	0x54
 935 0510 00       		.byte	0
 936 0511 18       		.uleb128 0x18
 937 0512 2C000000 		.4byte	.LBB15
 938 0516 32000000 		.4byte	.LBE15
 939 051a 2E050000 		.4byte	0x52e
 940 051e 19       		.uleb128 0x19
 941 051f 746D7000 		.ascii	"tmp\000"
 942 0523 01       		.byte	0x1
 943 0524 58       		.byte	0x58
 944 0525 6C000000 		.4byte	0x6c
 945 0529 B0000000 		.4byte	.LLST4
 946 052d 00       		.byte	0
 947 052e 1C       		.uleb128 0x1c
 948 052f 2A000000 		.4byte	.LVL7
 949 0533 80060000 		.4byte	0x680
 950 0537 41050000 		.4byte	0x541
 951 053b 1D       		.uleb128 0x1d
 952 053c 01       		.byte	0x1
 953 053d 50       		.byte	0x50
 954 053e 01       		.byte	0x1
 955 053f 3A       		.byte	0x3a
 956 0540 00       		.byte	0
 957 0541 1E       		.uleb128 0x1e
 958 0542 38000000 		.4byte	.LVL12
 959 0546 94060000 		.4byte	0x694
 960 054a 00       		.byte	0
 961 054b 15       		.uleb128 0x15
 962 054c 01       		.byte	0x1
 963 054d CF020000 		.4byte	.LASF64
 964 0551 01       		.byte	0x1
 965 0552 6A       		.byte	0x6a
 966 0553 01       		.byte	0x1
 967 0554 40020000 		.4byte	0x240
ARM GAS  C:\Users\srich\AppData\Local\Temp\cclEkJ63.s 			page 18


 968 0558 00000000 		.4byte	.LFB8
 969 055c 3C000000 		.4byte	.LFE8
 970 0560 C3000000 		.4byte	.LLST5
 971 0564 01       		.byte	0x1
 972 0565 E9050000 		.4byte	0x5e9
 973 0569 14       		.uleb128 0x14
 974 056a 747000   		.ascii	"tp\000"
 975 056d 01       		.byte	0x1
 976 056e 6B       		.byte	0x6b
 977 056f 40020000 		.4byte	0x240
 978 0573 18       		.uleb128 0x18
 979 0574 02000000 		.4byte	.LBB16
 980 0578 08000000 		.4byte	.LBE16
 981 057c 90050000 		.4byte	0x590
 982 0580 19       		.uleb128 0x19
 983 0581 746D7000 		.ascii	"tmp\000"
 984 0585 01       		.byte	0x1
 985 0586 6D       		.byte	0x6d
 986 0587 6C000000 		.4byte	0x6c
 987 058b E3000000 		.4byte	.LLST6
 988 058f 00       		.byte	0
 989 0590 1F       		.uleb128 0x1f
 990 0591 63040000 		.4byte	0x463
 991 0595 16000000 		.4byte	.LBB17
 992 0599 1C000000 		.4byte	.LBE17
 993 059d 01       		.byte	0x1
 994 059e 70       		.byte	0x70
 995 059f C0050000 		.4byte	0x5c0
 996 05a3 20       		.uleb128 0x20
 997 05a4 74040000 		.4byte	0x474
 998 05a8 F6000000 		.4byte	.LLST7
 999 05ac 21       		.uleb128 0x21
 1000 05ad 16000000 		.4byte	.LBB18
 1001 05b1 1C000000 		.4byte	.LBE18
 1002 05b5 22       		.uleb128 0x22
 1003 05b6 7F040000 		.4byte	0x47f
 1004 05ba 0B010000 		.4byte	.LLST8
 1005 05be 00       		.byte	0
 1006 05bf 00       		.byte	0
 1007 05c0 23       		.uleb128 0x23
 1008 05c1 18000000 		.4byte	.Ldebug_ranges0+0x18
 1009 05c5 D9050000 		.4byte	0x5d9
 1010 05c9 19       		.uleb128 0x19
 1011 05ca 746D7000 		.ascii	"tmp\000"
 1012 05ce 01       		.byte	0x1
 1013 05cf 72       		.byte	0x72
 1014 05d0 6C000000 		.4byte	0x6c
 1015 05d4 1E010000 		.4byte	.LLST9
 1016 05d8 00       		.byte	0
 1017 05d9 24       		.uleb128 0x24
 1018 05da 2E000000 		.4byte	.LVL20
 1019 05de 80060000 		.4byte	0x680
 1020 05e2 1D       		.uleb128 0x1d
 1021 05e3 01       		.byte	0x1
 1022 05e4 50       		.byte	0x50
 1023 05e5 01       		.byte	0x1
 1024 05e6 3C       		.byte	0x3c
ARM GAS  C:\Users\srich\AppData\Local\Temp\cclEkJ63.s 			page 19


 1025 05e7 00       		.byte	0
 1026 05e8 00       		.byte	0
 1027 05e9 25       		.uleb128 0x25
 1028 05ea 01       		.byte	0x1
 1029 05eb 39020000 		.4byte	.LASF69
 1030 05ef 01       		.byte	0x1
 1031 05f0 80       		.byte	0x80
 1032 05f1 01       		.byte	0x1
 1033 05f2 00000000 		.4byte	.LFB9
 1034 05f6 14000000 		.4byte	.LFE9
 1035 05fa 31010000 		.4byte	.LLST10
 1036 05fe 01       		.byte	0x1
 1037 05ff 73060000 		.4byte	0x673
 1038 0603 16       		.uleb128 0x16
 1039 0604 747000   		.ascii	"tp\000"
 1040 0607 01       		.byte	0x1
 1041 0608 80       		.byte	0x80
 1042 0609 40020000 		.4byte	0x240
 1043 060d 51010000 		.4byte	.LLST11
 1044 0611 16       		.uleb128 0x16
 1045 0612 6D736700 		.ascii	"msg\000"
 1046 0616 01       		.byte	0x1
 1047 0617 80       		.byte	0x80
 1048 0618 CA000000 		.4byte	0xca
 1049 061c 72010000 		.4byte	.LLST12
 1050 0620 18       		.uleb128 0x18
 1051 0621 02000000 		.4byte	.LBB21
 1052 0625 08000000 		.4byte	.LBE21
 1053 0629 3D060000 		.4byte	0x63d
 1054 062d 19       		.uleb128 0x19
 1055 062e 746D7000 		.ascii	"tmp\000"
 1056 0632 01       		.byte	0x1
 1057 0633 82       		.byte	0x82
 1058 0634 6C000000 		.4byte	0x6c
 1059 0638 93010000 		.4byte	.LLST13
 1060 063c 00       		.byte	0
 1061 063d 18       		.uleb128 0x18
 1062 063e 0C000000 		.4byte	.LBB22
 1063 0642 14000000 		.4byte	.LBE22
 1064 0646 5A060000 		.4byte	0x65a
 1065 064a 19       		.uleb128 0x19
 1066 064b 746D7000 		.ascii	"tmp\000"
 1067 064f 01       		.byte	0x1
 1068 0650 86       		.byte	0x86
 1069 0651 6C000000 		.4byte	0x6c
 1070 0655 A6010000 		.4byte	.LLST14
 1071 0659 00       		.byte	0
 1072 065a 24       		.uleb128 0x24
 1073 065b 0C000000 		.4byte	.LVL24
 1074 065f AC060000 		.4byte	0x6ac
 1075 0663 1D       		.uleb128 0x1d
 1076 0664 01       		.byte	0x1
 1077 0665 51       		.byte	0x51
 1078 0666 03       		.byte	0x3
 1079 0667 F3       		.byte	0xf3
 1080 0668 01       		.uleb128 0x1
 1081 0669 51       		.byte	0x51
ARM GAS  C:\Users\srich\AppData\Local\Temp\cclEkJ63.s 			page 20


 1082 066a 1D       		.uleb128 0x1d
 1083 066b 01       		.byte	0x1
 1084 066c 50       		.byte	0x50
 1085 066d 03       		.byte	0x3
 1086 066e F3       		.byte	0xf3
 1087 066f 01       		.uleb128 0x1
 1088 0670 50       		.byte	0x50
 1089 0671 00       		.byte	0
 1090 0672 00       		.byte	0
 1091 0673 26       		.uleb128 0x26
 1092 0674 EA020000 		.4byte	.LASF70
 1093 0678 08       		.byte	0x8
 1094 0679 6F       		.byte	0x6f
 1095 067a 9A030000 		.4byte	0x39a
 1096 067e 01       		.byte	0x1
 1097 067f 01       		.byte	0x1
 1098 0680 27       		.uleb128 0x27
 1099 0681 01       		.byte	0x1
 1100 0682 46020000 		.4byte	.LASF71
 1101 0686 08       		.byte	0x8
 1102 0687 93       		.byte	0x93
 1103 0688 01       		.byte	0x1
 1104 0689 01       		.byte	0x1
 1105 068a 94060000 		.4byte	0x694
 1106 068e 28       		.uleb128 0x28
 1107 068f 9E000000 		.4byte	0x9e
 1108 0693 00       		.byte	0
 1109 0694 29       		.uleb128 0x29
 1110 0695 01       		.byte	0x1
 1111 0696 70020000 		.4byte	.LASF72
 1112 069a 08       		.byte	0x8
 1113 069b 90       		.byte	0x90
 1114 069c 01       		.byte	0x1
 1115 069d 40020000 		.4byte	0x240
 1116 06a1 01       		.byte	0x1
 1117 06a2 AC060000 		.4byte	0x6ac
 1118 06a6 28       		.uleb128 0x28
 1119 06a7 40020000 		.4byte	0x240
 1120 06ab 00       		.byte	0
 1121 06ac 2A       		.uleb128 0x2a
 1122 06ad 01       		.byte	0x1
 1123 06ae C2020000 		.4byte	.LASF73
 1124 06b2 08       		.byte	0x8
 1125 06b3 99       		.byte	0x99
 1126 06b4 01       		.byte	0x1
 1127 06b5 01       		.byte	0x1
 1128 06b6 28       		.uleb128 0x28
 1129 06b7 40020000 		.4byte	0x240
 1130 06bb 28       		.uleb128 0x28
 1131 06bc CA000000 		.4byte	0xca
 1132 06c0 00       		.byte	0
 1133 06c1 00       		.byte	0
 1134              		.section	.debug_abbrev,"",%progbits
 1135              	.Ldebug_abbrev0:
 1136 0000 01       		.uleb128 0x1
 1137 0001 11       		.uleb128 0x11
 1138 0002 01       		.byte	0x1
ARM GAS  C:\Users\srich\AppData\Local\Temp\cclEkJ63.s 			page 21


 1139 0003 25       		.uleb128 0x25
 1140 0004 0E       		.uleb128 0xe
 1141 0005 13       		.uleb128 0x13
 1142 0006 0B       		.uleb128 0xb
 1143 0007 03       		.uleb128 0x3
 1144 0008 0E       		.uleb128 0xe
 1145 0009 55       		.uleb128 0x55
 1146 000a 06       		.uleb128 0x6
 1147 000b 11       		.uleb128 0x11
 1148 000c 01       		.uleb128 0x1
 1149 000d 52       		.uleb128 0x52
 1150 000e 01       		.uleb128 0x1
 1151 000f 10       		.uleb128 0x10
 1152 0010 06       		.uleb128 0x6
 1153 0011 00       		.byte	0
 1154 0012 00       		.byte	0
 1155 0013 02       		.uleb128 0x2
 1156 0014 24       		.uleb128 0x24
 1157 0015 00       		.byte	0
 1158 0016 0B       		.uleb128 0xb
 1159 0017 0B       		.uleb128 0xb
 1160 0018 3E       		.uleb128 0x3e
 1161 0019 0B       		.uleb128 0xb
 1162 001a 03       		.uleb128 0x3
 1163 001b 08       		.uleb128 0x8
 1164 001c 00       		.byte	0
 1165 001d 00       		.byte	0
 1166 001e 03       		.uleb128 0x3
 1167 001f 24       		.uleb128 0x24
 1168 0020 00       		.byte	0
 1169 0021 0B       		.uleb128 0xb
 1170 0022 0B       		.uleb128 0xb
 1171 0023 3E       		.uleb128 0x3e
 1172 0024 0B       		.uleb128 0xb
 1173 0025 03       		.uleb128 0x3
 1174 0026 0E       		.uleb128 0xe
 1175 0027 00       		.byte	0
 1176 0028 00       		.byte	0
 1177 0029 04       		.uleb128 0x4
 1178 002a 16       		.uleb128 0x16
 1179 002b 00       		.byte	0
 1180 002c 03       		.uleb128 0x3
 1181 002d 0E       		.uleb128 0xe
 1182 002e 3A       		.uleb128 0x3a
 1183 002f 0B       		.uleb128 0xb
 1184 0030 3B       		.uleb128 0x3b
 1185 0031 0B       		.uleb128 0xb
 1186 0032 49       		.uleb128 0x49
 1187 0033 13       		.uleb128 0x13
 1188 0034 00       		.byte	0
 1189 0035 00       		.byte	0
 1190 0036 05       		.uleb128 0x5
 1191 0037 13       		.uleb128 0x13
 1192 0038 01       		.byte	0x1
 1193 0039 03       		.uleb128 0x3
 1194 003a 0E       		.uleb128 0xe
 1195 003b 0B       		.uleb128 0xb
ARM GAS  C:\Users\srich\AppData\Local\Temp\cclEkJ63.s 			page 22


 1196 003c 0B       		.uleb128 0xb
 1197 003d 3A       		.uleb128 0x3a
 1198 003e 0B       		.uleb128 0xb
 1199 003f 3B       		.uleb128 0x3b
 1200 0040 0B       		.uleb128 0xb
 1201 0041 01       		.uleb128 0x1
 1202 0042 13       		.uleb128 0x13
 1203 0043 00       		.byte	0
 1204 0044 00       		.byte	0
 1205 0045 06       		.uleb128 0x6
 1206 0046 0D       		.uleb128 0xd
 1207 0047 00       		.byte	0
 1208 0048 03       		.uleb128 0x3
 1209 0049 0E       		.uleb128 0xe
 1210 004a 3A       		.uleb128 0x3a
 1211 004b 0B       		.uleb128 0xb
 1212 004c 3B       		.uleb128 0x3b
 1213 004d 0B       		.uleb128 0xb
 1214 004e 49       		.uleb128 0x49
 1215 004f 13       		.uleb128 0x13
 1216 0050 38       		.uleb128 0x38
 1217 0051 0A       		.uleb128 0xa
 1218 0052 00       		.byte	0
 1219 0053 00       		.byte	0
 1220 0054 07       		.uleb128 0x7
 1221 0055 0D       		.uleb128 0xd
 1222 0056 00       		.byte	0
 1223 0057 03       		.uleb128 0x3
 1224 0058 08       		.uleb128 0x8
 1225 0059 3A       		.uleb128 0x3a
 1226 005a 0B       		.uleb128 0xb
 1227 005b 3B       		.uleb128 0x3b
 1228 005c 0B       		.uleb128 0xb
 1229 005d 49       		.uleb128 0x49
 1230 005e 13       		.uleb128 0x13
 1231 005f 38       		.uleb128 0x38
 1232 0060 0A       		.uleb128 0xa
 1233 0061 00       		.byte	0
 1234 0062 00       		.byte	0
 1235 0063 08       		.uleb128 0x8
 1236 0064 13       		.uleb128 0x13
 1237 0065 01       		.byte	0x1
 1238 0066 0B       		.uleb128 0xb
 1239 0067 0B       		.uleb128 0xb
 1240 0068 3A       		.uleb128 0x3a
 1241 0069 0B       		.uleb128 0xb
 1242 006a 3B       		.uleb128 0x3b
 1243 006b 0B       		.uleb128 0xb
 1244 006c 01       		.uleb128 0x1
 1245 006d 13       		.uleb128 0x13
 1246 006e 00       		.byte	0
 1247 006f 00       		.byte	0
 1248 0070 09       		.uleb128 0x9
 1249 0071 0F       		.uleb128 0xf
 1250 0072 00       		.byte	0
 1251 0073 0B       		.uleb128 0xb
 1252 0074 0B       		.uleb128 0xb
ARM GAS  C:\Users\srich\AppData\Local\Temp\cclEkJ63.s 			page 23


 1253 0075 49       		.uleb128 0x49
 1254 0076 13       		.uleb128 0x13
 1255 0077 00       		.byte	0
 1256 0078 00       		.byte	0
 1257 0079 0A       		.uleb128 0xa
 1258 007a 0F       		.uleb128 0xf
 1259 007b 00       		.byte	0
 1260 007c 0B       		.uleb128 0xb
 1261 007d 0B       		.uleb128 0xb
 1262 007e 00       		.byte	0
 1263 007f 00       		.byte	0
 1264 0080 0B       		.uleb128 0xb
 1265 0081 13       		.uleb128 0x13
 1266 0082 01       		.byte	0x1
 1267 0083 03       		.uleb128 0x3
 1268 0084 0E       		.uleb128 0xe
 1269 0085 0B       		.uleb128 0xb
 1270 0086 0B       		.uleb128 0xb
 1271 0087 3A       		.uleb128 0x3a
 1272 0088 0B       		.uleb128 0xb
 1273 0089 3B       		.uleb128 0x3b
 1274 008a 05       		.uleb128 0x5
 1275 008b 01       		.uleb128 0x1
 1276 008c 13       		.uleb128 0x13
 1277 008d 00       		.byte	0
 1278 008e 00       		.byte	0
 1279 008f 0C       		.uleb128 0xc
 1280 0090 0D       		.uleb128 0xd
 1281 0091 00       		.byte	0
 1282 0092 03       		.uleb128 0x3
 1283 0093 08       		.uleb128 0x8
 1284 0094 3A       		.uleb128 0x3a
 1285 0095 0B       		.uleb128 0xb
 1286 0096 3B       		.uleb128 0x3b
 1287 0097 05       		.uleb128 0x5
 1288 0098 49       		.uleb128 0x49
 1289 0099 13       		.uleb128 0x13
 1290 009a 38       		.uleb128 0x38
 1291 009b 0A       		.uleb128 0xa
 1292 009c 00       		.byte	0
 1293 009d 00       		.byte	0
 1294 009e 0D       		.uleb128 0xd
 1295 009f 35       		.uleb128 0x35
 1296 00a0 00       		.byte	0
 1297 00a1 49       		.uleb128 0x49
 1298 00a2 13       		.uleb128 0x13
 1299 00a3 00       		.byte	0
 1300 00a4 00       		.byte	0
 1301 00a5 0E       		.uleb128 0xe
 1302 00a6 17       		.uleb128 0x17
 1303 00a7 01       		.byte	0x1
 1304 00a8 0B       		.uleb128 0xb
 1305 00a9 0B       		.uleb128 0xb
 1306 00aa 3A       		.uleb128 0x3a
 1307 00ab 0B       		.uleb128 0xb
 1308 00ac 3B       		.uleb128 0x3b
 1309 00ad 0B       		.uleb128 0xb
ARM GAS  C:\Users\srich\AppData\Local\Temp\cclEkJ63.s 			page 24


 1310 00ae 01       		.uleb128 0x1
 1311 00af 13       		.uleb128 0x13
 1312 00b0 00       		.byte	0
 1313 00b1 00       		.byte	0
 1314 00b2 0F       		.uleb128 0xf
 1315 00b3 0D       		.uleb128 0xd
 1316 00b4 00       		.byte	0
 1317 00b5 03       		.uleb128 0x3
 1318 00b6 0E       		.uleb128 0xe
 1319 00b7 3A       		.uleb128 0x3a
 1320 00b8 0B       		.uleb128 0xb
 1321 00b9 3B       		.uleb128 0x3b
 1322 00ba 0B       		.uleb128 0xb
 1323 00bb 49       		.uleb128 0x49
 1324 00bc 13       		.uleb128 0x13
 1325 00bd 00       		.byte	0
 1326 00be 00       		.byte	0
 1327 00bf 10       		.uleb128 0x10
 1328 00c0 26       		.uleb128 0x26
 1329 00c1 00       		.byte	0
 1330 00c2 49       		.uleb128 0x49
 1331 00c3 13       		.uleb128 0x13
 1332 00c4 00       		.byte	0
 1333 00c5 00       		.byte	0
 1334 00c6 11       		.uleb128 0x11
 1335 00c7 2E       		.uleb128 0x2e
 1336 00c8 01       		.byte	0x1
 1337 00c9 03       		.uleb128 0x3
 1338 00ca 0E       		.uleb128 0xe
 1339 00cb 3A       		.uleb128 0x3a
 1340 00cc 0B       		.uleb128 0xb
 1341 00cd 3B       		.uleb128 0x3b
 1342 00ce 0B       		.uleb128 0xb
 1343 00cf 27       		.uleb128 0x27
 1344 00d0 0C       		.uleb128 0xc
 1345 00d1 20       		.uleb128 0x20
 1346 00d2 0B       		.uleb128 0xb
 1347 00d3 01       		.uleb128 0x1
 1348 00d4 13       		.uleb128 0x13
 1349 00d5 00       		.byte	0
 1350 00d6 00       		.byte	0
 1351 00d7 12       		.uleb128 0x12
 1352 00d8 05       		.uleb128 0x5
 1353 00d9 00       		.byte	0
 1354 00da 03       		.uleb128 0x3
 1355 00db 08       		.uleb128 0x8
 1356 00dc 3A       		.uleb128 0x3a
 1357 00dd 0B       		.uleb128 0xb
 1358 00de 3B       		.uleb128 0x3b
 1359 00df 0B       		.uleb128 0xb
 1360 00e0 49       		.uleb128 0x49
 1361 00e1 13       		.uleb128 0x13
 1362 00e2 00       		.byte	0
 1363 00e3 00       		.byte	0
 1364 00e4 13       		.uleb128 0x13
 1365 00e5 2E       		.uleb128 0x2e
 1366 00e6 01       		.byte	0x1
ARM GAS  C:\Users\srich\AppData\Local\Temp\cclEkJ63.s 			page 25


 1367 00e7 03       		.uleb128 0x3
 1368 00e8 0E       		.uleb128 0xe
 1369 00e9 3A       		.uleb128 0x3a
 1370 00ea 0B       		.uleb128 0xb
 1371 00eb 3B       		.uleb128 0x3b
 1372 00ec 0B       		.uleb128 0xb
 1373 00ed 27       		.uleb128 0x27
 1374 00ee 0C       		.uleb128 0xc
 1375 00ef 49       		.uleb128 0x49
 1376 00f0 13       		.uleb128 0x13
 1377 00f1 20       		.uleb128 0x20
 1378 00f2 0B       		.uleb128 0xb
 1379 00f3 01       		.uleb128 0x1
 1380 00f4 13       		.uleb128 0x13
 1381 00f5 00       		.byte	0
 1382 00f6 00       		.byte	0
 1383 00f7 14       		.uleb128 0x14
 1384 00f8 34       		.uleb128 0x34
 1385 00f9 00       		.byte	0
 1386 00fa 03       		.uleb128 0x3
 1387 00fb 08       		.uleb128 0x8
 1388 00fc 3A       		.uleb128 0x3a
 1389 00fd 0B       		.uleb128 0xb
 1390 00fe 3B       		.uleb128 0x3b
 1391 00ff 0B       		.uleb128 0xb
 1392 0100 49       		.uleb128 0x49
 1393 0101 13       		.uleb128 0x13
 1394 0102 00       		.byte	0
 1395 0103 00       		.byte	0
 1396 0104 15       		.uleb128 0x15
 1397 0105 2E       		.uleb128 0x2e
 1398 0106 01       		.byte	0x1
 1399 0107 3F       		.uleb128 0x3f
 1400 0108 0C       		.uleb128 0xc
 1401 0109 03       		.uleb128 0x3
 1402 010a 0E       		.uleb128 0xe
 1403 010b 3A       		.uleb128 0x3a
 1404 010c 0B       		.uleb128 0xb
 1405 010d 3B       		.uleb128 0x3b
 1406 010e 0B       		.uleb128 0xb
 1407 010f 27       		.uleb128 0x27
 1408 0110 0C       		.uleb128 0xc
 1409 0111 49       		.uleb128 0x49
 1410 0112 13       		.uleb128 0x13
 1411 0113 11       		.uleb128 0x11
 1412 0114 01       		.uleb128 0x1
 1413 0115 12       		.uleb128 0x12
 1414 0116 01       		.uleb128 0x1
 1415 0117 40       		.uleb128 0x40
 1416 0118 06       		.uleb128 0x6
 1417 0119 9742     		.uleb128 0x2117
 1418 011b 0C       		.uleb128 0xc
 1419 011c 01       		.uleb128 0x1
 1420 011d 13       		.uleb128 0x13
 1421 011e 00       		.byte	0
 1422 011f 00       		.byte	0
 1423 0120 16       		.uleb128 0x16
ARM GAS  C:\Users\srich\AppData\Local\Temp\cclEkJ63.s 			page 26


 1424 0121 05       		.uleb128 0x5
 1425 0122 00       		.byte	0
 1426 0123 03       		.uleb128 0x3
 1427 0124 08       		.uleb128 0x8
 1428 0125 3A       		.uleb128 0x3a
 1429 0126 0B       		.uleb128 0xb
 1430 0127 3B       		.uleb128 0x3b
 1431 0128 0B       		.uleb128 0xb
 1432 0129 49       		.uleb128 0x49
 1433 012a 13       		.uleb128 0x13
 1434 012b 02       		.uleb128 0x2
 1435 012c 06       		.uleb128 0x6
 1436 012d 00       		.byte	0
 1437 012e 00       		.byte	0
 1438 012f 17       		.uleb128 0x17
 1439 0130 34       		.uleb128 0x34
 1440 0131 00       		.byte	0
 1441 0132 03       		.uleb128 0x3
 1442 0133 08       		.uleb128 0x8
 1443 0134 3A       		.uleb128 0x3a
 1444 0135 0B       		.uleb128 0xb
 1445 0136 3B       		.uleb128 0x3b
 1446 0137 0B       		.uleb128 0xb
 1447 0138 49       		.uleb128 0x49
 1448 0139 13       		.uleb128 0x13
 1449 013a 02       		.uleb128 0x2
 1450 013b 0A       		.uleb128 0xa
 1451 013c 00       		.byte	0
 1452 013d 00       		.byte	0
 1453 013e 18       		.uleb128 0x18
 1454 013f 0B       		.uleb128 0xb
 1455 0140 01       		.byte	0x1
 1456 0141 11       		.uleb128 0x11
 1457 0142 01       		.uleb128 0x1
 1458 0143 12       		.uleb128 0x12
 1459 0144 01       		.uleb128 0x1
 1460 0145 01       		.uleb128 0x1
 1461 0146 13       		.uleb128 0x13
 1462 0147 00       		.byte	0
 1463 0148 00       		.byte	0
 1464 0149 19       		.uleb128 0x19
 1465 014a 34       		.uleb128 0x34
 1466 014b 00       		.byte	0
 1467 014c 03       		.uleb128 0x3
 1468 014d 08       		.uleb128 0x8
 1469 014e 3A       		.uleb128 0x3a
 1470 014f 0B       		.uleb128 0xb
 1471 0150 3B       		.uleb128 0x3b
 1472 0151 0B       		.uleb128 0xb
 1473 0152 49       		.uleb128 0x49
 1474 0153 13       		.uleb128 0x13
 1475 0154 02       		.uleb128 0x2
 1476 0155 06       		.uleb128 0x6
 1477 0156 00       		.byte	0
 1478 0157 00       		.byte	0
 1479 0158 1A       		.uleb128 0x1a
 1480 0159 1D       		.uleb128 0x1d
ARM GAS  C:\Users\srich\AppData\Local\Temp\cclEkJ63.s 			page 27


 1481 015a 01       		.byte	0x1
 1482 015b 31       		.uleb128 0x31
 1483 015c 13       		.uleb128 0x13
 1484 015d 52       		.uleb128 0x52
 1485 015e 01       		.uleb128 0x1
 1486 015f 55       		.uleb128 0x55
 1487 0160 06       		.uleb128 0x6
 1488 0161 58       		.uleb128 0x58
 1489 0162 0B       		.uleb128 0xb
 1490 0163 59       		.uleb128 0x59
 1491 0164 0B       		.uleb128 0xb
 1492 0165 01       		.uleb128 0x1
 1493 0166 13       		.uleb128 0x13
 1494 0167 00       		.byte	0
 1495 0168 00       		.byte	0
 1496 0169 1B       		.uleb128 0x1b
 1497 016a 05       		.uleb128 0x5
 1498 016b 00       		.byte	0
 1499 016c 31       		.uleb128 0x31
 1500 016d 13       		.uleb128 0x13
 1501 016e 02       		.uleb128 0x2
 1502 016f 0A       		.uleb128 0xa
 1503 0170 00       		.byte	0
 1504 0171 00       		.byte	0
 1505 0172 1C       		.uleb128 0x1c
 1506 0173 898201   		.uleb128 0x4109
 1507 0176 01       		.byte	0x1
 1508 0177 11       		.uleb128 0x11
 1509 0178 01       		.uleb128 0x1
 1510 0179 31       		.uleb128 0x31
 1511 017a 13       		.uleb128 0x13
 1512 017b 01       		.uleb128 0x1
 1513 017c 13       		.uleb128 0x13
 1514 017d 00       		.byte	0
 1515 017e 00       		.byte	0
 1516 017f 1D       		.uleb128 0x1d
 1517 0180 8A8201   		.uleb128 0x410a
 1518 0183 00       		.byte	0
 1519 0184 02       		.uleb128 0x2
 1520 0185 0A       		.uleb128 0xa
 1521 0186 9142     		.uleb128 0x2111
 1522 0188 0A       		.uleb128 0xa
 1523 0189 00       		.byte	0
 1524 018a 00       		.byte	0
 1525 018b 1E       		.uleb128 0x1e
 1526 018c 898201   		.uleb128 0x4109
 1527 018f 00       		.byte	0
 1528 0190 11       		.uleb128 0x11
 1529 0191 01       		.uleb128 0x1
 1530 0192 31       		.uleb128 0x31
 1531 0193 13       		.uleb128 0x13
 1532 0194 00       		.byte	0
 1533 0195 00       		.byte	0
 1534 0196 1F       		.uleb128 0x1f
 1535 0197 1D       		.uleb128 0x1d
 1536 0198 01       		.byte	0x1
 1537 0199 31       		.uleb128 0x31
ARM GAS  C:\Users\srich\AppData\Local\Temp\cclEkJ63.s 			page 28


 1538 019a 13       		.uleb128 0x13
 1539 019b 11       		.uleb128 0x11
 1540 019c 01       		.uleb128 0x1
 1541 019d 12       		.uleb128 0x12
 1542 019e 01       		.uleb128 0x1
 1543 019f 58       		.uleb128 0x58
 1544 01a0 0B       		.uleb128 0xb
 1545 01a1 59       		.uleb128 0x59
 1546 01a2 0B       		.uleb128 0xb
 1547 01a3 01       		.uleb128 0x1
 1548 01a4 13       		.uleb128 0x13
 1549 01a5 00       		.byte	0
 1550 01a6 00       		.byte	0
 1551 01a7 20       		.uleb128 0x20
 1552 01a8 05       		.uleb128 0x5
 1553 01a9 00       		.byte	0
 1554 01aa 31       		.uleb128 0x31
 1555 01ab 13       		.uleb128 0x13
 1556 01ac 02       		.uleb128 0x2
 1557 01ad 06       		.uleb128 0x6
 1558 01ae 00       		.byte	0
 1559 01af 00       		.byte	0
 1560 01b0 21       		.uleb128 0x21
 1561 01b1 0B       		.uleb128 0xb
 1562 01b2 01       		.byte	0x1
 1563 01b3 11       		.uleb128 0x11
 1564 01b4 01       		.uleb128 0x1
 1565 01b5 12       		.uleb128 0x12
 1566 01b6 01       		.uleb128 0x1
 1567 01b7 00       		.byte	0
 1568 01b8 00       		.byte	0
 1569 01b9 22       		.uleb128 0x22
 1570 01ba 34       		.uleb128 0x34
 1571 01bb 00       		.byte	0
 1572 01bc 31       		.uleb128 0x31
 1573 01bd 13       		.uleb128 0x13
 1574 01be 02       		.uleb128 0x2
 1575 01bf 06       		.uleb128 0x6
 1576 01c0 00       		.byte	0
 1577 01c1 00       		.byte	0
 1578 01c2 23       		.uleb128 0x23
 1579 01c3 0B       		.uleb128 0xb
 1580 01c4 01       		.byte	0x1
 1581 01c5 55       		.uleb128 0x55
 1582 01c6 06       		.uleb128 0x6
 1583 01c7 01       		.uleb128 0x1
 1584 01c8 13       		.uleb128 0x13
 1585 01c9 00       		.byte	0
 1586 01ca 00       		.byte	0
 1587 01cb 24       		.uleb128 0x24
 1588 01cc 898201   		.uleb128 0x4109
 1589 01cf 01       		.byte	0x1
 1590 01d0 11       		.uleb128 0x11
 1591 01d1 01       		.uleb128 0x1
 1592 01d2 31       		.uleb128 0x31
 1593 01d3 13       		.uleb128 0x13
 1594 01d4 00       		.byte	0
ARM GAS  C:\Users\srich\AppData\Local\Temp\cclEkJ63.s 			page 29


 1595 01d5 00       		.byte	0
 1596 01d6 25       		.uleb128 0x25
 1597 01d7 2E       		.uleb128 0x2e
 1598 01d8 01       		.byte	0x1
 1599 01d9 3F       		.uleb128 0x3f
 1600 01da 0C       		.uleb128 0xc
 1601 01db 03       		.uleb128 0x3
 1602 01dc 0E       		.uleb128 0xe
 1603 01dd 3A       		.uleb128 0x3a
 1604 01de 0B       		.uleb128 0xb
 1605 01df 3B       		.uleb128 0x3b
 1606 01e0 0B       		.uleb128 0xb
 1607 01e1 27       		.uleb128 0x27
 1608 01e2 0C       		.uleb128 0xc
 1609 01e3 11       		.uleb128 0x11
 1610 01e4 01       		.uleb128 0x1
 1611 01e5 12       		.uleb128 0x12
 1612 01e6 01       		.uleb128 0x1
 1613 01e7 40       		.uleb128 0x40
 1614 01e8 06       		.uleb128 0x6
 1615 01e9 9742     		.uleb128 0x2117
 1616 01eb 0C       		.uleb128 0xc
 1617 01ec 01       		.uleb128 0x1
 1618 01ed 13       		.uleb128 0x13
 1619 01ee 00       		.byte	0
 1620 01ef 00       		.byte	0
 1621 01f0 26       		.uleb128 0x26
 1622 01f1 34       		.uleb128 0x34
 1623 01f2 00       		.byte	0
 1624 01f3 03       		.uleb128 0x3
 1625 01f4 0E       		.uleb128 0xe
 1626 01f5 3A       		.uleb128 0x3a
 1627 01f6 0B       		.uleb128 0xb
 1628 01f7 3B       		.uleb128 0x3b
 1629 01f8 0B       		.uleb128 0xb
 1630 01f9 49       		.uleb128 0x49
 1631 01fa 13       		.uleb128 0x13
 1632 01fb 3F       		.uleb128 0x3f
 1633 01fc 0C       		.uleb128 0xc
 1634 01fd 3C       		.uleb128 0x3c
 1635 01fe 0C       		.uleb128 0xc
 1636 01ff 00       		.byte	0
 1637 0200 00       		.byte	0
 1638 0201 27       		.uleb128 0x27
 1639 0202 2E       		.uleb128 0x2e
 1640 0203 01       		.byte	0x1
 1641 0204 3F       		.uleb128 0x3f
 1642 0205 0C       		.uleb128 0xc
 1643 0206 03       		.uleb128 0x3
 1644 0207 0E       		.uleb128 0xe
 1645 0208 3A       		.uleb128 0x3a
 1646 0209 0B       		.uleb128 0xb
 1647 020a 3B       		.uleb128 0x3b
 1648 020b 0B       		.uleb128 0xb
 1649 020c 27       		.uleb128 0x27
 1650 020d 0C       		.uleb128 0xc
 1651 020e 3C       		.uleb128 0x3c
ARM GAS  C:\Users\srich\AppData\Local\Temp\cclEkJ63.s 			page 30


 1652 020f 0C       		.uleb128 0xc
 1653 0210 01       		.uleb128 0x1
 1654 0211 13       		.uleb128 0x13
 1655 0212 00       		.byte	0
 1656 0213 00       		.byte	0
 1657 0214 28       		.uleb128 0x28
 1658 0215 05       		.uleb128 0x5
 1659 0216 00       		.byte	0
 1660 0217 49       		.uleb128 0x49
 1661 0218 13       		.uleb128 0x13
 1662 0219 00       		.byte	0
 1663 021a 00       		.byte	0
 1664 021b 29       		.uleb128 0x29
 1665 021c 2E       		.uleb128 0x2e
 1666 021d 01       		.byte	0x1
 1667 021e 3F       		.uleb128 0x3f
 1668 021f 0C       		.uleb128 0xc
 1669 0220 03       		.uleb128 0x3
 1670 0221 0E       		.uleb128 0xe
 1671 0222 3A       		.uleb128 0x3a
 1672 0223 0B       		.uleb128 0xb
 1673 0224 3B       		.uleb128 0x3b
 1674 0225 0B       		.uleb128 0xb
 1675 0226 27       		.uleb128 0x27
 1676 0227 0C       		.uleb128 0xc
 1677 0228 49       		.uleb128 0x49
 1678 0229 13       		.uleb128 0x13
 1679 022a 3C       		.uleb128 0x3c
 1680 022b 0C       		.uleb128 0xc
 1681 022c 01       		.uleb128 0x1
 1682 022d 13       		.uleb128 0x13
 1683 022e 00       		.byte	0
 1684 022f 00       		.byte	0
 1685 0230 2A       		.uleb128 0x2a
 1686 0231 2E       		.uleb128 0x2e
 1687 0232 01       		.byte	0x1
 1688 0233 3F       		.uleb128 0x3f
 1689 0234 0C       		.uleb128 0xc
 1690 0235 03       		.uleb128 0x3
 1691 0236 0E       		.uleb128 0xe
 1692 0237 3A       		.uleb128 0x3a
 1693 0238 0B       		.uleb128 0xb
 1694 0239 3B       		.uleb128 0x3b
 1695 023a 0B       		.uleb128 0xb
 1696 023b 27       		.uleb128 0x27
 1697 023c 0C       		.uleb128 0xc
 1698 023d 3C       		.uleb128 0x3c
 1699 023e 0C       		.uleb128 0xc
 1700 023f 00       		.byte	0
 1701 0240 00       		.byte	0
 1702 0241 00       		.byte	0
 1703              		.section	.debug_loc,"",%progbits
 1704              	.Ldebug_loc0:
 1705              	.LLST0:
 1706 0000 00000000 		.4byte	.LFB7
 1707 0004 04000000 		.4byte	.LCFI0
 1708 0008 0200     		.2byte	0x2
ARM GAS  C:\Users\srich\AppData\Local\Temp\cclEkJ63.s 			page 31


 1709 000a 7D       		.byte	0x7d
 1710 000b 00       		.sleb128 0
 1711 000c 04000000 		.4byte	.LCFI0
 1712 0010 40000000 		.4byte	.LFE7
 1713 0014 0200     		.2byte	0x2
 1714 0016 7D       		.byte	0x7d
 1715 0017 10       		.sleb128 16
 1716 0018 00000000 		.4byte	0
 1717 001c 00000000 		.4byte	0
 1718              	.LLST1:
 1719 0020 00000000 		.4byte	.LVL0
 1720 0024 24000000 		.4byte	.LVL6
 1721 0028 0100     		.2byte	0x1
 1722 002a 50       		.byte	0x50
 1723 002b 24000000 		.4byte	.LVL6
 1724 002f 34000000 		.4byte	.LVL11
 1725 0033 0300     		.2byte	0x3
 1726 0035 75       		.byte	0x75
 1727 0036 54       		.sleb128 -44
 1728 0037 9F       		.byte	0x9f
 1729 0038 34000000 		.4byte	.LVL11
 1730 003c 37000000 		.4byte	.LVL12-1
 1731 0040 0100     		.2byte	0x1
 1732 0042 50       		.byte	0x50
 1733 0043 37000000 		.4byte	.LVL12-1
 1734 0047 40000000 		.4byte	.LFE7
 1735 004b 0300     		.2byte	0x3
 1736 004d 75       		.byte	0x75
 1737 004e 54       		.sleb128 -44
 1738 004f 9F       		.byte	0x9f
 1739 0050 00000000 		.4byte	0
 1740 0054 00000000 		.4byte	0
 1741              	.LLST2:
 1742 0058 00000000 		.4byte	.LVL0
 1743 005c 24000000 		.4byte	.LVL6
 1744 0060 0100     		.2byte	0x1
 1745 0062 51       		.byte	0x51
 1746 0063 24000000 		.4byte	.LVL6
 1747 0067 2C000000 		.4byte	.LVL8
 1748 006b 0400     		.2byte	0x4
 1749 006d F3       		.byte	0xf3
 1750 006e 01       		.uleb128 0x1
 1751 006f 51       		.byte	0x51
 1752 0070 9F       		.byte	0x9f
 1753 0071 2C000000 		.4byte	.LVL8
 1754 0075 34000000 		.4byte	.LVL11
 1755 0079 0100     		.2byte	0x1
 1756 007b 50       		.byte	0x50
 1757 007c 34000000 		.4byte	.LVL11
 1758 0080 37000000 		.4byte	.LVL12-1
 1759 0084 0100     		.2byte	0x1
 1760 0086 51       		.byte	0x51
 1761 0087 37000000 		.4byte	.LVL12-1
 1762 008b 40000000 		.4byte	.LFE7
 1763 008f 0400     		.2byte	0x4
 1764 0091 F3       		.byte	0xf3
 1765 0092 01       		.uleb128 0x1
ARM GAS  C:\Users\srich\AppData\Local\Temp\cclEkJ63.s 			page 32


 1766 0093 51       		.byte	0x51
 1767 0094 9F       		.byte	0x9f
 1768 0095 00000000 		.4byte	0
 1769 0099 00000000 		.4byte	0
 1770              	.LLST3:
 1771 009d 0C000000 		.4byte	.LVL3
 1772 00a1 16000000 		.4byte	.LVL5
 1773 00a5 0100     		.2byte	0x1
 1774 00a7 53       		.byte	0x53
 1775 00a8 00000000 		.4byte	0
 1776 00ac 00000000 		.4byte	0
 1777              	.LLST4:
 1778 00b0 32000000 		.4byte	.LVL10
 1779 00b4 34000000 		.4byte	.LVL11
 1780 00b8 0100     		.2byte	0x1
 1781 00ba 53       		.byte	0x53
 1782 00bb 00000000 		.4byte	0
 1783 00bf 00000000 		.4byte	0
 1784              	.LLST5:
 1785 00c3 00000000 		.4byte	.LFB8
 1786 00c7 02000000 		.4byte	.LCFI1
 1787 00cb 0200     		.2byte	0x2
 1788 00cd 7D       		.byte	0x7d
 1789 00ce 00       		.sleb128 0
 1790 00cf 02000000 		.4byte	.LCFI1
 1791 00d3 3C000000 		.4byte	.LFE8
 1792 00d7 0200     		.2byte	0x2
 1793 00d9 7D       		.byte	0x7d
 1794 00da 08       		.sleb128 8
 1795 00db 00000000 		.4byte	0
 1796 00df 00000000 		.4byte	0
 1797              	.LLST6:
 1798 00e3 08000000 		.4byte	.LVL14
 1799 00e7 0C000000 		.4byte	.LVL15
 1800 00eb 0100     		.2byte	0x1
 1801 00ed 53       		.byte	0x53
 1802 00ee 00000000 		.4byte	0
 1803 00f2 00000000 		.4byte	0
 1804              	.LLST7:
 1805 00f6 16000000 		.4byte	.LVL16
 1806 00fa 20000000 		.4byte	.LVL17
 1807 00fe 0300     		.2byte	0x3
 1808 0100 73       		.byte	0x73
 1809 0101 2C       		.sleb128 44
 1810 0102 9F       		.byte	0x9f
 1811 0103 00000000 		.4byte	0
 1812 0107 00000000 		.4byte	0
 1813              	.LLST8:
 1814 010b 16000000 		.4byte	.LVL16
 1815 010f 28000000 		.4byte	.LVL19
 1816 0113 0100     		.2byte	0x1
 1817 0115 50       		.byte	0x50
 1818 0116 00000000 		.4byte	0
 1819 011a 00000000 		.4byte	0
 1820              	.LLST9:
 1821 011e 26000000 		.4byte	.LVL18
 1822 0122 28000000 		.4byte	.LVL19
ARM GAS  C:\Users\srich\AppData\Local\Temp\cclEkJ63.s 			page 33


 1823 0126 0100     		.2byte	0x1
 1824 0128 53       		.byte	0x53
 1825 0129 00000000 		.4byte	0
 1826 012d 00000000 		.4byte	0
 1827              	.LLST10:
 1828 0131 00000000 		.4byte	.LFB9
 1829 0135 02000000 		.4byte	.LCFI2
 1830 0139 0200     		.2byte	0x2
 1831 013b 7D       		.byte	0x7d
 1832 013c 00       		.sleb128 0
 1833 013d 02000000 		.4byte	.LCFI2
 1834 0141 14000000 		.4byte	.LFE9
 1835 0145 0200     		.2byte	0x2
 1836 0147 7D       		.byte	0x7d
 1837 0148 08       		.sleb128 8
 1838 0149 00000000 		.4byte	0
 1839 014d 00000000 		.4byte	0
 1840              	.LLST11:
 1841 0151 00000000 		.4byte	.LVL21
 1842 0155 0B000000 		.4byte	.LVL24-1
 1843 0159 0100     		.2byte	0x1
 1844 015b 50       		.byte	0x50
 1845 015c 0B000000 		.4byte	.LVL24-1
 1846 0160 14000000 		.4byte	.LFE9
 1847 0164 0400     		.2byte	0x4
 1848 0166 F3       		.byte	0xf3
 1849 0167 01       		.uleb128 0x1
 1850 0168 50       		.byte	0x50
 1851 0169 9F       		.byte	0x9f
 1852 016a 00000000 		.4byte	0
 1853 016e 00000000 		.4byte	0
 1854              	.LLST12:
 1855 0172 00000000 		.4byte	.LVL21
 1856 0176 0B000000 		.4byte	.LVL24-1
 1857 017a 0100     		.2byte	0x1
 1858 017c 51       		.byte	0x51
 1859 017d 0B000000 		.4byte	.LVL24-1
 1860 0181 14000000 		.4byte	.LFE9
 1861 0185 0400     		.2byte	0x4
 1862 0187 F3       		.byte	0xf3
 1863 0188 01       		.uleb128 0x1
 1864 0189 51       		.byte	0x51
 1865 018a 9F       		.byte	0x9f
 1866 018b 00000000 		.4byte	0
 1867 018f 00000000 		.4byte	0
 1868              	.LLST13:
 1869 0193 08000000 		.4byte	.LVL23
 1870 0197 0B000000 		.4byte	.LVL24-1
 1871 019b 0100     		.2byte	0x1
 1872 019d 53       		.byte	0x53
 1873 019e 00000000 		.4byte	0
 1874 01a2 00000000 		.4byte	0
 1875              	.LLST14:
 1876 01a6 12000000 		.4byte	.LVL26
 1877 01aa 14000000 		.4byte	.LFE9
 1878 01ae 0100     		.2byte	0x1
 1879 01b0 53       		.byte	0x53
ARM GAS  C:\Users\srich\AppData\Local\Temp\cclEkJ63.s 			page 34


 1880 01b1 00000000 		.4byte	0
 1881 01b5 00000000 		.4byte	0
 1882              		.section	.debug_aranges,"",%progbits
 1883 0000 2C000000 		.4byte	0x2c
 1884 0004 0200     		.2byte	0x2
 1885 0006 00000000 		.4byte	.Ldebug_info0
 1886 000a 04       		.byte	0x4
 1887 000b 00       		.byte	0
 1888 000c 0000     		.2byte	0
 1889 000e 0000     		.2byte	0
 1890 0010 00000000 		.4byte	.LFB7
 1891 0014 40000000 		.4byte	.LFE7-.LFB7
 1892 0018 00000000 		.4byte	.LFB8
 1893 001c 3C000000 		.4byte	.LFE8-.LFB8
 1894 0020 00000000 		.4byte	.LFB9
 1895 0024 14000000 		.4byte	.LFE9-.LFB9
 1896 0028 00000000 		.4byte	0
 1897 002c 00000000 		.4byte	0
 1898              		.section	.debug_ranges,"",%progbits
 1899              	.Ldebug_ranges0:
 1900 0000 14000000 		.4byte	.LBB11
 1901 0004 18000000 		.4byte	.LBE11
 1902 0008 1C000000 		.4byte	.LBB14
 1903 000c 22000000 		.4byte	.LBE14
 1904 0010 00000000 		.4byte	0
 1905 0014 00000000 		.4byte	0
 1906 0018 1E000000 		.4byte	.LBB19
 1907 001c 20000000 		.4byte	.LBE19
 1908 0020 22000000 		.4byte	.LBB20
 1909 0024 26000000 		.4byte	.LBE20
 1910 0028 00000000 		.4byte	0
 1911 002c 00000000 		.4byte	0
 1912 0030 00000000 		.4byte	.LFB7
 1913 0034 40000000 		.4byte	.LFE7
 1914 0038 00000000 		.4byte	.LFB8
 1915 003c 3C000000 		.4byte	.LFE8
 1916 0040 00000000 		.4byte	.LFB9
 1917 0044 14000000 		.4byte	.LFE9
 1918 0048 00000000 		.4byte	0
 1919 004c 00000000 		.4byte	0
 1920              		.section	.debug_line,"",%progbits
 1921              	.Ldebug_line0:
 1922 0000 E9010000 		.section	.debug_str,"MS",%progbits,1
 1922      02007D01 
 1922      00000201 
 1922      FB0E0D00 
 1922      01010101 
 1923              	.LASF36:
 1924 0000 705F6D73 		.ascii	"p_msg\000"
 1924      6700
 1925              	.LASF67:
 1926 0006 71756575 		.ascii	"queue_insert\000"
 1926      655F696E 
 1926      73657274 
 1926      00
 1927              	.LASF58:
 1928 0013 7264796D 		.ascii	"rdymsg\000"
ARM GAS  C:\Users\srich\AppData\Local\Temp\cclEkJ63.s 			page 35


 1928      736700
 1929              	.LASF11:
 1930 001a 6C6F6E67 		.ascii	"long long unsigned int\000"
 1930      206C6F6E 
 1930      6720756E 
 1930      7369676E 
 1930      65642069 
 1931              	.LASF59:
 1932 0031 65786974 		.ascii	"exitcode\000"
 1932      636F6465 
 1932      00
 1933              	.LASF24:
 1934 003a 705F7072 		.ascii	"p_prio\000"
 1934      696F00
 1935              	.LASF10:
 1936 0041 6C6F6E67 		.ascii	"long long int\000"
 1936      206C6F6E 
 1936      6720696E 
 1936      7400
 1937              	.LASF1:
 1938 004f 7369676E 		.ascii	"signed char\000"
 1938      65642063 
 1938      68617200 
 1939              	.LASF40:
 1940 005b 705F6D70 		.ascii	"p_mpool\000"
 1940      6F6F6C00 
 1941              	.LASF55:
 1942 0063 6D5F7175 		.ascii	"m_queue\000"
 1942      65756500 
 1943              	.LASF16:
 1944 006b 74736C69 		.ascii	"tslices_t\000"
 1944      6365735F 
 1944      7400
 1945              	.LASF7:
 1946 0075 6C6F6E67 		.ascii	"long int\000"
 1946      20696E74 
 1946      00
 1947              	.LASF63:
 1948 007e 63684D73 		.ascii	"chMsgSend\000"
 1948      6753656E 
 1948      6400
 1949              	.LASF14:
 1950 0088 74737461 		.ascii	"tstate_t\000"
 1950      74655F74 
 1950      00
 1951              	.LASF26:
 1952 0091 705F6E65 		.ascii	"p_newer\000"
 1952      77657200 
 1953              	.LASF50:
 1954 0099 725F6E65 		.ascii	"r_newer\000"
 1954      77657200 
 1955              	.LASF43:
 1956 00a1 72656761 		.ascii	"regarm_t\000"
 1956      726D5F74 
 1956      00
 1957              	.LASF0:
 1958 00aa 756E7369 		.ascii	"unsigned int\000"
ARM GAS  C:\Users\srich\AppData\Local\Temp\cclEkJ63.s 			page 36


 1958      676E6564 
 1958      20696E74 
 1958      00
 1959              	.LASF9:
 1960 00b7 6C6F6E67 		.ascii	"long unsigned int\000"
 1960      20756E73 
 1960      69676E65 
 1960      6420696E 
 1960      7400
 1961              	.LASF45:
 1962 00c9 636F6E74 		.ascii	"context\000"
 1962      65787400 
 1963              	.LASF4:
 1964 00d1 73686F72 		.ascii	"short unsigned int\000"
 1964      7420756E 
 1964      7369676E 
 1964      65642069 
 1964      6E7400
 1965              	.LASF18:
 1966 00e4 6D73675F 		.ascii	"msg_t\000"
 1966      7400
 1967              	.LASF13:
 1968 00ea 746D6F64 		.ascii	"tmode_t\000"
 1968      655F7400 
 1969              	.LASF42:
 1970 00f2 54687265 		.ascii	"ThreadsList\000"
 1970      6164734C 
 1970      69737400 
 1971              	.LASF19:
 1972 00fe 6576656E 		.ascii	"eventmask_t\000"
 1972      746D6173 
 1972      6B5F7400 
 1973              	.LASF54:
 1974 010a 4D757465 		.ascii	"Mutex\000"
 1974      7800
 1975              	.LASF46:
 1976 0110 73697A65 		.ascii	"sizetype\000"
 1976      74797065 
 1976      00
 1977              	.LASF66:
 1978 0119 633A5C43 		.ascii	"c:\\ChibiStudio\\chibios/os/kernel/src/chmsg.c\000"
 1978      68696269 
 1978      53747564 
 1978      696F5C63 
 1978      68696269 
 1979              	.LASF65:
 1980 0146 474E5520 		.ascii	"GNU C 4.7.4 20140401 (release) [ARM/embedded-4_7-br"
 1980      4320342E 
 1980      372E3420 
 1980      32303134 
 1980      30343031 
 1981 0179 616E6368 		.ascii	"anch revision 209195]\000"
 1981      20726576 
 1981      6973696F 
 1981      6E203230 
 1981      39313935 
 1982              	.LASF27:
ARM GAS  C:\Users\srich\AppData\Local\Temp\cclEkJ63.s 			page 37


 1983 018f 705F6F6C 		.ascii	"p_older\000"
 1983      64657200 
 1984              	.LASF49:
 1985 0197 725F6374 		.ascii	"r_ctx\000"
 1985      7800
 1986              	.LASF41:
 1987 019d 54687265 		.ascii	"ThreadsQueue\000"
 1987      61647351 
 1987      75657565 
 1987      00
 1988              	.LASF52:
 1989 01aa 725F6375 		.ascii	"r_current\000"
 1989      7272656E 
 1989      7400
 1990              	.LASF51:
 1991 01b4 725F6F6C 		.ascii	"r_older\000"
 1991      64657200 
 1992              	.LASF15:
 1993 01bc 74726566 		.ascii	"trefs_t\000"
 1993      735F7400 
 1994              	.LASF23:
 1995 01c4 705F7072 		.ascii	"p_prev\000"
 1995      657600
 1996              	.LASF17:
 1997 01cb 74707269 		.ascii	"tprio_t\000"
 1997      6F5F7400 
 1998              	.LASF12:
 1999 01d3 5F426F6F 		.ascii	"_Bool\000"
 1999      6C00
 2000              	.LASF6:
 2001 01d9 696E7433 		.ascii	"int32_t\000"
 2001      325F7400 
 2002              	.LASF2:
 2003 01e1 756E7369 		.ascii	"unsigned char\000"
 2003      676E6564 
 2003      20636861 
 2003      7200
 2004              	.LASF38:
 2005 01ef 705F6D74 		.ascii	"p_mtxlist\000"
 2005      786C6973 
 2005      7400
 2006              	.LASF3:
 2007 01f9 73686F72 		.ascii	"short int\000"
 2007      7420696E 
 2007      7400
 2008              	.LASF29:
 2009 0203 705F7374 		.ascii	"p_state\000"
 2009      61746500 
 2010              	.LASF32:
 2011 020b 705F7072 		.ascii	"p_preempt\000"
 2011      65656D70 
 2011      7400
 2012              	.LASF48:
 2013 0215 725F7072 		.ascii	"r_prio\000"
 2013      696F00
 2014              	.LASF61:
 2015 021c 65776D61 		.ascii	"ewmask\000"
ARM GAS  C:\Users\srich\AppData\Local\Temp\cclEkJ63.s 			page 38


 2015      736B00
 2016              	.LASF22:
 2017 0223 705F6E65 		.ascii	"p_next\000"
 2017      787400
 2018              	.LASF30:
 2019 022a 705F666C 		.ascii	"p_flags\000"
 2019      61677300 
 2020              	.LASF21:
 2021 0232 54687265 		.ascii	"Thread\000"
 2021      616400
 2022              	.LASF69:
 2023 0239 63684D73 		.ascii	"chMsgRelease\000"
 2023      6752656C 
 2023      65617365 
 2023      00
 2024              	.LASF71:
 2025 0246 63685363 		.ascii	"chSchGoSleepS\000"
 2025      68476F53 
 2025      6C656570 
 2025      5300
 2026              	.LASF37:
 2027 0254 705F6570 		.ascii	"p_epending\000"
 2027      656E6469 
 2027      6E6700
 2028              	.LASF8:
 2029 025f 75696E74 		.ascii	"uint32_t\000"
 2029      33325F74 
 2029      00
 2030              	.LASF47:
 2031 0268 725F7175 		.ascii	"r_queue\000"
 2031      65756500 
 2032              	.LASF72:
 2033 0270 63685363 		.ascii	"chSchReadyI\000"
 2033      68526561 
 2033      64794900 
 2034              	.LASF62:
 2035 027c 63686172 		.ascii	"char\000"
 2035      00
 2036              	.LASF68:
 2037 0281 6669666F 		.ascii	"fifo_remove\000"
 2037      5F72656D 
 2037      6F766500 
 2038              	.LASF57:
 2039 028d 6D5F6E65 		.ascii	"m_next\000"
 2039      787400
 2040              	.LASF20:
 2041 0294 73797374 		.ascii	"systime_t\000"
 2041      696D655F 
 2041      7400
 2042              	.LASF39:
 2043 029e 705F7265 		.ascii	"p_realprio\000"
 2043      616C7072 
 2043      696F00
 2044              	.LASF33:
 2045 02a9 705F7469 		.ascii	"p_time\000"
 2045      6D6500
 2046              	.LASF44:
ARM GAS  C:\Users\srich\AppData\Local\Temp\cclEkJ63.s 			page 39


 2047 02b0 696E7463 		.ascii	"intctx\000"
 2047      747800
 2048              	.LASF35:
 2049 02b7 705F6D73 		.ascii	"p_msgqueue\000"
 2049      67717565 
 2049      756500
 2050              	.LASF73:
 2051 02c2 63685363 		.ascii	"chSchWakeupS\000"
 2051      6857616B 
 2051      65757053 
 2051      00
 2052              	.LASF64:
 2053 02cf 63684D73 		.ascii	"chMsgWait\000"
 2053      67576169 
 2053      7400
 2054              	.LASF31:
 2055 02d9 705F7265 		.ascii	"p_refs\000"
 2055      667300
 2056              	.LASF53:
 2057 02e0 52656164 		.ascii	"ReadyList\000"
 2057      794C6973 
 2057      7400
 2058              	.LASF70:
 2059 02ea 726C6973 		.ascii	"rlist\000"
 2059      7400
 2060              	.LASF5:
 2061 02f0 75696E74 		.ascii	"uint8_t\000"
 2061      385F7400 
 2062              	.LASF60:
 2063 02f8 77746F62 		.ascii	"wtobjp\000"
 2063      6A7000
 2064              	.LASF28:
 2065 02ff 705F6E61 		.ascii	"p_name\000"
 2065      6D6500
 2066              	.LASF56:
 2067 0306 6D5F6F77 		.ascii	"m_owner\000"
 2067      6E657200 
 2068              	.LASF25:
 2069 030e 705F6374 		.ascii	"p_ctx\000"
 2069      7800
 2070              	.LASF34:
 2071 0314 705F7761 		.ascii	"p_waiting\000"
 2071      6974696E 
 2071      6700
 2072              		.ident	"GCC: (GNU Tools for ARM Embedded Processors) 4.7.4 20140401 (release) [ARM/embedded-4_7-br
ARM GAS  C:\Users\srich\AppData\Local\Temp\cclEkJ63.s 			page 40


DEFINED SYMBOLS
                            *ABS*:00000000 chmsg.c
C:\Users\srich\AppData\Local\Temp\cclEkJ63.s:19     .text.chMsgSend:00000000 $t
C:\Users\srich\AppData\Local\Temp\cclEkJ63.s:25     .text.chMsgSend:00000000 chMsgSend
C:\Users\srich\AppData\Local\Temp\cclEkJ63.s:117    .text.chMsgSend:0000003c $d
C:\Users\srich\AppData\Local\Temp\cclEkJ63.s:122    .text.chMsgWait:00000000 $t
C:\Users\srich\AppData\Local\Temp\cclEkJ63.s:128    .text.chMsgWait:00000000 chMsgWait
C:\Users\srich\AppData\Local\Temp\cclEkJ63.s:199    .text.chMsgWait:00000038 $d
C:\Users\srich\AppData\Local\Temp\cclEkJ63.s:204    .text.chMsgRelease:00000000 $t
C:\Users\srich\AppData\Local\Temp\cclEkJ63.s:210    .text.chMsgRelease:00000000 chMsgRelease
                     .debug_frame:00000010 $d
C:\Users\srich\AppData\Local\Temp\cclEkJ63.s:203    .text.chMsgWait:0000003c $t

UNDEFINED SYMBOLS
chSchGoSleepS
chSchReadyI
rlist
chSchWakeupS
