ARM GAS  C:\Users\DNIEL~1\AppData\Local\Temp\ccBUsUyH.s 			page 1


   1              		.syntax unified
   2              		.cpu cortex-m3
   3              		.fpu softvfp
   4              		.eabi_attribute 20, 1
   5              		.eabi_attribute 21, 1
   6              		.eabi_attribute 23, 3
   7              		.eabi_attribute 24, 1
   8              		.eabi_attribute 25, 1
   9              		.eabi_attribute 26, 1
  10              		.eabi_attribute 30, 2
  11              		.eabi_attribute 18, 4
  12              		.thumb
  13              		.file	"chregistry.c"
  14              		.section	.debug_abbrev,"",%progbits
  15              	.Ldebug_abbrev0:
  16              		.section	.debug_info,"",%progbits
  17              	.Ldebug_info0:
  18              		.section	.debug_line,"",%progbits
  19              	.Ldebug_line0:
  20 0000 1A020000 		.text
  20      0200DE01 
  20      00000201 
  20      FB0E0D00 
  20      01010101 
  21              	.Ltext0:
  22              		.cfi_sections	.debug_frame
  23              		.section	.text.chRegFirstThread,"ax",%progbits
  24              		.align	2
  25              		.p2align 4,,15
  26              		.global	chRegFirstThread
  27              		.thumb
  28              		.thumb_func
  29              		.type	chRegFirstThread, %function
  30              	chRegFirstThread:
  31              	.LFB7:
  32              		.file 1 "../../../ChibiOS/os/kernel/src/chregistry.c"
  33              		.loc 1 110 0
  34              		.cfi_startproc
  35              		@ args = 0, pretend = 0, frame = 0
  36              		@ frame_needed = 0, uses_anonymous_args = 0
  37 0000 10B5     		push	{r4, lr}
  38              	.LCFI0:
  39              		.cfi_def_cfa_offset 8
  40              	.LBB2:
  41              		.loc 1 113 0
  42 0002 2023     		movs	r3, #32
  43              	.LVL0:
  44              	@ 113 "../../../ChibiOS/os/kernel/src/chregistry.c" 1
  45 0004 83F31188 		msr     BASEPRI, r3
  46              	@ 0 "" 2
  47              	.LVL1:
  48              		.thumb
  49              	.LBE2:
  50              		.cfi_offset 14, -4
  51              		.cfi_offset 4, -8
  52 0008 FFF7FEFF 		bl	dbg_check_lock
  53              	.LVL2:
ARM GAS  C:\Users\DNIEL~1\AppData\Local\Temp\ccBUsUyH.s 			page 2


  54              		.loc 1 114 0
  55 000c 0649     		ldr	r1, .L2
  56 000e 0C69     		ldr	r4, [r1, #16]
  57              	.LVL3:
  58              		.loc 1 116 0
  59 0010 94F82200 		ldrb	r0, [r4, #34]	@ zero_extendqisi2
  60 0014 431C     		adds	r3, r0, #1
  61 0016 84F82230 		strb	r3, [r4, #34]
  62              		.loc 1 118 0
  63 001a FFF7FEFF 		bl	dbg_check_unlock
  64              	.LVL4:
  65              	.LBB3:
  66 001e 0023     		movs	r3, #0
  67              	.LVL5:
  68              	@ 118 "../../../ChibiOS/os/kernel/src/chregistry.c" 1
  69 0020 83F31188 		msr     BASEPRI, r3
  70              	@ 0 "" 2
  71              	.LVL6:
  72              		.thumb
  73              	.LBE3:
  74              		.loc 1 120 0
  75 0024 2046     		mov	r0, r4
  76 0026 10BD     		pop	{r4, pc}
  77              	.L3:
  78              		.align	2
  79              	.L2:
  80 0028 00000000 		.word	rlist
  81              		.cfi_endproc
  82              	.LFE7:
  83              		.size	chRegFirstThread, .-chRegFirstThread
  84 002c AFF30080 		.section	.text.chRegNextThread,"ax",%progbits
  85              		.align	2
  86              		.p2align 4,,15
  87              		.global	chRegNextThread
  88              		.thumb
  89              		.thumb_func
  90              		.type	chRegNextThread, %function
  91              	chRegNextThread:
  92              	.LFB8:
  93              		.loc 1 133 0
  94              		.cfi_startproc
  95              		@ args = 0, pretend = 0, frame = 0
  96              		@ frame_needed = 0, uses_anonymous_args = 0
  97              	.LVL7:
  98 0000 38B5     		push	{r3, r4, r5, lr}
  99              	.LCFI1:
 100              		.cfi_def_cfa_offset 16
 101              		.loc 1 133 0
 102 0002 0546     		mov	r5, r0
 103              		.cfi_offset 14, -4
 104              		.cfi_offset 5, -8
 105              		.cfi_offset 4, -12
 106              		.cfi_offset 3, -16
 107              	.LBB4:
 108              		.loc 1 136 0
 109 0004 2023     		movs	r3, #32
 110              	.LVL8:
ARM GAS  C:\Users\DNIEL~1\AppData\Local\Temp\ccBUsUyH.s 			page 3


 111              	@ 136 "../../../ChibiOS/os/kernel/src/chregistry.c" 1
 112 0006 83F31188 		msr     BASEPRI, r3
 113              	@ 0 "" 2
 114              	.LVL9:
 115              		.thumb
 116              	.LBE4:
 117 000a FFF7FEFF 		bl	dbg_check_lock
 118              	.LVL10:
 119              		.loc 1 137 0
 120 000e 2C69     		ldr	r4, [r5, #16]
 121              	.LVL11:
 122              		.loc 1 138 0
 123 0010 0D4B     		ldr	r3, .L10
 124 0012 9C42     		cmp	r4, r3
 125 0014 16D0     		beq	.L7
 126              		.loc 1 142 0
 127 0016 94F82230 		ldrb	r3, [r4, #34]	@ zero_extendqisi2
 128 001a FF2B     		cmp	r3, #255
 129 001c 0CD0     		beq	.L9
 130              	.LVL12:
 131              	.L6:
 132              		.loc 1 144 0
 133 001e 581C     		adds	r0, r3, #1
 134 0020 84F82200 		strb	r0, [r4, #34]
 135              	.LVL13:
 136              	.L5:
 137              		.loc 1 147 0
 138 0024 FFF7FEFF 		bl	dbg_check_unlock
 139              	.LBB5:
 140 0028 0023     		movs	r3, #0
 141              	.LVL14:
 142              	@ 147 "../../../ChibiOS/os/kernel/src/chregistry.c" 1
 143 002a 83F31188 		msr     BASEPRI, r3
 144              	@ 0 "" 2
 145              	.LVL15:
 146              		.thumb
 147              	.LBE5:
 148              		.loc 1 149 0
 149 002e 2846     		mov	r0, r5
 150 0030 FFF7FEFF 		bl	chThdRelease
 151              	.LVL16:
 152              		.loc 1 152 0
 153 0034 2046     		mov	r0, r4
 154 0036 38BD     		pop	{r3, r4, r5, pc}
 155              	.L9:
 156              		.loc 1 142 0 discriminator 1
 157 0038 0448     		ldr	r0, .L10+4
 158 003a FFF7FEFF 		bl	chDbgPanic
 159 003e 94F82230 		ldrb	r3, [r4, #34]	@ zero_extendqisi2
 160 0042 ECE7     		b	.L6
 161              	.L7:
 162              		.loc 1 139 0
 163 0044 0024     		movs	r4, #0
 164              	.LVL17:
 165 0046 EDE7     		b	.L5
 166              	.L11:
 167              		.align	2
ARM GAS  C:\Users\DNIEL~1\AppData\Local\Temp\ccBUsUyH.s 			page 4


 168              	.L10:
 169 0048 00000000 		.word	rlist
 170 004c 00000000 		.word	.LC0
 171              		.cfi_endproc
 172              	.LFE8:
 173              		.size	chRegNextThread, .-chRegNextThread
 174              		.global	ch_debug
 175              		.section	.rodata.ch_debug,"a",%progbits
 176              		.align	2
 177              		.type	ch_debug, %object
 178              		.size	ch_debug, 22
 179              	ch_debug:
 180 0000 6D61696E 		.ascii	"main"
 181 0004 00       		.byte	0
 182 0005 16       		.byte	22
 183 0006 4111     		.short	4417
 184 0008 04       		.byte	4
 185 0009 04       		.byte	4
 186 000a 4C       		.byte	76
 187 000b 08       		.byte	8
 188 000c 0C       		.byte	12
 189 000d 10       		.byte	16
 190 000e 14       		.byte	20
 191 000f 18       		.byte	24
 192 0010 1C       		.byte	28
 193 0011 20       		.byte	32
 194 0012 21       		.byte	33
 195 0013 22       		.byte	34
 196 0014 23       		.byte	35
 197 0015 24       		.byte	36
 198 0016 0000     		.section	.rodata.str1.4,"aMS",%progbits,1
 199              		.align	2
 200              	.LC0:
 201 0000 63685265 		.ascii	"chRegNextThread(), #1\000"
 201      674E6578 
 201      74546872 
 201      65616428 
 201      292C2023 
 202 0016 0000     		.text
 203              	.Letext0:
 204              		.section	.debug_loc,"",%progbits
 205              	.Ldebug_loc0:
 206              	.LLST0:
 207 0000 00000000 		.4byte	.LFB7
 208 0004 02000000 		.4byte	.LCFI0
 209 0008 0200     		.2byte	0x2
 210 000a 7D       		.byte	0x7d
 211 000b 00       		.sleb128 0
 212 000c 02000000 		.4byte	.LCFI0
 213 0010 2C000000 		.4byte	.LFE7
 214 0014 0200     		.2byte	0x2
 215 0016 7D       		.byte	0x7d
 216 0017 08       		.sleb128 8
 217 0018 00000000 		.4byte	0x0
 218 001c 00000000 		.4byte	0x0
 219              	.LLST1:
 220 0020 10000000 		.4byte	.LVL3
ARM GAS  C:\Users\DNIEL~1\AppData\Local\Temp\ccBUsUyH.s 			page 5


 221 0024 1D000000 		.4byte	.LVL4-1
 222 0028 0200     		.2byte	0x2
 223 002a 71       		.byte	0x71
 224 002b 10       		.sleb128 16
 225 002c 1D000000 		.4byte	.LVL4-1
 226 0030 2C000000 		.4byte	.LFE7
 227 0034 0100     		.2byte	0x1
 228 0036 54       		.byte	0x54
 229 0037 00000000 		.4byte	0x0
 230 003b 00000000 		.4byte	0x0
 231              	.LLST2:
 232 003f 08000000 		.4byte	.LVL1
 233 0043 0B000000 		.4byte	.LVL2-1
 234 0047 0100     		.2byte	0x1
 235 0049 53       		.byte	0x53
 236 004a 00000000 		.4byte	0x0
 237 004e 00000000 		.4byte	0x0
 238              	.LLST3:
 239 0052 24000000 		.4byte	.LVL6
 240 0056 2C000000 		.4byte	.LFE7
 241 005a 0100     		.2byte	0x1
 242 005c 53       		.byte	0x53
 243 005d 00000000 		.4byte	0x0
 244 0061 00000000 		.4byte	0x0
 245              	.LLST4:
 246 0065 00000000 		.4byte	.LFB8
 247 0069 02000000 		.4byte	.LCFI1
 248 006d 0200     		.2byte	0x2
 249 006f 7D       		.byte	0x7d
 250 0070 00       		.sleb128 0
 251 0071 02000000 		.4byte	.LCFI1
 252 0075 50000000 		.4byte	.LFE8
 253 0079 0200     		.2byte	0x2
 254 007b 7D       		.byte	0x7d
 255 007c 10       		.sleb128 16
 256 007d 00000000 		.4byte	0x0
 257 0081 00000000 		.4byte	0x0
 258              	.LLST5:
 259 0085 00000000 		.4byte	.LVL7
 260 0089 0D000000 		.4byte	.LVL10-1
 261 008d 0100     		.2byte	0x1
 262 008f 50       		.byte	0x50
 263 0090 0D000000 		.4byte	.LVL10-1
 264 0094 50000000 		.4byte	.LFE8
 265 0098 0100     		.2byte	0x1
 266 009a 55       		.byte	0x55
 267 009b 00000000 		.4byte	0x0
 268 009f 00000000 		.4byte	0x0
 269              	.LLST6:
 270 00a3 10000000 		.4byte	.LVL11
 271 00a7 1E000000 		.4byte	.LVL12
 272 00ab 0200     		.2byte	0x2
 273 00ad 75       		.byte	0x75
 274 00ae 10       		.sleb128 16
 275 00af 1E000000 		.4byte	.LVL12
 276 00b3 24000000 		.4byte	.LVL13
 277 00b7 0100     		.2byte	0x1
ARM GAS  C:\Users\DNIEL~1\AppData\Local\Temp\ccBUsUyH.s 			page 6


 278 00b9 54       		.byte	0x54
 279 00ba 24000000 		.4byte	.LVL13
 280 00be 46000000 		.4byte	.LVL17
 281 00c2 0100     		.2byte	0x1
 282 00c4 54       		.byte	0x54
 283 00c5 46000000 		.4byte	.LVL17
 284 00c9 50000000 		.4byte	.LFE8
 285 00cd 0200     		.2byte	0x2
 286 00cf 75       		.byte	0x75
 287 00d0 10       		.sleb128 16
 288 00d1 00000000 		.4byte	0x0
 289 00d5 00000000 		.4byte	0x0
 290              	.LLST7:
 291 00d9 0A000000 		.4byte	.LVL9
 292 00dd 0D000000 		.4byte	.LVL10-1
 293 00e1 0100     		.2byte	0x1
 294 00e3 53       		.byte	0x53
 295 00e4 00000000 		.4byte	0x0
 296 00e8 00000000 		.4byte	0x0
 297              	.LLST8:
 298 00ec 2E000000 		.4byte	.LVL15
 299 00f0 33000000 		.4byte	.LVL16-1
 300 00f4 0100     		.2byte	0x1
 301 00f6 53       		.byte	0x53
 302 00f7 00000000 		.4byte	0x0
 303 00fb 00000000 		.4byte	0x0
 304              		.file 2 "c:\\program files (x86)\\codesourcery\\sourcery g++ lite\\bin\\../lib/gcc/arm-none-eabi/4
 305              		.file 3 "c:\\program files (x86)\\codesourcery\\sourcery g++ lite\\bin\\../lib/gcc/arm-none-eabi/4
 306              		.file 4 "../../../ChibiOS/os/ports/GCC/ARMCMx/chtypes.h"
 307              		.file 5 "../../../ChibiOS/os/kernel/include/chlists.h"
 308              		.file 6 "../../../ChibiOS/os/kernel/include/chthreads.h"
 309              		.file 7 "../../../ChibiOS/os/ports/GCC/ARMCMx/chcore_v7m.h"
 310              		.file 8 "../../../ChibiOS/os/kernel/include/chschd.h"
 311              		.file 9 "../../../ChibiOS/os/kernel/include/chmtx.h"
 312              		.file 10 "../../../ChibiOS/os/kernel/include/chregistry.h"
 313              		.section	.debug_info
 314 0000 91060000 		.4byte	0x691
 315 0004 0200     		.2byte	0x2
 316 0006 00000000 		.4byte	.Ldebug_abbrev0
 317 000a 04       		.byte	0x4
 318 000b 01       		.uleb128 0x1
 319 000c CB030000 		.4byte	.LASF89
 320 0010 01       		.byte	0x1
 321 0011 94010000 		.4byte	.LASF90
 322 0015 2C020000 		.4byte	.LASF91
 323 0019 00000000 		.4byte	0x0
 324 001d 00000000 		.4byte	0x0
 325 0021 00000000 		.4byte	.Ldebug_ranges0+0x0
 326 0025 00000000 		.4byte	.Ldebug_line0
 327 0029 02       		.uleb128 0x2
 328 002a 04       		.byte	0x4
 329 002b 05       		.byte	0x5
 330 002c 696E7400 		.ascii	"int\000"
 331 0030 03       		.uleb128 0x3
 332 0031 13000000 		.4byte	.LASF2
 333 0035 02       		.byte	0x2
 334 0036 D3       		.byte	0xd3
ARM GAS  C:\Users\DNIEL~1\AppData\Local\Temp\ccBUsUyH.s 			page 7


 335 0037 3B000000 		.4byte	0x3b
 336 003b 04       		.uleb128 0x4
 337 003c 04       		.byte	0x4
 338 003d 07       		.byte	0x7
 339 003e 17010000 		.4byte	.LASF0
 340 0042 04       		.uleb128 0x4
 341 0043 01       		.byte	0x1
 342 0044 06       		.byte	0x6
 343 0045 8B000000 		.4byte	.LASF1
 344 0049 03       		.uleb128 0x3
 345 004a BC030000 		.4byte	.LASF3
 346 004e 03       		.byte	0x3
 347 004f 2A       		.byte	0x2a
 348 0050 54000000 		.4byte	0x54
 349 0054 04       		.uleb128 0x4
 350 0055 01       		.byte	0x1
 351 0056 08       		.byte	0x8
 352 0057 A8020000 		.4byte	.LASF4
 353 005b 04       		.uleb128 0x4
 354 005c 02       		.byte	0x2
 355 005d 05       		.byte	0x5
 356 005e C0020000 		.4byte	.LASF5
 357 0062 03       		.uleb128 0x3
 358 0063 E0000000 		.4byte	.LASF6
 359 0067 03       		.byte	0x3
 360 0068 36       		.byte	0x36
 361 0069 6D000000 		.4byte	0x6d
 362 006d 04       		.uleb128 0x4
 363 006e 02       		.byte	0x2
 364 006f 07       		.byte	0x7
 365 0070 55010000 		.4byte	.LASF7
 366 0074 03       		.uleb128 0x3
 367 0075 A0020000 		.4byte	.LASF8
 368 0079 03       		.byte	0x3
 369 007a 4F       		.byte	0x4f
 370 007b 7F000000 		.4byte	0x7f
 371 007f 04       		.uleb128 0x4
 372 0080 04       		.byte	0x4
 373 0081 05       		.byte	0x5
 374 0082 CE000000 		.4byte	.LASF9
 375 0086 03       		.uleb128 0x3
 376 0087 33030000 		.4byte	.LASF10
 377 008b 03       		.byte	0x3
 378 008c 50       		.byte	0x50
 379 008d 91000000 		.4byte	0x91
 380 0091 04       		.uleb128 0x4
 381 0092 04       		.byte	0x4
 382 0093 07       		.byte	0x7
 383 0094 24010000 		.4byte	.LASF11
 384 0098 04       		.uleb128 0x4
 385 0099 08       		.byte	0x8
 386 009a 05       		.byte	0x5
 387 009b 7D000000 		.4byte	.LASF12
 388 009f 03       		.uleb128 0x3
 389 00a0 21000000 		.4byte	.LASF13
 390 00a4 03       		.byte	0x3
 391 00a5 78       		.byte	0x78
ARM GAS  C:\Users\DNIEL~1\AppData\Local\Temp\ccBUsUyH.s 			page 8


 392 00a6 AA000000 		.4byte	0xaa
 393 00aa 04       		.uleb128 0x4
 394 00ab 08       		.byte	0x8
 395 00ac 07       		.byte	0x7
 396 00ad 2A000000 		.4byte	.LASF14
 397 00b1 03       		.uleb128 0x3
 398 00b2 6E010000 		.4byte	.LASF15
 399 00b6 04       		.byte	0x4
 400 00b7 28       		.byte	0x28
 401 00b8 49000000 		.4byte	0x49
 402 00bc 03       		.uleb128 0x3
 403 00bd D7000000 		.4byte	.LASF16
 404 00c1 04       		.byte	0x4
 405 00c2 29       		.byte	0x29
 406 00c3 49000000 		.4byte	0x49
 407 00c7 03       		.uleb128 0x3
 408 00c8 7E020000 		.4byte	.LASF17
 409 00cc 04       		.byte	0x4
 410 00cd 2A       		.byte	0x2a
 411 00ce 49000000 		.4byte	0x49
 412 00d2 03       		.uleb128 0x3
 413 00d3 C4000000 		.4byte	.LASF18
 414 00d7 04       		.byte	0x4
 415 00d8 2B       		.byte	0x2b
 416 00d9 49000000 		.4byte	0x49
 417 00dd 03       		.uleb128 0x3
 418 00de 98020000 		.4byte	.LASF19
 419 00e2 04       		.byte	0x4
 420 00e3 2C       		.byte	0x2c
 421 00e4 86000000 		.4byte	0x86
 422 00e8 03       		.uleb128 0x3
 423 00e9 68010000 		.4byte	.LASF20
 424 00ed 04       		.byte	0x4
 425 00ee 2D       		.byte	0x2d
 426 00ef 74000000 		.4byte	0x74
 427 00f3 03       		.uleb128 0x3
 428 00f4 82010000 		.4byte	.LASF21
 429 00f8 04       		.byte	0x4
 430 00f9 2F       		.byte	0x2f
 431 00fa 86000000 		.4byte	0x86
 432 00fe 03       		.uleb128 0x3
 433 00ff 6C030000 		.4byte	.LASF22
 434 0103 04       		.byte	0x4
 435 0104 31       		.byte	0x31
 436 0105 86000000 		.4byte	0x86
 437 0109 03       		.uleb128 0x3
 438 010a 14030000 		.4byte	.LASF23
 439 010e 05       		.byte	0x5
 440 010f 23       		.byte	0x23
 441 0110 14010000 		.4byte	0x114
 442 0114 05       		.uleb128 0x5
 443 0115 14030000 		.4byte	.LASF23
 444 0119 4C       		.byte	0x4c
 445 011a 06       		.byte	0x6
 446 011b 57       		.byte	0x57
 447 011c 47020000 		.4byte	0x247
 448 0120 06       		.uleb128 0x6
ARM GAS  C:\Users\DNIEL~1\AppData\Local\Temp\ccBUsUyH.s 			page 9


 449 0121 F6020000 		.4byte	.LASF24
 450 0125 06       		.byte	0x6
 451 0126 58       		.byte	0x58
 452 0127 6C020000 		.4byte	0x26c
 453 012b 02       		.byte	0x2
 454 012c 23       		.byte	0x23
 455 012d 00       		.uleb128 0x0
 456 012e 06       		.uleb128 0x6
 457 012f 91020000 		.4byte	.LASF25
 458 0133 06       		.byte	0x6
 459 0134 5A       		.byte	0x5a
 460 0135 6C020000 		.4byte	0x26c
 461 0139 02       		.byte	0x2
 462 013a 23       		.byte	0x23
 463 013b 04       		.uleb128 0x4
 464 013c 06       		.uleb128 0x6
 465 013d 69000000 		.4byte	.LASF26
 466 0141 06       		.byte	0x6
 467 0142 5C       		.byte	0x5c
 468 0143 DD000000 		.4byte	0xdd
 469 0147 02       		.byte	0x2
 470 0148 23       		.byte	0x23
 471 0149 08       		.uleb128 0x8
 472 014a 06       		.uleb128 0x6
 473 014b F1030000 		.4byte	.LASF27
 474 014f 06       		.byte	0x6
 475 0150 5D       		.byte	0x5d
 476 0151 45030000 		.4byte	0x345
 477 0155 02       		.byte	0x2
 478 0156 23       		.byte	0x23
 479 0157 0C       		.uleb128 0xc
 480 0158 06       		.uleb128 0x6
 481 0159 F3000000 		.4byte	.LASF28
 482 015d 06       		.byte	0x6
 483 015e 5F       		.byte	0x5f
 484 015f 6C020000 		.4byte	0x26c
 485 0163 02       		.byte	0x2
 486 0164 23       		.byte	0x23
 487 0165 10       		.uleb128 0x10
 488 0166 06       		.uleb128 0x6
 489 0167 F7010000 		.4byte	.LASF29
 490 016b 06       		.byte	0x6
 491 016c 60       		.byte	0x60
 492 016d 6C020000 		.4byte	0x26c
 493 0171 02       		.byte	0x2
 494 0172 23       		.byte	0x23
 495 0173 14       		.uleb128 0x14
 496 0174 06       		.uleb128 0x6
 497 0175 D7030000 		.4byte	.LASF30
 498 0179 06       		.byte	0x6
 499 017a 67       		.byte	0x67
 500 017b 52040000 		.4byte	0x452
 501 017f 02       		.byte	0x2
 502 0180 23       		.byte	0x23
 503 0181 18       		.uleb128 0x18
 504 0182 06       		.uleb128 0x6
 505 0183 0C010000 		.4byte	.LASF31
ARM GAS  C:\Users\DNIEL~1\AppData\Local\Temp\ccBUsUyH.s 			page 10


 506 0187 06       		.byte	0x6
 507 0188 6D       		.byte	0x6d
 508 0189 64040000 		.4byte	0x464
 509 018d 02       		.byte	0x2
 510 018e 23       		.byte	0x23
 511 018f 1C       		.uleb128 0x1c
 512 0190 06       		.uleb128 0x6
 513 0191 CA020000 		.4byte	.LASF32
 514 0195 06       		.byte	0x6
 515 0196 72       		.byte	0x72
 516 0197 BC000000 		.4byte	0xbc
 517 019b 02       		.byte	0x2
 518 019c 23       		.byte	0x23
 519 019d 20       		.uleb128 0x20
 520 019e 06       		.uleb128 0x6
 521 019f 0C030000 		.4byte	.LASF33
 522 01a3 06       		.byte	0x6
 523 01a4 76       		.byte	0x76
 524 01a5 B1000000 		.4byte	0xb1
 525 01a9 02       		.byte	0x2
 526 01aa 23       		.byte	0x23
 527 01ab 21       		.uleb128 0x21
 528 01ac 06       		.uleb128 0x6
 529 01ad A5030000 		.4byte	.LASF34
 530 01b1 06       		.byte	0x6
 531 01b2 7B       		.byte	0x7b
 532 01b3 C7000000 		.4byte	0xc7
 533 01b7 02       		.byte	0x2
 534 01b8 23       		.byte	0x23
 535 01b9 22       		.uleb128 0x22
 536 01ba 06       		.uleb128 0x6
 537 01bb D2020000 		.4byte	.LASF35
 538 01bf 06       		.byte	0x6
 539 01c0 81       		.byte	0x81
 540 01c1 D2000000 		.4byte	0xd2
 541 01c5 02       		.byte	0x2
 542 01c6 23       		.byte	0x23
 543 01c7 23       		.uleb128 0x23
 544 01c8 06       		.uleb128 0x6
 545 01c9 81030000 		.4byte	.LASF36
 546 01cd 06       		.byte	0x6
 547 01ce 88       		.byte	0x88
 548 01cf 68030000 		.4byte	0x368
 549 01d3 02       		.byte	0x2
 550 01d4 23       		.byte	0x23
 551 01d5 24       		.uleb128 0x24
 552 01d6 07       		.uleb128 0x7
 553 01d7 705F7500 		.ascii	"p_u\000"
 554 01db 06       		.byte	0x6
 555 01dc AD       		.byte	0xad
 556 01dd 1D040000 		.4byte	0x41d
 557 01e1 02       		.byte	0x2
 558 01e2 23       		.byte	0x23
 559 01e3 28       		.uleb128 0x28
 560 01e4 06       		.uleb128 0x6
 561 01e5 F7030000 		.4byte	.LASF37
 562 01e9 06       		.byte	0x6
ARM GAS  C:\Users\DNIEL~1\AppData\Local\Temp\ccBUsUyH.s 			page 11


 563 01ea B2       		.byte	0xb2
 564 01eb 94020000 		.4byte	0x294
 565 01ef 02       		.byte	0x2
 566 01f0 23       		.byte	0x23
 567 01f1 2C       		.uleb128 0x2c
 568 01f2 06       		.uleb128 0x6
 569 01f3 8F030000 		.4byte	.LASF38
 570 01f7 06       		.byte	0x6
 571 01f8 B8       		.byte	0xb8
 572 01f9 72020000 		.4byte	0x272
 573 01fd 02       		.byte	0x2
 574 01fe 23       		.byte	0x23
 575 01ff 30       		.uleb128 0x30
 576 0200 06       		.uleb128 0x6
 577 0201 0D000000 		.4byte	.LASF39
 578 0205 06       		.byte	0x6
 579 0206 BC       		.byte	0xbc
 580 0207 E8000000 		.4byte	0xe8
 581 020b 02       		.byte	0x2
 582 020c 23       		.byte	0x23
 583 020d 38       		.uleb128 0x38
 584 020e 06       		.uleb128 0x6
 585 020f 28030000 		.4byte	.LASF40
 586 0213 06       		.byte	0x6
 587 0214 C2       		.byte	0xc2
 588 0215 F3000000 		.4byte	0xf3
 589 0219 02       		.byte	0x2
 590 021a 23       		.byte	0x23
 591 021b 3C       		.uleb128 0x3c
 592 021c 06       		.uleb128 0x6
 593 021d B6020000 		.4byte	.LASF41
 594 0221 06       		.byte	0x6
 595 0222 C9       		.byte	0xc9
 596 0223 6A040000 		.4byte	0x46a
 597 0227 02       		.byte	0x2
 598 0228 23       		.byte	0x23
 599 0229 40       		.uleb128 0x40
 600 022a 06       		.uleb128 0x6
 601 022b 76030000 		.4byte	.LASF42
 602 022f 06       		.byte	0x6
 603 0230 CD       		.byte	0xcd
 604 0231 DD000000 		.4byte	0xdd
 605 0235 02       		.byte	0x2
 606 0236 23       		.byte	0x23
 607 0237 44       		.uleb128 0x44
 608 0238 06       		.uleb128 0x6
 609 0239 B4000000 		.4byte	.LASF43
 610 023d 06       		.byte	0x6
 611 023e D3       		.byte	0xd3
 612 023f AA020000 		.4byte	0x2aa
 613 0243 02       		.byte	0x2
 614 0244 23       		.byte	0x23
 615 0245 48       		.uleb128 0x48
 616 0246 00       		.byte	0x0
 617 0247 08       		.uleb128 0x8
 618 0248 08       		.byte	0x8
 619 0249 05       		.byte	0x5
ARM GAS  C:\Users\DNIEL~1\AppData\Local\Temp\ccBUsUyH.s 			page 12


 620 024a 5A       		.byte	0x5a
 621 024b 6C020000 		.4byte	0x26c
 622 024f 06       		.uleb128 0x6
 623 0250 F6020000 		.4byte	.LASF24
 624 0254 05       		.byte	0x5
 625 0255 5B       		.byte	0x5b
 626 0256 6C020000 		.4byte	0x26c
 627 025a 02       		.byte	0x2
 628 025b 23       		.byte	0x23
 629 025c 00       		.uleb128 0x0
 630 025d 06       		.uleb128 0x6
 631 025e 91020000 		.4byte	.LASF25
 632 0262 05       		.byte	0x5
 633 0263 5D       		.byte	0x5d
 634 0264 6C020000 		.4byte	0x26c
 635 0268 02       		.byte	0x2
 636 0269 23       		.byte	0x23
 637 026a 04       		.uleb128 0x4
 638 026b 00       		.byte	0x0
 639 026c 09       		.uleb128 0x9
 640 026d 04       		.byte	0x4
 641 026e 09010000 		.4byte	0x109
 642 0272 03       		.uleb128 0x3
 643 0273 05020000 		.4byte	.LASF44
 644 0277 05       		.byte	0x5
 645 0278 5F       		.byte	0x5f
 646 0279 47020000 		.4byte	0x247
 647 027d 08       		.uleb128 0x8
 648 027e 04       		.byte	0x4
 649 027f 05       		.byte	0x5
 650 0280 64       		.byte	0x64
 651 0281 94020000 		.4byte	0x294
 652 0285 06       		.uleb128 0x6
 653 0286 F6020000 		.4byte	.LASF24
 654 028a 05       		.byte	0x5
 655 028b 66       		.byte	0x66
 656 028c 6C020000 		.4byte	0x26c
 657 0290 02       		.byte	0x2
 658 0291 23       		.byte	0x23
 659 0292 00       		.uleb128 0x0
 660 0293 00       		.byte	0x0
 661 0294 03       		.uleb128 0x3
 662 0295 76010000 		.4byte	.LASF45
 663 0299 05       		.byte	0x5
 664 029a 69       		.byte	0x69
 665 029b 7D020000 		.4byte	0x27d
 666 029f 03       		.uleb128 0x3
 667 02a0 03010000 		.4byte	.LASF46
 668 02a4 07       		.byte	0x7
 669 02a5 DE       		.byte	0xde
 670 02a6 AA020000 		.4byte	0x2aa
 671 02aa 0A       		.uleb128 0xa
 672 02ab 04       		.byte	0x4
 673 02ac 03       		.uleb128 0x3
 674 02ad C0010000 		.4byte	.LASF47
 675 02b1 07       		.byte	0x7
 676 02b2 E4       		.byte	0xe4
ARM GAS  C:\Users\DNIEL~1\AppData\Local\Temp\ccBUsUyH.s 			page 13


 677 02b3 9F000000 		.4byte	0x9f
 678 02b7 0B       		.uleb128 0xb
 679 02b8 88030000 		.4byte	.LASF48
 680 02bc 24       		.byte	0x24
 681 02bd 07       		.byte	0x7
 682 02be 0501     		.2byte	0x105
 683 02c0 45030000 		.4byte	0x345
 684 02c4 0C       		.uleb128 0xc
 685 02c5 723400   		.ascii	"r4\000"
 686 02c8 07       		.byte	0x7
 687 02c9 1801     		.2byte	0x118
 688 02cb 9F020000 		.4byte	0x29f
 689 02cf 02       		.byte	0x2
 690 02d0 23       		.byte	0x23
 691 02d1 00       		.uleb128 0x0
 692 02d2 0C       		.uleb128 0xc
 693 02d3 723500   		.ascii	"r5\000"
 694 02d6 07       		.byte	0x7
 695 02d7 1901     		.2byte	0x119
 696 02d9 9F020000 		.4byte	0x29f
 697 02dd 02       		.byte	0x2
 698 02de 23       		.byte	0x23
 699 02df 04       		.uleb128 0x4
 700 02e0 0C       		.uleb128 0xc
 701 02e1 723600   		.ascii	"r6\000"
 702 02e4 07       		.byte	0x7
 703 02e5 1A01     		.2byte	0x11a
 704 02e7 9F020000 		.4byte	0x29f
 705 02eb 02       		.byte	0x2
 706 02ec 23       		.byte	0x23
 707 02ed 08       		.uleb128 0x8
 708 02ee 0C       		.uleb128 0xc
 709 02ef 723700   		.ascii	"r7\000"
 710 02f2 07       		.byte	0x7
 711 02f3 1B01     		.2byte	0x11b
 712 02f5 9F020000 		.4byte	0x29f
 713 02f9 02       		.byte	0x2
 714 02fa 23       		.byte	0x23
 715 02fb 0C       		.uleb128 0xc
 716 02fc 0C       		.uleb128 0xc
 717 02fd 723800   		.ascii	"r8\000"
 718 0300 07       		.byte	0x7
 719 0301 1C01     		.2byte	0x11c
 720 0303 9F020000 		.4byte	0x29f
 721 0307 02       		.byte	0x2
 722 0308 23       		.byte	0x23
 723 0309 10       		.uleb128 0x10
 724 030a 0C       		.uleb128 0xc
 725 030b 723900   		.ascii	"r9\000"
 726 030e 07       		.byte	0x7
 727 030f 1D01     		.2byte	0x11d
 728 0311 9F020000 		.4byte	0x29f
 729 0315 02       		.byte	0x2
 730 0316 23       		.byte	0x23
 731 0317 14       		.uleb128 0x14
 732 0318 0C       		.uleb128 0xc
 733 0319 72313000 		.ascii	"r10\000"
ARM GAS  C:\Users\DNIEL~1\AppData\Local\Temp\ccBUsUyH.s 			page 14


 734 031d 07       		.byte	0x7
 735 031e 1E01     		.2byte	0x11e
 736 0320 9F020000 		.4byte	0x29f
 737 0324 02       		.byte	0x2
 738 0325 23       		.byte	0x23
 739 0326 18       		.uleb128 0x18
 740 0327 0C       		.uleb128 0xc
 741 0328 72313100 		.ascii	"r11\000"
 742 032c 07       		.byte	0x7
 743 032d 1F01     		.2byte	0x11f
 744 032f 9F020000 		.4byte	0x29f
 745 0333 02       		.byte	0x2
 746 0334 23       		.byte	0x23
 747 0335 1C       		.uleb128 0x1c
 748 0336 0C       		.uleb128 0xc
 749 0337 6C7200   		.ascii	"lr\000"
 750 033a 07       		.byte	0x7
 751 033b 2001     		.2byte	0x120
 752 033d 9F020000 		.4byte	0x29f
 753 0341 02       		.byte	0x2
 754 0342 23       		.byte	0x23
 755 0343 20       		.uleb128 0x20
 756 0344 00       		.byte	0x0
 757 0345 0B       		.uleb128 0xb
 758 0346 4D010000 		.4byte	.LASF49
 759 034a 04       		.byte	0x4
 760 034b 07       		.byte	0x7
 761 034c 2A01     		.2byte	0x12a
 762 034e 62030000 		.4byte	0x362
 763 0352 0C       		.uleb128 0xc
 764 0353 72313300 		.ascii	"r13\000"
 765 0357 07       		.byte	0x7
 766 0358 2B01     		.2byte	0x12b
 767 035a 62030000 		.4byte	0x362
 768 035e 02       		.byte	0x2
 769 035f 23       		.byte	0x23
 770 0360 00       		.uleb128 0x0
 771 0361 00       		.byte	0x0
 772 0362 09       		.uleb128 0x9
 773 0363 04       		.byte	0x4
 774 0364 B7020000 		.4byte	0x2b7
 775 0368 0D       		.uleb128 0xd
 776 0369 FE000000 		.4byte	0xfe
 777 036d 08       		.uleb128 0x8
 778 036e 1C       		.byte	0x1c
 779 036f 08       		.byte	0x8
 780 0370 57       		.byte	0x57
 781 0371 CA030000 		.4byte	0x3ca
 782 0375 06       		.uleb128 0x6
 783 0376 48030000 		.4byte	.LASF50
 784 037a 08       		.byte	0x8
 785 037b 58       		.byte	0x58
 786 037c 72020000 		.4byte	0x272
 787 0380 02       		.byte	0x2
 788 0381 23       		.byte	0x23
 789 0382 00       		.uleb128 0x0
 790 0383 06       		.uleb128 0x6
ARM GAS  C:\Users\DNIEL~1\AppData\Local\Temp\ccBUsUyH.s 			page 15


 791 0384 E8020000 		.4byte	.LASF51
 792 0388 08       		.byte	0x8
 793 0389 59       		.byte	0x59
 794 038a DD000000 		.4byte	0xdd
 795 038e 02       		.byte	0x2
 796 038f 23       		.byte	0x23
 797 0390 08       		.uleb128 0x8
 798 0391 06       		.uleb128 0x6
 799 0392 FF010000 		.4byte	.LASF52
 800 0396 08       		.byte	0x8
 801 0397 5B       		.byte	0x5b
 802 0398 45030000 		.4byte	0x345
 803 039c 02       		.byte	0x2
 804 039d 23       		.byte	0x23
 805 039e 0C       		.uleb128 0xc
 806 039f 06       		.uleb128 0x6
 807 03a0 FB000000 		.4byte	.LASF53
 808 03a4 08       		.byte	0x8
 809 03a5 5E       		.byte	0x5e
 810 03a6 6C020000 		.4byte	0x26c
 811 03aa 02       		.byte	0x2
 812 03ab 23       		.byte	0x23
 813 03ac 10       		.uleb128 0x10
 814 03ad 06       		.uleb128 0x6
 815 03ae 24020000 		.4byte	.LASF54
 816 03b2 08       		.byte	0x8
 817 03b3 5F       		.byte	0x5f
 818 03b4 6C020000 		.4byte	0x26c
 819 03b8 02       		.byte	0x2
 820 03b9 23       		.byte	0x23
 821 03ba 14       		.uleb128 0x14
 822 03bb 06       		.uleb128 0x6
 823 03bc 1A020000 		.4byte	.LASF55
 824 03c0 08       		.byte	0x8
 825 03c1 62       		.byte	0x62
 826 03c2 6C020000 		.4byte	0x26c
 827 03c6 02       		.byte	0x2
 828 03c7 23       		.byte	0x23
 829 03c8 18       		.uleb128 0x18
 830 03c9 00       		.byte	0x0
 831 03ca 03       		.uleb128 0x3
 832 03cb AC030000 		.4byte	.LASF56
 833 03cf 08       		.byte	0x8
 834 03d0 64       		.byte	0x64
 835 03d1 6D030000 		.4byte	0x36d
 836 03d5 05       		.uleb128 0x5
 837 03d6 8E010000 		.4byte	.LASF57
 838 03da 10       		.byte	0x10
 839 03db 09       		.byte	0x9
 840 03dc 25       		.byte	0x25
 841 03dd 0C040000 		.4byte	0x40c
 842 03e1 06       		.uleb128 0x6
 843 03e2 BC000000 		.4byte	.LASF58
 844 03e6 09       		.byte	0x9
 845 03e7 26       		.byte	0x26
 846 03e8 72020000 		.4byte	0x272
 847 03ec 02       		.byte	0x2
ARM GAS  C:\Users\DNIEL~1\AppData\Local\Temp\ccBUsUyH.s 			page 16


 848 03ed 23       		.byte	0x23
 849 03ee 00       		.uleb128 0x0
 850 03ef 06       		.uleb128 0x6
 851 03f0 E9030000 		.4byte	.LASF59
 852 03f4 09       		.byte	0x9
 853 03f5 28       		.byte	0x28
 854 03f6 6C020000 		.4byte	0x26c
 855 03fa 02       		.byte	0x2
 856 03fb 23       		.byte	0x23
 857 03fc 08       		.uleb128 0x8
 858 03fd 06       		.uleb128 0x6
 859 03fe 65030000 		.4byte	.LASF60
 860 0402 09       		.byte	0x9
 861 0403 2A       		.byte	0x2a
 862 0404 0C040000 		.4byte	0x40c
 863 0408 02       		.byte	0x2
 864 0409 23       		.byte	0x23
 865 040a 0C       		.uleb128 0xc
 866 040b 00       		.byte	0x0
 867 040c 09       		.uleb128 0x9
 868 040d 04       		.byte	0x4
 869 040e D5030000 		.4byte	0x3d5
 870 0412 03       		.uleb128 0x3
 871 0413 8E010000 		.4byte	.LASF57
 872 0417 09       		.byte	0x9
 873 0418 2C       		.byte	0x2c
 874 0419 D5030000 		.4byte	0x3d5
 875 041d 0E       		.uleb128 0xe
 876 041e 04       		.byte	0x4
 877 041f 06       		.byte	0x6
 878 0420 8F       		.byte	0x8f
 879 0421 52040000 		.4byte	0x452
 880 0425 0F       		.uleb128 0xf
 881 0426 1A000000 		.4byte	.LASF61
 882 042a 06       		.byte	0x6
 883 042b 96       		.byte	0x96
 884 042c E8000000 		.4byte	0xe8
 885 0430 0F       		.uleb128 0xf
 886 0431 4F000000 		.4byte	.LASF62
 887 0435 06       		.byte	0x6
 888 0436 9D       		.byte	0x9d
 889 0437 E8000000 		.4byte	0xe8
 890 043b 0F       		.uleb128 0xf
 891 043c C4030000 		.4byte	.LASF63
 892 0440 06       		.byte	0x6
 893 0441 A4       		.byte	0xa4
 894 0442 AA020000 		.4byte	0x2aa
 895 0446 0F       		.uleb128 0xf
 896 0447 EF020000 		.4byte	.LASF64
 897 044b 06       		.byte	0x6
 898 044c AB       		.byte	0xab
 899 044d F3000000 		.4byte	0xf3
 900 0451 00       		.byte	0x0
 901 0452 09       		.uleb128 0x9
 902 0453 04       		.byte	0x4
 903 0454 58040000 		.4byte	0x458
 904 0458 10       		.uleb128 0x10
ARM GAS  C:\Users\DNIEL~1\AppData\Local\Temp\ccBUsUyH.s 			page 17


 905 0459 5D040000 		.4byte	0x45d
 906 045d 04       		.uleb128 0x4
 907 045e 01       		.byte	0x1
 908 045f 08       		.byte	0x8
 909 0460 50030000 		.4byte	.LASF65
 910 0464 09       		.uleb128 0x9
 911 0465 04       		.byte	0x4
 912 0466 AC020000 		.4byte	0x2ac
 913 046a 09       		.uleb128 0x9
 914 046b 04       		.byte	0x4
 915 046c 12040000 		.4byte	0x412
 916 0470 08       		.uleb128 0x8
 917 0471 16       		.byte	0x16
 918 0472 0A       		.byte	0xa
 919 0473 25       		.byte	0x25
 920 0474 75050000 		.4byte	0x575
 921 0478 06       		.uleb128 0x6
 922 0479 3F010000 		.4byte	.LASF66
 923 047d 0A       		.byte	0xa
 924 047e 26       		.byte	0x26
 925 047f 75050000 		.4byte	0x575
 926 0483 02       		.byte	0x2
 927 0484 23       		.byte	0x23
 928 0485 00       		.uleb128 0x0
 929 0486 06       		.uleb128 0x6
 930 0487 CB010000 		.4byte	.LASF67
 931 048b 0A       		.byte	0xa
 932 048c 27       		.byte	0x27
 933 048d 49000000 		.4byte	0x49
 934 0491 02       		.byte	0x2
 935 0492 23       		.byte	0x23
 936 0493 04       		.uleb128 0x4
 937 0494 06       		.uleb128 0x6
 938 0495 12020000 		.4byte	.LASF68
 939 0499 0A       		.byte	0xa
 940 049a 28       		.byte	0x28
 941 049b 49000000 		.4byte	0x49
 942 049f 02       		.byte	0x2
 943 04a0 23       		.byte	0x23
 944 04a1 05       		.uleb128 0x5
 945 04a2 06       		.uleb128 0x6
 946 04a3 DE030000 		.4byte	.LASF69
 947 04a7 0A       		.byte	0xa
 948 04a8 29       		.byte	0x29
 949 04a9 62000000 		.4byte	0x62
 950 04ad 02       		.byte	0x2
 951 04ae 23       		.byte	0x23
 952 04af 06       		.uleb128 0x6
 953 04b0 06       		.uleb128 0x6
 954 04b1 86020000 		.4byte	.LASF70
 955 04b5 0A       		.byte	0xa
 956 04b6 2A       		.byte	0x2a
 957 04b7 49000000 		.4byte	0x49
 958 04bb 02       		.byte	0x2
 959 04bc 23       		.byte	0x23
 960 04bd 08       		.uleb128 0x8
 961 04be 06       		.uleb128 0x6
ARM GAS  C:\Users\DNIEL~1\AppData\Local\Temp\ccBUsUyH.s 			page 18


 962 04bf DF010000 		.4byte	.LASF71
 963 04c3 0A       		.byte	0xa
 964 04c4 2B       		.byte	0x2b
 965 04c5 49000000 		.4byte	0x49
 966 04c9 02       		.byte	0x2
 967 04ca 23       		.byte	0x23
 968 04cb 09       		.uleb128 0x9
 969 04cc 06       		.uleb128 0x6
 970 04cd 41000000 		.4byte	.LASF72
 971 04d1 0A       		.byte	0xa
 972 04d2 2C       		.byte	0x2c
 973 04d3 49000000 		.4byte	0x49
 974 04d7 02       		.byte	0x2
 975 04d8 23       		.byte	0x23
 976 04d9 0A       		.uleb128 0xa
 977 04da 06       		.uleb128 0x6
 978 04db 3C030000 		.4byte	.LASF73
 979 04df 0A       		.byte	0xa
 980 04e0 2D       		.byte	0x2d
 981 04e1 49000000 		.4byte	0x49
 982 04e5 02       		.byte	0x2
 983 04e6 23       		.byte	0x23
 984 04e7 0B       		.uleb128 0xb
 985 04e8 06       		.uleb128 0x6
 986 04e9 9A030000 		.4byte	.LASF74
 987 04ed 0A       		.byte	0xa
 988 04ee 2E       		.byte	0x2e
 989 04ef 49000000 		.4byte	0x49
 990 04f3 02       		.byte	0x2
 991 04f4 23       		.byte	0x23
 992 04f5 0C       		.uleb128 0xc
 993 04f6 06       		.uleb128 0x6
 994 04f7 1B030000 		.4byte	.LASF75
 995 04fb 0A       		.byte	0xa
 996 04fc 2F       		.byte	0x2f
 997 04fd 49000000 		.4byte	0x49
 998 0501 02       		.byte	0x2
 999 0502 23       		.byte	0x23
 1000 0503 0D       		.uleb128 0xd
 1001 0504 06       		.uleb128 0x6
 1002 0505 00000000 		.4byte	.LASF76
 1003 0509 0A       		.byte	0xa
 1004 050a 30       		.byte	0x30
 1005 050b 49000000 		.4byte	0x49
 1006 050f 02       		.byte	0x2
 1007 0510 23       		.byte	0x23
 1008 0511 0E       		.uleb128 0xe
 1009 0512 06       		.uleb128 0x6
 1010 0513 EB010000 		.4byte	.LASF77
 1011 0517 0A       		.byte	0xa
 1012 0518 31       		.byte	0x31
 1013 0519 49000000 		.4byte	0x49
 1014 051d 02       		.byte	0x2
 1015 051e 23       		.byte	0x23
 1016 051f 0F       		.uleb128 0xf
 1017 0520 06       		.uleb128 0x6
 1018 0521 97000000 		.4byte	.LASF78
ARM GAS  C:\Users\DNIEL~1\AppData\Local\Temp\ccBUsUyH.s 			page 19


 1019 0525 0A       		.byte	0xa
 1020 0526 32       		.byte	0x32
 1021 0527 49000000 		.4byte	0x49
 1022 052b 02       		.byte	0x2
 1023 052c 23       		.byte	0x23
 1024 052d 10       		.uleb128 0x10
 1025 052e 06       		.uleb128 0x6
 1026 052f 70000000 		.4byte	.LASF79
 1027 0533 0A       		.byte	0xa
 1028 0534 34       		.byte	0x34
 1029 0535 49000000 		.4byte	0x49
 1030 0539 02       		.byte	0x2
 1031 053a 23       		.byte	0x23
 1032 053b 11       		.uleb128 0x11
 1033 053c 06       		.uleb128 0x6
 1034 053d A7000000 		.4byte	.LASF80
 1035 0541 0A       		.byte	0xa
 1036 0542 35       		.byte	0x35
 1037 0543 49000000 		.4byte	0x49
 1038 0547 02       		.byte	0x2
 1039 0548 23       		.byte	0x23
 1040 0549 12       		.uleb128 0x12
 1041 054a 06       		.uleb128 0x6
 1042 054b D3010000 		.4byte	.LASF81
 1043 054f 0A       		.byte	0xa
 1044 0550 36       		.byte	0x36
 1045 0551 49000000 		.4byte	0x49
 1046 0555 02       		.byte	0x2
 1047 0556 23       		.byte	0x23
 1048 0557 13       		.uleb128 0x13
 1049 0558 06       		.uleb128 0x6
 1050 0559 FD020000 		.4byte	.LASF82
 1051 055d 0A       		.byte	0xa
 1052 055e 37       		.byte	0x37
 1053 055f 49000000 		.4byte	0x49
 1054 0563 02       		.byte	0x2
 1055 0564 23       		.byte	0x23
 1056 0565 14       		.uleb128 0x14
 1057 0566 06       		.uleb128 0x6
 1058 0567 DC020000 		.4byte	.LASF83
 1059 056b 0A       		.byte	0xa
 1060 056c 39       		.byte	0x39
 1061 056d 49000000 		.4byte	0x49
 1062 0571 02       		.byte	0x2
 1063 0572 23       		.byte	0x23
 1064 0573 15       		.uleb128 0x15
 1065 0574 00       		.byte	0x0
 1066 0575 11       		.uleb128 0x11
 1067 0576 5D040000 		.4byte	0x45d
 1068 057a 85050000 		.4byte	0x585
 1069 057e 12       		.uleb128 0x12
 1070 057f 3B000000 		.4byte	0x3b
 1071 0583 03       		.byte	0x3
 1072 0584 00       		.byte	0x0
 1073 0585 03       		.uleb128 0x3
 1074 0586 E9000000 		.4byte	.LASF84
 1075 058a 0A       		.byte	0xa
ARM GAS  C:\Users\DNIEL~1\AppData\Local\Temp\ccBUsUyH.s 			page 20


 1076 058b 3A       		.byte	0x3a
 1077 058c 70040000 		.4byte	0x470
 1078 0590 13       		.uleb128 0x13
 1079 0591 01       		.byte	0x1
 1080 0592 58000000 		.4byte	.LASF85
 1081 0596 01       		.byte	0x1
 1082 0597 6E       		.byte	0x6e
 1083 0598 01       		.byte	0x1
 1084 0599 6C020000 		.4byte	0x26c
 1085 059d 00000000 		.4byte	.LFB7
 1086 05a1 2C000000 		.4byte	.LFE7
 1087 05a5 00000000 		.4byte	.LLST0
 1088 05a9 F2050000 		.4byte	0x5f2
 1089 05ad 14       		.uleb128 0x14
 1090 05ae 747000   		.ascii	"tp\000"
 1091 05b1 01       		.byte	0x1
 1092 05b2 6F       		.byte	0x6f
 1093 05b3 6C020000 		.4byte	0x26c
 1094 05b7 20000000 		.4byte	.LLST1
 1095 05bb 15       		.uleb128 0x15
 1096 05bc 02000000 		.4byte	.LBB2
 1097 05c0 08000000 		.4byte	.LBE2
 1098 05c4 D8050000 		.4byte	0x5d8
 1099 05c8 14       		.uleb128 0x14
 1100 05c9 746D7000 		.ascii	"tmp\000"
 1101 05cd 01       		.byte	0x1
 1102 05ce 71       		.byte	0x71
 1103 05cf 86000000 		.4byte	0x86
 1104 05d3 3F000000 		.4byte	.LLST2
 1105 05d7 00       		.byte	0x0
 1106 05d8 16       		.uleb128 0x16
 1107 05d9 1E000000 		.4byte	.LBB3
 1108 05dd 24000000 		.4byte	.LBE3
 1109 05e1 14       		.uleb128 0x14
 1110 05e2 746D7000 		.ascii	"tmp\000"
 1111 05e6 01       		.byte	0x1
 1112 05e7 76       		.byte	0x76
 1113 05e8 86000000 		.4byte	0x86
 1114 05ec 52000000 		.4byte	.LLST3
 1115 05f0 00       		.byte	0x0
 1116 05f1 00       		.byte	0x0
 1117 05f2 13       		.uleb128 0x13
 1118 05f3 01       		.byte	0x1
 1119 05f4 55030000 		.4byte	.LASF86
 1120 05f8 01       		.byte	0x1
 1121 05f9 85       		.byte	0x85
 1122 05fa 01       		.byte	0x1
 1123 05fb 6C020000 		.4byte	0x26c
 1124 05ff 00000000 		.4byte	.LFB8
 1125 0603 50000000 		.4byte	.LFE8
 1126 0607 65000000 		.4byte	.LLST4
 1127 060b 63060000 		.4byte	0x663
 1128 060f 17       		.uleb128 0x17
 1129 0610 747000   		.ascii	"tp\000"
 1130 0613 01       		.byte	0x1
 1131 0614 85       		.byte	0x85
 1132 0615 6C020000 		.4byte	0x26c
ARM GAS  C:\Users\DNIEL~1\AppData\Local\Temp\ccBUsUyH.s 			page 21


 1133 0619 85000000 		.4byte	.LLST5
 1134 061d 14       		.uleb128 0x14
 1135 061e 6E747000 		.ascii	"ntp\000"
 1136 0622 01       		.byte	0x1
 1137 0623 86       		.byte	0x86
 1138 0624 6C020000 		.4byte	0x26c
 1139 0628 A3000000 		.4byte	.LLST6
 1140 062c 15       		.uleb128 0x15
 1141 062d 04000000 		.4byte	.LBB4
 1142 0631 0A000000 		.4byte	.LBE4
 1143 0635 49060000 		.4byte	0x649
 1144 0639 14       		.uleb128 0x14
 1145 063a 746D7000 		.ascii	"tmp\000"
 1146 063e 01       		.byte	0x1
 1147 063f 88       		.byte	0x88
 1148 0640 86000000 		.4byte	0x86
 1149 0644 D9000000 		.4byte	.LLST7
 1150 0648 00       		.byte	0x0
 1151 0649 16       		.uleb128 0x16
 1152 064a 28000000 		.4byte	.LBB5
 1153 064e 2E000000 		.4byte	.LBE5
 1154 0652 14       		.uleb128 0x14
 1155 0653 746D7000 		.ascii	"tmp\000"
 1156 0657 01       		.byte	0x1
 1157 0658 93       		.byte	0x93
 1158 0659 86000000 		.4byte	0x86
 1159 065d EC000000 		.4byte	.LLST8
 1160 0661 00       		.byte	0x0
 1161 0662 00       		.byte	0x0
 1162 0663 18       		.uleb128 0x18
 1163 0664 B6030000 		.4byte	.LASF87
 1164 0668 08       		.byte	0x8
 1165 0669 68       		.byte	0x68
 1166 066a CA030000 		.4byte	0x3ca
 1167 066e 01       		.byte	0x1
 1168 066f 01       		.byte	0x1
 1169 0670 18       		.uleb128 0x18
 1170 0671 B6030000 		.4byte	.LASF87
 1171 0675 08       		.byte	0x8
 1172 0676 68       		.byte	0x68
 1173 0677 CA030000 		.4byte	0x3ca
 1174 067b 01       		.byte	0x1
 1175 067c 01       		.byte	0x1
 1176 067d 19       		.uleb128 0x19
 1177 067e 36010000 		.4byte	.LASF88
 1178 0682 01       		.byte	0x1
 1179 0683 3B       		.byte	0x3b
 1180 0684 8F060000 		.4byte	0x68f
 1181 0688 01       		.byte	0x1
 1182 0689 05       		.byte	0x5
 1183 068a 03       		.byte	0x3
 1184 068b 00000000 		.4byte	ch_debug
 1185 068f 10       		.uleb128 0x10
 1186 0690 85050000 		.4byte	0x585
 1187 0694 00       		.byte	0x0
 1188              		.section	.debug_abbrev
 1189 0000 01       		.uleb128 0x1
ARM GAS  C:\Users\DNIEL~1\AppData\Local\Temp\ccBUsUyH.s 			page 22


 1190 0001 11       		.uleb128 0x11
 1191 0002 01       		.byte	0x1
 1192 0003 25       		.uleb128 0x25
 1193 0004 0E       		.uleb128 0xe
 1194 0005 13       		.uleb128 0x13
 1195 0006 0B       		.uleb128 0xb
 1196 0007 03       		.uleb128 0x3
 1197 0008 0E       		.uleb128 0xe
 1198 0009 1B       		.uleb128 0x1b
 1199 000a 0E       		.uleb128 0xe
 1200 000b 11       		.uleb128 0x11
 1201 000c 01       		.uleb128 0x1
 1202 000d 52       		.uleb128 0x52
 1203 000e 01       		.uleb128 0x1
 1204 000f 55       		.uleb128 0x55
 1205 0010 06       		.uleb128 0x6
 1206 0011 10       		.uleb128 0x10
 1207 0012 06       		.uleb128 0x6
 1208 0013 00       		.byte	0x0
 1209 0014 00       		.byte	0x0
 1210 0015 02       		.uleb128 0x2
 1211 0016 24       		.uleb128 0x24
 1212 0017 00       		.byte	0x0
 1213 0018 0B       		.uleb128 0xb
 1214 0019 0B       		.uleb128 0xb
 1215 001a 3E       		.uleb128 0x3e
 1216 001b 0B       		.uleb128 0xb
 1217 001c 03       		.uleb128 0x3
 1218 001d 08       		.uleb128 0x8
 1219 001e 00       		.byte	0x0
 1220 001f 00       		.byte	0x0
 1221 0020 03       		.uleb128 0x3
 1222 0021 16       		.uleb128 0x16
 1223 0022 00       		.byte	0x0
 1224 0023 03       		.uleb128 0x3
 1225 0024 0E       		.uleb128 0xe
 1226 0025 3A       		.uleb128 0x3a
 1227 0026 0B       		.uleb128 0xb
 1228 0027 3B       		.uleb128 0x3b
 1229 0028 0B       		.uleb128 0xb
 1230 0029 49       		.uleb128 0x49
 1231 002a 13       		.uleb128 0x13
 1232 002b 00       		.byte	0x0
 1233 002c 00       		.byte	0x0
 1234 002d 04       		.uleb128 0x4
 1235 002e 24       		.uleb128 0x24
 1236 002f 00       		.byte	0x0
 1237 0030 0B       		.uleb128 0xb
 1238 0031 0B       		.uleb128 0xb
 1239 0032 3E       		.uleb128 0x3e
 1240 0033 0B       		.uleb128 0xb
 1241 0034 03       		.uleb128 0x3
 1242 0035 0E       		.uleb128 0xe
 1243 0036 00       		.byte	0x0
 1244 0037 00       		.byte	0x0
 1245 0038 05       		.uleb128 0x5
 1246 0039 13       		.uleb128 0x13
ARM GAS  C:\Users\DNIEL~1\AppData\Local\Temp\ccBUsUyH.s 			page 23


 1247 003a 01       		.byte	0x1
 1248 003b 03       		.uleb128 0x3
 1249 003c 0E       		.uleb128 0xe
 1250 003d 0B       		.uleb128 0xb
 1251 003e 0B       		.uleb128 0xb
 1252 003f 3A       		.uleb128 0x3a
 1253 0040 0B       		.uleb128 0xb
 1254 0041 3B       		.uleb128 0x3b
 1255 0042 0B       		.uleb128 0xb
 1256 0043 01       		.uleb128 0x1
 1257 0044 13       		.uleb128 0x13
 1258 0045 00       		.byte	0x0
 1259 0046 00       		.byte	0x0
 1260 0047 06       		.uleb128 0x6
 1261 0048 0D       		.uleb128 0xd
 1262 0049 00       		.byte	0x0
 1263 004a 03       		.uleb128 0x3
 1264 004b 0E       		.uleb128 0xe
 1265 004c 3A       		.uleb128 0x3a
 1266 004d 0B       		.uleb128 0xb
 1267 004e 3B       		.uleb128 0x3b
 1268 004f 0B       		.uleb128 0xb
 1269 0050 49       		.uleb128 0x49
 1270 0051 13       		.uleb128 0x13
 1271 0052 38       		.uleb128 0x38
 1272 0053 0A       		.uleb128 0xa
 1273 0054 00       		.byte	0x0
 1274 0055 00       		.byte	0x0
 1275 0056 07       		.uleb128 0x7
 1276 0057 0D       		.uleb128 0xd
 1277 0058 00       		.byte	0x0
 1278 0059 03       		.uleb128 0x3
 1279 005a 08       		.uleb128 0x8
 1280 005b 3A       		.uleb128 0x3a
 1281 005c 0B       		.uleb128 0xb
 1282 005d 3B       		.uleb128 0x3b
 1283 005e 0B       		.uleb128 0xb
 1284 005f 49       		.uleb128 0x49
 1285 0060 13       		.uleb128 0x13
 1286 0061 38       		.uleb128 0x38
 1287 0062 0A       		.uleb128 0xa
 1288 0063 00       		.byte	0x0
 1289 0064 00       		.byte	0x0
 1290 0065 08       		.uleb128 0x8
 1291 0066 13       		.uleb128 0x13
 1292 0067 01       		.byte	0x1
 1293 0068 0B       		.uleb128 0xb
 1294 0069 0B       		.uleb128 0xb
 1295 006a 3A       		.uleb128 0x3a
 1296 006b 0B       		.uleb128 0xb
 1297 006c 3B       		.uleb128 0x3b
 1298 006d 0B       		.uleb128 0xb
 1299 006e 01       		.uleb128 0x1
 1300 006f 13       		.uleb128 0x13
 1301 0070 00       		.byte	0x0
 1302 0071 00       		.byte	0x0
 1303 0072 09       		.uleb128 0x9
ARM GAS  C:\Users\DNIEL~1\AppData\Local\Temp\ccBUsUyH.s 			page 24


 1304 0073 0F       		.uleb128 0xf
 1305 0074 00       		.byte	0x0
 1306 0075 0B       		.uleb128 0xb
 1307 0076 0B       		.uleb128 0xb
 1308 0077 49       		.uleb128 0x49
 1309 0078 13       		.uleb128 0x13
 1310 0079 00       		.byte	0x0
 1311 007a 00       		.byte	0x0
 1312 007b 0A       		.uleb128 0xa
 1313 007c 0F       		.uleb128 0xf
 1314 007d 00       		.byte	0x0
 1315 007e 0B       		.uleb128 0xb
 1316 007f 0B       		.uleb128 0xb
 1317 0080 00       		.byte	0x0
 1318 0081 00       		.byte	0x0
 1319 0082 0B       		.uleb128 0xb
 1320 0083 13       		.uleb128 0x13
 1321 0084 01       		.byte	0x1
 1322 0085 03       		.uleb128 0x3
 1323 0086 0E       		.uleb128 0xe
 1324 0087 0B       		.uleb128 0xb
 1325 0088 0B       		.uleb128 0xb
 1326 0089 3A       		.uleb128 0x3a
 1327 008a 0B       		.uleb128 0xb
 1328 008b 3B       		.uleb128 0x3b
 1329 008c 05       		.uleb128 0x5
 1330 008d 01       		.uleb128 0x1
 1331 008e 13       		.uleb128 0x13
 1332 008f 00       		.byte	0x0
 1333 0090 00       		.byte	0x0
 1334 0091 0C       		.uleb128 0xc
 1335 0092 0D       		.uleb128 0xd
 1336 0093 00       		.byte	0x0
 1337 0094 03       		.uleb128 0x3
 1338 0095 08       		.uleb128 0x8
 1339 0096 3A       		.uleb128 0x3a
 1340 0097 0B       		.uleb128 0xb
 1341 0098 3B       		.uleb128 0x3b
 1342 0099 05       		.uleb128 0x5
 1343 009a 49       		.uleb128 0x49
 1344 009b 13       		.uleb128 0x13
 1345 009c 38       		.uleb128 0x38
 1346 009d 0A       		.uleb128 0xa
 1347 009e 00       		.byte	0x0
 1348 009f 00       		.byte	0x0
 1349 00a0 0D       		.uleb128 0xd
 1350 00a1 35       		.uleb128 0x35
 1351 00a2 00       		.byte	0x0
 1352 00a3 49       		.uleb128 0x49
 1353 00a4 13       		.uleb128 0x13
 1354 00a5 00       		.byte	0x0
 1355 00a6 00       		.byte	0x0
 1356 00a7 0E       		.uleb128 0xe
 1357 00a8 17       		.uleb128 0x17
 1358 00a9 01       		.byte	0x1
 1359 00aa 0B       		.uleb128 0xb
 1360 00ab 0B       		.uleb128 0xb
ARM GAS  C:\Users\DNIEL~1\AppData\Local\Temp\ccBUsUyH.s 			page 25


 1361 00ac 3A       		.uleb128 0x3a
 1362 00ad 0B       		.uleb128 0xb
 1363 00ae 3B       		.uleb128 0x3b
 1364 00af 0B       		.uleb128 0xb
 1365 00b0 01       		.uleb128 0x1
 1366 00b1 13       		.uleb128 0x13
 1367 00b2 00       		.byte	0x0
 1368 00b3 00       		.byte	0x0
 1369 00b4 0F       		.uleb128 0xf
 1370 00b5 0D       		.uleb128 0xd
 1371 00b6 00       		.byte	0x0
 1372 00b7 03       		.uleb128 0x3
 1373 00b8 0E       		.uleb128 0xe
 1374 00b9 3A       		.uleb128 0x3a
 1375 00ba 0B       		.uleb128 0xb
 1376 00bb 3B       		.uleb128 0x3b
 1377 00bc 0B       		.uleb128 0xb
 1378 00bd 49       		.uleb128 0x49
 1379 00be 13       		.uleb128 0x13
 1380 00bf 00       		.byte	0x0
 1381 00c0 00       		.byte	0x0
 1382 00c1 10       		.uleb128 0x10
 1383 00c2 26       		.uleb128 0x26
 1384 00c3 00       		.byte	0x0
 1385 00c4 49       		.uleb128 0x49
 1386 00c5 13       		.uleb128 0x13
 1387 00c6 00       		.byte	0x0
 1388 00c7 00       		.byte	0x0
 1389 00c8 11       		.uleb128 0x11
 1390 00c9 01       		.uleb128 0x1
 1391 00ca 01       		.byte	0x1
 1392 00cb 49       		.uleb128 0x49
 1393 00cc 13       		.uleb128 0x13
 1394 00cd 01       		.uleb128 0x1
 1395 00ce 13       		.uleb128 0x13
 1396 00cf 00       		.byte	0x0
 1397 00d0 00       		.byte	0x0
 1398 00d1 12       		.uleb128 0x12
 1399 00d2 21       		.uleb128 0x21
 1400 00d3 00       		.byte	0x0
 1401 00d4 49       		.uleb128 0x49
 1402 00d5 13       		.uleb128 0x13
 1403 00d6 2F       		.uleb128 0x2f
 1404 00d7 0B       		.uleb128 0xb
 1405 00d8 00       		.byte	0x0
 1406 00d9 00       		.byte	0x0
 1407 00da 13       		.uleb128 0x13
 1408 00db 2E       		.uleb128 0x2e
 1409 00dc 01       		.byte	0x1
 1410 00dd 3F       		.uleb128 0x3f
 1411 00de 0C       		.uleb128 0xc
 1412 00df 03       		.uleb128 0x3
 1413 00e0 0E       		.uleb128 0xe
 1414 00e1 3A       		.uleb128 0x3a
 1415 00e2 0B       		.uleb128 0xb
 1416 00e3 3B       		.uleb128 0x3b
 1417 00e4 0B       		.uleb128 0xb
ARM GAS  C:\Users\DNIEL~1\AppData\Local\Temp\ccBUsUyH.s 			page 26


 1418 00e5 27       		.uleb128 0x27
 1419 00e6 0C       		.uleb128 0xc
 1420 00e7 49       		.uleb128 0x49
 1421 00e8 13       		.uleb128 0x13
 1422 00e9 11       		.uleb128 0x11
 1423 00ea 01       		.uleb128 0x1
 1424 00eb 12       		.uleb128 0x12
 1425 00ec 01       		.uleb128 0x1
 1426 00ed 40       		.uleb128 0x40
 1427 00ee 06       		.uleb128 0x6
 1428 00ef 01       		.uleb128 0x1
 1429 00f0 13       		.uleb128 0x13
 1430 00f1 00       		.byte	0x0
 1431 00f2 00       		.byte	0x0
 1432 00f3 14       		.uleb128 0x14
 1433 00f4 34       		.uleb128 0x34
 1434 00f5 00       		.byte	0x0
 1435 00f6 03       		.uleb128 0x3
 1436 00f7 08       		.uleb128 0x8
 1437 00f8 3A       		.uleb128 0x3a
 1438 00f9 0B       		.uleb128 0xb
 1439 00fa 3B       		.uleb128 0x3b
 1440 00fb 0B       		.uleb128 0xb
 1441 00fc 49       		.uleb128 0x49
 1442 00fd 13       		.uleb128 0x13
 1443 00fe 02       		.uleb128 0x2
 1444 00ff 06       		.uleb128 0x6
 1445 0100 00       		.byte	0x0
 1446 0101 00       		.byte	0x0
 1447 0102 15       		.uleb128 0x15
 1448 0103 0B       		.uleb128 0xb
 1449 0104 01       		.byte	0x1
 1450 0105 11       		.uleb128 0x11
 1451 0106 01       		.uleb128 0x1
 1452 0107 12       		.uleb128 0x12
 1453 0108 01       		.uleb128 0x1
 1454 0109 01       		.uleb128 0x1
 1455 010a 13       		.uleb128 0x13
 1456 010b 00       		.byte	0x0
 1457 010c 00       		.byte	0x0
 1458 010d 16       		.uleb128 0x16
 1459 010e 0B       		.uleb128 0xb
 1460 010f 01       		.byte	0x1
 1461 0110 11       		.uleb128 0x11
 1462 0111 01       		.uleb128 0x1
 1463 0112 12       		.uleb128 0x12
 1464 0113 01       		.uleb128 0x1
 1465 0114 00       		.byte	0x0
 1466 0115 00       		.byte	0x0
 1467 0116 17       		.uleb128 0x17
 1468 0117 05       		.uleb128 0x5
 1469 0118 00       		.byte	0x0
 1470 0119 03       		.uleb128 0x3
 1471 011a 08       		.uleb128 0x8
 1472 011b 3A       		.uleb128 0x3a
 1473 011c 0B       		.uleb128 0xb
 1474 011d 3B       		.uleb128 0x3b
ARM GAS  C:\Users\DNIEL~1\AppData\Local\Temp\ccBUsUyH.s 			page 27


 1475 011e 0B       		.uleb128 0xb
 1476 011f 49       		.uleb128 0x49
 1477 0120 13       		.uleb128 0x13
 1478 0121 02       		.uleb128 0x2
 1479 0122 06       		.uleb128 0x6
 1480 0123 00       		.byte	0x0
 1481 0124 00       		.byte	0x0
 1482 0125 18       		.uleb128 0x18
 1483 0126 34       		.uleb128 0x34
 1484 0127 00       		.byte	0x0
 1485 0128 03       		.uleb128 0x3
 1486 0129 0E       		.uleb128 0xe
 1487 012a 3A       		.uleb128 0x3a
 1488 012b 0B       		.uleb128 0xb
 1489 012c 3B       		.uleb128 0x3b
 1490 012d 0B       		.uleb128 0xb
 1491 012e 49       		.uleb128 0x49
 1492 012f 13       		.uleb128 0x13
 1493 0130 3F       		.uleb128 0x3f
 1494 0131 0C       		.uleb128 0xc
 1495 0132 3C       		.uleb128 0x3c
 1496 0133 0C       		.uleb128 0xc
 1497 0134 00       		.byte	0x0
 1498 0135 00       		.byte	0x0
 1499 0136 19       		.uleb128 0x19
 1500 0137 34       		.uleb128 0x34
 1501 0138 00       		.byte	0x0
 1502 0139 03       		.uleb128 0x3
 1503 013a 0E       		.uleb128 0xe
 1504 013b 3A       		.uleb128 0x3a
 1505 013c 0B       		.uleb128 0xb
 1506 013d 3B       		.uleb128 0x3b
 1507 013e 0B       		.uleb128 0xb
 1508 013f 49       		.uleb128 0x49
 1509 0140 13       		.uleb128 0x13
 1510 0141 3F       		.uleb128 0x3f
 1511 0142 0C       		.uleb128 0xc
 1512 0143 02       		.uleb128 0x2
 1513 0144 0A       		.uleb128 0xa
 1514 0145 00       		.byte	0x0
 1515 0146 00       		.byte	0x0
 1516 0147 00       		.byte	0x0
 1517              		.section	.debug_pubnames,"",%progbits
 1518 0000 44000000 		.4byte	0x44
 1519 0004 0200     		.2byte	0x2
 1520 0006 00000000 		.4byte	.Ldebug_info0
 1521 000a 95060000 		.4byte	0x695
 1522 000e 90050000 		.4byte	0x590
 1523 0012 63685265 		.ascii	"chRegFirstThread\000"
 1523      67466972 
 1523      73745468 
 1523      72656164 
 1523      00
 1524 0023 F2050000 		.4byte	0x5f2
 1525 0027 63685265 		.ascii	"chRegNextThread\000"
 1525      674E6578 
 1525      74546872 
ARM GAS  C:\Users\DNIEL~1\AppData\Local\Temp\ccBUsUyH.s 			page 28


 1525      65616400 
 1526 0037 7D060000 		.4byte	0x67d
 1527 003b 63685F64 		.ascii	"ch_debug\000"
 1527      65627567 
 1527      00
 1528 0044 00000000 		.4byte	0x0
 1529              		.section	.debug_pubtypes,"",%progbits
 1530 0000 59010000 		.4byte	0x159
 1531 0004 0200     		.2byte	0x2
 1532 0006 00000000 		.4byte	.Ldebug_info0
 1533 000a 95060000 		.4byte	0x695
 1534 000e 30000000 		.4byte	0x30
 1535 0012 73697A65 		.ascii	"size_t\000"
 1535      5F7400
 1536 0019 49000000 		.4byte	0x49
 1537 001d 75696E74 		.ascii	"uint8_t\000"
 1537      385F7400 
 1538 0025 62000000 		.4byte	0x62
 1539 0029 75696E74 		.ascii	"uint16_t\000"
 1539      31365F74 
 1539      00
 1540 0032 74000000 		.4byte	0x74
 1541 0036 696E7433 		.ascii	"int32_t\000"
 1541      325F7400 
 1542 003e 86000000 		.4byte	0x86
 1543 0042 75696E74 		.ascii	"uint32_t\000"
 1543      33325F74 
 1543      00
 1544 004b 9F000000 		.4byte	0x9f
 1545 004f 75696E74 		.ascii	"uint64_t\000"
 1545      36345F74 
 1545      00
 1546 0058 B1000000 		.4byte	0xb1
 1547 005c 746D6F64 		.ascii	"tmode_t\000"
 1547      655F7400 
 1548 0064 BC000000 		.4byte	0xbc
 1549 0068 74737461 		.ascii	"tstate_t\000"
 1549      74655F74 
 1549      00
 1550 0071 C7000000 		.4byte	0xc7
 1551 0075 74726566 		.ascii	"trefs_t\000"
 1551      735F7400 
 1552 007d D2000000 		.4byte	0xd2
 1553 0081 74736C69 		.ascii	"tslices_t\000"
 1553      6365735F 
 1553      7400
 1554 008b DD000000 		.4byte	0xdd
 1555 008f 74707269 		.ascii	"tprio_t\000"
 1555      6F5F7400 
 1556 0097 E8000000 		.4byte	0xe8
 1557 009b 6D73675F 		.ascii	"msg_t\000"
 1557      7400
 1558 00a1 F3000000 		.4byte	0xf3
 1559 00a5 6576656E 		.ascii	"eventmask_t\000"
 1559      746D6173 
 1559      6B5F7400 
 1560 00b1 FE000000 		.4byte	0xfe
ARM GAS  C:\Users\DNIEL~1\AppData\Local\Temp\ccBUsUyH.s 			page 29


 1561 00b5 73797374 		.ascii	"systime_t\000"
 1561      696D655F 
 1561      7400
 1562 00bf 09010000 		.4byte	0x109
 1563 00c3 54687265 		.ascii	"Thread\000"
 1563      616400
 1564 00ca 72020000 		.4byte	0x272
 1565 00ce 54687265 		.ascii	"ThreadsQueue\000"
 1565      61647351 
 1565      75657565 
 1565      00
 1566 00db 94020000 		.4byte	0x294
 1567 00df 54687265 		.ascii	"ThreadsList\000"
 1567      6164734C 
 1567      69737400 
 1568 00eb 9F020000 		.4byte	0x29f
 1569 00ef 72656761 		.ascii	"regarm_t\000"
 1569      726D5F74 
 1569      00
 1570 00f8 AC020000 		.4byte	0x2ac
 1571 00fc 73746B61 		.ascii	"stkalign_t\000"
 1571      6C69676E 
 1571      5F7400
 1572 0107 B7020000 		.4byte	0x2b7
 1573 010b 696E7463 		.ascii	"intctx\000"
 1573      747800
 1574 0112 45030000 		.4byte	0x345
 1575 0116 636F6E74 		.ascii	"context\000"
 1575      65787400 
 1576 011e CA030000 		.4byte	0x3ca
 1577 0122 52656164 		.ascii	"ReadyList\000"
 1577      794C6973 
 1577      7400
 1578 012c D5030000 		.4byte	0x3d5
 1579 0130 4D757465 		.ascii	"Mutex\000"
 1579      7800
 1580 0136 12040000 		.4byte	0x412
 1581 013a 4D757465 		.ascii	"Mutex\000"
 1581      7800
 1582 0140 14010000 		.4byte	0x114
 1583 0144 54687265 		.ascii	"Thread\000"
 1583      616400
 1584 014b 85050000 		.4byte	0x585
 1585 014f 63686465 		.ascii	"chdebug_t\000"
 1585      6275675F 
 1585      7400
 1586 0159 00000000 		.4byte	0x0
 1587              		.section	.debug_aranges,"",%progbits
 1588 0000 24000000 		.4byte	0x24
 1589 0004 0200     		.2byte	0x2
 1590 0006 00000000 		.4byte	.Ldebug_info0
 1591 000a 04       		.byte	0x4
 1592 000b 00       		.byte	0x0
 1593 000c 0000     		.2byte	0x0
 1594 000e 0000     		.2byte	0x0
 1595 0010 00000000 		.4byte	.LFB7
 1596 0014 2C000000 		.4byte	.LFE7-.LFB7
ARM GAS  C:\Users\DNIEL~1\AppData\Local\Temp\ccBUsUyH.s 			page 30


 1597 0018 00000000 		.4byte	.LFB8
 1598 001c 50000000 		.4byte	.LFE8-.LFB8
 1599 0020 00000000 		.4byte	0x0
 1600 0024 00000000 		.4byte	0x0
 1601              		.section	.debug_ranges,"",%progbits
 1602              	.Ldebug_ranges0:
 1603 0000 00000000 		.4byte	.LFB7
 1604 0004 2C000000 		.4byte	.LFE7
 1605 0008 00000000 		.4byte	.LFB8
 1606 000c 50000000 		.4byte	.LFE8
 1607 0010 00000000 		.4byte	0x0
 1608 0014 00000000 		.4byte	0x0
 1609              		.section	.debug_str,"MS",%progbits,1
 1610              	.LASF76:
 1611 0000 63665F6F 		.ascii	"cf_off_older\000"
 1611      66665F6F 
 1611      6C646572 
 1611      00
 1612              	.LASF39:
 1613 000d 705F6D73 		.ascii	"p_msg\000"
 1613      6700
 1614              	.LASF2:
 1615 0013 73697A65 		.ascii	"size_t\000"
 1615      5F7400
 1616              	.LASF61:
 1617 001a 7264796D 		.ascii	"rdymsg\000"
 1617      736700
 1618              	.LASF13:
 1619 0021 75696E74 		.ascii	"uint64_t\000"
 1619      36345F74 
 1619      00
 1620              	.LASF14:
 1621 002a 6C6F6E67 		.ascii	"long long unsigned int\000"
 1621      206C6F6E 
 1621      6720756E 
 1621      7369676E 
 1621      65642069 
 1622              	.LASF72:
 1623 0041 63685F74 		.ascii	"ch_threadsize\000"
 1623      68726561 
 1623      6473697A 
 1623      6500
 1624              	.LASF62:
 1625 004f 65786974 		.ascii	"exitcode\000"
 1625      636F6465 
 1625      00
 1626              	.LASF85:
 1627 0058 63685265 		.ascii	"chRegFirstThread\000"
 1627      67466972 
 1627      73745468 
 1627      72656164 
 1627      00
 1628              	.LASF26:
 1629 0069 705F7072 		.ascii	"p_prio\000"
 1629      696F00
 1630              	.LASF79:
 1631 0070 63665F6F 		.ascii	"cf_off_state\000"
ARM GAS  C:\Users\DNIEL~1\AppData\Local\Temp\ccBUsUyH.s 			page 31


 1631      66665F73 
 1631      74617465 
 1631      00
 1632              	.LASF12:
 1633 007d 6C6F6E67 		.ascii	"long long int\000"
 1633      206C6F6E 
 1633      6720696E 
 1633      7400
 1634              	.LASF1:
 1635 008b 7369676E 		.ascii	"signed char\000"
 1635      65642063 
 1635      68617200 
 1636              	.LASF78:
 1637 0097 63665F6F 		.ascii	"cf_off_stklimit\000"
 1637      66665F73 
 1637      746B6C69 
 1637      6D697400 
 1638              	.LASF80:
 1639 00a7 63665F6F 		.ascii	"cf_off_flags\000"
 1639      66665F66 
 1639      6C616773 
 1639      00
 1640              	.LASF43:
 1641 00b4 705F6D70 		.ascii	"p_mpool\000"
 1641      6F6F6C00 
 1642              	.LASF58:
 1643 00bc 6D5F7175 		.ascii	"m_queue\000"
 1643      65756500 
 1644              	.LASF18:
 1645 00c4 74736C69 		.ascii	"tslices_t\000"
 1645      6365735F 
 1645      7400
 1646              	.LASF9:
 1647 00ce 6C6F6E67 		.ascii	"long int\000"
 1647      20696E74 
 1647      00
 1648              	.LASF16:
 1649 00d7 74737461 		.ascii	"tstate_t\000"
 1649      74655F74 
 1649      00
 1650              	.LASF6:
 1651 00e0 75696E74 		.ascii	"uint16_t\000"
 1651      31365F74 
 1651      00
 1652              	.LASF84:
 1653 00e9 63686465 		.ascii	"chdebug_t\000"
 1653      6275675F 
 1653      7400
 1654              	.LASF28:
 1655 00f3 705F6E65 		.ascii	"p_newer\000"
 1655      77657200 
 1656              	.LASF53:
 1657 00fb 725F6E65 		.ascii	"r_newer\000"
 1657      77657200 
 1658              	.LASF46:
 1659 0103 72656761 		.ascii	"regarm_t\000"
 1659      726D5F74 
ARM GAS  C:\Users\DNIEL~1\AppData\Local\Temp\ccBUsUyH.s 			page 32


 1659      00
 1660              	.LASF31:
 1661 010c 705F7374 		.ascii	"p_stklimit\000"
 1661      6B6C696D 
 1661      697400
 1662              	.LASF0:
 1663 0117 756E7369 		.ascii	"unsigned int\000"
 1663      676E6564 
 1663      20696E74 
 1663      00
 1664              	.LASF11:
 1665 0124 6C6F6E67 		.ascii	"long unsigned int\000"
 1665      20756E73 
 1665      69676E65 
 1665      6420696E 
 1665      7400
 1666              	.LASF88:
 1667 0136 63685F64 		.ascii	"ch_debug\000"
 1667      65627567 
 1667      00
 1668              	.LASF66:
 1669 013f 63685F69 		.ascii	"ch_identifier\000"
 1669      64656E74 
 1669      69666965 
 1669      7200
 1670              	.LASF49:
 1671 014d 636F6E74 		.ascii	"context\000"
 1671      65787400 
 1672              	.LASF7:
 1673 0155 73686F72 		.ascii	"short unsigned int\000"
 1673      7420756E 
 1673      7369676E 
 1673      65642069 
 1673      6E7400
 1674              	.LASF20:
 1675 0168 6D73675F 		.ascii	"msg_t\000"
 1675      7400
 1676              	.LASF15:
 1677 016e 746D6F64 		.ascii	"tmode_t\000"
 1677      655F7400 
 1678              	.LASF45:
 1679 0176 54687265 		.ascii	"ThreadsList\000"
 1679      6164734C 
 1679      69737400 
 1680              	.LASF21:
 1681 0182 6576656E 		.ascii	"eventmask_t\000"
 1681      746D6173 
 1681      6B5F7400 
 1682              	.LASF57:
 1683 018e 4D757465 		.ascii	"Mutex\000"
 1683      7800
 1684              	.LASF90:
 1685 0194 2E2E2F2E 		.ascii	"../../../ChibiOS/os/kernel/src/chregistry.c\000"
 1685      2E2F2E2E 
 1685      2F436869 
 1685      62694F53 
 1685      2F6F732F 
ARM GAS  C:\Users\DNIEL~1\AppData\Local\Temp\ccBUsUyH.s 			page 33


 1686              	.LASF47:
 1687 01c0 73746B61 		.ascii	"stkalign_t\000"
 1687      6C69676E 
 1687      5F7400
 1688              	.LASF67:
 1689 01cb 63685F7A 		.ascii	"ch_zero\000"
 1689      65726F00 
 1690              	.LASF81:
 1691 01d3 63665F6F 		.ascii	"cf_off_refs\000"
 1691      66665F72 
 1691      65667300 
 1692              	.LASF71:
 1693 01df 63685F74 		.ascii	"ch_timesize\000"
 1693      696D6573 
 1693      697A6500 
 1694              	.LASF77:
 1695 01eb 63665F6F 		.ascii	"cf_off_name\000"
 1695      66665F6E 
 1695      616D6500 
 1696              	.LASF29:
 1697 01f7 705F6F6C 		.ascii	"p_older\000"
 1697      64657200 
 1698              	.LASF52:
 1699 01ff 725F6374 		.ascii	"r_ctx\000"
 1699      7800
 1700              	.LASF44:
 1701 0205 54687265 		.ascii	"ThreadsQueue\000"
 1701      61647351 
 1701      75657565 
 1701      00
 1702              	.LASF68:
 1703 0212 63685F73 		.ascii	"ch_size\000"
 1703      697A6500 
 1704              	.LASF55:
 1705 021a 725F6375 		.ascii	"r_current\000"
 1705      7272656E 
 1705      7400
 1706              	.LASF54:
 1707 0224 725F6F6C 		.ascii	"r_older\000"
 1707      64657200 
 1708              	.LASF91:
 1709 022c 433A5C55 		.ascii	"C:\\Users\\D\341niel\\Dropbox\\Solar Racing\\Szoftv"
 1709      73657273 
 1709      5C44E16E 
 1709      69656C5C 
 1709      44726F70 
 1710 0257 65725C4D 		.ascii	"er\\Modulux\\Modulux_v0\\modulux\\firmware\000"
 1710      6F64756C 
 1710      75785C4D 
 1710      6F64756C 
 1710      75785F76 
 1711              	.LASF17:
 1712 027e 74726566 		.ascii	"trefs_t\000"
 1712      735F7400 
 1713              	.LASF70:
 1714 0286 63685F70 		.ascii	"ch_ptrsize\000"
 1714      74727369 
ARM GAS  C:\Users\DNIEL~1\AppData\Local\Temp\ccBUsUyH.s 			page 34


 1714      7A6500
 1715              	.LASF25:
 1716 0291 705F7072 		.ascii	"p_prev\000"
 1716      657600
 1717              	.LASF19:
 1718 0298 74707269 		.ascii	"tprio_t\000"
 1718      6F5F7400 
 1719              	.LASF8:
 1720 02a0 696E7433 		.ascii	"int32_t\000"
 1720      325F7400 
 1721              	.LASF4:
 1722 02a8 756E7369 		.ascii	"unsigned char\000"
 1722      676E6564 
 1722      20636861 
 1722      7200
 1723              	.LASF41:
 1724 02b6 705F6D74 		.ascii	"p_mtxlist\000"
 1724      786C6973 
 1724      7400
 1725              	.LASF5:
 1726 02c0 73686F72 		.ascii	"short int\000"
 1726      7420696E 
 1726      7400
 1727              	.LASF32:
 1728 02ca 705F7374 		.ascii	"p_state\000"
 1728      61746500 
 1729              	.LASF35:
 1730 02d2 705F7072 		.ascii	"p_preempt\000"
 1730      65656D70 
 1730      7400
 1731              	.LASF83:
 1732 02dc 63665F6F 		.ascii	"cf_off_time\000"
 1732      66665F74 
 1732      696D6500 
 1733              	.LASF51:
 1734 02e8 725F7072 		.ascii	"r_prio\000"
 1734      696F00
 1735              	.LASF64:
 1736 02ef 65776D61 		.ascii	"ewmask\000"
 1736      736B00
 1737              	.LASF24:
 1738 02f6 705F6E65 		.ascii	"p_next\000"
 1738      787400
 1739              	.LASF82:
 1740 02fd 63665F6F 		.ascii	"cf_off_preempt\000"
 1740      66665F70 
 1740      7265656D 
 1740      707400
 1741              	.LASF33:
 1742 030c 705F666C 		.ascii	"p_flags\000"
 1742      61677300 
 1743              	.LASF23:
 1744 0314 54687265 		.ascii	"Thread\000"
 1744      616400
 1745              	.LASF75:
 1746 031b 63665F6F 		.ascii	"cf_off_newer\000"
 1746      66665F6E 
ARM GAS  C:\Users\DNIEL~1\AppData\Local\Temp\ccBUsUyH.s 			page 35


 1746      65776572 
 1746      00
 1747              	.LASF40:
 1748 0328 705F6570 		.ascii	"p_epending\000"
 1748      656E6469 
 1748      6E6700
 1749              	.LASF10:
 1750 0333 75696E74 		.ascii	"uint32_t\000"
 1750      33325F74 
 1750      00
 1751              	.LASF73:
 1752 033c 63665F6F 		.ascii	"cf_off_prio\000"
 1752      66665F70 
 1752      72696F00 
 1753              	.LASF50:
 1754 0348 725F7175 		.ascii	"r_queue\000"
 1754      65756500 
 1755              	.LASF65:
 1756 0350 63686172 		.ascii	"char\000"
 1756      00
 1757              	.LASF86:
 1758 0355 63685265 		.ascii	"chRegNextThread\000"
 1758      674E6578 
 1758      74546872 
 1758      65616400 
 1759              	.LASF60:
 1760 0365 6D5F6E65 		.ascii	"m_next\000"
 1760      787400
 1761              	.LASF22:
 1762 036c 73797374 		.ascii	"systime_t\000"
 1762      696D655F 
 1762      7400
 1763              	.LASF42:
 1764 0376 705F7265 		.ascii	"p_realprio\000"
 1764      616C7072 
 1764      696F00
 1765              	.LASF36:
 1766 0381 705F7469 		.ascii	"p_time\000"
 1766      6D6500
 1767              	.LASF48:
 1768 0388 696E7463 		.ascii	"intctx\000"
 1768      747800
 1769              	.LASF38:
 1770 038f 705F6D73 		.ascii	"p_msgqueue\000"
 1770      67717565 
 1770      756500
 1771              	.LASF74:
 1772 039a 63665F6F 		.ascii	"cf_off_ctx\000"
 1772      66665F63 
 1772      747800
 1773              	.LASF34:
 1774 03a5 705F7265 		.ascii	"p_refs\000"
 1774      667300
 1775              	.LASF56:
 1776 03ac 52656164 		.ascii	"ReadyList\000"
 1776      794C6973 
 1776      7400
ARM GAS  C:\Users\DNIEL~1\AppData\Local\Temp\ccBUsUyH.s 			page 36


 1777              	.LASF87:
 1778 03b6 726C6973 		.ascii	"rlist\000"
 1778      7400
 1779              	.LASF3:
 1780 03bc 75696E74 		.ascii	"uint8_t\000"
 1780      385F7400 
 1781              	.LASF63:
 1782 03c4 77746F62 		.ascii	"wtobjp\000"
 1782      6A7000
 1783              	.LASF89:
 1784 03cb 474E5520 		.ascii	"GNU C 4.5.2\000"
 1784      4320342E 
 1784      352E3200 
 1785              	.LASF30:
 1786 03d7 705F6E61 		.ascii	"p_name\000"
 1786      6D6500
 1787              	.LASF69:
 1788 03de 63685F76 		.ascii	"ch_version\000"
 1788      65727369 
 1788      6F6E00
 1789              	.LASF59:
 1790 03e9 6D5F6F77 		.ascii	"m_owner\000"
 1790      6E657200 
 1791              	.LASF27:
 1792 03f1 705F6374 		.ascii	"p_ctx\000"
 1792      7800
 1793              	.LASF37:
 1794 03f7 705F7761 		.ascii	"p_waiting\000"
 1794      6974696E 
 1794      6700
 1795              		.ident	"GCC: (Sourcery G++ Lite 2011.03-42) 4.5.2"
ARM GAS  C:\Users\DNIEL~1\AppData\Local\Temp\ccBUsUyH.s 			page 37


DEFINED SYMBOLS
                            *ABS*:00000000 chregistry.c
C:\Users\DNIEL~1\AppData\Local\Temp\ccBUsUyH.s:24     .text.chRegFirstThread:00000000 $t
C:\Users\DNIEL~1\AppData\Local\Temp\ccBUsUyH.s:30     .text.chRegFirstThread:00000000 chRegFirstThread
C:\Users\DNIEL~1\AppData\Local\Temp\ccBUsUyH.s:80     .text.chRegFirstThread:00000028 $d
C:\Users\DNIEL~1\AppData\Local\Temp\ccBUsUyH.s:85     .text.chRegNextThread:00000000 $t
C:\Users\DNIEL~1\AppData\Local\Temp\ccBUsUyH.s:91     .text.chRegNextThread:00000000 chRegNextThread
C:\Users\DNIEL~1\AppData\Local\Temp\ccBUsUyH.s:169    .text.chRegNextThread:00000048 $d
C:\Users\DNIEL~1\AppData\Local\Temp\ccBUsUyH.s:179    .rodata.ch_debug:00000000 ch_debug
C:\Users\DNIEL~1\AppData\Local\Temp\ccBUsUyH.s:176    .rodata.ch_debug:00000000 $d
C:\Users\DNIEL~1\AppData\Local\Temp\ccBUsUyH.s:199    .rodata.str1.4:00000000 $d
                     .debug_frame:00000010 $d
C:\Users\DNIEL~1\AppData\Local\Temp\ccBUsUyH.s:84     .text.chRegFirstThread:0000002c $t

UNDEFINED SYMBOLS
dbg_check_lock
dbg_check_unlock
rlist
chThdRelease
chDbgPanic
