ARM GAS  C:\Users\srich\AppData\Local\Temp\ccgo1jjS.s 			page 1


   1              		.syntax unified
   2              		.cpu cortex-m4
   3              		.fpu softvfp
   4              		.eabi_attribute 20, 1
   5              		.eabi_attribute 21, 1
   6              		.eabi_attribute 23, 3
   7              		.eabi_attribute 24, 1
   8              		.eabi_attribute 25, 1
   9              		.eabi_attribute 26, 1
  10              		.eabi_attribute 30, 2
  11              		.eabi_attribute 34, 1
  12              		.eabi_attribute 18, 4
  13              		.thumb
  14              		.file	"chvt.c"
  15              		.text
  16              	.Ltext0:
  17              		.cfi_sections	.debug_frame
  18              		.section	.text._vt_init,"ax",%progbits
  19              		.align	2
  20              		.p2align 4,,15
  21              		.global	_vt_init
  22              		.thumb
  23              		.thumb_func
  24              		.type	_vt_init, %function
  25              	_vt_init:
  26              	.LFB7:
  27              		.file 1 "c:\\ChibiStudio\\chibios/os/kernel/src/chvt.c"
  28              		.loc 1 50 0
  29              		.cfi_startproc
  30              		@ args = 0, pretend = 0, frame = 0
  31              		@ frame_needed = 0, uses_anonymous_args = 0
  32              		@ link register save eliminated.
  33              		.loc 1 52 0
  34 0000 40F20003 		movw	r3, #:lower16:.LANCHOR0
  35 0004 C0F20003 		movt	r3, #:upper16:.LANCHOR0
  36              		.loc 1 53 0
  37 0008 4FF0FF32 		mov	r2, #-1
  38              		.loc 1 54 0
  39 000c 0020     		movs	r0, #0
  40              		.loc 1 52 0
  41 000e 5B60     		str	r3, [r3, #4]
  42 0010 1B60     		str	r3, [r3, #0]
  43              		.loc 1 53 0
  44 0012 9A60     		str	r2, [r3, #8]
  45              		.loc 1 54 0
  46 0014 D860     		str	r0, [r3, #12]
  47 0016 7047     		bx	lr
  48              		.cfi_endproc
  49              	.LFE7:
  50              		.size	_vt_init, .-_vt_init
  51 0018 AFF30080 		.section	.text.chVTSetI,"ax",%progbits
  51      AFF30080 
  52              		.align	2
  53              		.p2align 4,,15
  54              		.global	chVTSetI
  55              		.thumb
  56              		.thumb_func
ARM GAS  C:\Users\srich\AppData\Local\Temp\ccgo1jjS.s 			page 2


  57              		.type	chVTSetI, %function
  58              	chVTSetI:
  59              	.LFB8:
  60              		.loc 1 76 0
  61              		.cfi_startproc
  62              		@ args = 0, pretend = 0, frame = 0
  63              		@ frame_needed = 0, uses_anonymous_args = 0
  64              		@ link register save eliminated.
  65              	.LVL0:
  66 0000 70B4     		push	{r4, r5, r6}
  67              	.LCFI0:
  68              		.cfi_def_cfa_offset 12
  69              		.cfi_offset 4, -12
  70              		.cfi_offset 5, -8
  71              		.cfi_offset 6, -4
  72              		.loc 1 85 0
  73 0002 0C4E     		ldr	r6, .L9
  74              		.loc 1 83 0
  75 0004 0361     		str	r3, [r0, #16]
  76              		.loc 1 85 0
  77 0006 3468     		ldr	r4, [r6, #0]
  78              	.LVL1:
  79              		.loc 1 84 0
  80 0008 C260     		str	r2, [r0, #12]
  81              		.loc 1 86 0
  82 000a A568     		ldr	r5, [r4, #8]
  83 000c A942     		cmp	r1, r5
  84 000e 04D9     		bls	.L3
  85              	.L6:
  86              		.loc 1 88 0
  87 0010 2468     		ldr	r4, [r4, #0]
  88              	.LVL2:
  89              		.loc 1 87 0
  90 0012 491B     		subs	r1, r1, r5
  91              	.LVL3:
  92              		.loc 1 86 0
  93 0014 A568     		ldr	r5, [r4, #8]
  94 0016 8D42     		cmp	r5, r1
  95 0018 FAD3     		bcc	.L6
  96              	.L3:
  97              		.loc 1 91 0
  98 001a 6368     		ldr	r3, [r4, #4]
  99              	.LVL4:
 100 001c 0460     		str	r4, [r0, #0]
 101              		.loc 1 94 0
 102 001e B442     		cmp	r4, r6
 103              		.loc 1 91 0
 104 0020 4360     		str	r3, [r0, #4]
 105              		.loc 1 92 0
 106 0022 1860     		str	r0, [r3, #0]
 107 0024 6060     		str	r0, [r4, #4]
 108              		.loc 1 93 0
 109 0026 8160     		str	r1, [r0, #8]
 110              		.loc 1 94 0
 111 0028 02D0     		beq	.L2
 112              		.loc 1 95 0
 113 002a A068     		ldr	r0, [r4, #8]
ARM GAS  C:\Users\srich\AppData\Local\Temp\ccgo1jjS.s 			page 3


 114              	.LVL5:
 115 002c 411A     		subs	r1, r0, r1
 116              	.LVL6:
 117 002e A160     		str	r1, [r4, #8]
 118              	.L2:
 119              		.loc 1 96 0
 120 0030 70BC     		pop	{r4, r5, r6}
 121 0032 7047     		bx	lr
 122              	.L10:
 123              		.align	2
 124              	.L9:
 125 0034 00000000 		.word	.LANCHOR0
 126              		.cfi_endproc
 127              	.LFE8:
 128              		.size	chVTSetI, .-chVTSetI
 129 0038 AFF30080 		.section	.text.chVTResetI,"ax",%progbits
 129      AFF30080 
 130              		.align	2
 131              		.p2align 4,,15
 132              		.global	chVTResetI
 133              		.thumb
 134              		.thumb_func
 135              		.type	chVTResetI, %function
 136              	chVTResetI:
 137              	.LFB9:
 138              		.loc 1 106 0
 139              		.cfi_startproc
 140              		@ args = 0, pretend = 0, frame = 0
 141              		@ frame_needed = 0, uses_anonymous_args = 0
 142              		@ link register save eliminated.
 143              	.LVL7:
 144              		.loc 1 114 0
 145 0000 0368     		ldr	r3, [r0, #0]
 146 0002 074A     		ldr	r2, .L13
 147 0004 9342     		cmp	r3, r2
 148 0006 03D0     		beq	.L12
 149              		.loc 1 115 0
 150 0008 9968     		ldr	r1, [r3, #8]
 151 000a 8268     		ldr	r2, [r0, #8]
 152 000c 8918     		adds	r1, r1, r2
 153 000e 9960     		str	r1, [r3, #8]
 154              	.L12:
 155              		.loc 1 116 0
 156 0010 4268     		ldr	r2, [r0, #4]
 157 0012 1360     		str	r3, [r2, #0]
 158              		.loc 1 117 0
 159 0014 0368     		ldr	r3, [r0, #0]
 160              		.loc 1 118 0
 161 0016 0021     		movs	r1, #0
 162              		.loc 1 117 0
 163 0018 5A60     		str	r2, [r3, #4]
 164              		.loc 1 118 0
 165 001a C160     		str	r1, [r0, #12]
 166 001c 7047     		bx	lr
 167              	.L14:
 168 001e 00BF     		.align	2
 169              	.L13:
ARM GAS  C:\Users\srich\AppData\Local\Temp\ccgo1jjS.s 			page 4


 170 0020 00000000 		.word	.LANCHOR0
 171              		.cfi_endproc
 172              	.LFE9:
 173              		.size	chVTResetI, .-chVTResetI
 174              		.global	vtlist
 175 0024 AFF30080 		.section	.bss.vtlist,"aw",%nobits
 175      AFF30080 
 175      AFF30080 
 176              		.align	2
 177              		.set	.LANCHOR0,. + 0
 178              		.type	vtlist, %object
 179              		.size	vtlist, 16
 180              	vtlist:
 181 0000 00000000 		.space	16
 181      00000000 
 181      00000000 
 181      00000000 
 182              		.text
 183              	.Letext0:
 184              		.file 2 "c:\\chibistudio\\tools\\gnu tools arm embedded\\4.7 2014q2\\bin\\../lib/gcc/arm-none-eabi
 185              		.file 3 "c:\\ChibiStudio\\chibios/os/ports/GCC/ARMCMx/chtypes.h"
 186              		.file 4 "c:\\ChibiStudio\\chibios/os/kernel/include/chvt.h"
 187              		.section	.debug_info,"",%progbits
 188              	.Ldebug_info0:
 189 0000 17020000 		.4byte	0x217
 190 0004 0200     		.2byte	0x2
 191 0006 00000000 		.4byte	.Ldebug_abbrev0
 192 000a 04       		.byte	0x4
 193 000b 01       		.uleb128 0x1
 194 000c 4E000000 		.4byte	.LASF27
 195 0010 01       		.byte	0x1
 196 0011 A0000000 		.4byte	.LASF28
 197 0015 00000000 		.4byte	.Ldebug_ranges0+0
 198 0019 00000000 		.4byte	0
 199 001d 00000000 		.4byte	0
 200 0021 00000000 		.4byte	.Ldebug_line0
 201 0025 02       		.uleb128 0x2
 202 0026 04       		.byte	0x4
 203 0027 05       		.byte	0x5
 204 0028 696E7400 		.ascii	"int\000"
 205 002c 03       		.uleb128 0x3
 206 002d 04       		.byte	0x4
 207 002e 07       		.byte	0x7
 208 002f DA000000 		.4byte	.LASF0
 209 0033 03       		.uleb128 0x3
 210 0034 01       		.byte	0x1
 211 0035 06       		.byte	0x6
 212 0036 73010000 		.4byte	.LASF1
 213 003a 03       		.uleb128 0x3
 214 003b 01       		.byte	0x1
 215 003c 08       		.byte	0x8
 216 003d CC000000 		.4byte	.LASF2
 217 0041 03       		.uleb128 0x3
 218 0042 02       		.byte	0x2
 219 0043 05       		.byte	0x5
 220 0044 4F010000 		.4byte	.LASF3
 221 0048 03       		.uleb128 0x3
ARM GAS  C:\Users\srich\AppData\Local\Temp\ccgo1jjS.s 			page 5


 222 0049 02       		.byte	0x2
 223 004a 07       		.byte	0x7
 224 004b 2E000000 		.4byte	.LASF4
 225 004f 03       		.uleb128 0x3
 226 0050 04       		.byte	0x4
 227 0051 05       		.byte	0x5
 228 0052 6A010000 		.4byte	.LASF5
 229 0056 04       		.uleb128 0x4
 230 0057 61010000 		.4byte	.LASF10
 231 005b 02       		.byte	0x2
 232 005c 50       		.byte	0x50
 233 005d 61000000 		.4byte	0x61
 234 0061 03       		.uleb128 0x3
 235 0062 04       		.byte	0x4
 236 0063 07       		.byte	0x7
 237 0064 1C000000 		.4byte	.LASF6
 238 0068 03       		.uleb128 0x3
 239 0069 08       		.byte	0x8
 240 006a 05       		.byte	0x5
 241 006b 26010000 		.4byte	.LASF7
 242 006f 03       		.uleb128 0x3
 243 0070 08       		.byte	0x8
 244 0071 07       		.byte	0x7
 245 0072 E7000000 		.4byte	.LASF8
 246 0076 03       		.uleb128 0x3
 247 0077 01       		.byte	0x1
 248 0078 02       		.byte	0x2
 249 0079 99010000 		.4byte	.LASF9
 250 007d 04       		.uleb128 0x4
 251 007e 09000000 		.4byte	.LASF11
 252 0082 03       		.byte	0x3
 253 0083 35       		.byte	0x35
 254 0084 56000000 		.4byte	0x56
 255 0088 05       		.uleb128 0x5
 256 0089 04       		.byte	0x4
 257 008a 03       		.uleb128 0x3
 258 008b 04       		.byte	0x4
 259 008c 07       		.byte	0x7
 260 008d 12010000 		.4byte	.LASF12
 261 0091 04       		.uleb128 0x4
 262 0092 13000000 		.4byte	.LASF13
 263 0096 04       		.byte	0x4
 264 0097 58       		.byte	0x58
 265 0098 9C000000 		.4byte	0x9c
 266 009c 06       		.uleb128 0x6
 267 009d 04       		.byte	0x4
 268 009e A2000000 		.4byte	0xa2
 269 00a2 07       		.uleb128 0x7
 270 00a3 01       		.byte	0x1
 271 00a4 AE000000 		.4byte	0xae
 272 00a8 08       		.uleb128 0x8
 273 00a9 88000000 		.4byte	0x88
 274 00ad 00       		.byte	0
 275 00ae 04       		.uleb128 0x4
 276 00af 41000000 		.4byte	.LASF14
 277 00b3 04       		.byte	0x4
 278 00b4 5D       		.byte	0x5d
ARM GAS  C:\Users\srich\AppData\Local\Temp\ccgo1jjS.s 			page 6


 279 00b5 B9000000 		.4byte	0xb9
 280 00b9 09       		.uleb128 0x9
 281 00ba 41000000 		.4byte	.LASF14
 282 00be 14       		.byte	0x14
 283 00bf 04       		.byte	0x4
 284 00c0 64       		.byte	0x64
 285 00c1 0C010000 		.4byte	0x10c
 286 00c5 0A       		.uleb128 0xa
 287 00c6 86010000 		.4byte	.LASF15
 288 00ca 04       		.byte	0x4
 289 00cb 65       		.byte	0x65
 290 00cc 0C010000 		.4byte	0x10c
 291 00d0 02       		.byte	0x2
 292 00d1 23       		.byte	0x23
 293 00d2 00       		.uleb128 0
 294 00d3 0A       		.uleb128 0xa
 295 00d4 59010000 		.4byte	.LASF16
 296 00d8 04       		.byte	0x4
 297 00d9 67       		.byte	0x67
 298 00da 0C010000 		.4byte	0x10c
 299 00de 02       		.byte	0x2
 300 00df 23       		.byte	0x23
 301 00e0 04       		.uleb128 0x4
 302 00e1 0A       		.uleb128 0xa
 303 00e2 0A010000 		.4byte	.LASF17
 304 00e6 04       		.byte	0x4
 305 00e7 69       		.byte	0x69
 306 00e8 7D000000 		.4byte	0x7d
 307 00ec 02       		.byte	0x2
 308 00ed 23       		.byte	0x23
 309 00ee 08       		.uleb128 0x8
 310 00ef 0A       		.uleb128 0xa
 311 00f0 34010000 		.4byte	.LASF18
 312 00f4 04       		.byte	0x4
 313 00f5 6A       		.byte	0x6a
 314 00f6 91000000 		.4byte	0x91
 315 00fa 02       		.byte	0x2
 316 00fb 23       		.byte	0x23
 317 00fc 0C       		.uleb128 0xc
 318 00fd 0A       		.uleb128 0xa
 319 00fe 48010000 		.4byte	.LASF19
 320 0102 04       		.byte	0x4
 321 0103 6C       		.byte	0x6c
 322 0104 88000000 		.4byte	0x88
 323 0108 02       		.byte	0x2
 324 0109 23       		.byte	0x23
 325 010a 10       		.uleb128 0x10
 326 010b 00       		.byte	0
 327 010c 06       		.uleb128 0x6
 328 010d 04       		.byte	0x4
 329 010e AE000000 		.4byte	0xae
 330 0112 0B       		.uleb128 0xb
 331 0113 10       		.byte	0x10
 332 0114 04       		.byte	0x4
 333 0115 76       		.byte	0x76
 334 0116 53010000 		.4byte	0x153
 335 011a 0A       		.uleb128 0xa
ARM GAS  C:\Users\srich\AppData\Local\Temp\ccgo1jjS.s 			page 7


 336 011b 86010000 		.4byte	.LASF15
 337 011f 04       		.byte	0x4
 338 0120 77       		.byte	0x77
 339 0121 0C010000 		.4byte	0x10c
 340 0125 02       		.byte	0x2
 341 0126 23       		.byte	0x23
 342 0127 00       		.uleb128 0
 343 0128 0A       		.uleb128 0xa
 344 0129 59010000 		.4byte	.LASF16
 345 012d 04       		.byte	0x4
 346 012e 79       		.byte	0x79
 347 012f 0C010000 		.4byte	0x10c
 348 0133 02       		.byte	0x2
 349 0134 23       		.byte	0x23
 350 0135 04       		.uleb128 0x4
 351 0136 0A       		.uleb128 0xa
 352 0137 0A010000 		.4byte	.LASF17
 353 013b 04       		.byte	0x4
 354 013c 7B       		.byte	0x7b
 355 013d 7D000000 		.4byte	0x7d
 356 0141 02       		.byte	0x2
 357 0142 23       		.byte	0x23
 358 0143 08       		.uleb128 0x8
 359 0144 0A       		.uleb128 0xa
 360 0145 1B010000 		.4byte	.LASF20
 361 0149 04       		.byte	0x4
 362 014a 7C       		.byte	0x7c
 363 014b 53010000 		.4byte	0x153
 364 014f 02       		.byte	0x2
 365 0150 23       		.byte	0x23
 366 0151 0C       		.uleb128 0xc
 367 0152 00       		.byte	0
 368 0153 0C       		.uleb128 0xc
 369 0154 7D000000 		.4byte	0x7d
 370 0158 04       		.uleb128 0x4
 371 0159 7F010000 		.4byte	.LASF21
 372 015d 04       		.byte	0x4
 373 015e 7D       		.byte	0x7d
 374 015f 12010000 		.4byte	0x112
 375 0163 03       		.uleb128 0x3
 376 0164 01       		.byte	0x1
 377 0165 08       		.byte	0x8
 378 0166 43010000 		.4byte	.LASF22
 379 016a 0D       		.uleb128 0xd
 380 016b 01       		.byte	0x1
 381 016c 97000000 		.4byte	.LASF29
 382 0170 01       		.byte	0x1
 383 0171 32       		.byte	0x32
 384 0172 01       		.byte	0x1
 385 0173 00000000 		.4byte	.LFB7
 386 0177 18000000 		.4byte	.LFE7
 387 017b 02       		.byte	0x2
 388 017c 7D       		.byte	0x7d
 389 017d 00       		.sleb128 0
 390 017e 01       		.byte	0x1
 391 017f 0E       		.uleb128 0xe
 392 0180 01       		.byte	0x1
ARM GAS  C:\Users\srich\AppData\Local\Temp\ccgo1jjS.s 			page 8


 393 0181 00000000 		.4byte	.LASF25
 394 0185 01       		.byte	0x1
 395 0186 4C       		.byte	0x4c
 396 0187 01       		.byte	0x1
 397 0188 00000000 		.4byte	.LFB8
 398 018c 38000000 		.4byte	.LFE8
 399 0190 00000000 		.4byte	.LLST0
 400 0194 01       		.byte	0x1
 401 0195 E1010000 		.4byte	0x1e1
 402 0199 0F       		.uleb128 0xf
 403 019a 76747000 		.ascii	"vtp\000"
 404 019e 01       		.byte	0x1
 405 019f 4C       		.byte	0x4c
 406 01a0 0C010000 		.4byte	0x10c
 407 01a4 20000000 		.4byte	.LLST1
 408 01a8 10       		.uleb128 0x10
 409 01a9 05010000 		.4byte	.LASF23
 410 01ad 01       		.byte	0x1
 411 01ae 4C       		.byte	0x4c
 412 01af 7D000000 		.4byte	0x7d
 413 01b3 3F000000 		.4byte	.LLST2
 414 01b7 11       		.uleb128 0x11
 415 01b8 3C010000 		.4byte	.LASF24
 416 01bc 01       		.byte	0x1
 417 01bd 4C       		.byte	0x4c
 418 01be 91000000 		.4byte	0x91
 419 01c2 01       		.byte	0x1
 420 01c3 52       		.byte	0x52
 421 01c4 0F       		.uleb128 0xf
 422 01c5 70617200 		.ascii	"par\000"
 423 01c9 01       		.byte	0x1
 424 01ca 4C       		.byte	0x4c
 425 01cb 88000000 		.4byte	0x88
 426 01cf 6C000000 		.4byte	.LLST3
 427 01d3 12       		.uleb128 0x12
 428 01d4 7000     		.ascii	"p\000"
 429 01d6 01       		.byte	0x1
 430 01d7 4D       		.byte	0x4d
 431 01d8 0C010000 		.4byte	0x10c
 432 01dc 9A000000 		.4byte	.LLST4
 433 01e0 00       		.byte	0
 434 01e1 13       		.uleb128 0x13
 435 01e2 01       		.byte	0x1
 436 01e3 8E010000 		.4byte	.LASF26
 437 01e7 01       		.byte	0x1
 438 01e8 6A       		.byte	0x6a
 439 01e9 01       		.byte	0x1
 440 01ea 00000000 		.4byte	.LFB9
 441 01ee 24000000 		.4byte	.LFE9
 442 01f2 02       		.byte	0x2
 443 01f3 7D       		.byte	0x7d
 444 01f4 00       		.sleb128 0
 445 01f5 01       		.byte	0x1
 446 01f6 08020000 		.4byte	0x208
 447 01fa 14       		.uleb128 0x14
 448 01fb 76747000 		.ascii	"vtp\000"
 449 01ff 01       		.byte	0x1
ARM GAS  C:\Users\srich\AppData\Local\Temp\ccgo1jjS.s 			page 9


 450 0200 6A       		.byte	0x6a
 451 0201 0C010000 		.4byte	0x10c
 452 0205 01       		.byte	0x1
 453 0206 50       		.byte	0x50
 454 0207 00       		.byte	0
 455 0208 15       		.uleb128 0x15
 456 0209 FE000000 		.4byte	.LASF30
 457 020d 01       		.byte	0x1
 458 020e 2A       		.byte	0x2a
 459 020f 58010000 		.4byte	0x158
 460 0213 01       		.byte	0x1
 461 0214 05       		.byte	0x5
 462 0215 03       		.byte	0x3
 463 0216 00000000 		.4byte	vtlist
 464 021a 00       		.byte	0
 465              		.section	.debug_abbrev,"",%progbits
 466              	.Ldebug_abbrev0:
 467 0000 01       		.uleb128 0x1
 468 0001 11       		.uleb128 0x11
 469 0002 01       		.byte	0x1
 470 0003 25       		.uleb128 0x25
 471 0004 0E       		.uleb128 0xe
 472 0005 13       		.uleb128 0x13
 473 0006 0B       		.uleb128 0xb
 474 0007 03       		.uleb128 0x3
 475 0008 0E       		.uleb128 0xe
 476 0009 55       		.uleb128 0x55
 477 000a 06       		.uleb128 0x6
 478 000b 11       		.uleb128 0x11
 479 000c 01       		.uleb128 0x1
 480 000d 52       		.uleb128 0x52
 481 000e 01       		.uleb128 0x1
 482 000f 10       		.uleb128 0x10
 483 0010 06       		.uleb128 0x6
 484 0011 00       		.byte	0
 485 0012 00       		.byte	0
 486 0013 02       		.uleb128 0x2
 487 0014 24       		.uleb128 0x24
 488 0015 00       		.byte	0
 489 0016 0B       		.uleb128 0xb
 490 0017 0B       		.uleb128 0xb
 491 0018 3E       		.uleb128 0x3e
 492 0019 0B       		.uleb128 0xb
 493 001a 03       		.uleb128 0x3
 494 001b 08       		.uleb128 0x8
 495 001c 00       		.byte	0
 496 001d 00       		.byte	0
 497 001e 03       		.uleb128 0x3
 498 001f 24       		.uleb128 0x24
 499 0020 00       		.byte	0
 500 0021 0B       		.uleb128 0xb
 501 0022 0B       		.uleb128 0xb
 502 0023 3E       		.uleb128 0x3e
 503 0024 0B       		.uleb128 0xb
 504 0025 03       		.uleb128 0x3
 505 0026 0E       		.uleb128 0xe
 506 0027 00       		.byte	0
ARM GAS  C:\Users\srich\AppData\Local\Temp\ccgo1jjS.s 			page 10


 507 0028 00       		.byte	0
 508 0029 04       		.uleb128 0x4
 509 002a 16       		.uleb128 0x16
 510 002b 00       		.byte	0
 511 002c 03       		.uleb128 0x3
 512 002d 0E       		.uleb128 0xe
 513 002e 3A       		.uleb128 0x3a
 514 002f 0B       		.uleb128 0xb
 515 0030 3B       		.uleb128 0x3b
 516 0031 0B       		.uleb128 0xb
 517 0032 49       		.uleb128 0x49
 518 0033 13       		.uleb128 0x13
 519 0034 00       		.byte	0
 520 0035 00       		.byte	0
 521 0036 05       		.uleb128 0x5
 522 0037 0F       		.uleb128 0xf
 523 0038 00       		.byte	0
 524 0039 0B       		.uleb128 0xb
 525 003a 0B       		.uleb128 0xb
 526 003b 00       		.byte	0
 527 003c 00       		.byte	0
 528 003d 06       		.uleb128 0x6
 529 003e 0F       		.uleb128 0xf
 530 003f 00       		.byte	0
 531 0040 0B       		.uleb128 0xb
 532 0041 0B       		.uleb128 0xb
 533 0042 49       		.uleb128 0x49
 534 0043 13       		.uleb128 0x13
 535 0044 00       		.byte	0
 536 0045 00       		.byte	0
 537 0046 07       		.uleb128 0x7
 538 0047 15       		.uleb128 0x15
 539 0048 01       		.byte	0x1
 540 0049 27       		.uleb128 0x27
 541 004a 0C       		.uleb128 0xc
 542 004b 01       		.uleb128 0x1
 543 004c 13       		.uleb128 0x13
 544 004d 00       		.byte	0
 545 004e 00       		.byte	0
 546 004f 08       		.uleb128 0x8
 547 0050 05       		.uleb128 0x5
 548 0051 00       		.byte	0
 549 0052 49       		.uleb128 0x49
 550 0053 13       		.uleb128 0x13
 551 0054 00       		.byte	0
 552 0055 00       		.byte	0
 553 0056 09       		.uleb128 0x9
 554 0057 13       		.uleb128 0x13
 555 0058 01       		.byte	0x1
 556 0059 03       		.uleb128 0x3
 557 005a 0E       		.uleb128 0xe
 558 005b 0B       		.uleb128 0xb
 559 005c 0B       		.uleb128 0xb
 560 005d 3A       		.uleb128 0x3a
 561 005e 0B       		.uleb128 0xb
 562 005f 3B       		.uleb128 0x3b
 563 0060 0B       		.uleb128 0xb
ARM GAS  C:\Users\srich\AppData\Local\Temp\ccgo1jjS.s 			page 11


 564 0061 01       		.uleb128 0x1
 565 0062 13       		.uleb128 0x13
 566 0063 00       		.byte	0
 567 0064 00       		.byte	0
 568 0065 0A       		.uleb128 0xa
 569 0066 0D       		.uleb128 0xd
 570 0067 00       		.byte	0
 571 0068 03       		.uleb128 0x3
 572 0069 0E       		.uleb128 0xe
 573 006a 3A       		.uleb128 0x3a
 574 006b 0B       		.uleb128 0xb
 575 006c 3B       		.uleb128 0x3b
 576 006d 0B       		.uleb128 0xb
 577 006e 49       		.uleb128 0x49
 578 006f 13       		.uleb128 0x13
 579 0070 38       		.uleb128 0x38
 580 0071 0A       		.uleb128 0xa
 581 0072 00       		.byte	0
 582 0073 00       		.byte	0
 583 0074 0B       		.uleb128 0xb
 584 0075 13       		.uleb128 0x13
 585 0076 01       		.byte	0x1
 586 0077 0B       		.uleb128 0xb
 587 0078 0B       		.uleb128 0xb
 588 0079 3A       		.uleb128 0x3a
 589 007a 0B       		.uleb128 0xb
 590 007b 3B       		.uleb128 0x3b
 591 007c 0B       		.uleb128 0xb
 592 007d 01       		.uleb128 0x1
 593 007e 13       		.uleb128 0x13
 594 007f 00       		.byte	0
 595 0080 00       		.byte	0
 596 0081 0C       		.uleb128 0xc
 597 0082 35       		.uleb128 0x35
 598 0083 00       		.byte	0
 599 0084 49       		.uleb128 0x49
 600 0085 13       		.uleb128 0x13
 601 0086 00       		.byte	0
 602 0087 00       		.byte	0
 603 0088 0D       		.uleb128 0xd
 604 0089 2E       		.uleb128 0x2e
 605 008a 00       		.byte	0
 606 008b 3F       		.uleb128 0x3f
 607 008c 0C       		.uleb128 0xc
 608 008d 03       		.uleb128 0x3
 609 008e 0E       		.uleb128 0xe
 610 008f 3A       		.uleb128 0x3a
 611 0090 0B       		.uleb128 0xb
 612 0091 3B       		.uleb128 0x3b
 613 0092 0B       		.uleb128 0xb
 614 0093 27       		.uleb128 0x27
 615 0094 0C       		.uleb128 0xc
 616 0095 11       		.uleb128 0x11
 617 0096 01       		.uleb128 0x1
 618 0097 12       		.uleb128 0x12
 619 0098 01       		.uleb128 0x1
 620 0099 40       		.uleb128 0x40
ARM GAS  C:\Users\srich\AppData\Local\Temp\ccgo1jjS.s 			page 12


 621 009a 0A       		.uleb128 0xa
 622 009b 9742     		.uleb128 0x2117
 623 009d 0C       		.uleb128 0xc
 624 009e 00       		.byte	0
 625 009f 00       		.byte	0
 626 00a0 0E       		.uleb128 0xe
 627 00a1 2E       		.uleb128 0x2e
 628 00a2 01       		.byte	0x1
 629 00a3 3F       		.uleb128 0x3f
 630 00a4 0C       		.uleb128 0xc
 631 00a5 03       		.uleb128 0x3
 632 00a6 0E       		.uleb128 0xe
 633 00a7 3A       		.uleb128 0x3a
 634 00a8 0B       		.uleb128 0xb
 635 00a9 3B       		.uleb128 0x3b
 636 00aa 0B       		.uleb128 0xb
 637 00ab 27       		.uleb128 0x27
 638 00ac 0C       		.uleb128 0xc
 639 00ad 11       		.uleb128 0x11
 640 00ae 01       		.uleb128 0x1
 641 00af 12       		.uleb128 0x12
 642 00b0 01       		.uleb128 0x1
 643 00b1 40       		.uleb128 0x40
 644 00b2 06       		.uleb128 0x6
 645 00b3 9742     		.uleb128 0x2117
 646 00b5 0C       		.uleb128 0xc
 647 00b6 01       		.uleb128 0x1
 648 00b7 13       		.uleb128 0x13
 649 00b8 00       		.byte	0
 650 00b9 00       		.byte	0
 651 00ba 0F       		.uleb128 0xf
 652 00bb 05       		.uleb128 0x5
 653 00bc 00       		.byte	0
 654 00bd 03       		.uleb128 0x3
 655 00be 08       		.uleb128 0x8
 656 00bf 3A       		.uleb128 0x3a
 657 00c0 0B       		.uleb128 0xb
 658 00c1 3B       		.uleb128 0x3b
 659 00c2 0B       		.uleb128 0xb
 660 00c3 49       		.uleb128 0x49
 661 00c4 13       		.uleb128 0x13
 662 00c5 02       		.uleb128 0x2
 663 00c6 06       		.uleb128 0x6
 664 00c7 00       		.byte	0
 665 00c8 00       		.byte	0
 666 00c9 10       		.uleb128 0x10
 667 00ca 05       		.uleb128 0x5
 668 00cb 00       		.byte	0
 669 00cc 03       		.uleb128 0x3
 670 00cd 0E       		.uleb128 0xe
 671 00ce 3A       		.uleb128 0x3a
 672 00cf 0B       		.uleb128 0xb
 673 00d0 3B       		.uleb128 0x3b
 674 00d1 0B       		.uleb128 0xb
 675 00d2 49       		.uleb128 0x49
 676 00d3 13       		.uleb128 0x13
 677 00d4 02       		.uleb128 0x2
ARM GAS  C:\Users\srich\AppData\Local\Temp\ccgo1jjS.s 			page 13


 678 00d5 06       		.uleb128 0x6
 679 00d6 00       		.byte	0
 680 00d7 00       		.byte	0
 681 00d8 11       		.uleb128 0x11
 682 00d9 05       		.uleb128 0x5
 683 00da 00       		.byte	0
 684 00db 03       		.uleb128 0x3
 685 00dc 0E       		.uleb128 0xe
 686 00dd 3A       		.uleb128 0x3a
 687 00de 0B       		.uleb128 0xb
 688 00df 3B       		.uleb128 0x3b
 689 00e0 0B       		.uleb128 0xb
 690 00e1 49       		.uleb128 0x49
 691 00e2 13       		.uleb128 0x13
 692 00e3 02       		.uleb128 0x2
 693 00e4 0A       		.uleb128 0xa
 694 00e5 00       		.byte	0
 695 00e6 00       		.byte	0
 696 00e7 12       		.uleb128 0x12
 697 00e8 34       		.uleb128 0x34
 698 00e9 00       		.byte	0
 699 00ea 03       		.uleb128 0x3
 700 00eb 08       		.uleb128 0x8
 701 00ec 3A       		.uleb128 0x3a
 702 00ed 0B       		.uleb128 0xb
 703 00ee 3B       		.uleb128 0x3b
 704 00ef 0B       		.uleb128 0xb
 705 00f0 49       		.uleb128 0x49
 706 00f1 13       		.uleb128 0x13
 707 00f2 02       		.uleb128 0x2
 708 00f3 06       		.uleb128 0x6
 709 00f4 00       		.byte	0
 710 00f5 00       		.byte	0
 711 00f6 13       		.uleb128 0x13
 712 00f7 2E       		.uleb128 0x2e
 713 00f8 01       		.byte	0x1
 714 00f9 3F       		.uleb128 0x3f
 715 00fa 0C       		.uleb128 0xc
 716 00fb 03       		.uleb128 0x3
 717 00fc 0E       		.uleb128 0xe
 718 00fd 3A       		.uleb128 0x3a
 719 00fe 0B       		.uleb128 0xb
 720 00ff 3B       		.uleb128 0x3b
 721 0100 0B       		.uleb128 0xb
 722 0101 27       		.uleb128 0x27
 723 0102 0C       		.uleb128 0xc
 724 0103 11       		.uleb128 0x11
 725 0104 01       		.uleb128 0x1
 726 0105 12       		.uleb128 0x12
 727 0106 01       		.uleb128 0x1
 728 0107 40       		.uleb128 0x40
 729 0108 0A       		.uleb128 0xa
 730 0109 9742     		.uleb128 0x2117
 731 010b 0C       		.uleb128 0xc
 732 010c 01       		.uleb128 0x1
 733 010d 13       		.uleb128 0x13
 734 010e 00       		.byte	0
ARM GAS  C:\Users\srich\AppData\Local\Temp\ccgo1jjS.s 			page 14


 735 010f 00       		.byte	0
 736 0110 14       		.uleb128 0x14
 737 0111 05       		.uleb128 0x5
 738 0112 00       		.byte	0
 739 0113 03       		.uleb128 0x3
 740 0114 08       		.uleb128 0x8
 741 0115 3A       		.uleb128 0x3a
 742 0116 0B       		.uleb128 0xb
 743 0117 3B       		.uleb128 0x3b
 744 0118 0B       		.uleb128 0xb
 745 0119 49       		.uleb128 0x49
 746 011a 13       		.uleb128 0x13
 747 011b 02       		.uleb128 0x2
 748 011c 0A       		.uleb128 0xa
 749 011d 00       		.byte	0
 750 011e 00       		.byte	0
 751 011f 15       		.uleb128 0x15
 752 0120 34       		.uleb128 0x34
 753 0121 00       		.byte	0
 754 0122 03       		.uleb128 0x3
 755 0123 0E       		.uleb128 0xe
 756 0124 3A       		.uleb128 0x3a
 757 0125 0B       		.uleb128 0xb
 758 0126 3B       		.uleb128 0x3b
 759 0127 0B       		.uleb128 0xb
 760 0128 49       		.uleb128 0x49
 761 0129 13       		.uleb128 0x13
 762 012a 3F       		.uleb128 0x3f
 763 012b 0C       		.uleb128 0xc
 764 012c 02       		.uleb128 0x2
 765 012d 0A       		.uleb128 0xa
 766 012e 00       		.byte	0
 767 012f 00       		.byte	0
 768 0130 00       		.byte	0
 769              		.section	.debug_loc,"",%progbits
 770              	.Ldebug_loc0:
 771              	.LLST0:
 772 0000 00000000 		.4byte	.LFB8
 773 0004 02000000 		.4byte	.LCFI0
 774 0008 0200     		.2byte	0x2
 775 000a 7D       		.byte	0x7d
 776 000b 00       		.sleb128 0
 777 000c 02000000 		.4byte	.LCFI0
 778 0010 38000000 		.4byte	.LFE8
 779 0014 0200     		.2byte	0x2
 780 0016 7D       		.byte	0x7d
 781 0017 0C       		.sleb128 12
 782 0018 00000000 		.4byte	0
 783 001c 00000000 		.4byte	0
 784              	.LLST1:
 785 0020 00000000 		.4byte	.LVL0
 786 0024 2C000000 		.4byte	.LVL5
 787 0028 0100     		.2byte	0x1
 788 002a 50       		.byte	0x50
 789 002b 2C000000 		.4byte	.LVL5
 790 002f 38000000 		.4byte	.LFE8
 791 0033 0200     		.2byte	0x2
ARM GAS  C:\Users\srich\AppData\Local\Temp\ccgo1jjS.s 			page 15


 792 0035 74       		.byte	0x74
 793 0036 04       		.sleb128 4
 794 0037 00000000 		.4byte	0
 795 003b 00000000 		.4byte	0
 796              	.LLST2:
 797 003f 00000000 		.4byte	.LVL0
 798 0043 14000000 		.4byte	.LVL3
 799 0047 0100     		.2byte	0x1
 800 0049 51       		.byte	0x51
 801 004a 14000000 		.4byte	.LVL3
 802 004e 2E000000 		.4byte	.LVL6
 803 0052 0100     		.2byte	0x1
 804 0054 51       		.byte	0x51
 805 0055 2E000000 		.4byte	.LVL6
 806 0059 38000000 		.4byte	.LFE8
 807 005d 0500     		.2byte	0x5
 808 005f 74       		.byte	0x74
 809 0060 04       		.sleb128 4
 810 0061 06       		.byte	0x6
 811 0062 23       		.byte	0x23
 812 0063 08       		.uleb128 0x8
 813 0064 00000000 		.4byte	0
 814 0068 00000000 		.4byte	0
 815              	.LLST3:
 816 006c 00000000 		.4byte	.LVL0
 817 0070 1C000000 		.4byte	.LVL4
 818 0074 0100     		.2byte	0x1
 819 0076 53       		.byte	0x53
 820 0077 1C000000 		.4byte	.LVL4
 821 007b 2C000000 		.4byte	.LVL5
 822 007f 0200     		.2byte	0x2
 823 0081 70       		.byte	0x70
 824 0082 10       		.sleb128 16
 825 0083 2C000000 		.4byte	.LVL5
 826 0087 38000000 		.4byte	.LFE8
 827 008b 0500     		.2byte	0x5
 828 008d 74       		.byte	0x74
 829 008e 04       		.sleb128 4
 830 008f 06       		.byte	0x6
 831 0090 23       		.byte	0x23
 832 0091 10       		.uleb128 0x10
 833 0092 00000000 		.4byte	0
 834 0096 00000000 		.4byte	0
 835              	.LLST4:
 836 009a 08000000 		.4byte	.LVL1
 837 009e 12000000 		.4byte	.LVL2
 838 00a2 0100     		.2byte	0x1
 839 00a4 54       		.byte	0x54
 840 00a5 14000000 		.4byte	.LVL3
 841 00a9 38000000 		.4byte	.LFE8
 842 00ad 0100     		.2byte	0x1
 843 00af 54       		.byte	0x54
 844 00b0 00000000 		.4byte	0
 845 00b4 00000000 		.4byte	0
 846              		.section	.debug_aranges,"",%progbits
 847 0000 2C000000 		.4byte	0x2c
 848 0004 0200     		.2byte	0x2
ARM GAS  C:\Users\srich\AppData\Local\Temp\ccgo1jjS.s 			page 16


 849 0006 00000000 		.4byte	.Ldebug_info0
 850 000a 04       		.byte	0x4
 851 000b 00       		.byte	0
 852 000c 0000     		.2byte	0
 853 000e 0000     		.2byte	0
 854 0010 00000000 		.4byte	.LFB7
 855 0014 18000000 		.4byte	.LFE7-.LFB7
 856 0018 00000000 		.4byte	.LFB8
 857 001c 38000000 		.4byte	.LFE8-.LFB8
 858 0020 00000000 		.4byte	.LFB9
 859 0024 24000000 		.4byte	.LFE9-.LFB9
 860 0028 00000000 		.4byte	0
 861 002c 00000000 		.4byte	0
 862              		.section	.debug_ranges,"",%progbits
 863              	.Ldebug_ranges0:
 864 0000 00000000 		.4byte	.LFB7
 865 0004 18000000 		.4byte	.LFE7
 866 0008 00000000 		.4byte	.LFB8
 867 000c 38000000 		.4byte	.LFE8
 868 0010 00000000 		.4byte	.LFB9
 869 0014 24000000 		.4byte	.LFE9
 870 0018 00000000 		.4byte	0
 871 001c 00000000 		.4byte	0
 872              		.section	.debug_line,"",%progbits
 873              	.Ldebug_line0:
 874 0000 89010000 		.section	.debug_str,"MS",%progbits,1
 874      02003501 
 874      00000201 
 874      FB0E0D00 
 874      01010101 
 875              	.LASF25:
 876 0000 63685654 		.ascii	"chVTSetI\000"
 876      53657449 
 876      00
 877              	.LASF11:
 878 0009 73797374 		.ascii	"systime_t\000"
 878      696D655F 
 878      7400
 879              	.LASF13:
 880 0013 76746675 		.ascii	"vtfunc_t\000"
 880      6E635F74 
 880      00
 881              	.LASF6:
 882 001c 6C6F6E67 		.ascii	"long unsigned int\000"
 882      20756E73 
 882      69676E65 
 882      6420696E 
 882      7400
 883              	.LASF4:
 884 002e 73686F72 		.ascii	"short unsigned int\000"
 884      7420756E 
 884      7369676E 
 884      65642069 
 884      6E7400
 885              	.LASF14:
 886 0041 56697274 		.ascii	"VirtualTimer\000"
 886      75616C54 
ARM GAS  C:\Users\srich\AppData\Local\Temp\ccgo1jjS.s 			page 17


 886      696D6572 
 886      00
 887              	.LASF27:
 888 004e 474E5520 		.ascii	"GNU C 4.7.4 20140401 (release) [ARM/embedded-4_7-br"
 888      4320342E 
 888      372E3420 
 888      32303134 
 888      30343031 
 889 0081 616E6368 		.ascii	"anch revision 209195]\000"
 889      20726576 
 889      6973696F 
 889      6E203230 
 889      39313935 
 890              	.LASF29:
 891 0097 5F76745F 		.ascii	"_vt_init\000"
 891      696E6974 
 891      00
 892              	.LASF28:
 893 00a0 633A5C43 		.ascii	"c:\\ChibiStudio\\chibios/os/kernel/src/chvt.c\000"
 893      68696269 
 893      53747564 
 893      696F5C63 
 893      68696269 
 894              	.LASF2:
 895 00cc 756E7369 		.ascii	"unsigned char\000"
 895      676E6564 
 895      20636861 
 895      7200
 896              	.LASF0:
 897 00da 756E7369 		.ascii	"unsigned int\000"
 897      676E6564 
 897      20696E74 
 897      00
 898              	.LASF8:
 899 00e7 6C6F6E67 		.ascii	"long long unsigned int\000"
 899      206C6F6E 
 899      6720756E 
 899      7369676E 
 899      65642069 
 900              	.LASF30:
 901 00fe 76746C69 		.ascii	"vtlist\000"
 901      737400
 902              	.LASF23:
 903 0105 74696D65 		.ascii	"time\000"
 903      00
 904              	.LASF17:
 905 010a 76745F74 		.ascii	"vt_time\000"
 905      696D6500 
 906              	.LASF12:
 907 0112 73697A65 		.ascii	"sizetype\000"
 907      74797065 
 907      00
 908              	.LASF20:
 909 011b 76745F73 		.ascii	"vt_systime\000"
 909      79737469 
 909      6D6500
 910              	.LASF7:
ARM GAS  C:\Users\srich\AppData\Local\Temp\ccgo1jjS.s 			page 18


 911 0126 6C6F6E67 		.ascii	"long long int\000"
 911      206C6F6E 
 911      6720696E 
 911      7400
 912              	.LASF18:
 913 0134 76745F66 		.ascii	"vt_func\000"
 913      756E6300 
 914              	.LASF24:
 915 013c 76746675 		.ascii	"vtfunc\000"
 915      6E6300
 916              	.LASF22:
 917 0143 63686172 		.ascii	"char\000"
 917      00
 918              	.LASF19:
 919 0148 76745F70 		.ascii	"vt_par\000"
 919      617200
 920              	.LASF3:
 921 014f 73686F72 		.ascii	"short int\000"
 921      7420696E 
 921      7400
 922              	.LASF16:
 923 0159 76745F70 		.ascii	"vt_prev\000"
 923      72657600 
 924              	.LASF10:
 925 0161 75696E74 		.ascii	"uint32_t\000"
 925      33325F74 
 925      00
 926              	.LASF5:
 927 016a 6C6F6E67 		.ascii	"long int\000"
 927      20696E74 
 927      00
 928              	.LASF1:
 929 0173 7369676E 		.ascii	"signed char\000"
 929      65642063 
 929      68617200 
 930              	.LASF21:
 931 017f 56544C69 		.ascii	"VTList\000"
 931      737400
 932              	.LASF15:
 933 0186 76745F6E 		.ascii	"vt_next\000"
 933      65787400 
 934              	.LASF26:
 935 018e 63685654 		.ascii	"chVTResetI\000"
 935      52657365 
 935      744900
 936              	.LASF9:
 937 0199 5F426F6F 		.ascii	"_Bool\000"
 937      6C00
 938              		.ident	"GCC: (GNU Tools for ARM Embedded Processors) 4.7.4 20140401 (release) [ARM/embedded-4_7-br
ARM GAS  C:\Users\srich\AppData\Local\Temp\ccgo1jjS.s 			page 19


DEFINED SYMBOLS
                            *ABS*:00000000 chvt.c
C:\Users\srich\AppData\Local\Temp\ccgo1jjS.s:19     .text._vt_init:00000000 $t
C:\Users\srich\AppData\Local\Temp\ccgo1jjS.s:25     .text._vt_init:00000000 _vt_init
C:\Users\srich\AppData\Local\Temp\ccgo1jjS.s:177    .bss.vtlist:00000000 .LANCHOR0
C:\Users\srich\AppData\Local\Temp\ccgo1jjS.s:52     .text.chVTSetI:00000000 $t
C:\Users\srich\AppData\Local\Temp\ccgo1jjS.s:58     .text.chVTSetI:00000000 chVTSetI
C:\Users\srich\AppData\Local\Temp\ccgo1jjS.s:125    .text.chVTSetI:00000034 $d
C:\Users\srich\AppData\Local\Temp\ccgo1jjS.s:130    .text.chVTResetI:00000000 $t
C:\Users\srich\AppData\Local\Temp\ccgo1jjS.s:136    .text.chVTResetI:00000000 chVTResetI
C:\Users\srich\AppData\Local\Temp\ccgo1jjS.s:170    .text.chVTResetI:00000020 $d
C:\Users\srich\AppData\Local\Temp\ccgo1jjS.s:180    .bss.vtlist:00000000 vtlist
C:\Users\srich\AppData\Local\Temp\ccgo1jjS.s:176    .bss.vtlist:00000000 $d
                     .debug_frame:00000010 $d
C:\Users\srich\AppData\Local\Temp\ccgo1jjS.s:129    .text.chVTSetI:00000038 $t
C:\Users\srich\AppData\Local\Temp\ccgo1jjS.s:175    .text.chVTResetI:00000024 $t

NO UNDEFINED SYMBOLS
