ARM GAS  C:\Users\srich\AppData\Local\Temp\cclv7IBk.s 			page 1


   1              		.syntax unified
   2              		.cpu cortex-m4
   3              		.fpu softvfp
   4              		.eabi_attribute 20, 1
   5              		.eabi_attribute 21, 1
   6              		.eabi_attribute 23, 3
   7              		.eabi_attribute 24, 1
   8              		.eabi_attribute 25, 1
   9              		.eabi_attribute 26, 1
  10              		.eabi_attribute 30, 2
  11              		.eabi_attribute 34, 1
  12              		.eabi_attribute 18, 4
  13              		.thumb
  14              		.file	"crt0.c"
  15              		.text
  16              	.Ltext0:
  17              		.cfi_sections	.debug_frame
  18              		.section	.text.__early_init,"ax",%progbits
  19              		.align	2
  20              		.p2align 4,,15
  21              		.weak	__early_init
  22              		.thumb
  23              		.thumb_func
  24              		.type	__early_init, %function
  25              	__early_init:
  26              	.LFB0:
  27              		.file 1 "c:\\ChibiStudio\\chibios/os/ports/GCC/ARMCMx/crt0.c"
  28              		.loc 1 234 0
  29              		.cfi_startproc
  30              		@ args = 0, pretend = 0, frame = 0
  31              		@ frame_needed = 0, uses_anonymous_args = 0
  32              		@ link register save eliminated.
  33 0000 7047     		bx	lr
  34              		.cfi_endproc
  35              	.LFE0:
  36              		.size	__early_init, .-__early_init
  37 0002 00BFAFF3 		.section	.text.__late_init,"ax",%progbits
  37      0080AFF3 
  37      0080AFF3 
  37      0080
  38              		.align	2
  39              		.p2align 4,,15
  40              		.weak	__late_init
  41              		.thumb
  42              		.thumb_func
  43              		.type	__late_init, %function
  44              	__late_init:
  45              	.LFB1:
  46              		.loc 1 246 0
  47              		.cfi_startproc
  48              		@ args = 0, pretend = 0, frame = 0
  49              		@ frame_needed = 0, uses_anonymous_args = 0
  50              		@ link register save eliminated.
  51 0000 7047     		bx	lr
  52              		.cfi_endproc
  53              	.LFE1:
  54              		.size	__late_init, .-__late_init
ARM GAS  C:\Users\srich\AppData\Local\Temp\cclv7IBk.s 			page 2


  55 0002 00BFAFF3 		.section	.text._default_exit,"ax",%progbits
  55      0080AFF3 
  55      0080AFF3 
  55      0080
  56              		.align	2
  57              		.p2align 4,,15
  58              		.weak	_default_exit
  59              		.thumb
  60              		.thumb_func
  61              		.type	_default_exit, %function
  62              	_default_exit:
  63              	.LFB2:
  64              		.loc 1 257 0
  65              		.cfi_startproc
  66              		@ Naked Function: prologue and epilogue provided by programmer.
  67              		@ args = 0, pretend = 0, frame = 0
  68              		@ frame_needed = 0, uses_anonymous_args = 0
  69              	.L4:
  70 0000 FEE7     		b	.L4
  71              		.cfi_endproc
  72              	.LFE2:
  73              		.size	_default_exit, .-_default_exit
  74 0002 00BFAFF3 		.section	.text.ResetHandler,"ax",%progbits
  74      0080AFF3 
  74      0080AFF3 
  74      0080
  75              		.align	2
  76              		.p2align 4,,15
  77              		.global	ResetHandler
  78              		.thumb
  79              		.thumb_func
  80              		.type	ResetHandler, %function
  81              	ResetHandler:
  82              	.LFB3:
  83              		.loc 1 268 0
  84              		.cfi_startproc
  85              		@ Naked Function: prologue and epilogue provided by programmer.
  86              		@ args = 0, pretend = 0, frame = 0
  87              		@ frame_needed = 0, uses_anonymous_args = 0
  88              		.loc 1 274 0
  89              	@ 274 "c:\ChibiStudio\chibios/os/ports/GCC/ARMCMx/crt0.c" 1
  90 0000 72B6     		cpsid   i
  91              	@ 0 "" 2
  92              		.loc 1 275 0
  93              		.thumb
  94 0002 644C     		ldr	r4, .L68
  95              	.LVL0:
  96              		.loc 1 276 0
  97              	@ 276 "c:\ChibiStudio\chibios/os/ports/GCC/ARMCMx/crt0.c" 1
  98 0004 84F30988 		msr     PSP, r4
  99              	@ 0 "" 2
 100              	.LVL1:
 101              		.loc 1 296 0
 102              		.thumb
 103 0008 0223     		movs	r3, #2
 104              	@ 296 "c:\ChibiStudio\chibios/os/ports/GCC/ARMCMx/crt0.c" 1
 105 000a 83F31488 		msr     CONTROL, r3
ARM GAS  C:\Users\srich\AppData\Local\Temp\cclv7IBk.s 			page 3


 106              	@ 0 "" 2
 107              		.loc 1 297 0
 108              	@ 297 "c:\ChibiStudio\chibios/os/ports/GCC/ARMCMx/crt0.c" 1
 109 000e BFF36F8F 		isb
 110              	@ 0 "" 2
 111              	.LVL2:
 112              		.thumb
 113              	.LBB2:
 114              		.loc 1 301 0
 115 0012 6148     		ldr	r0, .L68+4
 116 0014 6149     		ldr	r1, .L68+8
 117 0016 8842     		cmp	r0, r1
 118 0018 18D2     		bcs	.L10
 119              	.LBE2:
 120              	.LBB3:
 121              		.loc 1 268 0
 122 001a CA1C     		adds	r2, r1, #3
 123 001c 051D     		adds	r5, r0, #4
 124 001e 531B     		subs	r3, r2, r5
 125 0020 23F00302 		bic	r2, r3, #3
 126 0024 0346     		mov	r3, r0
 127 0026 1018     		adds	r0, r2, r0
 128              	.LBE3:
 129              	.LBB4:
 130              		.loc 1 301 0
 131 0028 4FF05531 		mov	r1, #1431655765
 132 002c 8342     		cmp	r3, r0
 133 002e 1960     		str	r1, [r3, #0]
 134              	.LVL3:
 135 0030 C2F38002 		ubfx	r2, r2, #2, #1
 136 0034 0AD0     		beq	.L10
 137 0036 1AB1     		cbz	r2, .L9
 138 0038 8542     		cmp	r5, r0
 139 003a 2B46     		mov	r3, r5
 140 003c 2960     		str	r1, [r5, #0]
 141 003e 05D0     		beq	.L10
 142              	.L9:
 143 0040 1D1D     		adds	r5, r3, #4
 144              		.loc 1 301 0 is_stmt 0 discriminator 2
 145 0042 5960     		str	r1, [r3, #4]
 146 0044 0833     		adds	r3, r3, #8
 147 0046 8342     		cmp	r3, r0
 148 0048 6960     		str	r1, [r5, #4]
 149 004a F9D1     		bne	.L9
 150              	.L10:
 151              	.LVL4:
 152              	.LBE4:
 153              	.LBB5:
 154              		.loc 1 304 0 is_stmt 1
 155 004c 5448     		ldr	r0, .L68+12
 156 004e A042     		cmp	r0, r4
 157 0050 18D2     		bcs	.L8
 158              	.LBE5:
 159              	.LBB6:
 160              		.loc 1 268 0
 161 0052 5449     		ldr	r1, .L68+16
 162 0054 041D     		adds	r4, r0, #4
ARM GAS  C:\Users\srich\AppData\Local\Temp\cclv7IBk.s 			page 4


 163 0056 0A1B     		subs	r2, r1, r4
 164 0058 22F00305 		bic	r5, r2, #3
 165 005c 0346     		mov	r3, r0
 166 005e 2818     		adds	r0, r5, r0
 167              	.LBE6:
 168              	.LBB7:
 169              		.loc 1 304 0
 170 0060 4FF05531 		mov	r1, #1431655765
 171 0064 8342     		cmp	r3, r0
 172 0066 1960     		str	r1, [r3, #0]
 173              	.LVL5:
 174 0068 C5F38002 		ubfx	r2, r5, #2, #1
 175 006c 0AD0     		beq	.L8
 176 006e 1AB1     		cbz	r2, .L13
 177 0070 8442     		cmp	r4, r0
 178 0072 2346     		mov	r3, r4
 179 0074 2160     		str	r1, [r4, #0]
 180 0076 05D0     		beq	.L8
 181              	.L13:
 182 0078 1D1D     		adds	r5, r3, #4
 183              		.loc 1 304 0 is_stmt 0 discriminator 2
 184 007a 5960     		str	r1, [r3, #4]
 185 007c 0833     		adds	r3, r3, #8
 186 007e 8342     		cmp	r3, r0
 187 0080 6960     		str	r1, [r5, #4]
 188 0082 F9D1     		bne	.L13
 189              	.L8:
 190              	.LBE7:
 191              		.loc 1 310 0 is_stmt 1
 192 0084 FFF7FEFF 		bl	__early_init
 193              	.LVL6:
 194              	.LBB8:
 195              		.loc 1 319 0
 196 0088 4749     		ldr	r1, .L68+20
 197 008a 4848     		ldr	r0, .L68+24
 198 008c 8142     		cmp	r1, r0
 199 008e 1BD2     		bcs	.L12
 200              	.LBE8:
 201              	.LBB9:
 202              		.loc 1 268 0
 203 0090 C61C     		adds	r6, r0, #3
 204 0092 0C1D     		adds	r4, r1, #4
 205 0094 321B     		subs	r2, r6, r4
 206 0096 4648     		ldr	r0, .L68+28
 207 0098 22F00302 		bic	r2, r2, #3
 208 009c 161D     		adds	r6, r2, #4
 209              	.LBE9:
 210              	.LBB10:
 211              		.loc 1 320 0
 212 009e 0568     		ldr	r5, [r0, #0]
 213 00a0 0423     		movs	r3, #4
 214              		.loc 1 319 0
 215 00a2 B342     		cmp	r3, r6
 216              		.loc 1 320 0
 217 00a4 0D60     		str	r5, [r1, #0]
 218              	.LVL7:
 219 00a6 C2F38002 		ubfx	r2, r2, #2, #1
ARM GAS  C:\Users\srich\AppData\Local\Temp\cclv7IBk.s 			page 5


 220              		.loc 1 319 0
 221 00aa 0DD0     		beq	.L12
 222 00ac 22B1     		cbz	r2, .L16
 223              		.loc 1 320 0
 224 00ae 4568     		ldr	r5, [r0, #4]
 225 00b0 0823     		movs	r3, #8
 226              		.loc 1 319 0
 227 00b2 B342     		cmp	r3, r6
 228              		.loc 1 320 0
 229 00b4 2560     		str	r5, [r4, #0]
 230              		.loc 1 319 0
 231 00b6 07D0     		beq	.L12
 232              	.L16:
 233 00b8 1A1D     		adds	r2, r3, #4
 234              		.loc 1 320 0
 235 00ba 1D58     		ldr	r5, [r3, r0]
 236 00bc 8458     		ldr	r4, [r0, r2]
 237 00be 5D50     		str	r5, [r3, r1]
 238 00c0 0833     		adds	r3, r3, #8
 239              		.loc 1 319 0
 240 00c2 B342     		cmp	r3, r6
 241              		.loc 1 320 0
 242 00c4 8C50     		str	r4, [r1, r2]
 243              		.loc 1 319 0
 244 00c6 F7D1     		bne	.L16
 245              	.L12:
 246              	.LVL8:
 247              	.LBE10:
 248              	.LBB11:
 249              		.loc 1 326 0
 250 00c8 3A48     		ldr	r0, .L68+32
 251 00ca 3B49     		ldr	r1, .L68+36
 252 00cc 8842     		cmp	r0, r1
 253 00ce 17D2     		bcs	.L15
 254              	.LBE11:
 255              	.LBB12:
 256              		.loc 1 268 0
 257 00d0 CB1C     		adds	r3, r1, #3
 258 00d2 041D     		adds	r4, r0, #4
 259 00d4 1A1B     		subs	r2, r3, r4
 260 00d6 22F00305 		bic	r5, r2, #3
 261 00da 0346     		mov	r3, r0
 262 00dc 2818     		adds	r0, r5, r0
 263              	.LBE12:
 264              	.LBB13:
 265              		.loc 1 326 0
 266 00de 0021     		movs	r1, #0
 267 00e0 8342     		cmp	r3, r0
 268 00e2 1960     		str	r1, [r3, #0]
 269              	.LVL9:
 270 00e4 C5F38002 		ubfx	r2, r5, #2, #1
 271 00e8 0AD0     		beq	.L15
 272 00ea 1AB1     		cbz	r2, .L19
 273 00ec 8442     		cmp	r4, r0
 274 00ee 2346     		mov	r3, r4
 275 00f0 2160     		str	r1, [r4, #0]
 276 00f2 05D0     		beq	.L15
ARM GAS  C:\Users\srich\AppData\Local\Temp\cclv7IBk.s 			page 6


 277              	.L19:
 278 00f4 1D1D     		adds	r5, r3, #4
 279              		.loc 1 326 0 is_stmt 0 discriminator 2
 280 00f6 5960     		str	r1, [r3, #4]
 281 00f8 0833     		adds	r3, r3, #8
 282 00fa 8342     		cmp	r3, r0
 283 00fc 6960     		str	r1, [r5, #4]
 284 00fe F9D1     		bne	.L19
 285              	.L15:
 286              	.LBE13:
 287              		.loc 1 330 0 is_stmt 1
 288 0100 FFF7FEFF 		bl	__late_init
 289              	.LVL10:
 290              	.LBB14:
 291              		.loc 1 336 0
 292 0104 2D4D     		ldr	r5, .L68+40
 293 0106 2E49     		ldr	r1, .L68+44
 294 0108 8D42     		cmp	r5, r1
 295 010a 1DD2     		bcs	.L18
 296              	.LBE14:
 297              	.LBB15:
 298              		.loc 1 268 0
 299 010c CC1C     		adds	r4, r1, #3
 300 010e 2E1D     		adds	r6, r5, #4
 301 0110 A71B     		subs	r7, r4, r6
 302 0112 B808     		lsrs	r0, r7, #2
 303 0114 471C     		adds	r7, r0, #1
 304 0116 0124     		movs	r4, #1
 305              	.LBE15:
 306              	.LBB16:
 307              		.loc 1 337 0
 308 0118 2A68     		ldr	r2, [r5, #0]
 309 011a 00EA0408 		and	r8, r0, r4
 310 011e 9047     		blx	r2
 311              	.LVL11:
 312              		.loc 1 336 0
 313 0120 BC42     		cmp	r4, r7
 314 0122 11D0     		beq	.L18
 315 0124 B8F1000F 		cmp	r8, #0
 316 0128 05D0     		beq	.L22
 317 012a 0224     		movs	r4, #2
 318              		.loc 1 337 0
 319 012c 3368     		ldr	r3, [r6, #0]
 320 012e 9847     		blx	r3
 321              	.LVL12:
 322              		.loc 1 336 0
 323 0130 BC42     		cmp	r4, r7
 324 0132 3546     		mov	r5, r6
 325 0134 08D0     		beq	.L18
 326              	.L22:
 327              		.loc 1 337 0
 328 0136 6968     		ldr	r1, [r5, #4]
 329 0138 8847     		blx	r1
 330              	.LVL13:
 331 013a 0234     		adds	r4, r4, #2
 332 013c A868     		ldr	r0, [r5, #8]
 333 013e 2E1D     		adds	r6, r5, #4
ARM GAS  C:\Users\srich\AppData\Local\Temp\cclv7IBk.s 			page 7


 334 0140 8047     		blx	r0
 335              	.LVL14:
 336 0142 0835     		adds	r5, r5, #8
 337              		.loc 1 336 0
 338 0144 BC42     		cmp	r4, r7
 339 0146 F6D1     		bne	.L22
 340              	.L18:
 341              	.LBE16:
 342              		.loc 1 344 0
 343 0148 FFF7FEFF 		bl	main
 344              	.LVL15:
 345              	.LBB17:
 346              		.loc 1 350 0
 347 014c 1D4D     		ldr	r5, .L68+48
 348 014e 1E4A     		ldr	r2, .L68+52
 349 0150 9542     		cmp	r5, r2
 350 0152 1DD2     		bcs	.L21
 351              	.LBE17:
 352              		.loc 1 268 0
 353 0154 D41C     		adds	r4, r2, #3
 354 0156 2E1D     		adds	r6, r5, #4
 355 0158 A71B     		subs	r7, r4, r6
 356 015a BB08     		lsrs	r3, r7, #2
 357 015c 5F1C     		adds	r7, r3, #1
 358 015e 0124     		movs	r4, #1
 359              	.LBB18:
 360              		.loc 1 351 0
 361 0160 2968     		ldr	r1, [r5, #0]
 362 0162 03EA0408 		and	r8, r3, r4
 363 0166 8847     		blx	r1
 364              	.LVL16:
 365              		.loc 1 350 0
 366 0168 BC42     		cmp	r4, r7
 367 016a 11D0     		beq	.L21
 368 016c B8F1000F 		cmp	r8, #0
 369 0170 05D0     		beq	.L23
 370 0172 0224     		movs	r4, #2
 371              		.loc 1 351 0
 372 0174 3068     		ldr	r0, [r6, #0]
 373 0176 8047     		blx	r0
 374              	.LVL17:
 375              		.loc 1 350 0
 376 0178 BC42     		cmp	r4, r7
 377 017a 3546     		mov	r5, r6
 378 017c 08D0     		beq	.L21
 379              	.L23:
 380              		.loc 1 351 0
 381 017e 6A68     		ldr	r2, [r5, #4]
 382 0180 9047     		blx	r2
 383              	.LVL18:
 384 0182 0234     		adds	r4, r4, #2
 385 0184 AB68     		ldr	r3, [r5, #8]
 386 0186 2E1D     		adds	r6, r5, #4
 387 0188 9847     		blx	r3
 388              	.LVL19:
 389 018a 0835     		adds	r5, r5, #8
 390              		.loc 1 350 0
ARM GAS  C:\Users\srich\AppData\Local\Temp\cclv7IBk.s 			page 8


 391 018c BC42     		cmp	r4, r7
 392 018e F6D1     		bne	.L23
 393              	.L21:
 394              	.LBE18:
 395              		.loc 1 358 0
 396 0190 FFF7FEFF 		bl	_default_exit
 397              	.LVL20:
 398              		.loc 1 359 0
 399              	.L69:
 400              		.align	2
 401              	.L68:
 402 0194 00000000 		.word	__process_stack_end__
 403 0198 00000000 		.word	__main_stack_base__
 404 019c 00000000 		.word	__main_stack_end__
 405 01a0 00000000 		.word	__process_stack_base__
 406 01a4 03000000 		.word	__process_stack_end__+3
 407 01a8 00000000 		.word	_data
 408 01ac 00000000 		.word	_edata
 409 01b0 00000000 		.word	_textdata
 410 01b4 00000000 		.word	_bss_start
 411 01b8 00000000 		.word	_bss_end
 412 01bc 00000000 		.word	__init_array_start
 413 01c0 00000000 		.word	__init_array_end
 414 01c4 00000000 		.word	__fini_array_start
 415 01c8 00000000 		.word	__fini_array_end
 416              		.cfi_endproc
 417              	.LFE3:
 418              		.size	ResetHandler, .-ResetHandler
 419 01cc AFF30080 		.text
 420              	.Letext0:
 421              		.file 2 "c:\\chibistudio\\tools\\gnu tools arm embedded\\4.7 2014q2\\bin\\../lib/gcc/arm-none-eabi
 422              		.section	.debug_info,"",%progbits
 423              	.Ldebug_info0:
 424 0000 A1020000 		.4byte	0x2a1
 425 0004 0200     		.2byte	0x2
 426 0006 00000000 		.4byte	.Ldebug_abbrev0
 427 000a 04       		.byte	0x4
 428 000b 01       		.uleb128 0x1
 429 000c CA000000 		.4byte	.LASF29
 430 0010 01       		.byte	0x1
 431 0011 44010000 		.4byte	.LASF30
 432 0015 B8000000 		.4byte	.Ldebug_ranges0+0xb8
 433 0019 00000000 		.4byte	0
 434 001d 00000000 		.4byte	0
 435 0021 00000000 		.4byte	.Ldebug_line0
 436 0025 02       		.uleb128 0x2
 437 0026 01       		.byte	0x1
 438 0027 06       		.byte	0x6
 439 0028 D9010000 		.4byte	.LASF0
 440 002c 03       		.uleb128 0x3
 441 002d 3C010000 		.4byte	.LASF5
 442 0031 02       		.byte	0x2
 443 0032 2A       		.byte	0x2a
 444 0033 37000000 		.4byte	0x37
 445 0037 02       		.uleb128 0x2
 446 0038 01       		.byte	0x1
 447 0039 08       		.byte	0x8
ARM GAS  C:\Users\srich\AppData\Local\Temp\cclv7IBk.s 			page 9


 448 003a 51000000 		.4byte	.LASF1
 449 003e 02       		.uleb128 0x2
 450 003f 02       		.byte	0x2
 451 0040 05       		.byte	0x5
 452 0041 AF010000 		.4byte	.LASF2
 453 0045 02       		.uleb128 0x2
 454 0046 02       		.byte	0x2
 455 0047 07       		.byte	0x7
 456 0048 8A000000 		.4byte	.LASF3
 457 004c 02       		.uleb128 0x2
 458 004d 04       		.byte	0x4
 459 004e 05       		.byte	0x5
 460 004f CA010000 		.4byte	.LASF4
 461 0053 03       		.uleb128 0x3
 462 0054 C1010000 		.4byte	.LASF6
 463 0058 02       		.byte	0x2
 464 0059 50       		.byte	0x50
 465 005a 5E000000 		.4byte	0x5e
 466 005e 02       		.uleb128 0x2
 467 005f 04       		.byte	0x4
 468 0060 07       		.byte	0x7
 469 0061 6B000000 		.4byte	.LASF7
 470 0065 02       		.uleb128 0x2
 471 0066 08       		.byte	0x8
 472 0067 05       		.byte	0x5
 473 0068 8D010000 		.4byte	.LASF8
 474 006c 02       		.uleb128 0x2
 475 006d 08       		.byte	0x8
 476 006e 07       		.byte	0x7
 477 006f 25010000 		.4byte	.LASF9
 478 0073 04       		.uleb128 0x4
 479 0074 04       		.byte	0x4
 480 0075 05       		.byte	0x5
 481 0076 696E7400 		.ascii	"int\000"
 482 007a 02       		.uleb128 0x2
 483 007b 04       		.byte	0x4
 484 007c 07       		.byte	0x7
 485 007d 18010000 		.4byte	.LASF10
 486 0081 03       		.uleb128 0x3
 487 0082 B9010000 		.4byte	.LASF11
 488 0086 01       		.byte	0x1
 489 0087 34       		.byte	0x34
 490 0088 8C000000 		.4byte	0x8c
 491 008c 05       		.uleb128 0x5
 492 008d 04       		.byte	0x4
 493 008e 92000000 		.4byte	0x92
 494 0092 06       		.uleb128 0x6
 495 0093 01       		.byte	0x1
 496 0094 03       		.uleb128 0x3
 497 0095 3A000000 		.4byte	.LASF12
 498 0099 01       		.byte	0x1
 499 009a 35       		.byte	0x35
 500 009b 9F000000 		.4byte	0x9f
 501 009f 05       		.uleb128 0x5
 502 00a0 04       		.byte	0x4
 503 00a1 81000000 		.4byte	0x81
 504 00a5 07       		.uleb128 0x7
ARM GAS  C:\Users\srich\AppData\Local\Temp\cclv7IBk.s 			page 10


 505 00a6 01       		.byte	0x1
 506 00a7 80010000 		.4byte	.LASF13
 507 00ab 01       		.byte	0x1
 508 00ac EA       		.byte	0xea
 509 00ad 01       		.byte	0x1
 510 00ae 00000000 		.4byte	.LFB0
 511 00b2 02000000 		.4byte	.LFE0
 512 00b6 02       		.byte	0x2
 513 00b7 7D       		.byte	0x7d
 514 00b8 00       		.sleb128 0
 515 00b9 01       		.byte	0x1
 516 00ba 07       		.uleb128 0x7
 517 00bb 01       		.byte	0x1
 518 00bc 5F000000 		.4byte	.LASF14
 519 00c0 01       		.byte	0x1
 520 00c1 F6       		.byte	0xf6
 521 00c2 01       		.byte	0x1
 522 00c3 00000000 		.4byte	.LFB1
 523 00c7 02000000 		.4byte	.LFE1
 524 00cb 02       		.byte	0x2
 525 00cc 7D       		.byte	0x7d
 526 00cd 00       		.sleb128 0
 527 00ce 01       		.byte	0x1
 528 00cf 08       		.uleb128 0x8
 529 00d0 01       		.byte	0x1
 530 00d1 43000000 		.4byte	.LASF15
 531 00d5 01       		.byte	0x1
 532 00d6 0101     		.2byte	0x101
 533 00d8 01       		.byte	0x1
 534 00d9 00000000 		.4byte	.LFB2
 535 00dd 02000000 		.4byte	.LFE2
 536 00e1 02       		.byte	0x2
 537 00e2 7D       		.byte	0x7d
 538 00e3 00       		.sleb128 0
 539 00e4 01       		.byte	0x1
 540 00e5 09       		.uleb128 0x9
 541 00e6 01       		.byte	0x1
 542 00e7 7D000000 		.4byte	.LASF31
 543 00eb 01       		.byte	0x1
 544 00ec 0C01     		.2byte	0x10c
 545 00ee 01       		.byte	0x1
 546 00ef 00000000 		.4byte	.LFB3
 547 00f3 CC010000 		.4byte	.LFE3
 548 00f7 02       		.byte	0x2
 549 00f8 7D       		.byte	0x7d
 550 00f9 00       		.sleb128 0
 551 00fa 01       		.byte	0x1
 552 00fb EB010000 		.4byte	0x1eb
 553 00ff 0A       		.uleb128 0xa
 554 0100 70737000 		.ascii	"psp\000"
 555 0104 01       		.byte	0x1
 556 0105 0D01     		.2byte	0x10d
 557 0107 53000000 		.4byte	0x53
 558 010b 01       		.byte	0x1
 559 010c 54       		.byte	0x54
 560 010d 0B       		.uleb128 0xb
 561 010e 72656700 		.ascii	"reg\000"
ARM GAS  C:\Users\srich\AppData\Local\Temp\cclv7IBk.s 			page 11


 562 0112 01       		.byte	0x1
 563 0113 0D01     		.2byte	0x10d
 564 0115 53000000 		.4byte	0x53
 565 0119 02       		.byte	0x2
 566 011a 0C       		.uleb128 0xc
 567 011b 00000000 		.4byte	.Ldebug_ranges0+0
 568 011f 3A010000 		.4byte	0x13a
 569 0123 0D       		.uleb128 0xd
 570 0124 703100   		.ascii	"p1\000"
 571 0127 01       		.byte	0x1
 572 0128 2D01     		.2byte	0x12d
 573 012a EB010000 		.4byte	0x1eb
 574 012e 0D       		.uleb128 0xd
 575 012f 703200   		.ascii	"p2\000"
 576 0132 01       		.byte	0x1
 577 0133 2D01     		.2byte	0x12d
 578 0135 EB010000 		.4byte	0x1eb
 579 0139 00       		.byte	0
 580 013a 0C       		.uleb128 0xc
 581 013b 18000000 		.4byte	.Ldebug_ranges0+0x18
 582 013f 5A010000 		.4byte	0x15a
 583 0143 0D       		.uleb128 0xd
 584 0144 703100   		.ascii	"p1\000"
 585 0147 01       		.byte	0x1
 586 0148 3001     		.2byte	0x130
 587 014a EB010000 		.4byte	0x1eb
 588 014e 0D       		.uleb128 0xd
 589 014f 703200   		.ascii	"p2\000"
 590 0152 01       		.byte	0x1
 591 0153 3001     		.2byte	0x130
 592 0155 EB010000 		.4byte	0x1eb
 593 0159 00       		.byte	0
 594 015a 0C       		.uleb128 0xc
 595 015b 38000000 		.4byte	.Ldebug_ranges0+0x38
 596 015f 7A010000 		.4byte	0x17a
 597 0163 0D       		.uleb128 0xd
 598 0164 747000   		.ascii	"tp\000"
 599 0167 01       		.byte	0x1
 600 0168 3B01     		.2byte	0x13b
 601 016a EB010000 		.4byte	0x1eb
 602 016e 0D       		.uleb128 0xd
 603 016f 647000   		.ascii	"dp\000"
 604 0172 01       		.byte	0x1
 605 0173 3B01     		.2byte	0x13b
 606 0175 EB010000 		.4byte	0x1eb
 607 0179 00       		.byte	0
 608 017a 0C       		.uleb128 0xc
 609 017b 58000000 		.4byte	.Ldebug_ranges0+0x58
 610 017f 9A010000 		.4byte	0x19a
 611 0183 0D       		.uleb128 0xd
 612 0184 703100   		.ascii	"p1\000"
 613 0187 01       		.byte	0x1
 614 0188 4601     		.2byte	0x146
 615 018a EB010000 		.4byte	0x1eb
 616 018e 0D       		.uleb128 0xd
 617 018f 703200   		.ascii	"p2\000"
 618 0192 01       		.byte	0x1
ARM GAS  C:\Users\srich\AppData\Local\Temp\cclv7IBk.s 			page 12


 619 0193 4601     		.2byte	0x146
 620 0195 EB010000 		.4byte	0x1eb
 621 0199 00       		.byte	0
 622 019a 0C       		.uleb128 0xc
 623 019b 78000000 		.4byte	.Ldebug_ranges0+0x78
 624 019f B0010000 		.4byte	0x1b0
 625 01a3 0D       		.uleb128 0xd
 626 01a4 66707000 		.ascii	"fpp\000"
 627 01a8 01       		.byte	0x1
 628 01a9 4F01     		.2byte	0x14f
 629 01ab 94000000 		.4byte	0x94
 630 01af 00       		.byte	0
 631 01b0 0C       		.uleb128 0xc
 632 01b1 98000000 		.4byte	.Ldebug_ranges0+0x98
 633 01b5 C6010000 		.4byte	0x1c6
 634 01b9 0D       		.uleb128 0xd
 635 01ba 66707000 		.ascii	"fpp\000"
 636 01be 01       		.byte	0x1
 637 01bf 5D01     		.2byte	0x15d
 638 01c1 94000000 		.4byte	0x94
 639 01c5 00       		.byte	0
 640 01c6 0E       		.uleb128 0xe
 641 01c7 88000000 		.4byte	.LVL6
 642 01cb A5000000 		.4byte	0xa5
 643 01cf 0E       		.uleb128 0xe
 644 01d0 04010000 		.4byte	.LVL10
 645 01d4 BA000000 		.4byte	0xba
 646 01d8 0E       		.uleb128 0xe
 647 01d9 4C010000 		.4byte	.LVL15
 648 01dd 9A020000 		.4byte	0x29a
 649 01e1 0E       		.uleb128 0xe
 650 01e2 94010000 		.4byte	.LVL20
 651 01e6 CF000000 		.4byte	0xcf
 652 01ea 00       		.byte	0
 653 01eb 05       		.uleb128 0x5
 654 01ec 04       		.byte	0x4
 655 01ed 53000000 		.4byte	0x53
 656 01f1 0F       		.uleb128 0xf
 657 01f2 9B010000 		.4byte	.LASF16
 658 01f6 01       		.byte	0x1
 659 01f7 8B       		.byte	0x8b
 660 01f8 53000000 		.4byte	0x53
 661 01fc 01       		.byte	0x1
 662 01fd 01       		.byte	0x1
 663 01fe 0F       		.uleb128 0xf
 664 01ff 0E020000 		.4byte	.LASF17
 665 0203 01       		.byte	0x1
 666 0204 93       		.byte	0x93
 667 0205 53000000 		.4byte	0x53
 668 0209 01       		.byte	0x1
 669 020a 01       		.byte	0x1
 670 020b 0F       		.uleb128 0xf
 671 020c 23000000 		.4byte	.LASF18
 672 0210 01       		.byte	0x1
 673 0211 9A       		.byte	0x9a
 674 0212 53000000 		.4byte	0x53
 675 0216 01       		.byte	0x1
ARM GAS  C:\Users\srich\AppData\Local\Temp\cclv7IBk.s 			page 13


 676 0217 01       		.byte	0x1
 677 0218 0F       		.uleb128 0xf
 678 0219 E5010000 		.4byte	.LASF19
 679 021d 01       		.byte	0x1
 680 021e A1       		.byte	0xa1
 681 021f 53000000 		.4byte	0x53
 682 0223 01       		.byte	0x1
 683 0224 01       		.byte	0x1
 684 0225 0F       		.uleb128 0xf
 685 0226 76010000 		.4byte	.LASF20
 686 022a 01       		.byte	0x1
 687 022b A7       		.byte	0xa7
 688 022c 53000000 		.4byte	0x53
 689 0230 01       		.byte	0x1
 690 0231 01       		.byte	0x1
 691 0232 0F       		.uleb128 0xf
 692 0233 D3010000 		.4byte	.LASF21
 693 0237 01       		.byte	0x1
 694 0238 AD       		.byte	0xad
 695 0239 53000000 		.4byte	0x53
 696 023d 01       		.byte	0x1
 697 023e 01       		.byte	0x1
 698 023f 0F       		.uleb128 0xf
 699 0240 0B000000 		.4byte	.LASF22
 700 0244 01       		.byte	0x1
 701 0245 B3       		.byte	0xb3
 702 0246 53000000 		.4byte	0x53
 703 024a 01       		.byte	0x1
 704 024b 01       		.byte	0x1
 705 024c 0F       		.uleb128 0xf
 706 024d 00000000 		.4byte	.LASF23
 707 0251 01       		.byte	0x1
 708 0252 B9       		.byte	0xb9
 709 0253 53000000 		.4byte	0x53
 710 0257 01       		.byte	0x1
 711 0258 01       		.byte	0x1
 712 0259 0F       		.uleb128 0xf
 713 025a B0000000 		.4byte	.LASF24
 714 025e 01       		.byte	0x1
 715 025f BF       		.byte	0xbf
 716 0260 53000000 		.4byte	0x53
 717 0264 01       		.byte	0x1
 718 0265 01       		.byte	0x1
 719 0266 0F       		.uleb128 0xf
 720 0267 FB010000 		.4byte	.LASF25
 721 026b 01       		.byte	0x1
 722 026c C5       		.byte	0xc5
 723 026d 81000000 		.4byte	0x81
 724 0271 01       		.byte	0x1
 725 0272 01       		.byte	0x1
 726 0273 0F       		.uleb128 0xf
 727 0274 B9000000 		.4byte	.LASF26
 728 0278 01       		.byte	0x1
 729 0279 CB       		.byte	0xcb
 730 027a 81000000 		.4byte	0x81
 731 027e 01       		.byte	0x1
 732 027f 01       		.byte	0x1
ARM GAS  C:\Users\srich\AppData\Local\Temp\cclv7IBk.s 			page 14


 733 0280 0F       		.uleb128 0xf
 734 0281 9D000000 		.4byte	.LASF27
 735 0285 01       		.byte	0x1
 736 0286 D1       		.byte	0xd1
 737 0287 81000000 		.4byte	0x81
 738 028b 01       		.byte	0x1
 739 028c 01       		.byte	0x1
 740 028d 0F       		.uleb128 0xf
 741 028e 12000000 		.4byte	.LASF28
 742 0292 01       		.byte	0x1
 743 0293 D7       		.byte	0xd7
 744 0294 81000000 		.4byte	0x81
 745 0298 01       		.byte	0x1
 746 0299 01       		.byte	0x1
 747 029a 10       		.uleb128 0x10
 748 029b 01       		.byte	0x1
 749 029c 13010000 		.4byte	.LASF32
 750 02a0 01       		.byte	0x1
 751 02a1 DE       		.byte	0xde
 752 02a2 01       		.byte	0x1
 753 02a3 01       		.byte	0x1
 754 02a4 00       		.byte	0
 755              		.section	.debug_abbrev,"",%progbits
 756              	.Ldebug_abbrev0:
 757 0000 01       		.uleb128 0x1
 758 0001 11       		.uleb128 0x11
 759 0002 01       		.byte	0x1
 760 0003 25       		.uleb128 0x25
 761 0004 0E       		.uleb128 0xe
 762 0005 13       		.uleb128 0x13
 763 0006 0B       		.uleb128 0xb
 764 0007 03       		.uleb128 0x3
 765 0008 0E       		.uleb128 0xe
 766 0009 55       		.uleb128 0x55
 767 000a 06       		.uleb128 0x6
 768 000b 11       		.uleb128 0x11
 769 000c 01       		.uleb128 0x1
 770 000d 52       		.uleb128 0x52
 771 000e 01       		.uleb128 0x1
 772 000f 10       		.uleb128 0x10
 773 0010 06       		.uleb128 0x6
 774 0011 00       		.byte	0
 775 0012 00       		.byte	0
 776 0013 02       		.uleb128 0x2
 777 0014 24       		.uleb128 0x24
 778 0015 00       		.byte	0
 779 0016 0B       		.uleb128 0xb
 780 0017 0B       		.uleb128 0xb
 781 0018 3E       		.uleb128 0x3e
 782 0019 0B       		.uleb128 0xb
 783 001a 03       		.uleb128 0x3
 784 001b 0E       		.uleb128 0xe
 785 001c 00       		.byte	0
 786 001d 00       		.byte	0
 787 001e 03       		.uleb128 0x3
 788 001f 16       		.uleb128 0x16
 789 0020 00       		.byte	0
ARM GAS  C:\Users\srich\AppData\Local\Temp\cclv7IBk.s 			page 15


 790 0021 03       		.uleb128 0x3
 791 0022 0E       		.uleb128 0xe
 792 0023 3A       		.uleb128 0x3a
 793 0024 0B       		.uleb128 0xb
 794 0025 3B       		.uleb128 0x3b
 795 0026 0B       		.uleb128 0xb
 796 0027 49       		.uleb128 0x49
 797 0028 13       		.uleb128 0x13
 798 0029 00       		.byte	0
 799 002a 00       		.byte	0
 800 002b 04       		.uleb128 0x4
 801 002c 24       		.uleb128 0x24
 802 002d 00       		.byte	0
 803 002e 0B       		.uleb128 0xb
 804 002f 0B       		.uleb128 0xb
 805 0030 3E       		.uleb128 0x3e
 806 0031 0B       		.uleb128 0xb
 807 0032 03       		.uleb128 0x3
 808 0033 08       		.uleb128 0x8
 809 0034 00       		.byte	0
 810 0035 00       		.byte	0
 811 0036 05       		.uleb128 0x5
 812 0037 0F       		.uleb128 0xf
 813 0038 00       		.byte	0
 814 0039 0B       		.uleb128 0xb
 815 003a 0B       		.uleb128 0xb
 816 003b 49       		.uleb128 0x49
 817 003c 13       		.uleb128 0x13
 818 003d 00       		.byte	0
 819 003e 00       		.byte	0
 820 003f 06       		.uleb128 0x6
 821 0040 15       		.uleb128 0x15
 822 0041 00       		.byte	0
 823 0042 27       		.uleb128 0x27
 824 0043 0C       		.uleb128 0xc
 825 0044 00       		.byte	0
 826 0045 00       		.byte	0
 827 0046 07       		.uleb128 0x7
 828 0047 2E       		.uleb128 0x2e
 829 0048 00       		.byte	0
 830 0049 3F       		.uleb128 0x3f
 831 004a 0C       		.uleb128 0xc
 832 004b 03       		.uleb128 0x3
 833 004c 0E       		.uleb128 0xe
 834 004d 3A       		.uleb128 0x3a
 835 004e 0B       		.uleb128 0xb
 836 004f 3B       		.uleb128 0x3b
 837 0050 0B       		.uleb128 0xb
 838 0051 27       		.uleb128 0x27
 839 0052 0C       		.uleb128 0xc
 840 0053 11       		.uleb128 0x11
 841 0054 01       		.uleb128 0x1
 842 0055 12       		.uleb128 0x12
 843 0056 01       		.uleb128 0x1
 844 0057 40       		.uleb128 0x40
 845 0058 0A       		.uleb128 0xa
 846 0059 9742     		.uleb128 0x2117
ARM GAS  C:\Users\srich\AppData\Local\Temp\cclv7IBk.s 			page 16


 847 005b 0C       		.uleb128 0xc
 848 005c 00       		.byte	0
 849 005d 00       		.byte	0
 850 005e 08       		.uleb128 0x8
 851 005f 2E       		.uleb128 0x2e
 852 0060 00       		.byte	0
 853 0061 3F       		.uleb128 0x3f
 854 0062 0C       		.uleb128 0xc
 855 0063 03       		.uleb128 0x3
 856 0064 0E       		.uleb128 0xe
 857 0065 3A       		.uleb128 0x3a
 858 0066 0B       		.uleb128 0xb
 859 0067 3B       		.uleb128 0x3b
 860 0068 05       		.uleb128 0x5
 861 0069 27       		.uleb128 0x27
 862 006a 0C       		.uleb128 0xc
 863 006b 11       		.uleb128 0x11
 864 006c 01       		.uleb128 0x1
 865 006d 12       		.uleb128 0x12
 866 006e 01       		.uleb128 0x1
 867 006f 40       		.uleb128 0x40
 868 0070 0A       		.uleb128 0xa
 869 0071 9742     		.uleb128 0x2117
 870 0073 0C       		.uleb128 0xc
 871 0074 00       		.byte	0
 872 0075 00       		.byte	0
 873 0076 09       		.uleb128 0x9
 874 0077 2E       		.uleb128 0x2e
 875 0078 01       		.byte	0x1
 876 0079 3F       		.uleb128 0x3f
 877 007a 0C       		.uleb128 0xc
 878 007b 03       		.uleb128 0x3
 879 007c 0E       		.uleb128 0xe
 880 007d 3A       		.uleb128 0x3a
 881 007e 0B       		.uleb128 0xb
 882 007f 3B       		.uleb128 0x3b
 883 0080 05       		.uleb128 0x5
 884 0081 27       		.uleb128 0x27
 885 0082 0C       		.uleb128 0xc
 886 0083 11       		.uleb128 0x11
 887 0084 01       		.uleb128 0x1
 888 0085 12       		.uleb128 0x12
 889 0086 01       		.uleb128 0x1
 890 0087 40       		.uleb128 0x40
 891 0088 0A       		.uleb128 0xa
 892 0089 9642     		.uleb128 0x2116
 893 008b 0C       		.uleb128 0xc
 894 008c 01       		.uleb128 0x1
 895 008d 13       		.uleb128 0x13
 896 008e 00       		.byte	0
 897 008f 00       		.byte	0
 898 0090 0A       		.uleb128 0xa
 899 0091 34       		.uleb128 0x34
 900 0092 00       		.byte	0
 901 0093 03       		.uleb128 0x3
 902 0094 08       		.uleb128 0x8
 903 0095 3A       		.uleb128 0x3a
ARM GAS  C:\Users\srich\AppData\Local\Temp\cclv7IBk.s 			page 17


 904 0096 0B       		.uleb128 0xb
 905 0097 3B       		.uleb128 0x3b
 906 0098 05       		.uleb128 0x5
 907 0099 49       		.uleb128 0x49
 908 009a 13       		.uleb128 0x13
 909 009b 02       		.uleb128 0x2
 910 009c 0A       		.uleb128 0xa
 911 009d 00       		.byte	0
 912 009e 00       		.byte	0
 913 009f 0B       		.uleb128 0xb
 914 00a0 34       		.uleb128 0x34
 915 00a1 00       		.byte	0
 916 00a2 03       		.uleb128 0x3
 917 00a3 08       		.uleb128 0x8
 918 00a4 3A       		.uleb128 0x3a
 919 00a5 0B       		.uleb128 0xb
 920 00a6 3B       		.uleb128 0x3b
 921 00a7 05       		.uleb128 0x5
 922 00a8 49       		.uleb128 0x49
 923 00a9 13       		.uleb128 0x13
 924 00aa 1C       		.uleb128 0x1c
 925 00ab 0B       		.uleb128 0xb
 926 00ac 00       		.byte	0
 927 00ad 00       		.byte	0
 928 00ae 0C       		.uleb128 0xc
 929 00af 0B       		.uleb128 0xb
 930 00b0 01       		.byte	0x1
 931 00b1 55       		.uleb128 0x55
 932 00b2 06       		.uleb128 0x6
 933 00b3 01       		.uleb128 0x1
 934 00b4 13       		.uleb128 0x13
 935 00b5 00       		.byte	0
 936 00b6 00       		.byte	0
 937 00b7 0D       		.uleb128 0xd
 938 00b8 34       		.uleb128 0x34
 939 00b9 00       		.byte	0
 940 00ba 03       		.uleb128 0x3
 941 00bb 08       		.uleb128 0x8
 942 00bc 3A       		.uleb128 0x3a
 943 00bd 0B       		.uleb128 0xb
 944 00be 3B       		.uleb128 0x3b
 945 00bf 05       		.uleb128 0x5
 946 00c0 49       		.uleb128 0x49
 947 00c1 13       		.uleb128 0x13
 948 00c2 00       		.byte	0
 949 00c3 00       		.byte	0
 950 00c4 0E       		.uleb128 0xe
 951 00c5 898201   		.uleb128 0x4109
 952 00c8 00       		.byte	0
 953 00c9 11       		.uleb128 0x11
 954 00ca 01       		.uleb128 0x1
 955 00cb 31       		.uleb128 0x31
 956 00cc 13       		.uleb128 0x13
 957 00cd 00       		.byte	0
 958 00ce 00       		.byte	0
 959 00cf 0F       		.uleb128 0xf
 960 00d0 34       		.uleb128 0x34
ARM GAS  C:\Users\srich\AppData\Local\Temp\cclv7IBk.s 			page 18


 961 00d1 00       		.byte	0
 962 00d2 03       		.uleb128 0x3
 963 00d3 0E       		.uleb128 0xe
 964 00d4 3A       		.uleb128 0x3a
 965 00d5 0B       		.uleb128 0xb
 966 00d6 3B       		.uleb128 0x3b
 967 00d7 0B       		.uleb128 0xb
 968 00d8 49       		.uleb128 0x49
 969 00d9 13       		.uleb128 0x13
 970 00da 3F       		.uleb128 0x3f
 971 00db 0C       		.uleb128 0xc
 972 00dc 3C       		.uleb128 0x3c
 973 00dd 0C       		.uleb128 0xc
 974 00de 00       		.byte	0
 975 00df 00       		.byte	0
 976 00e0 10       		.uleb128 0x10
 977 00e1 2E       		.uleb128 0x2e
 978 00e2 00       		.byte	0
 979 00e3 3F       		.uleb128 0x3f
 980 00e4 0C       		.uleb128 0xc
 981 00e5 03       		.uleb128 0x3
 982 00e6 0E       		.uleb128 0xe
 983 00e7 3A       		.uleb128 0x3a
 984 00e8 0B       		.uleb128 0xb
 985 00e9 3B       		.uleb128 0x3b
 986 00ea 0B       		.uleb128 0xb
 987 00eb 27       		.uleb128 0x27
 988 00ec 0C       		.uleb128 0xc
 989 00ed 3C       		.uleb128 0x3c
 990 00ee 0C       		.uleb128 0xc
 991 00ef 00       		.byte	0
 992 00f0 00       		.byte	0
 993 00f1 00       		.byte	0
 994              		.section	.debug_aranges,"",%progbits
 995 0000 34000000 		.4byte	0x34
 996 0004 0200     		.2byte	0x2
 997 0006 00000000 		.4byte	.Ldebug_info0
 998 000a 04       		.byte	0x4
 999 000b 00       		.byte	0
 1000 000c 0000     		.2byte	0
 1001 000e 0000     		.2byte	0
 1002 0010 00000000 		.4byte	.LFB0
 1003 0014 02000000 		.4byte	.LFE0-.LFB0
 1004 0018 00000000 		.4byte	.LFB1
 1005 001c 02000000 		.4byte	.LFE1-.LFB1
 1006 0020 00000000 		.4byte	.LFB2
 1007 0024 02000000 		.4byte	.LFE2-.LFB2
 1008 0028 00000000 		.4byte	.LFB3
 1009 002c CC010000 		.4byte	.LFE3-.LFB3
 1010 0030 00000000 		.4byte	0
 1011 0034 00000000 		.4byte	0
 1012              		.section	.debug_ranges,"",%progbits
 1013              	.Ldebug_ranges0:
 1014 0000 12000000 		.4byte	.LBB2
 1015 0004 1A000000 		.4byte	.LBE2
 1016 0008 28000000 		.4byte	.LBB4
 1017 000c 4C000000 		.4byte	.LBE4
ARM GAS  C:\Users\srich\AppData\Local\Temp\cclv7IBk.s 			page 19


 1018 0010 00000000 		.4byte	0
 1019 0014 00000000 		.4byte	0
 1020 0018 1A000000 		.4byte	.LBB3
 1021 001c 28000000 		.4byte	.LBE3
 1022 0020 4C000000 		.4byte	.LBB5
 1023 0024 52000000 		.4byte	.LBE5
 1024 0028 60000000 		.4byte	.LBB7
 1025 002c 84000000 		.4byte	.LBE7
 1026 0030 00000000 		.4byte	0
 1027 0034 00000000 		.4byte	0
 1028 0038 52000000 		.4byte	.LBB6
 1029 003c 60000000 		.4byte	.LBE6
 1030 0040 88000000 		.4byte	.LBB8
 1031 0044 90000000 		.4byte	.LBE8
 1032 0048 9E000000 		.4byte	.LBB10
 1033 004c C8000000 		.4byte	.LBE10
 1034 0050 00000000 		.4byte	0
 1035 0054 00000000 		.4byte	0
 1036 0058 90000000 		.4byte	.LBB9
 1037 005c 9E000000 		.4byte	.LBE9
 1038 0060 C8000000 		.4byte	.LBB11
 1039 0064 D0000000 		.4byte	.LBE11
 1040 0068 DE000000 		.4byte	.LBB13
 1041 006c 00010000 		.4byte	.LBE13
 1042 0070 00000000 		.4byte	0
 1043 0074 00000000 		.4byte	0
 1044 0078 D0000000 		.4byte	.LBB12
 1045 007c DE000000 		.4byte	.LBE12
 1046 0080 04010000 		.4byte	.LBB14
 1047 0084 0C010000 		.4byte	.LBE14
 1048 0088 18010000 		.4byte	.LBB16
 1049 008c 48010000 		.4byte	.LBE16
 1050 0090 00000000 		.4byte	0
 1051 0094 00000000 		.4byte	0
 1052 0098 0C010000 		.4byte	.LBB15
 1053 009c 18010000 		.4byte	.LBE15
 1054 00a0 4C010000 		.4byte	.LBB17
 1055 00a4 54010000 		.4byte	.LBE17
 1056 00a8 60010000 		.4byte	.LBB18
 1057 00ac 90010000 		.4byte	.LBE18
 1058 00b0 00000000 		.4byte	0
 1059 00b4 00000000 		.4byte	0
 1060 00b8 00000000 		.4byte	.LFB0
 1061 00bc 02000000 		.4byte	.LFE0
 1062 00c0 00000000 		.4byte	.LFB1
 1063 00c4 02000000 		.4byte	.LFE1
 1064 00c8 00000000 		.4byte	.LFB2
 1065 00cc 02000000 		.4byte	.LFE2
 1066 00d0 00000000 		.4byte	.LFB3
 1067 00d4 CC010000 		.4byte	.LFE3
 1068 00d8 00000000 		.4byte	0
 1069 00dc 00000000 		.4byte	0
 1070              		.section	.debug_line,"",%progbits
 1071              	.Ldebug_line0:
 1072 0000 7B010000 		.section	.debug_str,"MS",%progbits,1
 1072      0200D000 
 1072      00000201 
ARM GAS  C:\Users\srich\AppData\Local\Temp\cclv7IBk.s 			page 20


 1072      FB0E0D00 
 1072      01010101 
 1073              	.LASF23:
 1074 0000 5F627373 		.ascii	"_bss_start\000"
 1074      5F737461 
 1074      727400
 1075              	.LASF22:
 1076 000b 5F656461 		.ascii	"_edata\000"
 1076      746100
 1077              	.LASF28:
 1078 0012 5F5F6669 		.ascii	"__fini_array_end\000"
 1078      6E695F61 
 1078      72726179 
 1078      5F656E64 
 1078      00
 1079              	.LASF18:
 1080 0023 5F5F7072 		.ascii	"__process_stack_base__\000"
 1080      6F636573 
 1080      735F7374 
 1080      61636B5F 
 1080      62617365 
 1081              	.LASF12:
 1082 003a 66756E63 		.ascii	"funcpp_t\000"
 1082      70705F74 
 1082      00
 1083              	.LASF15:
 1084 0043 5F646566 		.ascii	"_default_exit\000"
 1084      61756C74 
 1084      5F657869 
 1084      7400
 1085              	.LASF1:
 1086 0051 756E7369 		.ascii	"unsigned char\000"
 1086      676E6564 
 1086      20636861 
 1086      7200
 1087              	.LASF14:
 1088 005f 5F5F6C61 		.ascii	"__late_init\000"
 1088      74655F69 
 1088      6E697400 
 1089              	.LASF7:
 1090 006b 6C6F6E67 		.ascii	"long unsigned int\000"
 1090      20756E73 
 1090      69676E65 
 1090      6420696E 
 1090      7400
 1091              	.LASF31:
 1092 007d 52657365 		.ascii	"ResetHandler\000"
 1092      7448616E 
 1092      646C6572 
 1092      00
 1093              	.LASF3:
 1094 008a 73686F72 		.ascii	"short unsigned int\000"
 1094      7420756E 
 1094      7369676E 
 1094      65642069 
 1094      6E7400
 1095              	.LASF27:
ARM GAS  C:\Users\srich\AppData\Local\Temp\cclv7IBk.s 			page 21


 1096 009d 5F5F6669 		.ascii	"__fini_array_start\000"
 1096      6E695F61 
 1096      72726179 
 1096      5F737461 
 1096      727400
 1097              	.LASF24:
 1098 00b0 5F627373 		.ascii	"_bss_end\000"
 1098      5F656E64 
 1098      00
 1099              	.LASF26:
 1100 00b9 5F5F696E 		.ascii	"__init_array_end\000"
 1100      69745F61 
 1100      72726179 
 1100      5F656E64 
 1100      00
 1101              	.LASF29:
 1102 00ca 474E5520 		.ascii	"GNU C 4.7.4 20140401 (release) [ARM/embedded-4_7-br"
 1102      4320342E 
 1102      372E3420 
 1102      32303134 
 1102      30343031 
 1103 00fd 616E6368 		.ascii	"anch revision 209195]\000"
 1103      20726576 
 1103      6973696F 
 1103      6E203230 
 1103      39313935 
 1104              	.LASF32:
 1105 0113 6D61696E 		.ascii	"main\000"
 1105      00
 1106              	.LASF10:
 1107 0118 756E7369 		.ascii	"unsigned int\000"
 1107      676E6564 
 1107      20696E74 
 1107      00
 1108              	.LASF9:
 1109 0125 6C6F6E67 		.ascii	"long long unsigned int\000"
 1109      206C6F6E 
 1109      6720756E 
 1109      7369676E 
 1109      65642069 
 1110              	.LASF5:
 1111 013c 75696E74 		.ascii	"uint8_t\000"
 1111      385F7400 
 1112              	.LASF30:
 1113 0144 633A5C43 		.ascii	"c:\\ChibiStudio\\chibios/os/ports/GCC/ARMCMx/crt0.c"
 1113      68696269 
 1113      53747564 
 1113      696F5C63 
 1113      68696269 
 1114 0175 00       		.ascii	"\000"
 1115              	.LASF20:
 1116 0176 5F746578 		.ascii	"_textdata\000"
 1116      74646174 
 1116      6100
 1117              	.LASF13:
 1118 0180 5F5F6561 		.ascii	"__early_init\000"
 1118      726C795F 
ARM GAS  C:\Users\srich\AppData\Local\Temp\cclv7IBk.s 			page 22


 1118      696E6974 
 1118      00
 1119              	.LASF8:
 1120 018d 6C6F6E67 		.ascii	"long long int\000"
 1120      206C6F6E 
 1120      6720696E 
 1120      7400
 1121              	.LASF16:
 1122 019b 5F5F6D61 		.ascii	"__main_stack_base__\000"
 1122      696E5F73 
 1122      7461636B 
 1122      5F626173 
 1122      655F5F00 
 1123              	.LASF2:
 1124 01af 73686F72 		.ascii	"short int\000"
 1124      7420696E 
 1124      7400
 1125              	.LASF11:
 1126 01b9 66756E63 		.ascii	"funcp_t\000"
 1126      705F7400 
 1127              	.LASF6:
 1128 01c1 75696E74 		.ascii	"uint32_t\000"
 1128      33325F74 
 1128      00
 1129              	.LASF4:
 1130 01ca 6C6F6E67 		.ascii	"long int\000"
 1130      20696E74 
 1130      00
 1131              	.LASF21:
 1132 01d3 5F646174 		.ascii	"_data\000"
 1132      6100
 1133              	.LASF0:
 1134 01d9 7369676E 		.ascii	"signed char\000"
 1134      65642063 
 1134      68617200 
 1135              	.LASF19:
 1136 01e5 5F5F7072 		.ascii	"__process_stack_end__\000"
 1136      6F636573 
 1136      735F7374 
 1136      61636B5F 
 1136      656E645F 
 1137              	.LASF25:
 1138 01fb 5F5F696E 		.ascii	"__init_array_start\000"
 1138      69745F61 
 1138      72726179 
 1138      5F737461 
 1138      727400
 1139              	.LASF17:
 1140 020e 5F5F6D61 		.ascii	"__main_stack_end__\000"
 1140      696E5F73 
 1140      7461636B 
 1140      5F656E64 
 1140      5F5F00
 1141              		.ident	"GCC: (GNU Tools for ARM Embedded Processors) 4.7.4 20140401 (release) [ARM/embedded-4_7-br
ARM GAS  C:\Users\srich\AppData\Local\Temp\cclv7IBk.s 			page 23


DEFINED SYMBOLS
                            *ABS*:00000000 crt0.c
C:\Users\srich\AppData\Local\Temp\cclv7IBk.s:19     .text.__early_init:00000000 $t
C:\Users\srich\AppData\Local\Temp\cclv7IBk.s:25     .text.__early_init:00000000 __early_init
C:\Users\srich\AppData\Local\Temp\cclv7IBk.s:38     .text.__late_init:00000000 $t
C:\Users\srich\AppData\Local\Temp\cclv7IBk.s:44     .text.__late_init:00000000 __late_init
C:\Users\srich\AppData\Local\Temp\cclv7IBk.s:56     .text._default_exit:00000000 $t
C:\Users\srich\AppData\Local\Temp\cclv7IBk.s:62     .text._default_exit:00000000 _default_exit
C:\Users\srich\AppData\Local\Temp\cclv7IBk.s:75     .text.ResetHandler:00000000 $t
C:\Users\srich\AppData\Local\Temp\cclv7IBk.s:81     .text.ResetHandler:00000000 ResetHandler
C:\Users\srich\AppData\Local\Temp\cclv7IBk.s:402    .text.ResetHandler:00000194 $d
                     .debug_frame:00000010 $d
C:\Users\srich\AppData\Local\Temp\cclv7IBk.s:419    .text.ResetHandler:000001cc $t

UNDEFINED SYMBOLS
main
__process_stack_end__
__main_stack_base__
__main_stack_end__
__process_stack_base__
_data
_edata
_textdata
_bss_start
_bss_end
__init_array_start
__init_array_end
__fini_array_start
__fini_array_end
