ARM GAS  C:\Users\DNIEL~1\AppData\Local\Temp\ccqddW6D.s 			page 1


   1              		.syntax unified
   2              		.cpu cortex-m3
   3              		.fpu softvfp
   4              		.eabi_attribute 20, 1
   5              		.eabi_attribute 21, 1
   6              		.eabi_attribute 23, 3
   7              		.eabi_attribute 24, 1
   8              		.eabi_attribute 25, 1
   9              		.eabi_attribute 26, 1
  10              		.eabi_attribute 30, 2
  11              		.eabi_attribute 18, 4
  12              		.thumb
  13              		.file	"evtimer.c"
  14              		.section	.debug_abbrev,"",%progbits
  15              	.Ldebug_abbrev0:
  16              		.section	.debug_info,"",%progbits
  17              	.Ldebug_info0:
  18              		.section	.debug_line,"",%progbits
  19              	.Ldebug_line0:
  20 0000 CB010000 		.text
  20      02007401 
  20      00000201 
  20      FB0E0D00 
  20      01010101 
  21              	.Ltext0:
  22              		.cfi_sections	.debug_frame
  23              		.section	.text.tmrcb,"ax",%progbits
  24              		.align	2
  25              		.p2align 4,,15
  26              		.thumb
  27              		.thumb_func
  28              		.type	tmrcb, %function
  29              	tmrcb:
  30              	.LFB7:
  31              		.file 1 "../../../ChibiOS/os/various/evtimer.c"
  32              		.loc 1 32 0
  33              		.cfi_startproc
  34              		@ args = 0, pretend = 0, frame = 0
  35              		@ frame_needed = 0, uses_anonymous_args = 0
  36              	.LVL0:
  37 0000 10B5     		push	{r4, lr}
  38              	.LCFI0:
  39              		.cfi_def_cfa_offset 8
  40              	.LBB2:
  41              		.loc 1 35 0
  42 0002 2023     		movs	r3, #32
  43              	.LVL1:
  44              	.LBE2:
  45              		.loc 1 32 0
  46 0004 0446     		mov	r4, r0
  47              		.cfi_offset 14, -4
  48              		.cfi_offset 4, -8
  49              	.LVL2:
  50              	.LBB3:
  51              		.loc 1 35 0
  52              	@ 35 "../../../ChibiOS/os/various/evtimer.c" 1
  53 0006 83F31188 		msr     BASEPRI, r3
ARM GAS  C:\Users\DNIEL~1\AppData\Local\Temp\ccqddW6D.s 			page 2


  54              	@ 0 "" 2
  55              	.LVL3:
  56              		.thumb
  57              	.LBE3:
  58 000a FFF7FEFF 		bl	dbg_check_lock_from_isr
  59              	.LVL4:
  60              		.loc 1 36 0
  61 000e 04F11400 		add	r0, r4, #20
  62 0012 0021     		movs	r1, #0
  63 0014 FFF7FEFF 		bl	chEvtBroadcastFlagsI
  64              		.loc 1 37 0
  65 0018 2346     		mov	r3, r4
  66 001a 2046     		mov	r0, r4
  67 001c A169     		ldr	r1, [r4, #24]
  68 001e 044A     		ldr	r2, .L2
  69 0020 FFF7FEFF 		bl	chVTSetI
  70              		.loc 1 38 0
  71 0024 FFF7FEFF 		bl	dbg_check_unlock_from_isr
  72              	.LBB4:
  73 0028 0023     		movs	r3, #0
  74              	.LVL5:
  75              	@ 38 "../../../ChibiOS/os/various/evtimer.c" 1
  76 002a 83F31188 		msr     BASEPRI, r3
  77              	@ 0 "" 2
  78              	.LVL6:
  79              		.thumb
  80              	.LBE4:
  81              		.loc 1 39 0
  82 002e 10BD     		pop	{r4, pc}
  83              	.L3:
  84              		.align	2
  85              	.L2:
  86 0030 00000000 		.word	tmrcb
  87              		.cfi_endproc
  88              	.LFE7:
  89              		.size	tmrcb, .-tmrcb
  90 0034 AFF30080 		.section	.text.evtStart,"ax",%progbits
  90      AFF30080 
  90      AFF30080 
  91              		.align	2
  92              		.p2align 4,,15
  93              		.global	evtStart
  94              		.thumb
  95              		.thumb_func
  96              		.type	evtStart, %function
  97              	evtStart:
  98              	.LFB8:
  99              		.loc 1 47 0
 100              		.cfi_startproc
 101              		@ args = 0, pretend = 0, frame = 0
 102              		@ frame_needed = 0, uses_anonymous_args = 0
 103              	.LVL7:
 104 0000 10B5     		push	{r4, lr}
 105              	.LCFI1:
 106              		.cfi_def_cfa_offset 8
 107              	.LBB5:
 108              		.loc 1 49 0
ARM GAS  C:\Users\DNIEL~1\AppData\Local\Temp\ccqddW6D.s 			page 3


 109 0002 2023     		movs	r3, #32
 110              	.LVL8:
 111              	.LBE5:
 112              		.loc 1 47 0
 113 0004 0446     		mov	r4, r0
 114              		.cfi_offset 14, -4
 115              		.cfi_offset 4, -8
 116              	.LBB6:
 117              		.loc 1 49 0
 118              	@ 49 "../../../ChibiOS/os/various/evtimer.c" 1
 119 0006 83F31188 		msr     BASEPRI, r3
 120              	@ 0 "" 2
 121              	.LVL9:
 122              		.thumb
 123              	.LBE6:
 124 000a FFF7FEFF 		bl	dbg_check_lock
 125              	.LVL10:
 126              		.loc 1 51 0
 127 000e E368     		ldr	r3, [r4, #12]
 128 0010 2BB1     		cbz	r3, .L7
 129              		.loc 1 54 0
 130 0012 FFF7FEFF 		bl	dbg_check_unlock
 131              	.LBB7:
 132 0016 0023     		movs	r3, #0
 133              	.LVL11:
 134              	@ 54 "../../../ChibiOS/os/various/evtimer.c" 1
 135 0018 83F31188 		msr     BASEPRI, r3
 136              	@ 0 "" 2
 137              	.LVL12:
 138              		.thumb
 139              	.LBE7:
 140              		.loc 1 55 0
 141 001c 10BD     		pop	{r4, pc}
 142              	.LVL13:
 143              	.L7:
 144              		.loc 1 52 0
 145 001e 2346     		mov	r3, r4
 146 0020 2046     		mov	r0, r4
 147 0022 A169     		ldr	r1, [r4, #24]
 148 0024 044A     		ldr	r2, .L8
 149 0026 FFF7FEFF 		bl	chVTSetI
 150              		.loc 1 54 0
 151 002a FFF7FEFF 		bl	dbg_check_unlock
 152              	.LBB8:
 153 002e 0023     		movs	r3, #0
 154              	@ 54 "../../../ChibiOS/os/various/evtimer.c" 1
 155 0030 83F31188 		msr     BASEPRI, r3
 156              	@ 0 "" 2
 157              	.LVL14:
 158              		.thumb
 159              	.LBE8:
 160              		.loc 1 55 0
 161 0034 10BD     		pop	{r4, pc}
 162              	.L9:
 163 0036 00BF     		.align	2
 164              	.L8:
 165 0038 00000000 		.word	tmrcb
ARM GAS  C:\Users\DNIEL~1\AppData\Local\Temp\ccqddW6D.s 			page 4


 166              		.cfi_endproc
 167              	.LFE8:
 168              		.size	evtStart, .-evtStart
 169 003c AFF30080 		.section	.text.evtStop,"ax",%progbits
 170              		.align	2
 171              		.p2align 4,,15
 172              		.global	evtStop
 173              		.thumb
 174              		.thumb_func
 175              		.type	evtStop, %function
 176              	evtStop:
 177              	.LFB9:
 178              		.loc 1 63 0
 179              		.cfi_startproc
 180              		@ args = 0, pretend = 0, frame = 0
 181              		@ frame_needed = 0, uses_anonymous_args = 0
 182              	.LVL15:
 183 0000 10B5     		push	{r4, lr}
 184              	.LCFI2:
 185              		.cfi_def_cfa_offset 8
 186              	.LBB9:
 187              		.loc 1 65 0
 188 0002 2023     		movs	r3, #32
 189              	.LVL16:
 190              	.LBE9:
 191              		.loc 1 63 0
 192 0004 0446     		mov	r4, r0
 193              		.cfi_offset 14, -4
 194              		.cfi_offset 4, -8
 195              	.LBB10:
 196              		.loc 1 65 0
 197              	@ 65 "../../../ChibiOS/os/various/evtimer.c" 1
 198 0006 83F31188 		msr     BASEPRI, r3
 199              	@ 0 "" 2
 200              	.LVL17:
 201              		.thumb
 202              	.LBE10:
 203 000a FFF7FEFF 		bl	dbg_check_lock
 204              	.LVL18:
 205 000e E368     		ldr	r3, [r4, #12]
 206 0010 13B1     		cbz	r3, .L11
 207              		.loc 1 65 0 is_stmt 0 discriminator 1
 208 0012 2046     		mov	r0, r4
 209 0014 FFF7FEFF 		bl	chVTResetI
 210              	.L11:
 211              		.loc 1 65 0 discriminator 2
 212 0018 FFF7FEFF 		bl	dbg_check_unlock
 213              	.LBB11:
 214 001c 0023     		movs	r3, #0
 215              	.LVL19:
 216              	@ 65 "../../../ChibiOS/os/various/evtimer.c" 1
 217 001e 83F31188 		msr     BASEPRI, r3
 218              	@ 0 "" 2
 219              	.LVL20:
 220              		.thumb
 221              	.LBE11:
 222              		.loc 1 66 0 is_stmt 1 discriminator 2
ARM GAS  C:\Users\DNIEL~1\AppData\Local\Temp\ccqddW6D.s 			page 5


 223 0022 10BD     		pop	{r4, pc}
 224              		.cfi_endproc
 225              	.LFE9:
 226              		.size	evtStop, .-evtStop
 227 0024 AFF30080 		.text
 227      AFF30080 
 227      AFF30080 
 228              	.Letext0:
 229              		.section	.debug_loc,"",%progbits
 230              	.Ldebug_loc0:
 231              	.LLST0:
 232 0000 00000000 		.4byte	.LFB7
 233 0004 02000000 		.4byte	.LCFI0
 234 0008 0200     		.2byte	0x2
 235 000a 7D       		.byte	0x7d
 236 000b 00       		.sleb128 0
 237 000c 02000000 		.4byte	.LCFI0
 238 0010 34000000 		.4byte	.LFE7
 239 0014 0200     		.2byte	0x2
 240 0016 7D       		.byte	0x7d
 241 0017 08       		.sleb128 8
 242 0018 00000000 		.4byte	0x0
 243 001c 00000000 		.4byte	0x0
 244              	.LLST1:
 245 0020 00000000 		.4byte	.LVL0
 246 0024 0D000000 		.4byte	.LVL4-1
 247 0028 0100     		.2byte	0x1
 248 002a 50       		.byte	0x50
 249 002b 0D000000 		.4byte	.LVL4-1
 250 002f 34000000 		.4byte	.LFE7
 251 0033 0100     		.2byte	0x1
 252 0035 54       		.byte	0x54
 253 0036 00000000 		.4byte	0x0
 254 003a 00000000 		.4byte	0x0
 255              	.LLST2:
 256 003e 06000000 		.4byte	.LVL2
 257 0042 0D000000 		.4byte	.LVL4-1
 258 0046 0100     		.2byte	0x1
 259 0048 50       		.byte	0x50
 260 0049 0D000000 		.4byte	.LVL4-1
 261 004d 34000000 		.4byte	.LFE7
 262 0051 0100     		.2byte	0x1
 263 0053 54       		.byte	0x54
 264 0054 00000000 		.4byte	0x0
 265 0058 00000000 		.4byte	0x0
 266              	.LLST3:
 267 005c 0A000000 		.4byte	.LVL3
 268 0060 0D000000 		.4byte	.LVL4-1
 269 0064 0100     		.2byte	0x1
 270 0066 53       		.byte	0x53
 271 0067 00000000 		.4byte	0x0
 272 006b 00000000 		.4byte	0x0
 273              	.LLST4:
 274 006f 2E000000 		.4byte	.LVL6
 275 0073 34000000 		.4byte	.LFE7
 276 0077 0100     		.2byte	0x1
 277 0079 53       		.byte	0x53
ARM GAS  C:\Users\DNIEL~1\AppData\Local\Temp\ccqddW6D.s 			page 6


 278 007a 00000000 		.4byte	0x0
 279 007e 00000000 		.4byte	0x0
 280              	.LLST5:
 281 0082 00000000 		.4byte	.LFB8
 282 0086 02000000 		.4byte	.LCFI1
 283 008a 0200     		.2byte	0x2
 284 008c 7D       		.byte	0x7d
 285 008d 00       		.sleb128 0
 286 008e 02000000 		.4byte	.LCFI1
 287 0092 3C000000 		.4byte	.LFE8
 288 0096 0200     		.2byte	0x2
 289 0098 7D       		.byte	0x7d
 290 0099 08       		.sleb128 8
 291 009a 00000000 		.4byte	0x0
 292 009e 00000000 		.4byte	0x0
 293              	.LLST6:
 294 00a2 00000000 		.4byte	.LVL7
 295 00a6 0D000000 		.4byte	.LVL10-1
 296 00aa 0100     		.2byte	0x1
 297 00ac 50       		.byte	0x50
 298 00ad 0D000000 		.4byte	.LVL10-1
 299 00b1 3C000000 		.4byte	.LFE8
 300 00b5 0100     		.2byte	0x1
 301 00b7 54       		.byte	0x54
 302 00b8 00000000 		.4byte	0x0
 303 00bc 00000000 		.4byte	0x0
 304              	.LLST7:
 305 00c0 0A000000 		.4byte	.LVL9
 306 00c4 0D000000 		.4byte	.LVL10-1
 307 00c8 0100     		.2byte	0x1
 308 00ca 53       		.byte	0x53
 309 00cb 00000000 		.4byte	0x0
 310 00cf 00000000 		.4byte	0x0
 311              	.LLST8:
 312 00d3 1C000000 		.4byte	.LVL12
 313 00d7 1E000000 		.4byte	.LVL13
 314 00db 0100     		.2byte	0x1
 315 00dd 53       		.byte	0x53
 316 00de 34000000 		.4byte	.LVL14
 317 00e2 3C000000 		.4byte	.LFE8
 318 00e6 0100     		.2byte	0x1
 319 00e8 53       		.byte	0x53
 320 00e9 00000000 		.4byte	0x0
 321 00ed 00000000 		.4byte	0x0
 322              	.LLST9:
 323 00f1 00000000 		.4byte	.LFB9
 324 00f5 02000000 		.4byte	.LCFI2
 325 00f9 0200     		.2byte	0x2
 326 00fb 7D       		.byte	0x7d
 327 00fc 00       		.sleb128 0
 328 00fd 02000000 		.4byte	.LCFI2
 329 0101 24000000 		.4byte	.LFE9
 330 0105 0200     		.2byte	0x2
 331 0107 7D       		.byte	0x7d
 332 0108 08       		.sleb128 8
 333 0109 00000000 		.4byte	0x0
 334 010d 00000000 		.4byte	0x0
ARM GAS  C:\Users\DNIEL~1\AppData\Local\Temp\ccqddW6D.s 			page 7


 335              	.LLST10:
 336 0111 00000000 		.4byte	.LVL15
 337 0115 0D000000 		.4byte	.LVL18-1
 338 0119 0100     		.2byte	0x1
 339 011b 50       		.byte	0x50
 340 011c 0D000000 		.4byte	.LVL18-1
 341 0120 24000000 		.4byte	.LFE9
 342 0124 0100     		.2byte	0x1
 343 0126 54       		.byte	0x54
 344 0127 00000000 		.4byte	0x0
 345 012b 00000000 		.4byte	0x0
 346              	.LLST11:
 347 012f 0A000000 		.4byte	.LVL17
 348 0133 0D000000 		.4byte	.LVL18-1
 349 0137 0100     		.2byte	0x1
 350 0139 53       		.byte	0x53
 351 013a 00000000 		.4byte	0x0
 352 013e 00000000 		.4byte	0x0
 353              	.LLST12:
 354 0142 22000000 		.4byte	.LVL20
 355 0146 24000000 		.4byte	.LFE9
 356 014a 0100     		.2byte	0x1
 357 014c 53       		.byte	0x53
 358 014d 00000000 		.4byte	0x0
 359 0151 00000000 		.4byte	0x0
 360              		.file 2 "c:\\program files (x86)\\codesourcery\\sourcery g++ lite\\bin\\../lib/gcc/arm-none-eabi/4
 361              		.file 3 "../../../ChibiOS/os/ports/GCC/ARMCMx/chtypes.h"
 362              		.file 4 "../../../ChibiOS/os/kernel/include/chlists.h"
 363              		.file 5 "../../../ChibiOS/os/kernel/include/chthreads.h"
 364              		.file 6 "../../../ChibiOS/os/ports/GCC/ARMCMx/chcore_v7m.h"
 365              		.file 7 "../../../ChibiOS/os/kernel/include/chvt.h"
 366              		.file 8 "../../../ChibiOS/os/kernel/include/chmtx.h"
 367              		.file 9 "../../../ChibiOS/os/kernel/include/chevents.h"
 368              		.file 10 "../../../ChibiOS/os/various/evtimer.h"
 369              		.section	.debug_info
 370 0000 50060000 		.4byte	0x650
 371 0004 0200     		.2byte	0x2
 372 0006 00000000 		.4byte	.Ldebug_abbrev0
 373 000a 04       		.byte	0x4
 374 000b 01       		.uleb128 0x1
 375 000c 2A030000 		.4byte	.LASF76
 376 0010 01       		.byte	0x1
 377 0011 12000000 		.4byte	.LASF77
 378 0015 AA010000 		.4byte	.LASF78
 379 0019 00000000 		.4byte	0x0
 380 001d 00000000 		.4byte	0x0
 381 0021 60000000 		.4byte	.Ldebug_ranges0+0x60
 382 0025 00000000 		.4byte	.Ldebug_line0
 383 0029 02       		.uleb128 0x2
 384 002a 04       		.byte	0x4
 385 002b 05       		.byte	0x5
 386 002c 696E7400 		.ascii	"int\000"
 387 0030 03       		.uleb128 0x3
 388 0031 04       		.byte	0x4
 389 0032 07       		.byte	0x7
 390 0033 F6000000 		.4byte	.LASF0
 391 0037 03       		.uleb128 0x3
ARM GAS  C:\Users\DNIEL~1\AppData\Local\Temp\ccqddW6D.s 			page 8


 392 0038 01       		.byte	0x1
 393 0039 06       		.byte	0x6
 394 003a 86000000 		.4byte	.LASF1
 395 003e 04       		.uleb128 0x4
 396 003f 0D030000 		.4byte	.LASF5
 397 0043 02       		.byte	0x2
 398 0044 2A       		.byte	0x2a
 399 0045 49000000 		.4byte	0x49
 400 0049 03       		.uleb128 0x3
 401 004a 01       		.byte	0x1
 402 004b 08       		.byte	0x8
 403 004c 1B020000 		.4byte	.LASF2
 404 0050 03       		.uleb128 0x3
 405 0051 02       		.byte	0x2
 406 0052 05       		.byte	0x5
 407 0053 48020000 		.4byte	.LASF3
 408 0057 03       		.uleb128 0x3
 409 0058 02       		.byte	0x2
 410 0059 07       		.byte	0x7
 411 005a 25010000 		.4byte	.LASF4
 412 005e 04       		.uleb128 0x4
 413 005f 13020000 		.4byte	.LASF6
 414 0063 02       		.byte	0x2
 415 0064 4F       		.byte	0x4f
 416 0065 69000000 		.4byte	0x69
 417 0069 03       		.uleb128 0x3
 418 006a 04       		.byte	0x4
 419 006b 05       		.byte	0x5
 420 006c B4000000 		.4byte	.LASF7
 421 0070 04       		.uleb128 0x4
 422 0071 8C020000 		.4byte	.LASF8
 423 0075 02       		.byte	0x2
 424 0076 50       		.byte	0x50
 425 0077 7B000000 		.4byte	0x7b
 426 007b 03       		.uleb128 0x3
 427 007c 04       		.byte	0x4
 428 007d 07       		.byte	0x7
 429 007e 0B010000 		.4byte	.LASF9
 430 0082 03       		.uleb128 0x3
 431 0083 08       		.byte	0x8
 432 0084 05       		.byte	0x5
 433 0085 78000000 		.4byte	.LASF10
 434 0089 04       		.uleb128 0x4
 435 008a 3F000000 		.4byte	.LASF11
 436 008e 02       		.byte	0x2
 437 008f 78       		.byte	0x78
 438 0090 94000000 		.4byte	0x94
 439 0094 03       		.uleb128 0x3
 440 0095 08       		.byte	0x8
 441 0096 07       		.byte	0x7
 442 0097 48000000 		.4byte	.LASF12
 443 009b 04       		.uleb128 0x4
 444 009c 46010000 		.4byte	.LASF13
 445 00a0 03       		.byte	0x3
 446 00a1 28       		.byte	0x28
 447 00a2 3E000000 		.4byte	0x3e
 448 00a6 04       		.uleb128 0x4
ARM GAS  C:\Users\DNIEL~1\AppData\Local\Temp\ccqddW6D.s 			page 9


 449 00a7 BD000000 		.4byte	.LASF14
 450 00ab 03       		.byte	0x3
 451 00ac 29       		.byte	0x29
 452 00ad 3E000000 		.4byte	0x3e
 453 00b1 04       		.uleb128 0x4
 454 00b2 FC010000 		.4byte	.LASF15
 455 00b6 03       		.byte	0x3
 456 00b7 2A       		.byte	0x2a
 457 00b8 3E000000 		.4byte	0x3e
 458 00bc 04       		.uleb128 0x4
 459 00bd AA000000 		.4byte	.LASF16
 460 00c1 03       		.byte	0x3
 461 00c2 2B       		.byte	0x2b
 462 00c3 3E000000 		.4byte	0x3e
 463 00c7 04       		.uleb128 0x4
 464 00c8 0B020000 		.4byte	.LASF17
 465 00cc 03       		.byte	0x3
 466 00cd 2C       		.byte	0x2c
 467 00ce 70000000 		.4byte	0x70
 468 00d2 04       		.uleb128 0x4
 469 00d3 38010000 		.4byte	.LASF18
 470 00d7 03       		.byte	0x3
 471 00d8 2D       		.byte	0x2d
 472 00d9 5E000000 		.4byte	0x5e
 473 00dd 04       		.uleb128 0x4
 474 00de 5A010000 		.4byte	.LASF19
 475 00e2 03       		.byte	0x3
 476 00e3 2F       		.byte	0x2f
 477 00e4 70000000 		.4byte	0x70
 478 00e8 04       		.uleb128 0x4
 479 00e9 FA020000 		.4byte	.LASF20
 480 00ed 03       		.byte	0x3
 481 00ee 30       		.byte	0x30
 482 00ef 70000000 		.4byte	0x70
 483 00f3 04       		.uleb128 0x4
 484 00f4 B4020000 		.4byte	.LASF21
 485 00f8 03       		.byte	0x3
 486 00f9 31       		.byte	0x31
 487 00fa 70000000 		.4byte	0x70
 488 00fe 04       		.uleb128 0x4
 489 00ff 7A020000 		.4byte	.LASF22
 490 0103 04       		.byte	0x4
 491 0104 23       		.byte	0x23
 492 0105 09010000 		.4byte	0x109
 493 0109 05       		.uleb128 0x5
 494 010a 7A020000 		.4byte	.LASF22
 495 010e 4C       		.byte	0x4c
 496 010f 05       		.byte	0x5
 497 0110 57       		.byte	0x57
 498 0111 3C020000 		.4byte	0x23c
 499 0115 06       		.uleb128 0x6
 500 0116 6B020000 		.4byte	.LASF23
 501 011a 05       		.byte	0x5
 502 011b 58       		.byte	0x58
 503 011c 61020000 		.4byte	0x261
 504 0120 02       		.byte	0x2
 505 0121 23       		.byte	0x23
ARM GAS  C:\Users\DNIEL~1\AppData\Local\Temp\ccqddW6D.s 			page 10


 506 0122 00       		.uleb128 0x0
 507 0123 06       		.uleb128 0x6
 508 0124 04020000 		.4byte	.LASF24
 509 0128 05       		.byte	0x5
 510 0129 5A       		.byte	0x5a
 511 012a 61020000 		.4byte	0x261
 512 012e 02       		.byte	0x2
 513 012f 23       		.byte	0x23
 514 0130 04       		.uleb128 0x4
 515 0131 06       		.uleb128 0x6
 516 0132 71000000 		.4byte	.LASF25
 517 0136 05       		.byte	0x5
 518 0137 5C       		.byte	0x5c
 519 0138 C7000000 		.4byte	0xc7
 520 013c 02       		.byte	0x2
 521 013d 23       		.byte	0x23
 522 013e 08       		.uleb128 0x8
 523 013f 06       		.uleb128 0x6
 524 0140 53030000 		.4byte	.LASF26
 525 0144 05       		.byte	0x5
 526 0145 5D       		.byte	0x5d
 527 0146 3A030000 		.4byte	0x33a
 528 014a 02       		.byte	0x2
 529 014b 23       		.byte	0x23
 530 014c 0C       		.uleb128 0xc
 531 014d 06       		.uleb128 0x6
 532 014e C6000000 		.4byte	.LASF27
 533 0152 05       		.byte	0x5
 534 0153 5F       		.byte	0x5f
 535 0154 61020000 		.4byte	0x261
 536 0158 02       		.byte	0x2
 537 0159 23       		.byte	0x23
 538 015a 10       		.uleb128 0x10
 539 015b 06       		.uleb128 0x6
 540 015c 8D010000 		.4byte	.LASF28
 541 0160 05       		.byte	0x5
 542 0161 60       		.byte	0x60
 543 0162 61020000 		.4byte	0x261
 544 0166 02       		.byte	0x2
 545 0167 23       		.byte	0x23
 546 0168 14       		.uleb128 0x14
 547 0169 06       		.uleb128 0x6
 548 016a 36030000 		.4byte	.LASF29
 549 016e 05       		.byte	0x5
 550 016f 67       		.byte	0x67
 551 0170 DC040000 		.4byte	0x4dc
 552 0174 02       		.byte	0x2
 553 0175 23       		.byte	0x23
 554 0176 18       		.uleb128 0x18
 555 0177 06       		.uleb128 0x6
 556 0178 EB000000 		.4byte	.LASF30
 557 017c 05       		.byte	0x5
 558 017d 6D       		.byte	0x6d
 559 017e EE040000 		.4byte	0x4ee
 560 0182 02       		.byte	0x2
 561 0183 23       		.byte	0x23
 562 0184 1C       		.uleb128 0x1c
ARM GAS  C:\Users\DNIEL~1\AppData\Local\Temp\ccqddW6D.s 			page 11


 563 0185 06       		.uleb128 0x6
 564 0186 52020000 		.4byte	.LASF31
 565 018a 05       		.byte	0x5
 566 018b 72       		.byte	0x72
 567 018c A6000000 		.4byte	0xa6
 568 0190 02       		.byte	0x2
 569 0191 23       		.byte	0x23
 570 0192 20       		.uleb128 0x20
 571 0193 06       		.uleb128 0x6
 572 0194 72020000 		.4byte	.LASF32
 573 0198 05       		.byte	0x5
 574 0199 76       		.byte	0x76
 575 019a 9B000000 		.4byte	0x9b
 576 019e 02       		.byte	0x2
 577 019f 23       		.byte	0x23
 578 01a0 21       		.uleb128 0x21
 579 01a1 06       		.uleb128 0x6
 580 01a2 06030000 		.4byte	.LASF33
 581 01a6 05       		.byte	0x5
 582 01a7 7B       		.byte	0x7b
 583 01a8 B1000000 		.4byte	0xb1
 584 01ac 02       		.byte	0x2
 585 01ad 23       		.byte	0x23
 586 01ae 22       		.uleb128 0x22
 587 01af 06       		.uleb128 0x6
 588 01b0 5A020000 		.4byte	.LASF34
 589 01b4 05       		.byte	0x5
 590 01b5 81       		.byte	0x81
 591 01b6 BC000000 		.4byte	0xbc
 592 01ba 02       		.byte	0x2
 593 01bb 23       		.byte	0x23
 594 01bc 23       		.uleb128 0x23
 595 01bd 06       		.uleb128 0x6
 596 01be DA020000 		.4byte	.LASF35
 597 01c2 05       		.byte	0x5
 598 01c3 88       		.byte	0x88
 599 01c4 DE030000 		.4byte	0x3de
 600 01c8 02       		.byte	0x2
 601 01c9 23       		.byte	0x23
 602 01ca 24       		.uleb128 0x24
 603 01cb 07       		.uleb128 0x7
 604 01cc 705F7500 		.ascii	"p_u\000"
 605 01d0 05       		.byte	0x5
 606 01d1 AD       		.byte	0xad
 607 01d2 A7040000 		.4byte	0x4a7
 608 01d6 02       		.byte	0x2
 609 01d7 23       		.byte	0x23
 610 01d8 28       		.uleb128 0x28
 611 01d9 06       		.uleb128 0x6
 612 01da 59030000 		.4byte	.LASF36
 613 01de 05       		.byte	0x5
 614 01df B2       		.byte	0xb2
 615 01e0 89020000 		.4byte	0x289
 616 01e4 02       		.byte	0x2
 617 01e5 23       		.byte	0x23
 618 01e6 2C       		.uleb128 0x2c
 619 01e7 06       		.uleb128 0x6
ARM GAS  C:\Users\DNIEL~1\AppData\Local\Temp\ccqddW6D.s 			page 12


 620 01e8 E8020000 		.4byte	.LASF37
 621 01ec 05       		.byte	0x5
 622 01ed B8       		.byte	0xb8
 623 01ee 67020000 		.4byte	0x267
 624 01f2 02       		.byte	0x2
 625 01f3 23       		.byte	0x23
 626 01f4 30       		.uleb128 0x30
 627 01f5 06       		.uleb128 0x6
 628 01f6 0C000000 		.4byte	.LASF38
 629 01fa 05       		.byte	0x5
 630 01fb BC       		.byte	0xbc
 631 01fc D2000000 		.4byte	0xd2
 632 0200 02       		.byte	0x2
 633 0201 23       		.byte	0x23
 634 0202 38       		.uleb128 0x38
 635 0203 06       		.uleb128 0x6
 636 0204 81020000 		.4byte	.LASF39
 637 0208 05       		.byte	0x5
 638 0209 C2       		.byte	0xc2
 639 020a DD000000 		.4byte	0xdd
 640 020e 02       		.byte	0x2
 641 020f 23       		.byte	0x23
 642 0210 3C       		.uleb128 0x3c
 643 0211 06       		.uleb128 0x6
 644 0212 3E020000 		.4byte	.LASF40
 645 0216 05       		.byte	0x5
 646 0217 C9       		.byte	0xc9
 647 0218 F4040000 		.4byte	0x4f4
 648 021c 02       		.byte	0x2
 649 021d 23       		.byte	0x23
 650 021e 40       		.uleb128 0x40
 651 021f 06       		.uleb128 0x6
 652 0220 BE020000 		.4byte	.LASF41
 653 0224 05       		.byte	0x5
 654 0225 CD       		.byte	0xcd
 655 0226 C7000000 		.4byte	0xc7
 656 022a 02       		.byte	0x2
 657 022b 23       		.byte	0x23
 658 022c 44       		.uleb128 0x44
 659 022d 06       		.uleb128 0x6
 660 022e 9A000000 		.4byte	.LASF42
 661 0232 05       		.byte	0x5
 662 0233 D3       		.byte	0xd3
 663 0234 9F020000 		.4byte	0x29f
 664 0238 02       		.byte	0x2
 665 0239 23       		.byte	0x23
 666 023a 48       		.uleb128 0x48
 667 023b 00       		.byte	0x0
 668 023c 08       		.uleb128 0x8
 669 023d 08       		.byte	0x8
 670 023e 04       		.byte	0x4
 671 023f 5A       		.byte	0x5a
 672 0240 61020000 		.4byte	0x261
 673 0244 06       		.uleb128 0x6
 674 0245 6B020000 		.4byte	.LASF23
 675 0249 04       		.byte	0x4
 676 024a 5B       		.byte	0x5b
ARM GAS  C:\Users\DNIEL~1\AppData\Local\Temp\ccqddW6D.s 			page 13


 677 024b 61020000 		.4byte	0x261
 678 024f 02       		.byte	0x2
 679 0250 23       		.byte	0x23
 680 0251 00       		.uleb128 0x0
 681 0252 06       		.uleb128 0x6
 682 0253 04020000 		.4byte	.LASF24
 683 0257 04       		.byte	0x4
 684 0258 5D       		.byte	0x5d
 685 0259 61020000 		.4byte	0x261
 686 025d 02       		.byte	0x2
 687 025e 23       		.byte	0x23
 688 025f 04       		.uleb128 0x4
 689 0260 00       		.byte	0x0
 690 0261 09       		.uleb128 0x9
 691 0262 04       		.byte	0x4
 692 0263 FE000000 		.4byte	0xfe
 693 0267 04       		.uleb128 0x4
 694 0268 95010000 		.4byte	.LASF43
 695 026c 04       		.byte	0x4
 696 026d 5F       		.byte	0x5f
 697 026e 3C020000 		.4byte	0x23c
 698 0272 08       		.uleb128 0x8
 699 0273 04       		.byte	0x4
 700 0274 04       		.byte	0x4
 701 0275 64       		.byte	0x64
 702 0276 89020000 		.4byte	0x289
 703 027a 06       		.uleb128 0x6
 704 027b 6B020000 		.4byte	.LASF23
 705 027f 04       		.byte	0x4
 706 0280 66       		.byte	0x66
 707 0281 61020000 		.4byte	0x261
 708 0285 02       		.byte	0x2
 709 0286 23       		.byte	0x23
 710 0287 00       		.uleb128 0x0
 711 0288 00       		.byte	0x0
 712 0289 04       		.uleb128 0x4
 713 028a 4E010000 		.4byte	.LASF44
 714 028e 04       		.byte	0x4
 715 028f 69       		.byte	0x69
 716 0290 72020000 		.4byte	0x272
 717 0294 04       		.uleb128 0x4
 718 0295 CE000000 		.4byte	.LASF45
 719 0299 06       		.byte	0x6
 720 029a DE       		.byte	0xde
 721 029b 9F020000 		.4byte	0x29f
 722 029f 0A       		.uleb128 0xa
 723 02a0 04       		.byte	0x4
 724 02a1 04       		.uleb128 0x4
 725 02a2 6C010000 		.4byte	.LASF46
 726 02a6 06       		.byte	0x6
 727 02a7 E4       		.byte	0xe4
 728 02a8 89000000 		.4byte	0x89
 729 02ac 0B       		.uleb128 0xb
 730 02ad E1020000 		.4byte	.LASF47
 731 02b1 24       		.byte	0x24
 732 02b2 06       		.byte	0x6
 733 02b3 0501     		.2byte	0x105
ARM GAS  C:\Users\DNIEL~1\AppData\Local\Temp\ccqddW6D.s 			page 14


 734 02b5 3A030000 		.4byte	0x33a
 735 02b9 0C       		.uleb128 0xc
 736 02ba 723400   		.ascii	"r4\000"
 737 02bd 06       		.byte	0x6
 738 02be 1801     		.2byte	0x118
 739 02c0 94020000 		.4byte	0x294
 740 02c4 02       		.byte	0x2
 741 02c5 23       		.byte	0x23
 742 02c6 00       		.uleb128 0x0
 743 02c7 0C       		.uleb128 0xc
 744 02c8 723500   		.ascii	"r5\000"
 745 02cb 06       		.byte	0x6
 746 02cc 1901     		.2byte	0x119
 747 02ce 94020000 		.4byte	0x294
 748 02d2 02       		.byte	0x2
 749 02d3 23       		.byte	0x23
 750 02d4 04       		.uleb128 0x4
 751 02d5 0C       		.uleb128 0xc
 752 02d6 723600   		.ascii	"r6\000"
 753 02d9 06       		.byte	0x6
 754 02da 1A01     		.2byte	0x11a
 755 02dc 94020000 		.4byte	0x294
 756 02e0 02       		.byte	0x2
 757 02e1 23       		.byte	0x23
 758 02e2 08       		.uleb128 0x8
 759 02e3 0C       		.uleb128 0xc
 760 02e4 723700   		.ascii	"r7\000"
 761 02e7 06       		.byte	0x6
 762 02e8 1B01     		.2byte	0x11b
 763 02ea 94020000 		.4byte	0x294
 764 02ee 02       		.byte	0x2
 765 02ef 23       		.byte	0x23
 766 02f0 0C       		.uleb128 0xc
 767 02f1 0C       		.uleb128 0xc
 768 02f2 723800   		.ascii	"r8\000"
 769 02f5 06       		.byte	0x6
 770 02f6 1C01     		.2byte	0x11c
 771 02f8 94020000 		.4byte	0x294
 772 02fc 02       		.byte	0x2
 773 02fd 23       		.byte	0x23
 774 02fe 10       		.uleb128 0x10
 775 02ff 0C       		.uleb128 0xc
 776 0300 723900   		.ascii	"r9\000"
 777 0303 06       		.byte	0x6
 778 0304 1D01     		.2byte	0x11d
 779 0306 94020000 		.4byte	0x294
 780 030a 02       		.byte	0x2
 781 030b 23       		.byte	0x23
 782 030c 14       		.uleb128 0x14
 783 030d 0C       		.uleb128 0xc
 784 030e 72313000 		.ascii	"r10\000"
 785 0312 06       		.byte	0x6
 786 0313 1E01     		.2byte	0x11e
 787 0315 94020000 		.4byte	0x294
 788 0319 02       		.byte	0x2
 789 031a 23       		.byte	0x23
 790 031b 18       		.uleb128 0x18
ARM GAS  C:\Users\DNIEL~1\AppData\Local\Temp\ccqddW6D.s 			page 15


 791 031c 0C       		.uleb128 0xc
 792 031d 72313100 		.ascii	"r11\000"
 793 0321 06       		.byte	0x6
 794 0322 1F01     		.2byte	0x11f
 795 0324 94020000 		.4byte	0x294
 796 0328 02       		.byte	0x2
 797 0329 23       		.byte	0x23
 798 032a 1C       		.uleb128 0x1c
 799 032b 0C       		.uleb128 0xc
 800 032c 6C7200   		.ascii	"lr\000"
 801 032f 06       		.byte	0x6
 802 0330 2001     		.2byte	0x120
 803 0332 94020000 		.4byte	0x294
 804 0336 02       		.byte	0x2
 805 0337 23       		.byte	0x23
 806 0338 20       		.uleb128 0x20
 807 0339 00       		.byte	0x0
 808 033a 0B       		.uleb128 0xb
 809 033b 1D010000 		.4byte	.LASF48
 810 033f 04       		.byte	0x4
 811 0340 06       		.byte	0x6
 812 0341 2A01     		.2byte	0x12a
 813 0343 57030000 		.4byte	0x357
 814 0347 0C       		.uleb128 0xc
 815 0348 72313300 		.ascii	"r13\000"
 816 034c 06       		.byte	0x6
 817 034d 2B01     		.2byte	0x12b
 818 034f 57030000 		.4byte	0x357
 819 0353 02       		.byte	0x2
 820 0354 23       		.byte	0x23
 821 0355 00       		.uleb128 0x0
 822 0356 00       		.byte	0x0
 823 0357 09       		.uleb128 0x9
 824 0358 04       		.byte	0x4
 825 0359 AC020000 		.4byte	0x2ac
 826 035d 04       		.uleb128 0x4
 827 035e C9020000 		.4byte	.LASF49
 828 0362 07       		.byte	0x7
 829 0363 4E       		.byte	0x4e
 830 0364 68030000 		.4byte	0x368
 831 0368 09       		.uleb128 0x9
 832 0369 04       		.byte	0x4
 833 036a 6E030000 		.4byte	0x36e
 834 036e 0D       		.uleb128 0xd
 835 036f 01       		.byte	0x1
 836 0370 7A030000 		.4byte	0x37a
 837 0374 0E       		.uleb128 0xe
 838 0375 9F020000 		.4byte	0x29f
 839 0379 00       		.byte	0x0
 840 037a 04       		.uleb128 0x4
 841 037b 95020000 		.4byte	.LASF50
 842 037f 07       		.byte	0x7
 843 0380 53       		.byte	0x53
 844 0381 85030000 		.4byte	0x385
 845 0385 05       		.uleb128 0x5
 846 0386 95020000 		.4byte	.LASF50
 847 038a 14       		.byte	0x14
ARM GAS  C:\Users\DNIEL~1\AppData\Local\Temp\ccqddW6D.s 			page 16


 848 038b 07       		.byte	0x7
 849 038c 5A       		.byte	0x5a
 850 038d D8030000 		.4byte	0x3d8
 851 0391 06       		.uleb128 0x6
 852 0392 03010000 		.4byte	.LASF51
 853 0396 07       		.byte	0x7
 854 0397 5B       		.byte	0x5b
 855 0398 D8030000 		.4byte	0x3d8
 856 039c 02       		.byte	0x2
 857 039d 23       		.byte	0x23
 858 039e 00       		.uleb128 0x0
 859 039f 06       		.uleb128 0x6
 860 03a0 D7000000 		.4byte	.LASF52
 861 03a4 07       		.byte	0x7
 862 03a5 5D       		.byte	0x5d
 863 03a6 D8030000 		.4byte	0x3d8
 864 03aa 02       		.byte	0x2
 865 03ab 23       		.byte	0x23
 866 03ac 04       		.uleb128 0x4
 867 03ad 06       		.uleb128 0x6
 868 03ae 77010000 		.4byte	.LASF53
 869 03b2 07       		.byte	0x7
 870 03b3 5F       		.byte	0x5f
 871 03b4 F3000000 		.4byte	0xf3
 872 03b8 02       		.byte	0x2
 873 03b9 23       		.byte	0x23
 874 03ba 08       		.uleb128 0x8
 875 03bb 06       		.uleb128 0x6
 876 03bc 85010000 		.4byte	.LASF54
 877 03c0 07       		.byte	0x7
 878 03c1 60       		.byte	0x60
 879 03c2 5D030000 		.4byte	0x35d
 880 03c6 02       		.byte	0x2
 881 03c7 23       		.byte	0x23
 882 03c8 0C       		.uleb128 0xc
 883 03c9 06       		.uleb128 0x6
 884 03ca F3020000 		.4byte	.LASF55
 885 03ce 07       		.byte	0x7
 886 03cf 62       		.byte	0x62
 887 03d0 9F020000 		.4byte	0x29f
 888 03d4 02       		.byte	0x2
 889 03d5 23       		.byte	0x23
 890 03d6 10       		.uleb128 0x10
 891 03d7 00       		.byte	0x0
 892 03d8 09       		.uleb128 0x9
 893 03d9 04       		.byte	0x4
 894 03da 7A030000 		.4byte	0x37a
 895 03de 0F       		.uleb128 0xf
 896 03df F3000000 		.4byte	0xf3
 897 03e3 05       		.uleb128 0x5
 898 03e4 66010000 		.4byte	.LASF56
 899 03e8 10       		.byte	0x10
 900 03e9 08       		.byte	0x8
 901 03ea 25       		.byte	0x25
 902 03eb 1A040000 		.4byte	0x41a
 903 03ef 06       		.uleb128 0x6
 904 03f0 A2000000 		.4byte	.LASF57
ARM GAS  C:\Users\DNIEL~1\AppData\Local\Temp\ccqddW6D.s 			page 17


 905 03f4 08       		.byte	0x8
 906 03f5 26       		.byte	0x26
 907 03f6 67020000 		.4byte	0x267
 908 03fa 02       		.byte	0x2
 909 03fb 23       		.byte	0x23
 910 03fc 00       		.uleb128 0x0
 911 03fd 06       		.uleb128 0x6
 912 03fe 4B030000 		.4byte	.LASF58
 913 0402 08       		.byte	0x8
 914 0403 28       		.byte	0x28
 915 0404 61020000 		.4byte	0x261
 916 0408 02       		.byte	0x2
 917 0409 23       		.byte	0x23
 918 040a 08       		.uleb128 0x8
 919 040b 06       		.uleb128 0x6
 920 040c AD020000 		.4byte	.LASF59
 921 0410 08       		.byte	0x8
 922 0411 2A       		.byte	0x2a
 923 0412 1A040000 		.4byte	0x41a
 924 0416 02       		.byte	0x2
 925 0417 23       		.byte	0x23
 926 0418 0C       		.uleb128 0xc
 927 0419 00       		.byte	0x0
 928 041a 09       		.uleb128 0x9
 929 041b 04       		.byte	0x4
 930 041c E3030000 		.4byte	0x3e3
 931 0420 04       		.uleb128 0x4
 932 0421 66010000 		.4byte	.LASF56
 933 0425 08       		.byte	0x8
 934 0426 2C       		.byte	0x2c
 935 0427 E3030000 		.4byte	0x3e3
 936 042b 04       		.uleb128 0x4
 937 042c 15030000 		.4byte	.LASF60
 938 0430 09       		.byte	0x9
 939 0431 25       		.byte	0x25
 940 0432 36040000 		.4byte	0x436
 941 0436 05       		.uleb128 0x5
 942 0437 15030000 		.4byte	.LASF60
 943 043b 10       		.byte	0x10
 944 043c 09       		.byte	0x9
 945 043d 2A       		.byte	0x2a
 946 043e 7B040000 		.4byte	0x47b
 947 0442 06       		.uleb128 0x6
 948 0443 3E010000 		.4byte	.LASF61
 949 0447 09       		.byte	0x9
 950 0448 2B       		.byte	0x2b
 951 0449 7B040000 		.4byte	0x47b
 952 044d 02       		.byte	0x2
 953 044e 23       		.byte	0x23
 954 044f 00       		.uleb128 0x0
 955 0450 06       		.uleb128 0x6
 956 0451 29020000 		.4byte	.LASF62
 957 0455 09       		.byte	0x9
 958 0456 2E       		.byte	0x2e
 959 0457 61020000 		.4byte	0x261
 960 045b 02       		.byte	0x2
 961 045c 23       		.byte	0x23
ARM GAS  C:\Users\DNIEL~1\AppData\Local\Temp\ccqddW6D.s 			page 18


 962 045d 04       		.uleb128 0x4
 963 045e 06       		.uleb128 0x6
 964 045f A2010000 		.4byte	.LASF63
 965 0463 09       		.byte	0x9
 966 0464 30       		.byte	0x30
 967 0465 DD000000 		.4byte	0xdd
 968 0469 02       		.byte	0x2
 969 046a 23       		.byte	0x23
 970 046b 08       		.uleb128 0x8
 971 046c 06       		.uleb128 0x6
 972 046d 35020000 		.4byte	.LASF64
 973 0471 09       		.byte	0x9
 974 0472 33       		.byte	0x33
 975 0473 E8000000 		.4byte	0xe8
 976 0477 02       		.byte	0x2
 977 0478 23       		.byte	0x23
 978 0479 0C       		.uleb128 0xc
 979 047a 00       		.byte	0x0
 980 047b 09       		.uleb128 0x9
 981 047c 04       		.byte	0x4
 982 047d 2B040000 		.4byte	0x42b
 983 0481 05       		.uleb128 0x5
 984 0482 DF000000 		.4byte	.LASF65
 985 0486 04       		.byte	0x4
 986 0487 09       		.byte	0x9
 987 0488 3A       		.byte	0x3a
 988 0489 9C040000 		.4byte	0x49c
 989 048d 06       		.uleb128 0x6
 990 048e 3D030000 		.4byte	.LASF66
 991 0492 09       		.byte	0x9
 992 0493 3B       		.byte	0x3b
 993 0494 7B040000 		.4byte	0x47b
 994 0498 02       		.byte	0x2
 995 0499 23       		.byte	0x23
 996 049a 00       		.uleb128 0x0
 997 049b 00       		.byte	0x0
 998 049c 04       		.uleb128 0x4
 999 049d DF000000 		.4byte	.LASF65
 1000 04a1 09       		.byte	0x9
 1001 04a2 3E       		.byte	0x3e
 1002 04a3 81040000 		.4byte	0x481
 1003 04a7 10       		.uleb128 0x10
 1004 04a8 04       		.byte	0x4
 1005 04a9 05       		.byte	0x5
 1006 04aa 8F       		.byte	0x8f
 1007 04ab DC040000 		.4byte	0x4dc
 1008 04af 11       		.uleb128 0x11
 1009 04b0 38000000 		.4byte	.LASF67
 1010 04b4 05       		.byte	0x5
 1011 04b5 96       		.byte	0x96
 1012 04b6 D2000000 		.4byte	0xd2
 1013 04ba 11       		.uleb128 0x11
 1014 04bb 5F000000 		.4byte	.LASF68
 1015 04bf 05       		.byte	0x5
 1016 04c0 9D       		.byte	0x9d
 1017 04c1 D2000000 		.4byte	0xd2
 1018 04c5 11       		.uleb128 0x11
ARM GAS  C:\Users\DNIEL~1\AppData\Local\Temp\ccqddW6D.s 			page 19


 1019 04c6 23030000 		.4byte	.LASF69
 1020 04ca 05       		.byte	0x5
 1021 04cb A4       		.byte	0xa4
 1022 04cc 9F020000 		.4byte	0x29f
 1023 04d0 11       		.uleb128 0x11
 1024 04d1 64020000 		.4byte	.LASF70
 1025 04d5 05       		.byte	0x5
 1026 04d6 AB       		.byte	0xab
 1027 04d7 DD000000 		.4byte	0xdd
 1028 04db 00       		.byte	0x0
 1029 04dc 09       		.uleb128 0x9
 1030 04dd 04       		.byte	0x4
 1031 04de E2040000 		.4byte	0x4e2
 1032 04e2 12       		.uleb128 0x12
 1033 04e3 E7040000 		.4byte	0x4e7
 1034 04e7 03       		.uleb128 0x3
 1035 04e8 01       		.byte	0x1
 1036 04e9 08       		.byte	0x8
 1037 04ea A2020000 		.4byte	.LASF71
 1038 04ee 09       		.uleb128 0x9
 1039 04ef 04       		.byte	0x4
 1040 04f0 A1020000 		.4byte	0x2a1
 1041 04f4 09       		.uleb128 0x9
 1042 04f5 04       		.byte	0x4
 1043 04f6 20040000 		.4byte	0x420
 1044 04fa 08       		.uleb128 0x8
 1045 04fb 1C       		.byte	0x1c
 1046 04fc 0A       		.byte	0xa
 1047 04fd 2B       		.byte	0x2b
 1048 04fe 2D050000 		.4byte	0x52d
 1049 0502 06       		.uleb128 0x6
 1050 0503 45030000 		.4byte	.LASF72
 1051 0507 0A       		.byte	0xa
 1052 0508 2C       		.byte	0x2c
 1053 0509 7A030000 		.4byte	0x37a
 1054 050d 02       		.byte	0x2
 1055 050e 23       		.byte	0x23
 1056 050f 00       		.uleb128 0x0
 1057 0510 06       		.uleb128 0x6
 1058 0511 7F010000 		.4byte	.LASF73
 1059 0515 0A       		.byte	0xa
 1060 0516 2D       		.byte	0x2d
 1061 0517 9C040000 		.4byte	0x49c
 1062 051b 02       		.byte	0x2
 1063 051c 23       		.byte	0x23
 1064 051d 14       		.uleb128 0x14
 1065 051e 06       		.uleb128 0x6
 1066 051f 00000000 		.4byte	.LASF74
 1067 0523 0A       		.byte	0xa
 1068 0524 2E       		.byte	0x2e
 1069 0525 F3000000 		.4byte	0xf3
 1070 0529 02       		.byte	0x2
 1071 052a 23       		.byte	0x23
 1072 052b 18       		.uleb128 0x18
 1073 052c 00       		.byte	0x0
 1074 052d 04       		.uleb128 0x4
 1075 052e 92000000 		.4byte	.LASF75
ARM GAS  C:\Users\DNIEL~1\AppData\Local\Temp\ccqddW6D.s 			page 20


 1076 0532 0A       		.byte	0xa
 1077 0533 2F       		.byte	0x2f
 1078 0534 FA040000 		.4byte	0x4fa
 1079 0538 13       		.uleb128 0x13
 1080 0539 A7020000 		.4byte	.LASF79
 1081 053d 01       		.byte	0x1
 1082 053e 20       		.byte	0x20
 1083 053f 01       		.byte	0x1
 1084 0540 00000000 		.4byte	.LFB7
 1085 0544 34000000 		.4byte	.LFE7
 1086 0548 00000000 		.4byte	.LLST0
 1087 054c 9F050000 		.4byte	0x59f
 1088 0550 14       		.uleb128 0x14
 1089 0551 7000     		.ascii	"p\000"
 1090 0553 01       		.byte	0x1
 1091 0554 20       		.byte	0x20
 1092 0555 9F020000 		.4byte	0x29f
 1093 0559 20000000 		.4byte	.LLST1
 1094 055d 15       		.uleb128 0x15
 1095 055e 65747000 		.ascii	"etp\000"
 1096 0562 01       		.byte	0x1
 1097 0563 21       		.byte	0x21
 1098 0564 9F050000 		.4byte	0x59f
 1099 0568 3E000000 		.4byte	.LLST2
 1100 056c 16       		.uleb128 0x16
 1101 056d 00000000 		.4byte	.Ldebug_ranges0+0x0
 1102 0571 85050000 		.4byte	0x585
 1103 0575 15       		.uleb128 0x15
 1104 0576 746D7000 		.ascii	"tmp\000"
 1105 057a 01       		.byte	0x1
 1106 057b 23       		.byte	0x23
 1107 057c 70000000 		.4byte	0x70
 1108 0580 5C000000 		.4byte	.LLST3
 1109 0584 00       		.byte	0x0
 1110 0585 17       		.uleb128 0x17
 1111 0586 28000000 		.4byte	.LBB4
 1112 058a 2E000000 		.4byte	.LBE4
 1113 058e 15       		.uleb128 0x15
 1114 058f 746D7000 		.ascii	"tmp\000"
 1115 0593 01       		.byte	0x1
 1116 0594 26       		.byte	0x26
 1117 0595 70000000 		.4byte	0x70
 1118 0599 6F000000 		.4byte	.LLST4
 1119 059d 00       		.byte	0x0
 1120 059e 00       		.byte	0x0
 1121 059f 09       		.uleb128 0x9
 1122 05a0 04       		.byte	0x4
 1123 05a1 2D050000 		.4byte	0x52d
 1124 05a5 18       		.uleb128 0x18
 1125 05a6 01       		.byte	0x1
 1126 05a7 68000000 		.4byte	.LASF80
 1127 05ab 01       		.byte	0x1
 1128 05ac 2F       		.byte	0x2f
 1129 05ad 01       		.byte	0x1
 1130 05ae 00000000 		.4byte	.LFB8
 1131 05b2 3C000000 		.4byte	.LFE8
 1132 05b6 82000000 		.4byte	.LLST5
ARM GAS  C:\Users\DNIEL~1\AppData\Local\Temp\ccqddW6D.s 			page 21


 1133 05ba FC050000 		.4byte	0x5fc
 1134 05be 14       		.uleb128 0x14
 1135 05bf 65747000 		.ascii	"etp\000"
 1136 05c3 01       		.byte	0x1
 1137 05c4 2F       		.byte	0x2f
 1138 05c5 9F050000 		.4byte	0x59f
 1139 05c9 A2000000 		.4byte	.LLST6
 1140 05cd 16       		.uleb128 0x16
 1141 05ce 18000000 		.4byte	.Ldebug_ranges0+0x18
 1142 05d2 E6050000 		.4byte	0x5e6
 1143 05d6 15       		.uleb128 0x15
 1144 05d7 746D7000 		.ascii	"tmp\000"
 1145 05db 01       		.byte	0x1
 1146 05dc 31       		.byte	0x31
 1147 05dd 70000000 		.4byte	0x70
 1148 05e1 C0000000 		.4byte	.LLST7
 1149 05e5 00       		.byte	0x0
 1150 05e6 19       		.uleb128 0x19
 1151 05e7 30000000 		.4byte	.Ldebug_ranges0+0x30
 1152 05eb 15       		.uleb128 0x15
 1153 05ec 746D7000 		.ascii	"tmp\000"
 1154 05f0 01       		.byte	0x1
 1155 05f1 36       		.byte	0x36
 1156 05f2 70000000 		.4byte	0x70
 1157 05f6 D3000000 		.4byte	.LLST8
 1158 05fa 00       		.byte	0x0
 1159 05fb 00       		.byte	0x0
 1160 05fc 1A       		.uleb128 0x1a
 1161 05fd 01       		.byte	0x1
 1162 05fe D2020000 		.4byte	.LASF81
 1163 0602 01       		.byte	0x1
 1164 0603 3F       		.byte	0x3f
 1165 0604 01       		.byte	0x1
 1166 0605 00000000 		.4byte	.LFB9
 1167 0609 24000000 		.4byte	.LFE9
 1168 060d F1000000 		.4byte	.LLST9
 1169 0611 14       		.uleb128 0x14
 1170 0612 65747000 		.ascii	"etp\000"
 1171 0616 01       		.byte	0x1
 1172 0617 3F       		.byte	0x3f
 1173 0618 9F050000 		.4byte	0x59f
 1174 061c 11010000 		.4byte	.LLST10
 1175 0620 16       		.uleb128 0x16
 1176 0621 48000000 		.4byte	.Ldebug_ranges0+0x48
 1177 0625 39060000 		.4byte	0x639
 1178 0629 15       		.uleb128 0x15
 1179 062a 746D7000 		.ascii	"tmp\000"
 1180 062e 01       		.byte	0x1
 1181 062f 41       		.byte	0x41
 1182 0630 70000000 		.4byte	0x70
 1183 0634 2F010000 		.4byte	.LLST11
 1184 0638 00       		.byte	0x0
 1185 0639 17       		.uleb128 0x17
 1186 063a 1C000000 		.4byte	.LBB11
 1187 063e 22000000 		.4byte	.LBE11
 1188 0642 15       		.uleb128 0x15
 1189 0643 746D7000 		.ascii	"tmp\000"
ARM GAS  C:\Users\DNIEL~1\AppData\Local\Temp\ccqddW6D.s 			page 22


 1190 0647 01       		.byte	0x1
 1191 0648 41       		.byte	0x41
 1192 0649 70000000 		.4byte	0x70
 1193 064d 42010000 		.4byte	.LLST12
 1194 0651 00       		.byte	0x0
 1195 0652 00       		.byte	0x0
 1196 0653 00       		.byte	0x0
 1197              		.section	.debug_abbrev
 1198 0000 01       		.uleb128 0x1
 1199 0001 11       		.uleb128 0x11
 1200 0002 01       		.byte	0x1
 1201 0003 25       		.uleb128 0x25
 1202 0004 0E       		.uleb128 0xe
 1203 0005 13       		.uleb128 0x13
 1204 0006 0B       		.uleb128 0xb
 1205 0007 03       		.uleb128 0x3
 1206 0008 0E       		.uleb128 0xe
 1207 0009 1B       		.uleb128 0x1b
 1208 000a 0E       		.uleb128 0xe
 1209 000b 11       		.uleb128 0x11
 1210 000c 01       		.uleb128 0x1
 1211 000d 52       		.uleb128 0x52
 1212 000e 01       		.uleb128 0x1
 1213 000f 55       		.uleb128 0x55
 1214 0010 06       		.uleb128 0x6
 1215 0011 10       		.uleb128 0x10
 1216 0012 06       		.uleb128 0x6
 1217 0013 00       		.byte	0x0
 1218 0014 00       		.byte	0x0
 1219 0015 02       		.uleb128 0x2
 1220 0016 24       		.uleb128 0x24
 1221 0017 00       		.byte	0x0
 1222 0018 0B       		.uleb128 0xb
 1223 0019 0B       		.uleb128 0xb
 1224 001a 3E       		.uleb128 0x3e
 1225 001b 0B       		.uleb128 0xb
 1226 001c 03       		.uleb128 0x3
 1227 001d 08       		.uleb128 0x8
 1228 001e 00       		.byte	0x0
 1229 001f 00       		.byte	0x0
 1230 0020 03       		.uleb128 0x3
 1231 0021 24       		.uleb128 0x24
 1232 0022 00       		.byte	0x0
 1233 0023 0B       		.uleb128 0xb
 1234 0024 0B       		.uleb128 0xb
 1235 0025 3E       		.uleb128 0x3e
 1236 0026 0B       		.uleb128 0xb
 1237 0027 03       		.uleb128 0x3
 1238 0028 0E       		.uleb128 0xe
 1239 0029 00       		.byte	0x0
 1240 002a 00       		.byte	0x0
 1241 002b 04       		.uleb128 0x4
 1242 002c 16       		.uleb128 0x16
 1243 002d 00       		.byte	0x0
 1244 002e 03       		.uleb128 0x3
 1245 002f 0E       		.uleb128 0xe
 1246 0030 3A       		.uleb128 0x3a
ARM GAS  C:\Users\DNIEL~1\AppData\Local\Temp\ccqddW6D.s 			page 23


 1247 0031 0B       		.uleb128 0xb
 1248 0032 3B       		.uleb128 0x3b
 1249 0033 0B       		.uleb128 0xb
 1250 0034 49       		.uleb128 0x49
 1251 0035 13       		.uleb128 0x13
 1252 0036 00       		.byte	0x0
 1253 0037 00       		.byte	0x0
 1254 0038 05       		.uleb128 0x5
 1255 0039 13       		.uleb128 0x13
 1256 003a 01       		.byte	0x1
 1257 003b 03       		.uleb128 0x3
 1258 003c 0E       		.uleb128 0xe
 1259 003d 0B       		.uleb128 0xb
 1260 003e 0B       		.uleb128 0xb
 1261 003f 3A       		.uleb128 0x3a
 1262 0040 0B       		.uleb128 0xb
 1263 0041 3B       		.uleb128 0x3b
 1264 0042 0B       		.uleb128 0xb
 1265 0043 01       		.uleb128 0x1
 1266 0044 13       		.uleb128 0x13
 1267 0045 00       		.byte	0x0
 1268 0046 00       		.byte	0x0
 1269 0047 06       		.uleb128 0x6
 1270 0048 0D       		.uleb128 0xd
 1271 0049 00       		.byte	0x0
 1272 004a 03       		.uleb128 0x3
 1273 004b 0E       		.uleb128 0xe
 1274 004c 3A       		.uleb128 0x3a
 1275 004d 0B       		.uleb128 0xb
 1276 004e 3B       		.uleb128 0x3b
 1277 004f 0B       		.uleb128 0xb
 1278 0050 49       		.uleb128 0x49
 1279 0051 13       		.uleb128 0x13
 1280 0052 38       		.uleb128 0x38
 1281 0053 0A       		.uleb128 0xa
 1282 0054 00       		.byte	0x0
 1283 0055 00       		.byte	0x0
 1284 0056 07       		.uleb128 0x7
 1285 0057 0D       		.uleb128 0xd
 1286 0058 00       		.byte	0x0
 1287 0059 03       		.uleb128 0x3
 1288 005a 08       		.uleb128 0x8
 1289 005b 3A       		.uleb128 0x3a
 1290 005c 0B       		.uleb128 0xb
 1291 005d 3B       		.uleb128 0x3b
 1292 005e 0B       		.uleb128 0xb
 1293 005f 49       		.uleb128 0x49
 1294 0060 13       		.uleb128 0x13
 1295 0061 38       		.uleb128 0x38
 1296 0062 0A       		.uleb128 0xa
 1297 0063 00       		.byte	0x0
 1298 0064 00       		.byte	0x0
 1299 0065 08       		.uleb128 0x8
 1300 0066 13       		.uleb128 0x13
 1301 0067 01       		.byte	0x1
 1302 0068 0B       		.uleb128 0xb
 1303 0069 0B       		.uleb128 0xb
ARM GAS  C:\Users\DNIEL~1\AppData\Local\Temp\ccqddW6D.s 			page 24


 1304 006a 3A       		.uleb128 0x3a
 1305 006b 0B       		.uleb128 0xb
 1306 006c 3B       		.uleb128 0x3b
 1307 006d 0B       		.uleb128 0xb
 1308 006e 01       		.uleb128 0x1
 1309 006f 13       		.uleb128 0x13
 1310 0070 00       		.byte	0x0
 1311 0071 00       		.byte	0x0
 1312 0072 09       		.uleb128 0x9
 1313 0073 0F       		.uleb128 0xf
 1314 0074 00       		.byte	0x0
 1315 0075 0B       		.uleb128 0xb
 1316 0076 0B       		.uleb128 0xb
 1317 0077 49       		.uleb128 0x49
 1318 0078 13       		.uleb128 0x13
 1319 0079 00       		.byte	0x0
 1320 007a 00       		.byte	0x0
 1321 007b 0A       		.uleb128 0xa
 1322 007c 0F       		.uleb128 0xf
 1323 007d 00       		.byte	0x0
 1324 007e 0B       		.uleb128 0xb
 1325 007f 0B       		.uleb128 0xb
 1326 0080 00       		.byte	0x0
 1327 0081 00       		.byte	0x0
 1328 0082 0B       		.uleb128 0xb
 1329 0083 13       		.uleb128 0x13
 1330 0084 01       		.byte	0x1
 1331 0085 03       		.uleb128 0x3
 1332 0086 0E       		.uleb128 0xe
 1333 0087 0B       		.uleb128 0xb
 1334 0088 0B       		.uleb128 0xb
 1335 0089 3A       		.uleb128 0x3a
 1336 008a 0B       		.uleb128 0xb
 1337 008b 3B       		.uleb128 0x3b
 1338 008c 05       		.uleb128 0x5
 1339 008d 01       		.uleb128 0x1
 1340 008e 13       		.uleb128 0x13
 1341 008f 00       		.byte	0x0
 1342 0090 00       		.byte	0x0
 1343 0091 0C       		.uleb128 0xc
 1344 0092 0D       		.uleb128 0xd
 1345 0093 00       		.byte	0x0
 1346 0094 03       		.uleb128 0x3
 1347 0095 08       		.uleb128 0x8
 1348 0096 3A       		.uleb128 0x3a
 1349 0097 0B       		.uleb128 0xb
 1350 0098 3B       		.uleb128 0x3b
 1351 0099 05       		.uleb128 0x5
 1352 009a 49       		.uleb128 0x49
 1353 009b 13       		.uleb128 0x13
 1354 009c 38       		.uleb128 0x38
 1355 009d 0A       		.uleb128 0xa
 1356 009e 00       		.byte	0x0
 1357 009f 00       		.byte	0x0
 1358 00a0 0D       		.uleb128 0xd
 1359 00a1 15       		.uleb128 0x15
 1360 00a2 01       		.byte	0x1
ARM GAS  C:\Users\DNIEL~1\AppData\Local\Temp\ccqddW6D.s 			page 25


 1361 00a3 27       		.uleb128 0x27
 1362 00a4 0C       		.uleb128 0xc
 1363 00a5 01       		.uleb128 0x1
 1364 00a6 13       		.uleb128 0x13
 1365 00a7 00       		.byte	0x0
 1366 00a8 00       		.byte	0x0
 1367 00a9 0E       		.uleb128 0xe
 1368 00aa 05       		.uleb128 0x5
 1369 00ab 00       		.byte	0x0
 1370 00ac 49       		.uleb128 0x49
 1371 00ad 13       		.uleb128 0x13
 1372 00ae 00       		.byte	0x0
 1373 00af 00       		.byte	0x0
 1374 00b0 0F       		.uleb128 0xf
 1375 00b1 35       		.uleb128 0x35
 1376 00b2 00       		.byte	0x0
 1377 00b3 49       		.uleb128 0x49
 1378 00b4 13       		.uleb128 0x13
 1379 00b5 00       		.byte	0x0
 1380 00b6 00       		.byte	0x0
 1381 00b7 10       		.uleb128 0x10
 1382 00b8 17       		.uleb128 0x17
 1383 00b9 01       		.byte	0x1
 1384 00ba 0B       		.uleb128 0xb
 1385 00bb 0B       		.uleb128 0xb
 1386 00bc 3A       		.uleb128 0x3a
 1387 00bd 0B       		.uleb128 0xb
 1388 00be 3B       		.uleb128 0x3b
 1389 00bf 0B       		.uleb128 0xb
 1390 00c0 01       		.uleb128 0x1
 1391 00c1 13       		.uleb128 0x13
 1392 00c2 00       		.byte	0x0
 1393 00c3 00       		.byte	0x0
 1394 00c4 11       		.uleb128 0x11
 1395 00c5 0D       		.uleb128 0xd
 1396 00c6 00       		.byte	0x0
 1397 00c7 03       		.uleb128 0x3
 1398 00c8 0E       		.uleb128 0xe
 1399 00c9 3A       		.uleb128 0x3a
 1400 00ca 0B       		.uleb128 0xb
 1401 00cb 3B       		.uleb128 0x3b
 1402 00cc 0B       		.uleb128 0xb
 1403 00cd 49       		.uleb128 0x49
 1404 00ce 13       		.uleb128 0x13
 1405 00cf 00       		.byte	0x0
 1406 00d0 00       		.byte	0x0
 1407 00d1 12       		.uleb128 0x12
 1408 00d2 26       		.uleb128 0x26
 1409 00d3 00       		.byte	0x0
 1410 00d4 49       		.uleb128 0x49
 1411 00d5 13       		.uleb128 0x13
 1412 00d6 00       		.byte	0x0
 1413 00d7 00       		.byte	0x0
 1414 00d8 13       		.uleb128 0x13
 1415 00d9 2E       		.uleb128 0x2e
 1416 00da 01       		.byte	0x1
 1417 00db 03       		.uleb128 0x3
ARM GAS  C:\Users\DNIEL~1\AppData\Local\Temp\ccqddW6D.s 			page 26


 1418 00dc 0E       		.uleb128 0xe
 1419 00dd 3A       		.uleb128 0x3a
 1420 00de 0B       		.uleb128 0xb
 1421 00df 3B       		.uleb128 0x3b
 1422 00e0 0B       		.uleb128 0xb
 1423 00e1 27       		.uleb128 0x27
 1424 00e2 0C       		.uleb128 0xc
 1425 00e3 11       		.uleb128 0x11
 1426 00e4 01       		.uleb128 0x1
 1427 00e5 12       		.uleb128 0x12
 1428 00e6 01       		.uleb128 0x1
 1429 00e7 40       		.uleb128 0x40
 1430 00e8 06       		.uleb128 0x6
 1431 00e9 01       		.uleb128 0x1
 1432 00ea 13       		.uleb128 0x13
 1433 00eb 00       		.byte	0x0
 1434 00ec 00       		.byte	0x0
 1435 00ed 14       		.uleb128 0x14
 1436 00ee 05       		.uleb128 0x5
 1437 00ef 00       		.byte	0x0
 1438 00f0 03       		.uleb128 0x3
 1439 00f1 08       		.uleb128 0x8
 1440 00f2 3A       		.uleb128 0x3a
 1441 00f3 0B       		.uleb128 0xb
 1442 00f4 3B       		.uleb128 0x3b
 1443 00f5 0B       		.uleb128 0xb
 1444 00f6 49       		.uleb128 0x49
 1445 00f7 13       		.uleb128 0x13
 1446 00f8 02       		.uleb128 0x2
 1447 00f9 06       		.uleb128 0x6
 1448 00fa 00       		.byte	0x0
 1449 00fb 00       		.byte	0x0
 1450 00fc 15       		.uleb128 0x15
 1451 00fd 34       		.uleb128 0x34
 1452 00fe 00       		.byte	0x0
 1453 00ff 03       		.uleb128 0x3
 1454 0100 08       		.uleb128 0x8
 1455 0101 3A       		.uleb128 0x3a
 1456 0102 0B       		.uleb128 0xb
 1457 0103 3B       		.uleb128 0x3b
 1458 0104 0B       		.uleb128 0xb
 1459 0105 49       		.uleb128 0x49
 1460 0106 13       		.uleb128 0x13
 1461 0107 02       		.uleb128 0x2
 1462 0108 06       		.uleb128 0x6
 1463 0109 00       		.byte	0x0
 1464 010a 00       		.byte	0x0
 1465 010b 16       		.uleb128 0x16
 1466 010c 0B       		.uleb128 0xb
 1467 010d 01       		.byte	0x1
 1468 010e 55       		.uleb128 0x55
 1469 010f 06       		.uleb128 0x6
 1470 0110 01       		.uleb128 0x1
 1471 0111 13       		.uleb128 0x13
 1472 0112 00       		.byte	0x0
 1473 0113 00       		.byte	0x0
 1474 0114 17       		.uleb128 0x17
ARM GAS  C:\Users\DNIEL~1\AppData\Local\Temp\ccqddW6D.s 			page 27


 1475 0115 0B       		.uleb128 0xb
 1476 0116 01       		.byte	0x1
 1477 0117 11       		.uleb128 0x11
 1478 0118 01       		.uleb128 0x1
 1479 0119 12       		.uleb128 0x12
 1480 011a 01       		.uleb128 0x1
 1481 011b 00       		.byte	0x0
 1482 011c 00       		.byte	0x0
 1483 011d 18       		.uleb128 0x18
 1484 011e 2E       		.uleb128 0x2e
 1485 011f 01       		.byte	0x1
 1486 0120 3F       		.uleb128 0x3f
 1487 0121 0C       		.uleb128 0xc
 1488 0122 03       		.uleb128 0x3
 1489 0123 0E       		.uleb128 0xe
 1490 0124 3A       		.uleb128 0x3a
 1491 0125 0B       		.uleb128 0xb
 1492 0126 3B       		.uleb128 0x3b
 1493 0127 0B       		.uleb128 0xb
 1494 0128 27       		.uleb128 0x27
 1495 0129 0C       		.uleb128 0xc
 1496 012a 11       		.uleb128 0x11
 1497 012b 01       		.uleb128 0x1
 1498 012c 12       		.uleb128 0x12
 1499 012d 01       		.uleb128 0x1
 1500 012e 40       		.uleb128 0x40
 1501 012f 06       		.uleb128 0x6
 1502 0130 01       		.uleb128 0x1
 1503 0131 13       		.uleb128 0x13
 1504 0132 00       		.byte	0x0
 1505 0133 00       		.byte	0x0
 1506 0134 19       		.uleb128 0x19
 1507 0135 0B       		.uleb128 0xb
 1508 0136 01       		.byte	0x1
 1509 0137 55       		.uleb128 0x55
 1510 0138 06       		.uleb128 0x6
 1511 0139 00       		.byte	0x0
 1512 013a 00       		.byte	0x0
 1513 013b 1A       		.uleb128 0x1a
 1514 013c 2E       		.uleb128 0x2e
 1515 013d 01       		.byte	0x1
 1516 013e 3F       		.uleb128 0x3f
 1517 013f 0C       		.uleb128 0xc
 1518 0140 03       		.uleb128 0x3
 1519 0141 0E       		.uleb128 0xe
 1520 0142 3A       		.uleb128 0x3a
 1521 0143 0B       		.uleb128 0xb
 1522 0144 3B       		.uleb128 0x3b
 1523 0145 0B       		.uleb128 0xb
 1524 0146 27       		.uleb128 0x27
 1525 0147 0C       		.uleb128 0xc
 1526 0148 11       		.uleb128 0x11
 1527 0149 01       		.uleb128 0x1
 1528 014a 12       		.uleb128 0x12
 1529 014b 01       		.uleb128 0x1
 1530 014c 40       		.uleb128 0x40
 1531 014d 06       		.uleb128 0x6
ARM GAS  C:\Users\DNIEL~1\AppData\Local\Temp\ccqddW6D.s 			page 28


 1532 014e 00       		.byte	0x0
 1533 014f 00       		.byte	0x0
 1534 0150 00       		.byte	0x0
 1535              		.section	.debug_pubnames,"",%progbits
 1536 0000 27000000 		.4byte	0x27
 1537 0004 0200     		.2byte	0x2
 1538 0006 00000000 		.4byte	.Ldebug_info0
 1539 000a 54060000 		.4byte	0x654
 1540 000e A5050000 		.4byte	0x5a5
 1541 0012 65767453 		.ascii	"evtStart\000"
 1541      74617274 
 1541      00
 1542 001b FC050000 		.4byte	0x5fc
 1543 001f 65767453 		.ascii	"evtStop\000"
 1543      746F7000 
 1544 0027 00000000 		.4byte	0x0
 1545              		.section	.debug_pubtypes,"",%progbits
 1546 0000 B4010000 		.4byte	0x1b4
 1547 0004 0200     		.2byte	0x2
 1548 0006 00000000 		.4byte	.Ldebug_info0
 1549 000a 54060000 		.4byte	0x654
 1550 000e 3E000000 		.4byte	0x3e
 1551 0012 75696E74 		.ascii	"uint8_t\000"
 1551      385F7400 
 1552 001a 5E000000 		.4byte	0x5e
 1553 001e 696E7433 		.ascii	"int32_t\000"
 1553      325F7400 
 1554 0026 70000000 		.4byte	0x70
 1555 002a 75696E74 		.ascii	"uint32_t\000"
 1555      33325F74 
 1555      00
 1556 0033 89000000 		.4byte	0x89
 1557 0037 75696E74 		.ascii	"uint64_t\000"
 1557      36345F74 
 1557      00
 1558 0040 9B000000 		.4byte	0x9b
 1559 0044 746D6F64 		.ascii	"tmode_t\000"
 1559      655F7400 
 1560 004c A6000000 		.4byte	0xa6
 1561 0050 74737461 		.ascii	"tstate_t\000"
 1561      74655F74 
 1561      00
 1562 0059 B1000000 		.4byte	0xb1
 1563 005d 74726566 		.ascii	"trefs_t\000"
 1563      735F7400 
 1564 0065 BC000000 		.4byte	0xbc
 1565 0069 74736C69 		.ascii	"tslices_t\000"
 1565      6365735F 
 1565      7400
 1566 0073 C7000000 		.4byte	0xc7
 1567 0077 74707269 		.ascii	"tprio_t\000"
 1567      6F5F7400 
 1568 007f D2000000 		.4byte	0xd2
 1569 0083 6D73675F 		.ascii	"msg_t\000"
 1569      7400
 1570 0089 DD000000 		.4byte	0xdd
 1571 008d 6576656E 		.ascii	"eventmask_t\000"
ARM GAS  C:\Users\DNIEL~1\AppData\Local\Temp\ccqddW6D.s 			page 29


 1571      746D6173 
 1571      6B5F7400 
 1572 0099 E8000000 		.4byte	0xe8
 1573 009d 666C6167 		.ascii	"flagsmask_t\000"
 1573      736D6173 
 1573      6B5F7400 
 1574 00a9 F3000000 		.4byte	0xf3
 1575 00ad 73797374 		.ascii	"systime_t\000"
 1575      696D655F 
 1575      7400
 1576 00b7 FE000000 		.4byte	0xfe
 1577 00bb 54687265 		.ascii	"Thread\000"
 1577      616400
 1578 00c2 67020000 		.4byte	0x267
 1579 00c6 54687265 		.ascii	"ThreadsQueue\000"
 1579      61647351 
 1579      75657565 
 1579      00
 1580 00d3 89020000 		.4byte	0x289
 1581 00d7 54687265 		.ascii	"ThreadsList\000"
 1581      6164734C 
 1581      69737400 
 1582 00e3 94020000 		.4byte	0x294
 1583 00e7 72656761 		.ascii	"regarm_t\000"
 1583      726D5F74 
 1583      00
 1584 00f0 A1020000 		.4byte	0x2a1
 1585 00f4 73746B61 		.ascii	"stkalign_t\000"
 1585      6C69676E 
 1585      5F7400
 1586 00ff AC020000 		.4byte	0x2ac
 1587 0103 696E7463 		.ascii	"intctx\000"
 1587      747800
 1588 010a 3A030000 		.4byte	0x33a
 1589 010e 636F6E74 		.ascii	"context\000"
 1589      65787400 
 1590 0116 5D030000 		.4byte	0x35d
 1591 011a 76746675 		.ascii	"vtfunc_t\000"
 1591      6E635F74 
 1591      00
 1592 0123 7A030000 		.4byte	0x37a
 1593 0127 56697274 		.ascii	"VirtualTimer\000"
 1593      75616C54 
 1593      696D6572 
 1593      00
 1594 0134 85030000 		.4byte	0x385
 1595 0138 56697274 		.ascii	"VirtualTimer\000"
 1595      75616C54 
 1595      696D6572 
 1595      00
 1596 0145 E3030000 		.4byte	0x3e3
 1597 0149 4D757465 		.ascii	"Mutex\000"
 1597      7800
 1598 014f 20040000 		.4byte	0x420
 1599 0153 4D757465 		.ascii	"Mutex\000"
 1599      7800
 1600 0159 2B040000 		.4byte	0x42b
ARM GAS  C:\Users\DNIEL~1\AppData\Local\Temp\ccqddW6D.s 			page 30


 1601 015d 4576656E 		.ascii	"EventListener\000"
 1601      744C6973 
 1601      74656E65 
 1601      7200
 1602 016b 36040000 		.4byte	0x436
 1603 016f 4576656E 		.ascii	"EventListener\000"
 1603      744C6973 
 1603      74656E65 
 1603      7200
 1604 017d 81040000 		.4byte	0x481
 1605 0181 4576656E 		.ascii	"EventSource\000"
 1605      74536F75 
 1605      72636500 
 1606 018d 9C040000 		.4byte	0x49c
 1607 0191 4576656E 		.ascii	"EventSource\000"
 1607      74536F75 
 1607      72636500 
 1608 019d 09010000 		.4byte	0x109
 1609 01a1 54687265 		.ascii	"Thread\000"
 1609      616400
 1610 01a8 2D050000 		.4byte	0x52d
 1611 01ac 45765469 		.ascii	"EvTimer\000"
 1611      6D657200 
 1612 01b4 00000000 		.4byte	0x0
 1613              		.section	.debug_aranges,"",%progbits
 1614 0000 2C000000 		.4byte	0x2c
 1615 0004 0200     		.2byte	0x2
 1616 0006 00000000 		.4byte	.Ldebug_info0
 1617 000a 04       		.byte	0x4
 1618 000b 00       		.byte	0x0
 1619 000c 0000     		.2byte	0x0
 1620 000e 0000     		.2byte	0x0
 1621 0010 00000000 		.4byte	.LFB7
 1622 0014 34000000 		.4byte	.LFE7-.LFB7
 1623 0018 00000000 		.4byte	.LFB8
 1624 001c 3C000000 		.4byte	.LFE8-.LFB8
 1625 0020 00000000 		.4byte	.LFB9
 1626 0024 24000000 		.4byte	.LFE9-.LFB9
 1627 0028 00000000 		.4byte	0x0
 1628 002c 00000000 		.4byte	0x0
 1629              		.section	.debug_ranges,"",%progbits
 1630              	.Ldebug_ranges0:
 1631 0000 02000000 		.4byte	.LBB2
 1632 0004 04000000 		.4byte	.LBE2
 1633 0008 06000000 		.4byte	.LBB3
 1634 000c 0A000000 		.4byte	.LBE3
 1635 0010 00000000 		.4byte	0x0
 1636 0014 00000000 		.4byte	0x0
 1637 0018 02000000 		.4byte	.LBB5
 1638 001c 04000000 		.4byte	.LBE5
 1639 0020 06000000 		.4byte	.LBB6
 1640 0024 0A000000 		.4byte	.LBE6
 1641 0028 00000000 		.4byte	0x0
 1642 002c 00000000 		.4byte	0x0
 1643 0030 16000000 		.4byte	.LBB7
 1644 0034 1C000000 		.4byte	.LBE7
 1645 0038 2E000000 		.4byte	.LBB8
ARM GAS  C:\Users\DNIEL~1\AppData\Local\Temp\ccqddW6D.s 			page 31


 1646 003c 34000000 		.4byte	.LBE8
 1647 0040 00000000 		.4byte	0x0
 1648 0044 00000000 		.4byte	0x0
 1649 0048 02000000 		.4byte	.LBB9
 1650 004c 04000000 		.4byte	.LBE9
 1651 0050 06000000 		.4byte	.LBB10
 1652 0054 0A000000 		.4byte	.LBE10
 1653 0058 00000000 		.4byte	0x0
 1654 005c 00000000 		.4byte	0x0
 1655 0060 00000000 		.4byte	.LFB7
 1656 0064 34000000 		.4byte	.LFE7
 1657 0068 00000000 		.4byte	.LFB8
 1658 006c 3C000000 		.4byte	.LFE8
 1659 0070 00000000 		.4byte	.LFB9
 1660 0074 24000000 		.4byte	.LFE9
 1661 0078 00000000 		.4byte	0x0
 1662 007c 00000000 		.4byte	0x0
 1663              		.section	.debug_str,"MS",%progbits,1
 1664              	.LASF74:
 1665 0000 65745F69 		.ascii	"et_interval\000"
 1665      6E746572 
 1665      76616C00 
 1666              	.LASF38:
 1667 000c 705F6D73 		.ascii	"p_msg\000"
 1667      6700
 1668              	.LASF77:
 1669 0012 2E2E2F2E 		.ascii	"../../../ChibiOS/os/various/evtimer.c\000"
 1669      2E2F2E2E 
 1669      2F436869 
 1669      62694F53 
 1669      2F6F732F 
 1670              	.LASF67:
 1671 0038 7264796D 		.ascii	"rdymsg\000"
 1671      736700
 1672              	.LASF11:
 1673 003f 75696E74 		.ascii	"uint64_t\000"
 1673      36345F74 
 1673      00
 1674              	.LASF12:
 1675 0048 6C6F6E67 		.ascii	"long long unsigned int\000"
 1675      206C6F6E 
 1675      6720756E 
 1675      7369676E 
 1675      65642069 
 1676              	.LASF68:
 1677 005f 65786974 		.ascii	"exitcode\000"
 1677      636F6465 
 1677      00
 1678              	.LASF80:
 1679 0068 65767453 		.ascii	"evtStart\000"
 1679      74617274 
 1679      00
 1680              	.LASF25:
 1681 0071 705F7072 		.ascii	"p_prio\000"
 1681      696F00
 1682              	.LASF10:
 1683 0078 6C6F6E67 		.ascii	"long long int\000"
ARM GAS  C:\Users\DNIEL~1\AppData\Local\Temp\ccqddW6D.s 			page 32


 1683      206C6F6E 
 1683      6720696E 
 1683      7400
 1684              	.LASF1:
 1685 0086 7369676E 		.ascii	"signed char\000"
 1685      65642063 
 1685      68617200 
 1686              	.LASF75:
 1687 0092 45765469 		.ascii	"EvTimer\000"
 1687      6D657200 
 1688              	.LASF42:
 1689 009a 705F6D70 		.ascii	"p_mpool\000"
 1689      6F6F6C00 
 1690              	.LASF57:
 1691 00a2 6D5F7175 		.ascii	"m_queue\000"
 1691      65756500 
 1692              	.LASF16:
 1693 00aa 74736C69 		.ascii	"tslices_t\000"
 1693      6365735F 
 1693      7400
 1694              	.LASF7:
 1695 00b4 6C6F6E67 		.ascii	"long int\000"
 1695      20696E74 
 1695      00
 1696              	.LASF14:
 1697 00bd 74737461 		.ascii	"tstate_t\000"
 1697      74655F74 
 1697      00
 1698              	.LASF27:
 1699 00c6 705F6E65 		.ascii	"p_newer\000"
 1699      77657200 
 1700              	.LASF45:
 1701 00ce 72656761 		.ascii	"regarm_t\000"
 1701      726D5F74 
 1701      00
 1702              	.LASF52:
 1703 00d7 76745F70 		.ascii	"vt_prev\000"
 1703      72657600 
 1704              	.LASF65:
 1705 00df 4576656E 		.ascii	"EventSource\000"
 1705      74536F75 
 1705      72636500 
 1706              	.LASF30:
 1707 00eb 705F7374 		.ascii	"p_stklimit\000"
 1707      6B6C696D 
 1707      697400
 1708              	.LASF0:
 1709 00f6 756E7369 		.ascii	"unsigned int\000"
 1709      676E6564 
 1709      20696E74 
 1709      00
 1710              	.LASF51:
 1711 0103 76745F6E 		.ascii	"vt_next\000"
 1711      65787400 
 1712              	.LASF9:
 1713 010b 6C6F6E67 		.ascii	"long unsigned int\000"
 1713      20756E73 
ARM GAS  C:\Users\DNIEL~1\AppData\Local\Temp\ccqddW6D.s 			page 33


 1713      69676E65 
 1713      6420696E 
 1713      7400
 1714              	.LASF48:
 1715 011d 636F6E74 		.ascii	"context\000"
 1715      65787400 
 1716              	.LASF4:
 1717 0125 73686F72 		.ascii	"short unsigned int\000"
 1717      7420756E 
 1717      7369676E 
 1717      65642069 
 1717      6E7400
 1718              	.LASF18:
 1719 0138 6D73675F 		.ascii	"msg_t\000"
 1719      7400
 1720              	.LASF61:
 1721 013e 656C5F6E 		.ascii	"el_next\000"
 1721      65787400 
 1722              	.LASF13:
 1723 0146 746D6F64 		.ascii	"tmode_t\000"
 1723      655F7400 
 1724              	.LASF44:
 1725 014e 54687265 		.ascii	"ThreadsList\000"
 1725      6164734C 
 1725      69737400 
 1726              	.LASF19:
 1727 015a 6576656E 		.ascii	"eventmask_t\000"
 1727      746D6173 
 1727      6B5F7400 
 1728              	.LASF56:
 1729 0166 4D757465 		.ascii	"Mutex\000"
 1729      7800
 1730              	.LASF46:
 1731 016c 73746B61 		.ascii	"stkalign_t\000"
 1731      6C69676E 
 1731      5F7400
 1732              	.LASF53:
 1733 0177 76745F74 		.ascii	"vt_time\000"
 1733      696D6500 
 1734              	.LASF73:
 1735 017f 65745F65 		.ascii	"et_es\000"
 1735      7300
 1736              	.LASF54:
 1737 0185 76745F66 		.ascii	"vt_func\000"
 1737      756E6300 
 1738              	.LASF28:
 1739 018d 705F6F6C 		.ascii	"p_older\000"
 1739      64657200 
 1740              	.LASF43:
 1741 0195 54687265 		.ascii	"ThreadsQueue\000"
 1741      61647351 
 1741      75657565 
 1741      00
 1742              	.LASF63:
 1743 01a2 656C5F6D 		.ascii	"el_mask\000"
 1743      61736B00 
 1744              	.LASF78:
ARM GAS  C:\Users\DNIEL~1\AppData\Local\Temp\ccqddW6D.s 			page 34


 1745 01aa 433A5C55 		.ascii	"C:\\Users\\D\341niel\\Dropbox\\Solar Racing\\Szoftv"
 1745      73657273 
 1745      5C44E16E 
 1745      69656C5C 
 1745      44726F70 
 1746 01d5 65725C4D 		.ascii	"er\\Modulux\\Modulux_v0\\modulux\\firmware\000"
 1746      6F64756C 
 1746      75785C4D 
 1746      6F64756C 
 1746      75785F76 
 1747              	.LASF15:
 1748 01fc 74726566 		.ascii	"trefs_t\000"
 1748      735F7400 
 1749              	.LASF24:
 1750 0204 705F7072 		.ascii	"p_prev\000"
 1750      657600
 1751              	.LASF17:
 1752 020b 74707269 		.ascii	"tprio_t\000"
 1752      6F5F7400 
 1753              	.LASF6:
 1754 0213 696E7433 		.ascii	"int32_t\000"
 1754      325F7400 
 1755              	.LASF2:
 1756 021b 756E7369 		.ascii	"unsigned char\000"
 1756      676E6564 
 1756      20636861 
 1756      7200
 1757              	.LASF62:
 1758 0229 656C5F6C 		.ascii	"el_listener\000"
 1758      69737465 
 1758      6E657200 
 1759              	.LASF64:
 1760 0235 656C5F66 		.ascii	"el_flags\000"
 1760      6C616773 
 1760      00
 1761              	.LASF40:
 1762 023e 705F6D74 		.ascii	"p_mtxlist\000"
 1762      786C6973 
 1762      7400
 1763              	.LASF3:
 1764 0248 73686F72 		.ascii	"short int\000"
 1764      7420696E 
 1764      7400
 1765              	.LASF31:
 1766 0252 705F7374 		.ascii	"p_state\000"
 1766      61746500 
 1767              	.LASF34:
 1768 025a 705F7072 		.ascii	"p_preempt\000"
 1768      65656D70 
 1768      7400
 1769              	.LASF70:
 1770 0264 65776D61 		.ascii	"ewmask\000"
 1770      736B00
 1771              	.LASF23:
 1772 026b 705F6E65 		.ascii	"p_next\000"
 1772      787400
 1773              	.LASF32:
ARM GAS  C:\Users\DNIEL~1\AppData\Local\Temp\ccqddW6D.s 			page 35


 1774 0272 705F666C 		.ascii	"p_flags\000"
 1774      61677300 
 1775              	.LASF22:
 1776 027a 54687265 		.ascii	"Thread\000"
 1776      616400
 1777              	.LASF39:
 1778 0281 705F6570 		.ascii	"p_epending\000"
 1778      656E6469 
 1778      6E6700
 1779              	.LASF8:
 1780 028c 75696E74 		.ascii	"uint32_t\000"
 1780      33325F74 
 1780      00
 1781              	.LASF50:
 1782 0295 56697274 		.ascii	"VirtualTimer\000"
 1782      75616C54 
 1782      696D6572 
 1782      00
 1783              	.LASF71:
 1784 02a2 63686172 		.ascii	"char\000"
 1784      00
 1785              	.LASF79:
 1786 02a7 746D7263 		.ascii	"tmrcb\000"
 1786      6200
 1787              	.LASF59:
 1788 02ad 6D5F6E65 		.ascii	"m_next\000"
 1788      787400
 1789              	.LASF21:
 1790 02b4 73797374 		.ascii	"systime_t\000"
 1790      696D655F 
 1790      7400
 1791              	.LASF41:
 1792 02be 705F7265 		.ascii	"p_realprio\000"
 1792      616C7072 
 1792      696F00
 1793              	.LASF49:
 1794 02c9 76746675 		.ascii	"vtfunc_t\000"
 1794      6E635F74 
 1794      00
 1795              	.LASF81:
 1796 02d2 65767453 		.ascii	"evtStop\000"
 1796      746F7000 
 1797              	.LASF35:
 1798 02da 705F7469 		.ascii	"p_time\000"
 1798      6D6500
 1799              	.LASF47:
 1800 02e1 696E7463 		.ascii	"intctx\000"
 1800      747800
 1801              	.LASF37:
 1802 02e8 705F6D73 		.ascii	"p_msgqueue\000"
 1802      67717565 
 1802      756500
 1803              	.LASF55:
 1804 02f3 76745F70 		.ascii	"vt_par\000"
 1804      617200
 1805              	.LASF20:
 1806 02fa 666C6167 		.ascii	"flagsmask_t\000"
ARM GAS  C:\Users\DNIEL~1\AppData\Local\Temp\ccqddW6D.s 			page 36


 1806      736D6173 
 1806      6B5F7400 
 1807              	.LASF33:
 1808 0306 705F7265 		.ascii	"p_refs\000"
 1808      667300
 1809              	.LASF5:
 1810 030d 75696E74 		.ascii	"uint8_t\000"
 1810      385F7400 
 1811              	.LASF60:
 1812 0315 4576656E 		.ascii	"EventListener\000"
 1812      744C6973 
 1812      74656E65 
 1812      7200
 1813              	.LASF69:
 1814 0323 77746F62 		.ascii	"wtobjp\000"
 1814      6A7000
 1815              	.LASF76:
 1816 032a 474E5520 		.ascii	"GNU C 4.5.2\000"
 1816      4320342E 
 1816      352E3200 
 1817              	.LASF29:
 1818 0336 705F6E61 		.ascii	"p_name\000"
 1818      6D6500
 1819              	.LASF66:
 1820 033d 65735F6E 		.ascii	"es_next\000"
 1820      65787400 
 1821              	.LASF72:
 1822 0345 65745F76 		.ascii	"et_vt\000"
 1822      7400
 1823              	.LASF58:
 1824 034b 6D5F6F77 		.ascii	"m_owner\000"
 1824      6E657200 
 1825              	.LASF26:
 1826 0353 705F6374 		.ascii	"p_ctx\000"
 1826      7800
 1827              	.LASF36:
 1828 0359 705F7761 		.ascii	"p_waiting\000"
 1828      6974696E 
 1828      6700
 1829              		.ident	"GCC: (Sourcery G++ Lite 2011.03-42) 4.5.2"
ARM GAS  C:\Users\DNIEL~1\AppData\Local\Temp\ccqddW6D.s 			page 37


DEFINED SYMBOLS
                            *ABS*:00000000 evtimer.c
C:\Users\DNIEL~1\AppData\Local\Temp\ccqddW6D.s:24     .text.tmrcb:00000000 $t
C:\Users\DNIEL~1\AppData\Local\Temp\ccqddW6D.s:29     .text.tmrcb:00000000 tmrcb
C:\Users\DNIEL~1\AppData\Local\Temp\ccqddW6D.s:86     .text.tmrcb:00000030 $d
C:\Users\DNIEL~1\AppData\Local\Temp\ccqddW6D.s:91     .text.evtStart:00000000 $t
C:\Users\DNIEL~1\AppData\Local\Temp\ccqddW6D.s:97     .text.evtStart:00000000 evtStart
C:\Users\DNIEL~1\AppData\Local\Temp\ccqddW6D.s:165    .text.evtStart:00000038 $d
C:\Users\DNIEL~1\AppData\Local\Temp\ccqddW6D.s:170    .text.evtStop:00000000 $t
C:\Users\DNIEL~1\AppData\Local\Temp\ccqddW6D.s:176    .text.evtStop:00000000 evtStop
                     .debug_frame:00000010 $d
C:\Users\DNIEL~1\AppData\Local\Temp\ccqddW6D.s:90     .text.tmrcb:00000034 $t
C:\Users\DNIEL~1\AppData\Local\Temp\ccqddW6D.s:169    .text.evtStart:0000003c $t

UNDEFINED SYMBOLS
dbg_check_lock_from_isr
chEvtBroadcastFlagsI
chVTSetI
dbg_check_unlock_from_isr
dbg_check_lock
dbg_check_unlock
chVTResetI
