ARM GAS  C:\Users\srich\AppData\Local\Temp\ccgT6Qk0.s 			page 1


   1              		.syntax unified
   2              		.cpu cortex-m4
   3              		.fpu softvfp
   4              		.eabi_attribute 20, 1
   5              		.eabi_attribute 21, 1
   6              		.eabi_attribute 23, 3
   7              		.eabi_attribute 24, 1
   8              		.eabi_attribute 25, 1
   9              		.eabi_attribute 26, 1
  10              		.eabi_attribute 30, 2
  11              		.eabi_attribute 34, 1
  12              		.eabi_attribute 18, 4
  13              		.thumb
  14              		.file	"hal.c"
  15              		.text
  16              	.Ltext0:
  17              		.cfi_sections	.debug_frame
  18              		.section	.text.halInit,"ax",%progbits
  19              		.align	2
  20              		.p2align 4,,15
  21              		.global	halInit
  22              		.thumb
  23              		.thumb_func
  24              		.type	halInit, %function
  25              	halInit:
  26              	.LFB118:
  27              		.file 1 "c:\\ChibiStudio\\chibios/os/hal/src/hal.c"
  28              		.loc 1 68 0
  29              		.cfi_startproc
  30              		@ args = 0, pretend = 0, frame = 0
  31              		@ frame_needed = 0, uses_anonymous_args = 0
  32 0000 08B5     		push	{r3, lr}
  33              	.LCFI0:
  34              		.cfi_def_cfa_offset 8
  35              		.cfi_offset 3, -8
  36              		.cfi_offset 14, -4
  37              		.loc 1 70 0
  38 0002 FFF7FEFF 		bl	hal_lld_init
  39              	.LVL0:
  40              		.loc 1 76 0
  41 0006 40F20000 		movw	r0, #:lower16:pal_default_config
  42 000a C0F20000 		movt	r0, #:upper16:pal_default_config
  43 000e FFF7FEFF 		bl	_pal_lld_init
  44              	.LVL1:
  45              		.loc 1 79 0
  46 0012 FFF7FEFF 		bl	adcInit
  47              	.LVL2:
  48              		.loc 1 82 0
  49 0016 FFF7FEFF 		bl	canInit
  50              	.LVL3:
  51              		.loc 1 100 0
  52 001a FFF7FEFF 		bl	pwmInit
  53              	.LVL4:
  54              		.loc 1 103 0
  55 001e FFF7FEFF 		bl	sdInit
  56              	.LVL5:
  57              		.loc 1 109 0
ARM GAS  C:\Users\srich\AppData\Local\Temp\ccgT6Qk0.s 			page 2


  58 0022 FFF7FEFF 		bl	spiInit
  59              	.LVL6:
  60              		.loc 1 115 0
  61 0026 FFF7FEFF 		bl	usbInit
  62              	.LVL7:
  63              		.loc 1 121 0
  64 002a FFF7FEFF 		bl	sduInit
  65              	.LVL8:
  66              		.loc 1 128 0
  67 002e BDE80840 		pop	{r3, lr}
  68              		.loc 1 127 0
  69 0032 FFF7FEBF 		b	boardInit
  70              	.LVL9:
  71              		.cfi_endproc
  72              	.LFE118:
  73              		.size	halInit, .-halInit
  74 0036 00BFAFF3 		.section	.text.halIsCounterWithin,"ax",%progbits
  74      0080AFF3 
  74      0080
  75              		.align	2
  76              		.p2align 4,,15
  77              		.global	halIsCounterWithin
  78              		.thumb
  79              		.thumb_func
  80              		.type	halIsCounterWithin, %function
  81              	halIsCounterWithin:
  82              	.LFB119:
  83              		.loc 1 174 0
  84              		.cfi_startproc
  85              		@ args = 0, pretend = 0, frame = 0
  86              		@ frame_needed = 0, uses_anonymous_args = 0
  87              		@ link register save eliminated.
  88              	.LVL10:
  89              		.loc 1 175 0
  90 0000 4FF48053 		mov	r3, #4096
  91 0004 CEF20003 		movt	r3, 57344
  92              		.loc 1 177 0
  93 0008 8142     		cmp	r1, r0
  94              		.loc 1 175 0
  95 000a 5A68     		ldr	r2, [r3, #4]
  96              	.LVL11:
  97              		.loc 1 177 0
  98 000c 06D9     		bls	.L3
  99              		.loc 1 177 0 is_stmt 0 discriminator 1
 100 000e 8242     		cmp	r2, r0
 101 0010 08D3     		bcc	.L7
 102              	.L9:
 103              		.loc 1 178 0 is_stmt 1 discriminator 2
 104 0012 8A42     		cmp	r2, r1
 105 0014 2CBF     		ite	cs
 106 0016 0020     		movcs	r0, #0
 107              	.LVL12:
 108 0018 0120     		movcc	r0, #1
 109 001a 7047     		bx	lr
 110              	.LVL13:
 111              	.L3:
 112              		.loc 1 178 0 is_stmt 0
ARM GAS  C:\Users\srich\AppData\Local\Temp\ccgT6Qk0.s 			page 3


 113 001c 8242     		cmp	r2, r0
 114 001e F8D3     		bcc	.L9
 115 0020 0120     		movs	r0, #1
 116              	.LVL14:
 117              		.loc 1 179 0 is_stmt 1
 118 0022 7047     		bx	lr
 119              	.LVL15:
 120              	.L7:
 121              		.loc 1 177 0
 122 0024 0020     		movs	r0, #0
 123              	.LVL16:
 124 0026 7047     		bx	lr
 125              		.cfi_endproc
 126              	.LFE119:
 127              		.size	halIsCounterWithin, .-halIsCounterWithin
 128 0028 AFF30080 		.section	.text.halPolledDelay,"ax",%progbits
 128      AFF30080 
 129              		.align	2
 130              		.p2align 4,,15
 131              		.global	halPolledDelay
 132              		.thumb
 133              		.thumb_func
 134              		.type	halPolledDelay, %function
 135              	halPolledDelay:
 136              	.LFB120:
 137              		.loc 1 193 0
 138              		.cfi_startproc
 139              		@ args = 0, pretend = 0, frame = 0
 140              		@ frame_needed = 0, uses_anonymous_args = 0
 141              		@ link register save eliminated.
 142              	.LVL17:
 143              		.loc 1 194 0
 144 0000 4FF48053 		mov	r3, #4096
 145 0004 CEF20003 		movt	r3, 57344
 146              	.LBB4:
 147              	.LBB5:
 148              		.loc 1 175 0
 149 0008 1946     		mov	r1, r3
 150              	.LBE5:
 151              	.LBE4:
 152              		.loc 1 194 0
 153 000a 5A68     		ldr	r2, [r3, #4]
 154              	.LVL18:
 155              		.loc 1 195 0
 156 000c 8018     		adds	r0, r0, r2
 157              	.LVL19:
 158              	.L21:
 159              	.LBB7:
 160              	.LBB6:
 161              		.loc 1 177 0 discriminator 1
 162 000e 8242     		cmp	r2, r0
 163              		.loc 1 175 0 discriminator 1
 164 0010 4B68     		ldr	r3, [r1, #4]
 165              	.LVL20:
 166              		.loc 1 177 0 discriminator 1
 167 0012 02D2     		bcs	.L12
 168              		.loc 1 177 0 is_stmt 0
ARM GAS  C:\Users\srich\AppData\Local\Temp\ccgT6Qk0.s 			page 4


 169 0014 9A42     		cmp	r2, r3
 170 0016 02D9     		bls	.L22
 171 0018 7047     		bx	lr
 172              	.L12:
 173              		.loc 1 178 0 is_stmt 1
 174 001a 9A42     		cmp	r2, r3
 175 001c F7D9     		bls	.L21
 176              	.L22:
 177 001e 9842     		cmp	r0, r3
 178 0020 94BF     		ite	ls
 179 0022 0023     		movls	r3, #0
 180              	.LVL21:
 181 0024 0123     		movhi	r3, #1
 182              	.LBE6:
 183              	.LBE7:
 184              		.loc 1 196 0
 185 0026 002B     		cmp	r3, #0
 186 0028 F1D1     		bne	.L21
 187 002a 7047     		bx	lr
 188              		.cfi_endproc
 189              	.LFE120:
 190              		.size	halPolledDelay, .-halPolledDelay
 191 002c AFF30080 		.text
 192              	.Letext0:
 193              		.file 2 "c:\\chibistudio\\tools\\gnu tools arm embedded\\4.7 2014q2\\bin\\../lib/gcc/arm-none-eabi
 194              		.file 3 "c:\\ChibiStudio\\chibios/os/ports/GCC/ARMCMx/chtypes.h"
 195              		.file 4 "c:\\ChibiStudio\\chibios/os/ports/common/ARMCMx/nvic.h"
 196              		.file 5 "c:\\ChibiStudio\\chibios/os/hal/platforms/STM32F4xx/hal_lld.h"
 197              		.file 6 "c:\\ChibiStudio\\chibios/os/hal/platforms/STM32/GPIOv2/pal_lld.h"
 198              		.file 7 "c:\\ChibiStudio\\chibios/os/ports/common/ARMCMx/CMSIS/include/core_cm4.h"
 199              		.file 8 "c:\\ChibiStudio\\chibios/os/hal/include/adc.h"
 200              		.file 9 "c:\\ChibiStudio\\chibios/os/hal/include/can.h"
 201              		.file 10 "c:\\ChibiStudio\\chibios/os/hal/include/pwm.h"
 202              		.file 11 "c:\\ChibiStudio\\chibios/os/hal/include/serial.h"
 203              		.file 12 "c:\\ChibiStudio\\chibios/os/hal/include/spi.h"
 204              		.file 13 "c:\\ChibiStudio\\chibios/os/hal/include/usb.h"
 205              		.file 14 "c:\\ChibiStudio\\chibios/os/hal/include/serial_usb.h"
 206              		.file 15 "os/board/board.h"
 207              		.section	.debug_info,"",%progbits
 208              	.Ldebug_info0:
 209 0000 3C040000 		.4byte	0x43c
 210 0004 0200     		.2byte	0x2
 211 0006 00000000 		.4byte	.Ldebug_abbrev0
 212 000a 04       		.byte	0x4
 213 000b 01       		.uleb128 0x1
 214 000c 3A000000 		.4byte	.LASF58
 215 0010 01       		.byte	0x1
 216 0011 42020000 		.4byte	.LASF59
 217 0015 30000000 		.4byte	.Ldebug_ranges0+0x30
 218 0019 00000000 		.4byte	0
 219 001d 00000000 		.4byte	0
 220 0021 00000000 		.4byte	.Ldebug_line0
 221 0025 02       		.uleb128 0x2
 222 0026 04       		.byte	0x4
 223 0027 05       		.byte	0x5
 224 0028 696E7400 		.ascii	"int\000"
 225 002c 03       		.uleb128 0x3
ARM GAS  C:\Users\srich\AppData\Local\Temp\ccgT6Qk0.s 			page 5


 226 002d 04       		.byte	0x4
 227 002e 07       		.byte	0x7
 228 002f 77020000 		.4byte	.LASF0
 229 0033 03       		.uleb128 0x3
 230 0034 01       		.byte	0x1
 231 0035 06       		.byte	0x6
 232 0036 3B010000 		.4byte	.LASF1
 233 003a 03       		.uleb128 0x3
 234 003b 01       		.byte	0x1
 235 003c 08       		.byte	0x8
 236 003d 28010000 		.4byte	.LASF2
 237 0041 03       		.uleb128 0x3
 238 0042 02       		.byte	0x2
 239 0043 05       		.byte	0x5
 240 0044 27000000 		.4byte	.LASF3
 241 0048 03       		.uleb128 0x3
 242 0049 02       		.byte	0x2
 243 004a 07       		.byte	0x7
 244 004b 94010000 		.4byte	.LASF4
 245 004f 04       		.uleb128 0x4
 246 0050 AC010000 		.4byte	.LASF6
 247 0054 02       		.byte	0x2
 248 0055 4F       		.byte	0x4f
 249 0056 5A000000 		.4byte	0x5a
 250 005a 03       		.uleb128 0x3
 251 005b 04       		.byte	0x4
 252 005c 05       		.byte	0x5
 253 005d E9000000 		.4byte	.LASF5
 254 0061 04       		.uleb128 0x4
 255 0062 5E010000 		.4byte	.LASF7
 256 0066 02       		.byte	0x2
 257 0067 50       		.byte	0x50
 258 0068 6C000000 		.4byte	0x6c
 259 006c 03       		.uleb128 0x3
 260 006d 04       		.byte	0x4
 261 006e 07       		.byte	0x7
 262 006f F0010000 		.4byte	.LASF8
 263 0073 03       		.uleb128 0x3
 264 0074 08       		.byte	0x8
 265 0075 05       		.byte	0x5
 266 0076 C4000000 		.4byte	.LASF9
 267 007a 03       		.uleb128 0x3
 268 007b 08       		.byte	0x8
 269 007c 07       		.byte	0x7
 270 007d 47010000 		.4byte	.LASF10
 271 0081 04       		.uleb128 0x4
 272 0082 B4010000 		.4byte	.LASF11
 273 0086 03       		.byte	0x3
 274 0087 2B       		.byte	0x2b
 275 0088 8C000000 		.4byte	0x8c
 276 008c 03       		.uleb128 0x3
 277 008d 01       		.byte	0x1
 278 008e 02       		.byte	0x2
 279 008f CC010000 		.4byte	.LASF12
 280 0093 04       		.uleb128 0x4
 281 0094 B5000000 		.4byte	.LASF13
 282 0098 04       		.byte	0x4
ARM GAS  C:\Users\srich\AppData\Local\Temp\ccgT6Qk0.s 			page 6


 283 0099 3A       		.byte	0x3a
 284 009a 9E000000 		.4byte	0x9e
 285 009e 05       		.uleb128 0x5
 286 009f 61000000 		.4byte	0x61
 287 00a3 03       		.uleb128 0x3
 288 00a4 04       		.byte	0x4
 289 00a5 07       		.byte	0x7
 290 00a6 31000000 		.4byte	.LASF14
 291 00aa 06       		.uleb128 0x6
 292 00ab 20       		.byte	0x20
 293 00ac 04       		.byte	0x4
 294 00ad 0601     		.2byte	0x106
 295 00af 2C010000 		.4byte	0x12c
 296 00b3 07       		.uleb128 0x7
 297 00b4 36010000 		.4byte	.LASF15
 298 00b8 04       		.byte	0x4
 299 00b9 0701     		.2byte	0x107
 300 00bb 93000000 		.4byte	0x93
 301 00bf 02       		.byte	0x2
 302 00c0 23       		.byte	0x23
 303 00c1 00       		.uleb128 0
 304 00c2 07       		.uleb128 0x7
 305 00c3 DA000000 		.4byte	.LASF16
 306 00c7 04       		.byte	0x4
 307 00c8 0801     		.2byte	0x108
 308 00ca 93000000 		.4byte	0x93
 309 00ce 02       		.byte	0x2
 310 00cf 23       		.byte	0x23
 311 00d0 04       		.uleb128 0x4
 312 00d1 07       		.uleb128 0x7
 313 00d2 E9010000 		.4byte	.LASF17
 314 00d6 04       		.byte	0x4
 315 00d7 0901     		.2byte	0x109
 316 00d9 93000000 		.4byte	0x93
 317 00dd 02       		.byte	0x2
 318 00de 23       		.byte	0x23
 319 00df 08       		.uleb128 0x8
 320 00e0 07       		.uleb128 0x7
 321 00e1 9F020000 		.4byte	.LASF18
 322 00e5 04       		.byte	0x4
 323 00e6 0A01     		.2byte	0x10a
 324 00e8 93000000 		.4byte	0x93
 325 00ec 02       		.byte	0x2
 326 00ed 23       		.byte	0x23
 327 00ee 0C       		.uleb128 0xc
 328 00ef 07       		.uleb128 0x7
 329 00f0 14020000 		.4byte	.LASF19
 330 00f4 04       		.byte	0x4
 331 00f5 0B01     		.2byte	0x10b
 332 00f7 93000000 		.4byte	0x93
 333 00fb 02       		.byte	0x2
 334 00fc 23       		.byte	0x23
 335 00fd 10       		.uleb128 0x10
 336 00fe 07       		.uleb128 0x7
 337 00ff 23020000 		.4byte	.LASF20
 338 0103 04       		.byte	0x4
 339 0104 0C01     		.2byte	0x10c
ARM GAS  C:\Users\srich\AppData\Local\Temp\ccgT6Qk0.s 			page 7


 340 0106 93000000 		.4byte	0x93
 341 010a 02       		.byte	0x2
 342 010b 23       		.byte	0x23
 343 010c 14       		.uleb128 0x14
 344 010d 07       		.uleb128 0x7
 345 010e 96000000 		.4byte	.LASF21
 346 0112 04       		.byte	0x4
 347 0113 0D01     		.2byte	0x10d
 348 0115 93000000 		.4byte	0x93
 349 0119 02       		.byte	0x2
 350 011a 23       		.byte	0x23
 351 011b 18       		.uleb128 0x18
 352 011c 07       		.uleb128 0x7
 353 011d 83000000 		.4byte	.LASF22
 354 0121 04       		.byte	0x4
 355 0122 0E01     		.2byte	0x10e
 356 0124 93000000 		.4byte	0x93
 357 0128 02       		.byte	0x2
 358 0129 23       		.byte	0x23
 359 012a 1C       		.uleb128 0x1c
 360 012b 00       		.byte	0
 361 012c 08       		.uleb128 0x8
 362 012d DA010000 		.4byte	.LASF23
 363 0131 04       		.byte	0x4
 364 0132 0F01     		.2byte	0x10f
 365 0134 AA000000 		.4byte	0xaa
 366 0138 03       		.uleb128 0x3
 367 0139 01       		.byte	0x1
 368 013a 08       		.byte	0x8
 369 013b A7010000 		.4byte	.LASF24
 370 013f 05       		.uleb128 0x5
 371 0140 4F000000 		.4byte	0x4f
 372 0144 08       		.uleb128 0x8
 373 0145 09020000 		.4byte	.LASF25
 374 0149 05       		.byte	0x5
 375 014a C006     		.2byte	0x6c0
 376 014c 61000000 		.4byte	0x61
 377 0150 09       		.uleb128 0x9
 378 0151 1C       		.byte	0x1c
 379 0152 06       		.byte	0x6
 380 0153 A3       		.byte	0xa3
 381 0154 BB010000 		.4byte	0x1bb
 382 0158 0A       		.uleb128 0xa
 383 0159 3C020000 		.4byte	.LASF26
 384 015d 06       		.byte	0x6
 385 015e A5       		.byte	0xa5
 386 015f 61000000 		.4byte	0x61
 387 0163 02       		.byte	0x2
 388 0164 23       		.byte	0x23
 389 0165 00       		.uleb128 0
 390 0166 0A       		.uleb128 0xa
 391 0167 67010000 		.4byte	.LASF27
 392 016b 06       		.byte	0x6
 393 016c A7       		.byte	0xa7
 394 016d 61000000 		.4byte	0x61
 395 0171 02       		.byte	0x2
 396 0172 23       		.byte	0x23
ARM GAS  C:\Users\srich\AppData\Local\Temp\ccgT6Qk0.s 			page 8


 397 0173 04       		.uleb128 0x4
 398 0174 0A       		.uleb128 0xa
 399 0175 E1000000 		.4byte	.LASF28
 400 0179 06       		.byte	0x6
 401 017a A9       		.byte	0xa9
 402 017b 61000000 		.4byte	0x61
 403 017f 02       		.byte	0x2
 404 0180 23       		.byte	0x23
 405 0181 08       		.uleb128 0x8
 406 0182 0A       		.uleb128 0xa
 407 0183 1D020000 		.4byte	.LASF29
 408 0187 06       		.byte	0x6
 409 0188 AB       		.byte	0xab
 410 0189 61000000 		.4byte	0x61
 411 018d 02       		.byte	0x2
 412 018e 23       		.byte	0x23
 413 018f 0C       		.uleb128 0xc
 414 0190 0B       		.uleb128 0xb
 415 0191 6F647200 		.ascii	"odr\000"
 416 0195 06       		.byte	0x6
 417 0196 AD       		.byte	0xad
 418 0197 61000000 		.4byte	0x61
 419 019b 02       		.byte	0x2
 420 019c 23       		.byte	0x23
 421 019d 10       		.uleb128 0x10
 422 019e 0A       		.uleb128 0xa
 423 019f 37020000 		.4byte	.LASF30
 424 01a3 06       		.byte	0x6
 425 01a4 AF       		.byte	0xaf
 426 01a5 61000000 		.4byte	0x61
 427 01a9 02       		.byte	0x2
 428 01aa 23       		.byte	0x23
 429 01ab 14       		.uleb128 0x14
 430 01ac 0A       		.uleb128 0xa
 431 01ad 2A020000 		.4byte	.LASF31
 432 01b1 06       		.byte	0x6
 433 01b2 B1       		.byte	0xb1
 434 01b3 61000000 		.4byte	0x61
 435 01b7 02       		.byte	0x2
 436 01b8 23       		.byte	0x23
 437 01b9 18       		.uleb128 0x18
 438 01ba 00       		.byte	0
 439 01bb 04       		.uleb128 0x4
 440 01bc 6E010000 		.4byte	.LASF32
 441 01c0 06       		.byte	0x6
 442 01c1 B2       		.byte	0xb2
 443 01c2 50010000 		.4byte	0x150
 444 01c6 09       		.uleb128 0x9
 445 01c7 FC       		.byte	0xfc
 446 01c8 06       		.byte	0x6
 447 01c9 BB       		.byte	0xbb
 448 01ca 51020000 		.4byte	0x251
 449 01ce 0A       		.uleb128 0xa
 450 01cf BD000000 		.4byte	.LASF33
 451 01d3 06       		.byte	0x6
 452 01d4 BE       		.byte	0xbe
 453 01d5 BB010000 		.4byte	0x1bb
ARM GAS  C:\Users\srich\AppData\Local\Temp\ccgT6Qk0.s 			page 9


 454 01d9 02       		.byte	0x2
 455 01da 23       		.byte	0x23
 456 01db 00       		.uleb128 0
 457 01dc 0A       		.uleb128 0xa
 458 01dd C5010000 		.4byte	.LASF34
 459 01e1 06       		.byte	0x6
 460 01e2 C2       		.byte	0xc2
 461 01e3 BB010000 		.4byte	0x1bb
 462 01e7 02       		.byte	0x2
 463 01e8 23       		.byte	0x23
 464 01e9 1C       		.uleb128 0x1c
 465 01ea 0A       		.uleb128 0xa
 466 01eb 21010000 		.4byte	.LASF35
 467 01ef 06       		.byte	0x6
 468 01f0 C6       		.byte	0xc6
 469 01f1 BB010000 		.4byte	0x1bb
 470 01f5 02       		.byte	0x2
 471 01f6 23       		.byte	0x23
 472 01f7 38       		.uleb128 0x38
 473 01f8 0A       		.uleb128 0xa
 474 01f9 FA000000 		.4byte	.LASF36
 475 01fd 06       		.byte	0x6
 476 01fe CA       		.byte	0xca
 477 01ff BB010000 		.4byte	0x1bb
 478 0203 02       		.byte	0x2
 479 0204 23       		.byte	0x23
 480 0205 54       		.uleb128 0x54
 481 0206 0A       		.uleb128 0xa
 482 0207 E2010000 		.4byte	.LASF37
 483 020b 06       		.byte	0x6
 484 020c CE       		.byte	0xce
 485 020d BB010000 		.4byte	0x1bb
 486 0211 02       		.byte	0x2
 487 0212 23       		.byte	0x23
 488 0213 70       		.uleb128 0x70
 489 0214 0A       		.uleb128 0xa
 490 0215 88000000 		.4byte	.LASF38
 491 0219 06       		.byte	0x6
 492 021a D2       		.byte	0xd2
 493 021b BB010000 		.4byte	0x1bb
 494 021f 03       		.byte	0x3
 495 0220 23       		.byte	0x23
 496 0221 8C01     		.uleb128 0x8c
 497 0223 0A       		.uleb128 0xa
 498 0224 1A010000 		.4byte	.LASF39
 499 0228 06       		.byte	0x6
 500 0229 D6       		.byte	0xd6
 501 022a BB010000 		.4byte	0x1bb
 502 022e 03       		.byte	0x3
 503 022f 23       		.byte	0x23
 504 0230 A801     		.uleb128 0xa8
 505 0232 0A       		.uleb128 0xa
 506 0233 02020000 		.4byte	.LASF40
 507 0237 06       		.byte	0x6
 508 0238 DA       		.byte	0xda
 509 0239 BB010000 		.4byte	0x1bb
 510 023d 03       		.byte	0x3
ARM GAS  C:\Users\srich\AppData\Local\Temp\ccgT6Qk0.s 			page 10


 511 023e 23       		.byte	0x23
 512 023f C401     		.uleb128 0xc4
 513 0241 0A       		.uleb128 0xa
 514 0242 8F000000 		.4byte	.LASF41
 515 0246 06       		.byte	0x6
 516 0247 DE       		.byte	0xde
 517 0248 BB010000 		.4byte	0x1bb
 518 024c 03       		.byte	0x3
 519 024d 23       		.byte	0x23
 520 024e E001     		.uleb128 0xe0
 521 0250 00       		.byte	0
 522 0251 04       		.uleb128 0x4
 523 0252 BB010000 		.4byte	.LASF42
 524 0256 06       		.byte	0x6
 525 0257 E0       		.byte	0xe0
 526 0258 C6010000 		.4byte	0x1c6
 527 025c 0C       		.uleb128 0xc
 528 025d 01       		.byte	0x1
 529 025e 8C020000 		.4byte	.LASF60
 530 0262 01       		.byte	0x1
 531 0263 AE       		.byte	0xae
 532 0264 01       		.byte	0x1
 533 0265 81000000 		.4byte	0x81
 534 0269 01       		.byte	0x1
 535 026a 90020000 		.4byte	0x290
 536 026e 0D       		.uleb128 0xd
 537 026f 8E010000 		.4byte	.LASF43
 538 0273 01       		.byte	0x1
 539 0274 AE       		.byte	0xae
 540 0275 44010000 		.4byte	0x144
 541 0279 0E       		.uleb128 0xe
 542 027a 656E6400 		.ascii	"end\000"
 543 027e 01       		.byte	0x1
 544 027f AE       		.byte	0xae
 545 0280 44010000 		.4byte	0x144
 546 0284 0F       		.uleb128 0xf
 547 0285 6E6F7700 		.ascii	"now\000"
 548 0289 01       		.byte	0x1
 549 028a AF       		.byte	0xaf
 550 028b 44010000 		.4byte	0x144
 551 028f 00       		.byte	0
 552 0290 10       		.uleb128 0x10
 553 0291 01       		.byte	0x1
 554 0292 D2000000 		.4byte	.LASF44
 555 0296 01       		.byte	0x1
 556 0297 44       		.byte	0x44
 557 0298 01       		.byte	0x1
 558 0299 00000000 		.4byte	.LFB118
 559 029d 36000000 		.4byte	.LFE118
 560 02a1 00000000 		.4byte	.LLST0
 561 02a5 01       		.byte	0x1
 562 02a6 06030000 		.4byte	0x306
 563 02aa 11       		.uleb128 0x11
 564 02ab 06000000 		.4byte	.LVL0
 565 02af C4030000 		.4byte	0x3c4
 566 02b3 11       		.uleb128 0x11
 567 02b4 12000000 		.4byte	.LVL1
ARM GAS  C:\Users\srich\AppData\Local\Temp\ccgT6Qk0.s 			page 11


 568 02b8 CF030000 		.4byte	0x3cf
 569 02bc 11       		.uleb128 0x11
 570 02bd 16000000 		.4byte	.LVL2
 571 02c1 EA030000 		.4byte	0x3ea
 572 02c5 11       		.uleb128 0x11
 573 02c6 1A000000 		.4byte	.LVL3
 574 02ca F5030000 		.4byte	0x3f5
 575 02ce 11       		.uleb128 0x11
 576 02cf 1E000000 		.4byte	.LVL4
 577 02d3 FF030000 		.4byte	0x3ff
 578 02d7 11       		.uleb128 0x11
 579 02d8 22000000 		.4byte	.LVL5
 580 02dc 09040000 		.4byte	0x409
 581 02e0 11       		.uleb128 0x11
 582 02e1 26000000 		.4byte	.LVL6
 583 02e5 14040000 		.4byte	0x414
 584 02e9 11       		.uleb128 0x11
 585 02ea 2A000000 		.4byte	.LVL7
 586 02ee 1F040000 		.4byte	0x41f
 587 02f2 11       		.uleb128 0x11
 588 02f3 2E000000 		.4byte	.LVL8
 589 02f7 2A040000 		.4byte	0x42a
 590 02fb 12       		.uleb128 0x12
 591 02fc 36000000 		.4byte	.LVL9
 592 0300 01       		.byte	0x1
 593 0301 34040000 		.4byte	0x434
 594 0305 00       		.byte	0
 595 0306 13       		.uleb128 0x13
 596 0307 5C020000 		.4byte	0x25c
 597 030b 00000000 		.4byte	.LFB119
 598 030f 28000000 		.4byte	.LFE119
 599 0313 02       		.byte	0x2
 600 0314 7D       		.byte	0x7d
 601 0315 00       		.sleb128 0
 602 0316 01       		.byte	0x1
 603 0317 33030000 		.4byte	0x333
 604 031b 14       		.uleb128 0x14
 605 031c 6E020000 		.4byte	0x26e
 606 0320 20000000 		.4byte	.LLST1
 607 0324 15       		.uleb128 0x15
 608 0325 79020000 		.4byte	0x279
 609 0329 01       		.byte	0x1
 610 032a 51       		.byte	0x51
 611 032b 16       		.uleb128 0x16
 612 032c 84020000 		.4byte	0x284
 613 0330 01       		.byte	0x1
 614 0331 52       		.byte	0x52
 615 0332 00       		.byte	0
 616 0333 17       		.uleb128 0x17
 617 0334 01       		.byte	0x1
 618 0335 01010000 		.4byte	.LASF45
 619 0339 01       		.byte	0x1
 620 033a C1       		.byte	0xc1
 621 033b 01       		.byte	0x1
 622 033c 00000000 		.4byte	.LFB120
 623 0340 2C000000 		.4byte	.LFE120
 624 0344 02       		.byte	0x2
ARM GAS  C:\Users\srich\AppData\Local\Temp\ccgT6Qk0.s 			page 12


 625 0345 7D       		.byte	0x7d
 626 0346 00       		.sleb128 0
 627 0347 01       		.byte	0x1
 628 0348 A3030000 		.4byte	0x3a3
 629 034c 18       		.uleb128 0x18
 630 034d 00000000 		.4byte	.LASF61
 631 0351 01       		.byte	0x1
 632 0352 C1       		.byte	0xc1
 633 0353 44010000 		.4byte	0x144
 634 0357 73000000 		.4byte	.LLST2
 635 035b 19       		.uleb128 0x19
 636 035c 8E010000 		.4byte	.LASF43
 637 0360 01       		.byte	0x1
 638 0361 C2       		.byte	0xc2
 639 0362 44010000 		.4byte	0x144
 640 0366 01       		.byte	0x1
 641 0367 52       		.byte	0x52
 642 0368 19       		.uleb128 0x19
 643 0369 A6020000 		.4byte	.LASF46
 644 036d 01       		.byte	0x1
 645 036e C3       		.byte	0xc3
 646 036f 44010000 		.4byte	0x144
 647 0373 01       		.byte	0x1
 648 0374 50       		.byte	0x50
 649 0375 1A       		.uleb128 0x1a
 650 0376 5C020000 		.4byte	0x25c
 651 037a 08000000 		.4byte	.LBB4
 652 037e 00000000 		.4byte	.Ldebug_ranges0+0
 653 0382 01       		.byte	0x1
 654 0383 C4       		.byte	0xc4
 655 0384 15       		.uleb128 0x15
 656 0385 79020000 		.4byte	0x279
 657 0389 01       		.byte	0x1
 658 038a 50       		.byte	0x50
 659 038b 15       		.uleb128 0x15
 660 038c 6E020000 		.4byte	0x26e
 661 0390 01       		.byte	0x1
 662 0391 52       		.byte	0x52
 663 0392 1B       		.uleb128 0x1b
 664 0393 18000000 		.4byte	.Ldebug_ranges0+0x18
 665 0397 1C       		.uleb128 0x1c
 666 0398 84020000 		.4byte	0x284
 667 039c 94000000 		.4byte	.LLST3
 668 03a0 00       		.byte	0
 669 03a1 00       		.byte	0
 670 03a2 00       		.byte	0
 671 03a3 1D       		.uleb128 0x1d
 672 03a4 6A020000 		.4byte	.LASF47
 673 03a8 07       		.byte	0x7
 674 03a9 9806     		.2byte	0x698
 675 03ab 3F010000 		.4byte	0x13f
 676 03af 01       		.byte	0x1
 677 03b0 01       		.byte	0x1
 678 03b1 1D       		.uleb128 0x1d
 679 03b2 14000000 		.4byte	.LASF48
 680 03b6 06       		.byte	0x6
 681 03b7 BC01     		.2byte	0x1bc
ARM GAS  C:\Users\srich\AppData\Local\Temp\ccgT6Qk0.s 			page 13


 682 03b9 BF030000 		.4byte	0x3bf
 683 03bd 01       		.byte	0x1
 684 03be 01       		.byte	0x1
 685 03bf 1E       		.uleb128 0x1e
 686 03c0 51020000 		.4byte	0x251
 687 03c4 1F       		.uleb128 0x1f
 688 03c5 01       		.byte	0x1
 689 03c6 81010000 		.4byte	.LASF49
 690 03ca 05       		.byte	0x5
 691 03cb E906     		.2byte	0x6e9
 692 03cd 01       		.byte	0x1
 693 03ce 01       		.byte	0x1
 694 03cf 20       		.uleb128 0x20
 695 03d0 01       		.byte	0x1
 696 03d1 06000000 		.4byte	.LASF62
 697 03d5 06       		.byte	0x6
 698 03d6 C101     		.2byte	0x1c1
 699 03d8 01       		.byte	0x1
 700 03d9 01       		.byte	0x1
 701 03da E4030000 		.4byte	0x3e4
 702 03de 21       		.uleb128 0x21
 703 03df E4030000 		.4byte	0x3e4
 704 03e3 00       		.byte	0
 705 03e4 22       		.uleb128 0x22
 706 03e5 04       		.byte	0x4
 707 03e6 BF030000 		.4byte	0x3bf
 708 03ea 1F       		.uleb128 0x1f
 709 03eb 01       		.byte	0x1
 710 03ec 2F020000 		.4byte	.LASF50
 711 03f0 08       		.byte	0x8
 712 03f1 1C01     		.2byte	0x11c
 713 03f3 01       		.byte	0x1
 714 03f4 01       		.byte	0x1
 715 03f5 23       		.uleb128 0x23
 716 03f6 01       		.byte	0x1
 717 03f7 D2010000 		.4byte	.LASF51
 718 03fb 09       		.byte	0x9
 719 03fc 8D       		.byte	0x8d
 720 03fd 01       		.byte	0x1
 721 03fe 01       		.byte	0x1
 722 03ff 23       		.uleb128 0x23
 723 0400 01       		.byte	0x1
 724 0401 F2000000 		.4byte	.LASF52
 725 0405 0A       		.byte	0xa
 726 0406 F2       		.byte	0xf2
 727 0407 01       		.byte	0x1
 728 0408 01       		.byte	0x1
 729 0409 1F       		.uleb128 0x1f
 730 040a 01       		.byte	0x1
 731 040b AE000000 		.4byte	.LASF53
 732 040f 0B       		.byte	0xb
 733 0410 3501     		.2byte	0x135
 734 0412 01       		.byte	0x1
 735 0413 01       		.byte	0x1
 736 0414 1F       		.uleb128 0x1f
 737 0415 01       		.byte	0x1
 738 0416 A6000000 		.4byte	.LASF54
ARM GAS  C:\Users\srich\AppData\Local\Temp\ccgT6Qk0.s 			page 14


 739 041a 0C       		.byte	0xc
 740 041b 2E01     		.2byte	0x12e
 741 041d 01       		.byte	0x1
 742 041e 01       		.byte	0x1
 743 041f 1F       		.uleb128 0x1f
 744 0420 01       		.byte	0x1
 745 0421 9E000000 		.4byte	.LASF55
 746 0425 0D       		.byte	0xd
 747 0426 2902     		.2byte	0x229
 748 0428 01       		.byte	0x1
 749 0429 01       		.byte	0x1
 750 042a 23       		.uleb128 0x23
 751 042b 01       		.byte	0x1
 752 042c 84020000 		.4byte	.LASF56
 753 0430 0E       		.byte	0xe
 754 0431 E0       		.byte	0xe0
 755 0432 01       		.byte	0x1
 756 0433 01       		.byte	0x1
 757 0434 1F       		.uleb128 0x1f
 758 0435 01       		.byte	0x1
 759 0436 10010000 		.4byte	.LASF57
 760 043a 0F       		.byte	0xf
 761 043b 2101     		.2byte	0x121
 762 043d 01       		.byte	0x1
 763 043e 01       		.byte	0x1
 764 043f 00       		.byte	0
 765              		.section	.debug_abbrev,"",%progbits
 766              	.Ldebug_abbrev0:
 767 0000 01       		.uleb128 0x1
 768 0001 11       		.uleb128 0x11
 769 0002 01       		.byte	0x1
 770 0003 25       		.uleb128 0x25
 771 0004 0E       		.uleb128 0xe
 772 0005 13       		.uleb128 0x13
 773 0006 0B       		.uleb128 0xb
 774 0007 03       		.uleb128 0x3
 775 0008 0E       		.uleb128 0xe
 776 0009 55       		.uleb128 0x55
 777 000a 06       		.uleb128 0x6
 778 000b 11       		.uleb128 0x11
 779 000c 01       		.uleb128 0x1
 780 000d 52       		.uleb128 0x52
 781 000e 01       		.uleb128 0x1
 782 000f 10       		.uleb128 0x10
 783 0010 06       		.uleb128 0x6
 784 0011 00       		.byte	0
 785 0012 00       		.byte	0
 786 0013 02       		.uleb128 0x2
 787 0014 24       		.uleb128 0x24
 788 0015 00       		.byte	0
 789 0016 0B       		.uleb128 0xb
 790 0017 0B       		.uleb128 0xb
 791 0018 3E       		.uleb128 0x3e
 792 0019 0B       		.uleb128 0xb
 793 001a 03       		.uleb128 0x3
 794 001b 08       		.uleb128 0x8
 795 001c 00       		.byte	0
ARM GAS  C:\Users\srich\AppData\Local\Temp\ccgT6Qk0.s 			page 15


 796 001d 00       		.byte	0
 797 001e 03       		.uleb128 0x3
 798 001f 24       		.uleb128 0x24
 799 0020 00       		.byte	0
 800 0021 0B       		.uleb128 0xb
 801 0022 0B       		.uleb128 0xb
 802 0023 3E       		.uleb128 0x3e
 803 0024 0B       		.uleb128 0xb
 804 0025 03       		.uleb128 0x3
 805 0026 0E       		.uleb128 0xe
 806 0027 00       		.byte	0
 807 0028 00       		.byte	0
 808 0029 04       		.uleb128 0x4
 809 002a 16       		.uleb128 0x16
 810 002b 00       		.byte	0
 811 002c 03       		.uleb128 0x3
 812 002d 0E       		.uleb128 0xe
 813 002e 3A       		.uleb128 0x3a
 814 002f 0B       		.uleb128 0xb
 815 0030 3B       		.uleb128 0x3b
 816 0031 0B       		.uleb128 0xb
 817 0032 49       		.uleb128 0x49
 818 0033 13       		.uleb128 0x13
 819 0034 00       		.byte	0
 820 0035 00       		.byte	0
 821 0036 05       		.uleb128 0x5
 822 0037 35       		.uleb128 0x35
 823 0038 00       		.byte	0
 824 0039 49       		.uleb128 0x49
 825 003a 13       		.uleb128 0x13
 826 003b 00       		.byte	0
 827 003c 00       		.byte	0
 828 003d 06       		.uleb128 0x6
 829 003e 13       		.uleb128 0x13
 830 003f 01       		.byte	0x1
 831 0040 0B       		.uleb128 0xb
 832 0041 0B       		.uleb128 0xb
 833 0042 3A       		.uleb128 0x3a
 834 0043 0B       		.uleb128 0xb
 835 0044 3B       		.uleb128 0x3b
 836 0045 05       		.uleb128 0x5
 837 0046 01       		.uleb128 0x1
 838 0047 13       		.uleb128 0x13
 839 0048 00       		.byte	0
 840 0049 00       		.byte	0
 841 004a 07       		.uleb128 0x7
 842 004b 0D       		.uleb128 0xd
 843 004c 00       		.byte	0
 844 004d 03       		.uleb128 0x3
 845 004e 0E       		.uleb128 0xe
 846 004f 3A       		.uleb128 0x3a
 847 0050 0B       		.uleb128 0xb
 848 0051 3B       		.uleb128 0x3b
 849 0052 05       		.uleb128 0x5
 850 0053 49       		.uleb128 0x49
 851 0054 13       		.uleb128 0x13
 852 0055 38       		.uleb128 0x38
ARM GAS  C:\Users\srich\AppData\Local\Temp\ccgT6Qk0.s 			page 16


 853 0056 0A       		.uleb128 0xa
 854 0057 00       		.byte	0
 855 0058 00       		.byte	0
 856 0059 08       		.uleb128 0x8
 857 005a 16       		.uleb128 0x16
 858 005b 00       		.byte	0
 859 005c 03       		.uleb128 0x3
 860 005d 0E       		.uleb128 0xe
 861 005e 3A       		.uleb128 0x3a
 862 005f 0B       		.uleb128 0xb
 863 0060 3B       		.uleb128 0x3b
 864 0061 05       		.uleb128 0x5
 865 0062 49       		.uleb128 0x49
 866 0063 13       		.uleb128 0x13
 867 0064 00       		.byte	0
 868 0065 00       		.byte	0
 869 0066 09       		.uleb128 0x9
 870 0067 13       		.uleb128 0x13
 871 0068 01       		.byte	0x1
 872 0069 0B       		.uleb128 0xb
 873 006a 0B       		.uleb128 0xb
 874 006b 3A       		.uleb128 0x3a
 875 006c 0B       		.uleb128 0xb
 876 006d 3B       		.uleb128 0x3b
 877 006e 0B       		.uleb128 0xb
 878 006f 01       		.uleb128 0x1
 879 0070 13       		.uleb128 0x13
 880 0071 00       		.byte	0
 881 0072 00       		.byte	0
 882 0073 0A       		.uleb128 0xa
 883 0074 0D       		.uleb128 0xd
 884 0075 00       		.byte	0
 885 0076 03       		.uleb128 0x3
 886 0077 0E       		.uleb128 0xe
 887 0078 3A       		.uleb128 0x3a
 888 0079 0B       		.uleb128 0xb
 889 007a 3B       		.uleb128 0x3b
 890 007b 0B       		.uleb128 0xb
 891 007c 49       		.uleb128 0x49
 892 007d 13       		.uleb128 0x13
 893 007e 38       		.uleb128 0x38
 894 007f 0A       		.uleb128 0xa
 895 0080 00       		.byte	0
 896 0081 00       		.byte	0
 897 0082 0B       		.uleb128 0xb
 898 0083 0D       		.uleb128 0xd
 899 0084 00       		.byte	0
 900 0085 03       		.uleb128 0x3
 901 0086 08       		.uleb128 0x8
 902 0087 3A       		.uleb128 0x3a
 903 0088 0B       		.uleb128 0xb
 904 0089 3B       		.uleb128 0x3b
 905 008a 0B       		.uleb128 0xb
 906 008b 49       		.uleb128 0x49
 907 008c 13       		.uleb128 0x13
 908 008d 38       		.uleb128 0x38
 909 008e 0A       		.uleb128 0xa
ARM GAS  C:\Users\srich\AppData\Local\Temp\ccgT6Qk0.s 			page 17


 910 008f 00       		.byte	0
 911 0090 00       		.byte	0
 912 0091 0C       		.uleb128 0xc
 913 0092 2E       		.uleb128 0x2e
 914 0093 01       		.byte	0x1
 915 0094 3F       		.uleb128 0x3f
 916 0095 0C       		.uleb128 0xc
 917 0096 03       		.uleb128 0x3
 918 0097 0E       		.uleb128 0xe
 919 0098 3A       		.uleb128 0x3a
 920 0099 0B       		.uleb128 0xb
 921 009a 3B       		.uleb128 0x3b
 922 009b 0B       		.uleb128 0xb
 923 009c 27       		.uleb128 0x27
 924 009d 0C       		.uleb128 0xc
 925 009e 49       		.uleb128 0x49
 926 009f 13       		.uleb128 0x13
 927 00a0 20       		.uleb128 0x20
 928 00a1 0B       		.uleb128 0xb
 929 00a2 01       		.uleb128 0x1
 930 00a3 13       		.uleb128 0x13
 931 00a4 00       		.byte	0
 932 00a5 00       		.byte	0
 933 00a6 0D       		.uleb128 0xd
 934 00a7 05       		.uleb128 0x5
 935 00a8 00       		.byte	0
 936 00a9 03       		.uleb128 0x3
 937 00aa 0E       		.uleb128 0xe
 938 00ab 3A       		.uleb128 0x3a
 939 00ac 0B       		.uleb128 0xb
 940 00ad 3B       		.uleb128 0x3b
 941 00ae 0B       		.uleb128 0xb
 942 00af 49       		.uleb128 0x49
 943 00b0 13       		.uleb128 0x13
 944 00b1 00       		.byte	0
 945 00b2 00       		.byte	0
 946 00b3 0E       		.uleb128 0xe
 947 00b4 05       		.uleb128 0x5
 948 00b5 00       		.byte	0
 949 00b6 03       		.uleb128 0x3
 950 00b7 08       		.uleb128 0x8
 951 00b8 3A       		.uleb128 0x3a
 952 00b9 0B       		.uleb128 0xb
 953 00ba 3B       		.uleb128 0x3b
 954 00bb 0B       		.uleb128 0xb
 955 00bc 49       		.uleb128 0x49
 956 00bd 13       		.uleb128 0x13
 957 00be 00       		.byte	0
 958 00bf 00       		.byte	0
 959 00c0 0F       		.uleb128 0xf
 960 00c1 34       		.uleb128 0x34
 961 00c2 00       		.byte	0
 962 00c3 03       		.uleb128 0x3
 963 00c4 08       		.uleb128 0x8
 964 00c5 3A       		.uleb128 0x3a
 965 00c6 0B       		.uleb128 0xb
 966 00c7 3B       		.uleb128 0x3b
ARM GAS  C:\Users\srich\AppData\Local\Temp\ccgT6Qk0.s 			page 18


 967 00c8 0B       		.uleb128 0xb
 968 00c9 49       		.uleb128 0x49
 969 00ca 13       		.uleb128 0x13
 970 00cb 00       		.byte	0
 971 00cc 00       		.byte	0
 972 00cd 10       		.uleb128 0x10
 973 00ce 2E       		.uleb128 0x2e
 974 00cf 01       		.byte	0x1
 975 00d0 3F       		.uleb128 0x3f
 976 00d1 0C       		.uleb128 0xc
 977 00d2 03       		.uleb128 0x3
 978 00d3 0E       		.uleb128 0xe
 979 00d4 3A       		.uleb128 0x3a
 980 00d5 0B       		.uleb128 0xb
 981 00d6 3B       		.uleb128 0x3b
 982 00d7 0B       		.uleb128 0xb
 983 00d8 27       		.uleb128 0x27
 984 00d9 0C       		.uleb128 0xc
 985 00da 11       		.uleb128 0x11
 986 00db 01       		.uleb128 0x1
 987 00dc 12       		.uleb128 0x12
 988 00dd 01       		.uleb128 0x1
 989 00de 40       		.uleb128 0x40
 990 00df 06       		.uleb128 0x6
 991 00e0 9742     		.uleb128 0x2117
 992 00e2 0C       		.uleb128 0xc
 993 00e3 01       		.uleb128 0x1
 994 00e4 13       		.uleb128 0x13
 995 00e5 00       		.byte	0
 996 00e6 00       		.byte	0
 997 00e7 11       		.uleb128 0x11
 998 00e8 898201   		.uleb128 0x4109
 999 00eb 00       		.byte	0
 1000 00ec 11       		.uleb128 0x11
 1001 00ed 01       		.uleb128 0x1
 1002 00ee 31       		.uleb128 0x31
 1003 00ef 13       		.uleb128 0x13
 1004 00f0 00       		.byte	0
 1005 00f1 00       		.byte	0
 1006 00f2 12       		.uleb128 0x12
 1007 00f3 898201   		.uleb128 0x4109
 1008 00f6 00       		.byte	0
 1009 00f7 11       		.uleb128 0x11
 1010 00f8 01       		.uleb128 0x1
 1011 00f9 9542     		.uleb128 0x2115
 1012 00fb 0C       		.uleb128 0xc
 1013 00fc 31       		.uleb128 0x31
 1014 00fd 13       		.uleb128 0x13
 1015 00fe 00       		.byte	0
 1016 00ff 00       		.byte	0
 1017 0100 13       		.uleb128 0x13
 1018 0101 2E       		.uleb128 0x2e
 1019 0102 01       		.byte	0x1
 1020 0103 31       		.uleb128 0x31
 1021 0104 13       		.uleb128 0x13
 1022 0105 11       		.uleb128 0x11
 1023 0106 01       		.uleb128 0x1
ARM GAS  C:\Users\srich\AppData\Local\Temp\ccgT6Qk0.s 			page 19


 1024 0107 12       		.uleb128 0x12
 1025 0108 01       		.uleb128 0x1
 1026 0109 40       		.uleb128 0x40
 1027 010a 0A       		.uleb128 0xa
 1028 010b 9742     		.uleb128 0x2117
 1029 010d 0C       		.uleb128 0xc
 1030 010e 01       		.uleb128 0x1
 1031 010f 13       		.uleb128 0x13
 1032 0110 00       		.byte	0
 1033 0111 00       		.byte	0
 1034 0112 14       		.uleb128 0x14
 1035 0113 05       		.uleb128 0x5
 1036 0114 00       		.byte	0
 1037 0115 31       		.uleb128 0x31
 1038 0116 13       		.uleb128 0x13
 1039 0117 02       		.uleb128 0x2
 1040 0118 06       		.uleb128 0x6
 1041 0119 00       		.byte	0
 1042 011a 00       		.byte	0
 1043 011b 15       		.uleb128 0x15
 1044 011c 05       		.uleb128 0x5
 1045 011d 00       		.byte	0
 1046 011e 31       		.uleb128 0x31
 1047 011f 13       		.uleb128 0x13
 1048 0120 02       		.uleb128 0x2
 1049 0121 0A       		.uleb128 0xa
 1050 0122 00       		.byte	0
 1051 0123 00       		.byte	0
 1052 0124 16       		.uleb128 0x16
 1053 0125 34       		.uleb128 0x34
 1054 0126 00       		.byte	0
 1055 0127 31       		.uleb128 0x31
 1056 0128 13       		.uleb128 0x13
 1057 0129 02       		.uleb128 0x2
 1058 012a 0A       		.uleb128 0xa
 1059 012b 00       		.byte	0
 1060 012c 00       		.byte	0
 1061 012d 17       		.uleb128 0x17
 1062 012e 2E       		.uleb128 0x2e
 1063 012f 01       		.byte	0x1
 1064 0130 3F       		.uleb128 0x3f
 1065 0131 0C       		.uleb128 0xc
 1066 0132 03       		.uleb128 0x3
 1067 0133 0E       		.uleb128 0xe
 1068 0134 3A       		.uleb128 0x3a
 1069 0135 0B       		.uleb128 0xb
 1070 0136 3B       		.uleb128 0x3b
 1071 0137 0B       		.uleb128 0xb
 1072 0138 27       		.uleb128 0x27
 1073 0139 0C       		.uleb128 0xc
 1074 013a 11       		.uleb128 0x11
 1075 013b 01       		.uleb128 0x1
 1076 013c 12       		.uleb128 0x12
 1077 013d 01       		.uleb128 0x1
 1078 013e 40       		.uleb128 0x40
 1079 013f 0A       		.uleb128 0xa
 1080 0140 9742     		.uleb128 0x2117
ARM GAS  C:\Users\srich\AppData\Local\Temp\ccgT6Qk0.s 			page 20


 1081 0142 0C       		.uleb128 0xc
 1082 0143 01       		.uleb128 0x1
 1083 0144 13       		.uleb128 0x13
 1084 0145 00       		.byte	0
 1085 0146 00       		.byte	0
 1086 0147 18       		.uleb128 0x18
 1087 0148 05       		.uleb128 0x5
 1088 0149 00       		.byte	0
 1089 014a 03       		.uleb128 0x3
 1090 014b 0E       		.uleb128 0xe
 1091 014c 3A       		.uleb128 0x3a
 1092 014d 0B       		.uleb128 0xb
 1093 014e 3B       		.uleb128 0x3b
 1094 014f 0B       		.uleb128 0xb
 1095 0150 49       		.uleb128 0x49
 1096 0151 13       		.uleb128 0x13
 1097 0152 02       		.uleb128 0x2
 1098 0153 06       		.uleb128 0x6
 1099 0154 00       		.byte	0
 1100 0155 00       		.byte	0
 1101 0156 19       		.uleb128 0x19
 1102 0157 34       		.uleb128 0x34
 1103 0158 00       		.byte	0
 1104 0159 03       		.uleb128 0x3
 1105 015a 0E       		.uleb128 0xe
 1106 015b 3A       		.uleb128 0x3a
 1107 015c 0B       		.uleb128 0xb
 1108 015d 3B       		.uleb128 0x3b
 1109 015e 0B       		.uleb128 0xb
 1110 015f 49       		.uleb128 0x49
 1111 0160 13       		.uleb128 0x13
 1112 0161 02       		.uleb128 0x2
 1113 0162 0A       		.uleb128 0xa
 1114 0163 00       		.byte	0
 1115 0164 00       		.byte	0
 1116 0165 1A       		.uleb128 0x1a
 1117 0166 1D       		.uleb128 0x1d
 1118 0167 01       		.byte	0x1
 1119 0168 31       		.uleb128 0x31
 1120 0169 13       		.uleb128 0x13
 1121 016a 52       		.uleb128 0x52
 1122 016b 01       		.uleb128 0x1
 1123 016c 55       		.uleb128 0x55
 1124 016d 06       		.uleb128 0x6
 1125 016e 58       		.uleb128 0x58
 1126 016f 0B       		.uleb128 0xb
 1127 0170 59       		.uleb128 0x59
 1128 0171 0B       		.uleb128 0xb
 1129 0172 00       		.byte	0
 1130 0173 00       		.byte	0
 1131 0174 1B       		.uleb128 0x1b
 1132 0175 0B       		.uleb128 0xb
 1133 0176 01       		.byte	0x1
 1134 0177 55       		.uleb128 0x55
 1135 0178 06       		.uleb128 0x6
 1136 0179 00       		.byte	0
 1137 017a 00       		.byte	0
ARM GAS  C:\Users\srich\AppData\Local\Temp\ccgT6Qk0.s 			page 21


 1138 017b 1C       		.uleb128 0x1c
 1139 017c 34       		.uleb128 0x34
 1140 017d 00       		.byte	0
 1141 017e 31       		.uleb128 0x31
 1142 017f 13       		.uleb128 0x13
 1143 0180 02       		.uleb128 0x2
 1144 0181 06       		.uleb128 0x6
 1145 0182 00       		.byte	0
 1146 0183 00       		.byte	0
 1147 0184 1D       		.uleb128 0x1d
 1148 0185 34       		.uleb128 0x34
 1149 0186 00       		.byte	0
 1150 0187 03       		.uleb128 0x3
 1151 0188 0E       		.uleb128 0xe
 1152 0189 3A       		.uleb128 0x3a
 1153 018a 0B       		.uleb128 0xb
 1154 018b 3B       		.uleb128 0x3b
 1155 018c 05       		.uleb128 0x5
 1156 018d 49       		.uleb128 0x49
 1157 018e 13       		.uleb128 0x13
 1158 018f 3F       		.uleb128 0x3f
 1159 0190 0C       		.uleb128 0xc
 1160 0191 3C       		.uleb128 0x3c
 1161 0192 0C       		.uleb128 0xc
 1162 0193 00       		.byte	0
 1163 0194 00       		.byte	0
 1164 0195 1E       		.uleb128 0x1e
 1165 0196 26       		.uleb128 0x26
 1166 0197 00       		.byte	0
 1167 0198 49       		.uleb128 0x49
 1168 0199 13       		.uleb128 0x13
 1169 019a 00       		.byte	0
 1170 019b 00       		.byte	0
 1171 019c 1F       		.uleb128 0x1f
 1172 019d 2E       		.uleb128 0x2e
 1173 019e 00       		.byte	0
 1174 019f 3F       		.uleb128 0x3f
 1175 01a0 0C       		.uleb128 0xc
 1176 01a1 03       		.uleb128 0x3
 1177 01a2 0E       		.uleb128 0xe
 1178 01a3 3A       		.uleb128 0x3a
 1179 01a4 0B       		.uleb128 0xb
 1180 01a5 3B       		.uleb128 0x3b
 1181 01a6 05       		.uleb128 0x5
 1182 01a7 27       		.uleb128 0x27
 1183 01a8 0C       		.uleb128 0xc
 1184 01a9 3C       		.uleb128 0x3c
 1185 01aa 0C       		.uleb128 0xc
 1186 01ab 00       		.byte	0
 1187 01ac 00       		.byte	0
 1188 01ad 20       		.uleb128 0x20
 1189 01ae 2E       		.uleb128 0x2e
 1190 01af 01       		.byte	0x1
 1191 01b0 3F       		.uleb128 0x3f
 1192 01b1 0C       		.uleb128 0xc
 1193 01b2 03       		.uleb128 0x3
 1194 01b3 0E       		.uleb128 0xe
ARM GAS  C:\Users\srich\AppData\Local\Temp\ccgT6Qk0.s 			page 22


 1195 01b4 3A       		.uleb128 0x3a
 1196 01b5 0B       		.uleb128 0xb
 1197 01b6 3B       		.uleb128 0x3b
 1198 01b7 05       		.uleb128 0x5
 1199 01b8 27       		.uleb128 0x27
 1200 01b9 0C       		.uleb128 0xc
 1201 01ba 3C       		.uleb128 0x3c
 1202 01bb 0C       		.uleb128 0xc
 1203 01bc 01       		.uleb128 0x1
 1204 01bd 13       		.uleb128 0x13
 1205 01be 00       		.byte	0
 1206 01bf 00       		.byte	0
 1207 01c0 21       		.uleb128 0x21
 1208 01c1 05       		.uleb128 0x5
 1209 01c2 00       		.byte	0
 1210 01c3 49       		.uleb128 0x49
 1211 01c4 13       		.uleb128 0x13
 1212 01c5 00       		.byte	0
 1213 01c6 00       		.byte	0
 1214 01c7 22       		.uleb128 0x22
 1215 01c8 0F       		.uleb128 0xf
 1216 01c9 00       		.byte	0
 1217 01ca 0B       		.uleb128 0xb
 1218 01cb 0B       		.uleb128 0xb
 1219 01cc 49       		.uleb128 0x49
 1220 01cd 13       		.uleb128 0x13
 1221 01ce 00       		.byte	0
 1222 01cf 00       		.byte	0
 1223 01d0 23       		.uleb128 0x23
 1224 01d1 2E       		.uleb128 0x2e
 1225 01d2 00       		.byte	0
 1226 01d3 3F       		.uleb128 0x3f
 1227 01d4 0C       		.uleb128 0xc
 1228 01d5 03       		.uleb128 0x3
 1229 01d6 0E       		.uleb128 0xe
 1230 01d7 3A       		.uleb128 0x3a
 1231 01d8 0B       		.uleb128 0xb
 1232 01d9 3B       		.uleb128 0x3b
 1233 01da 0B       		.uleb128 0xb
 1234 01db 27       		.uleb128 0x27
 1235 01dc 0C       		.uleb128 0xc
 1236 01dd 3C       		.uleb128 0x3c
 1237 01de 0C       		.uleb128 0xc
 1238 01df 00       		.byte	0
 1239 01e0 00       		.byte	0
 1240 01e1 00       		.byte	0
 1241              		.section	.debug_loc,"",%progbits
 1242              	.Ldebug_loc0:
 1243              	.LLST0:
 1244 0000 00000000 		.4byte	.LFB118
 1245 0004 02000000 		.4byte	.LCFI0
 1246 0008 0200     		.2byte	0x2
 1247 000a 7D       		.byte	0x7d
 1248 000b 00       		.sleb128 0
 1249 000c 02000000 		.4byte	.LCFI0
 1250 0010 36000000 		.4byte	.LFE118
 1251 0014 0200     		.2byte	0x2
ARM GAS  C:\Users\srich\AppData\Local\Temp\ccgT6Qk0.s 			page 23


 1252 0016 7D       		.byte	0x7d
 1253 0017 08       		.sleb128 8
 1254 0018 00000000 		.4byte	0
 1255 001c 00000000 		.4byte	0
 1256              	.LLST1:
 1257 0020 00000000 		.4byte	.LVL10
 1258 0024 18000000 		.4byte	.LVL12
 1259 0028 0100     		.2byte	0x1
 1260 002a 50       		.byte	0x50
 1261 002b 18000000 		.4byte	.LVL12
 1262 002f 1C000000 		.4byte	.LVL13
 1263 0033 0400     		.2byte	0x4
 1264 0035 F3       		.byte	0xf3
 1265 0036 01       		.uleb128 0x1
 1266 0037 50       		.byte	0x50
 1267 0038 9F       		.byte	0x9f
 1268 0039 1C000000 		.4byte	.LVL13
 1269 003d 22000000 		.4byte	.LVL14
 1270 0041 0100     		.2byte	0x1
 1271 0043 50       		.byte	0x50
 1272 0044 22000000 		.4byte	.LVL14
 1273 0048 24000000 		.4byte	.LVL15
 1274 004c 0400     		.2byte	0x4
 1275 004e F3       		.byte	0xf3
 1276 004f 01       		.uleb128 0x1
 1277 0050 50       		.byte	0x50
 1278 0051 9F       		.byte	0x9f
 1279 0052 24000000 		.4byte	.LVL15
 1280 0056 26000000 		.4byte	.LVL16
 1281 005a 0100     		.2byte	0x1
 1282 005c 50       		.byte	0x50
 1283 005d 26000000 		.4byte	.LVL16
 1284 0061 28000000 		.4byte	.LFE119
 1285 0065 0400     		.2byte	0x4
 1286 0067 F3       		.byte	0xf3
 1287 0068 01       		.uleb128 0x1
 1288 0069 50       		.byte	0x50
 1289 006a 9F       		.byte	0x9f
 1290 006b 00000000 		.4byte	0
 1291 006f 00000000 		.4byte	0
 1292              	.LLST2:
 1293 0073 00000000 		.4byte	.LVL17
 1294 0077 0E000000 		.4byte	.LVL19
 1295 007b 0100     		.2byte	0x1
 1296 007d 50       		.byte	0x50
 1297 007e 0E000000 		.4byte	.LVL19
 1298 0082 2C000000 		.4byte	.LFE120
 1299 0086 0400     		.2byte	0x4
 1300 0088 F3       		.byte	0xf3
 1301 0089 01       		.uleb128 0x1
 1302 008a 50       		.byte	0x50
 1303 008b 9F       		.byte	0x9f
 1304 008c 00000000 		.4byte	0
 1305 0090 00000000 		.4byte	0
 1306              	.LLST3:
 1307 0094 12000000 		.4byte	.LVL20
 1308 0098 24000000 		.4byte	.LVL21
ARM GAS  C:\Users\srich\AppData\Local\Temp\ccgT6Qk0.s 			page 24


 1309 009c 0100     		.2byte	0x1
 1310 009e 53       		.byte	0x53
 1311 009f 00000000 		.4byte	0
 1312 00a3 00000000 		.4byte	0
 1313              		.section	.debug_aranges,"",%progbits
 1314 0000 2C000000 		.4byte	0x2c
 1315 0004 0200     		.2byte	0x2
 1316 0006 00000000 		.4byte	.Ldebug_info0
 1317 000a 04       		.byte	0x4
 1318 000b 00       		.byte	0
 1319 000c 0000     		.2byte	0
 1320 000e 0000     		.2byte	0
 1321 0010 00000000 		.4byte	.LFB118
 1322 0014 36000000 		.4byte	.LFE118-.LFB118
 1323 0018 00000000 		.4byte	.LFB119
 1324 001c 28000000 		.4byte	.LFE119-.LFB119
 1325 0020 00000000 		.4byte	.LFB120
 1326 0024 2C000000 		.4byte	.LFE120-.LFB120
 1327 0028 00000000 		.4byte	0
 1328 002c 00000000 		.4byte	0
 1329              		.section	.debug_ranges,"",%progbits
 1330              	.Ldebug_ranges0:
 1331 0000 08000000 		.4byte	.LBB4
 1332 0004 0A000000 		.4byte	.LBE4
 1333 0008 0E000000 		.4byte	.LBB7
 1334 000c 26000000 		.4byte	.LBE7
 1335 0010 00000000 		.4byte	0
 1336 0014 00000000 		.4byte	0
 1337 0018 08000000 		.4byte	.LBB5
 1338 001c 0A000000 		.4byte	.LBE5
 1339 0020 0E000000 		.4byte	.LBB6
 1340 0024 26000000 		.4byte	.LBE6
 1341 0028 00000000 		.4byte	0
 1342 002c 00000000 		.4byte	0
 1343 0030 00000000 		.4byte	.LFB118
 1344 0034 36000000 		.4byte	.LFE118
 1345 0038 00000000 		.4byte	.LFB119
 1346 003c 28000000 		.4byte	.LFE119
 1347 0040 00000000 		.4byte	.LFB120
 1348 0044 2C000000 		.4byte	.LFE120
 1349 0048 00000000 		.4byte	0
 1350 004c 00000000 		.4byte	0
 1351              		.section	.debug_line,"",%progbits
 1352              	.Ldebug_line0:
 1353 0000 FC020000 		.section	.debug_str,"MS",%progbits,1
 1353      02008402 
 1353      00000201 
 1353      FB0E0D00 
 1353      01010101 
 1354              	.LASF61:
 1355 0000 7469636B 		.ascii	"ticks\000"
 1355      7300
 1356              	.LASF62:
 1357 0006 5F70616C 		.ascii	"_pal_lld_init\000"
 1357      5F6C6C64 
 1357      5F696E69 
 1357      7400
ARM GAS  C:\Users\srich\AppData\Local\Temp\ccgT6Qk0.s 			page 25


 1358              	.LASF48:
 1359 0014 70616C5F 		.ascii	"pal_default_config\000"
 1359      64656661 
 1359      756C745F 
 1359      636F6E66 
 1359      696700
 1360              	.LASF3:
 1361 0027 73686F72 		.ascii	"short int\000"
 1361      7420696E 
 1361      7400
 1362              	.LASF14:
 1363 0031 73697A65 		.ascii	"sizetype\000"
 1363      74797065 
 1363      00
 1364              	.LASF58:
 1365 003a 474E5520 		.ascii	"GNU C 4.7.4 20140401 (release) [ARM/embedded-4_7-br"
 1365      4320342E 
 1365      372E3420 
 1365      32303134 
 1365      30343031 
 1366 006d 616E6368 		.ascii	"anch revision 209195]\000"
 1366      20726576 
 1366      6973696F 
 1366      6E203230 
 1366      39313935 
 1367              	.LASF22:
 1368 0083 50435352 		.ascii	"PCSR\000"
 1368      00
 1369              	.LASF38:
 1370 0088 50464461 		.ascii	"PFData\000"
 1370      746100
 1371              	.LASF41:
 1372 008f 50494461 		.ascii	"PIData\000"
 1372      746100
 1373              	.LASF21:
 1374 0096 464F4C44 		.ascii	"FOLDCNT\000"
 1374      434E5400 
 1375              	.LASF55:
 1376 009e 75736249 		.ascii	"usbInit\000"
 1376      6E697400 
 1377              	.LASF54:
 1378 00a6 73706949 		.ascii	"spiInit\000"
 1378      6E697400 
 1379              	.LASF53:
 1380 00ae 7364496E 		.ascii	"sdInit\000"
 1380      697400
 1381              	.LASF13:
 1382 00b5 494F5245 		.ascii	"IOREG32\000"
 1382      47333200 
 1383              	.LASF33:
 1384 00bd 50414461 		.ascii	"PAData\000"
 1384      746100
 1385              	.LASF9:
 1386 00c4 6C6F6E67 		.ascii	"long long int\000"
 1386      206C6F6E 
 1386      6720696E 
 1386      7400
ARM GAS  C:\Users\srich\AppData\Local\Temp\ccgT6Qk0.s 			page 26


 1387              	.LASF44:
 1388 00d2 68616C49 		.ascii	"halInit\000"
 1388      6E697400 
 1389              	.LASF16:
 1390 00da 43594343 		.ascii	"CYCCNT\000"
 1390      4E5400
 1391              	.LASF28:
 1392 00e1 6F737065 		.ascii	"ospeedr\000"
 1392      65647200 
 1393              	.LASF5:
 1394 00e9 6C6F6E67 		.ascii	"long int\000"
 1394      20696E74 
 1394      00
 1395              	.LASF52:
 1396 00f2 70776D49 		.ascii	"pwmInit\000"
 1396      6E697400 
 1397              	.LASF36:
 1398 00fa 50444461 		.ascii	"PDData\000"
 1398      746100
 1399              	.LASF45:
 1400 0101 68616C50 		.ascii	"halPolledDelay\000"
 1400      6F6C6C65 
 1400      6444656C 
 1400      617900
 1401              	.LASF57:
 1402 0110 626F6172 		.ascii	"boardInit\000"
 1402      64496E69 
 1402      7400
 1403              	.LASF39:
 1404 011a 50474461 		.ascii	"PGData\000"
 1404      746100
 1405              	.LASF35:
 1406 0121 50434461 		.ascii	"PCData\000"
 1406      746100
 1407              	.LASF2:
 1408 0128 756E7369 		.ascii	"unsigned char\000"
 1408      676E6564 
 1408      20636861 
 1408      7200
 1409              	.LASF15:
 1410 0136 4354524C 		.ascii	"CTRL\000"
 1410      00
 1411              	.LASF1:
 1412 013b 7369676E 		.ascii	"signed char\000"
 1412      65642063 
 1412      68617200 
 1413              	.LASF10:
 1414 0147 6C6F6E67 		.ascii	"long long unsigned int\000"
 1414      206C6F6E 
 1414      6720756E 
 1414      7369676E 
 1414      65642069 
 1415              	.LASF7:
 1416 015e 75696E74 		.ascii	"uint32_t\000"
 1416      33325F74 
 1416      00
 1417              	.LASF27:
ARM GAS  C:\Users\srich\AppData\Local\Temp\ccgT6Qk0.s 			page 27


 1418 0167 6F747970 		.ascii	"otyper\000"
 1418      657200
 1419              	.LASF32:
 1420 016e 73746D33 		.ascii	"stm32_gpio_setup_t\000"
 1420      325F6770 
 1420      696F5F73 
 1420      65747570 
 1420      5F7400
 1421              	.LASF49:
 1422 0181 68616C5F 		.ascii	"hal_lld_init\000"
 1422      6C6C645F 
 1422      696E6974 
 1422      00
 1423              	.LASF43:
 1424 018e 73746172 		.ascii	"start\000"
 1424      7400
 1425              	.LASF4:
 1426 0194 73686F72 		.ascii	"short unsigned int\000"
 1426      7420756E 
 1426      7369676E 
 1426      65642069 
 1426      6E7400
 1427              	.LASF24:
 1428 01a7 63686172 		.ascii	"char\000"
 1428      00
 1429              	.LASF6:
 1430 01ac 696E7433 		.ascii	"int32_t\000"
 1430      325F7400 
 1431              	.LASF11:
 1432 01b4 626F6F6C 		.ascii	"bool_t\000"
 1432      5F7400
 1433              	.LASF42:
 1434 01bb 50414C43 		.ascii	"PALConfig\000"
 1434      6F6E6669 
 1434      6700
 1435              	.LASF34:
 1436 01c5 50424461 		.ascii	"PBData\000"
 1436      746100
 1437              	.LASF12:
 1438 01cc 5F426F6F 		.ascii	"_Bool\000"
 1438      6C00
 1439              	.LASF51:
 1440 01d2 63616E49 		.ascii	"canInit\000"
 1440      6E697400 
 1441              	.LASF23:
 1442 01da 434D785F 		.ascii	"CMx_DWT\000"
 1442      44575400 
 1443              	.LASF37:
 1444 01e2 50454461 		.ascii	"PEData\000"
 1444      746100
 1445              	.LASF17:
 1446 01e9 43504943 		.ascii	"CPICNT\000"
 1446      4E5400
 1447              	.LASF8:
 1448 01f0 6C6F6E67 		.ascii	"long unsigned int\000"
 1448      20756E73 
 1448      69676E65 
ARM GAS  C:\Users\srich\AppData\Local\Temp\ccgT6Qk0.s 			page 28


 1448      6420696E 
 1448      7400
 1449              	.LASF40:
 1450 0202 50484461 		.ascii	"PHData\000"
 1450      746100
 1451              	.LASF25:
 1452 0209 68616C72 		.ascii	"halrtcnt_t\000"
 1452      74636E74 
 1452      5F7400
 1453              	.LASF19:
 1454 0214 534C4545 		.ascii	"SLEEPCNT\000"
 1454      50434E54 
 1454      00
 1455              	.LASF29:
 1456 021d 70757064 		.ascii	"pupdr\000"
 1456      7200
 1457              	.LASF20:
 1458 0223 4C535543 		.ascii	"LSUCNT\000"
 1458      4E5400
 1459              	.LASF31:
 1460 022a 61667268 		.ascii	"afrh\000"
 1460      00
 1461              	.LASF50:
 1462 022f 61646349 		.ascii	"adcInit\000"
 1462      6E697400 
 1463              	.LASF30:
 1464 0237 6166726C 		.ascii	"afrl\000"
 1464      00
 1465              	.LASF26:
 1466 023c 6D6F6465 		.ascii	"moder\000"
 1466      7200
 1467              	.LASF59:
 1468 0242 633A5C43 		.ascii	"c:\\ChibiStudio\\chibios/os/hal/src/hal.c\000"
 1468      68696269 
 1468      53747564 
 1468      696F5C63 
 1468      68696269 
 1469              	.LASF47:
 1470 026a 49544D5F 		.ascii	"ITM_RxBuffer\000"
 1470      52784275 
 1470      66666572 
 1470      00
 1471              	.LASF0:
 1472 0277 756E7369 		.ascii	"unsigned int\000"
 1472      676E6564 
 1472      20696E74 
 1472      00
 1473              	.LASF56:
 1474 0284 73647549 		.ascii	"sduInit\000"
 1474      6E697400 
 1475              	.LASF60:
 1476 028c 68616C49 		.ascii	"halIsCounterWithin\000"
 1476      73436F75 
 1476      6E746572 
 1476      57697468 
 1476      696E00
 1477              	.LASF18:
ARM GAS  C:\Users\srich\AppData\Local\Temp\ccgT6Qk0.s 			page 29


 1478 029f 45584343 		.ascii	"EXCCNT\000"
 1478      4E5400
 1479              	.LASF46:
 1480 02a6 74696D65 		.ascii	"timeout\000"
 1480      6F757400 
 1481              		.ident	"GCC: (GNU Tools for ARM Embedded Processors) 4.7.4 20140401 (release) [ARM/embedded-4_7-br
ARM GAS  C:\Users\srich\AppData\Local\Temp\ccgT6Qk0.s 			page 30


DEFINED SYMBOLS
                            *ABS*:00000000 hal.c
C:\Users\srich\AppData\Local\Temp\ccgT6Qk0.s:19     .text.halInit:00000000 $t
C:\Users\srich\AppData\Local\Temp\ccgT6Qk0.s:25     .text.halInit:00000000 halInit
C:\Users\srich\AppData\Local\Temp\ccgT6Qk0.s:75     .text.halIsCounterWithin:00000000 $t
C:\Users\srich\AppData\Local\Temp\ccgT6Qk0.s:81     .text.halIsCounterWithin:00000000 halIsCounterWithin
C:\Users\srich\AppData\Local\Temp\ccgT6Qk0.s:129    .text.halPolledDelay:00000000 $t
C:\Users\srich\AppData\Local\Temp\ccgT6Qk0.s:135    .text.halPolledDelay:00000000 halPolledDelay
                     .debug_frame:00000010 $d

UNDEFINED SYMBOLS
hal_lld_init
pal_default_config
_pal_lld_init
adcInit
canInit
pwmInit
sdInit
spiInit
usbInit
sduInit
boardInit
