ARM GAS  C:\Users\RICHRD~1\AppData\Local\Temp\ccACDu9Y.s 			page 1


   1              		.syntax unified
   2              		.cpu cortex-m4
   3              		.fpu softvfp
   4              		.eabi_attribute 20, 1
   5              		.eabi_attribute 21, 1
   6              		.eabi_attribute 23, 3
   7              		.eabi_attribute 24, 1
   8              		.eabi_attribute 25, 1
   9              		.eabi_attribute 26, 1
  10              		.eabi_attribute 30, 2
  11              		.eabi_attribute 34, 1
  12              		.eabi_attribute 18, 4
  13              		.thumb
  14              		.file	"hal_lld.c"
  15              		.text
  16              	.Ltext0:
  17              		.cfi_sections	.debug_frame
  18              		.section	.text.hal_lld_init,"ax",%progbits
  19              		.align	2
  20              		.p2align 4,,15
  21              		.global	hal_lld_init
  22              		.thumb
  23              		.thumb_func
  24              		.type	hal_lld_init, %function
  25              	hal_lld_init:
  26              	.LFB119:
  27              		.file 1 "../../../../Chibios/os/hal/platforms/STM32F4xx/hal_lld.c"
  28              		.loc 1 111 0
  29              		.cfi_startproc
  30              		@ args = 0, pretend = 0, frame = 0
  31              		@ frame_needed = 0, uses_anonymous_args = 0
  32              		@ link register save eliminated.
  33              		.loc 1 115 0
  34 0000 4FF46053 		mov	r3, #14336
  35 0004 C4F20203 		movt	r3, 16386
  36              		.loc 1 111 0
  37 0008 70B4     		push	{r4, r5, r6}
  38              	.LCFI0:
  39              		.cfi_def_cfa_offset 12
  40              		.cfi_offset 4, -12
  41              		.cfi_offset 5, -8
  42              		.cfi_offset 6, -4
  43              		.loc 1 115 0
  44 000a 0022     		movs	r2, #0
  45 000c 4FF0FF34 		mov	r4, #-1
  46 0010 1969     		ldr	r1, [r3, #16]
  47 0012 1C61     		str	r4, [r3, #16]
  48 0014 1A61     		str	r2, [r3, #16]
  49              		.loc 1 116 0
  50 0016 5969     		ldr	r1, [r3, #20]
  51 0018 5C61     		str	r4, [r3, #20]
  52 001a 5A61     		str	r2, [r3, #20]
  53              		.loc 1 117 0
  54 001c 1E6A     		ldr	r6, [r3, #32]
  55              		.loc 1 121 0
  56 001e 4EF21001 		movw	r1, #57360
  57              		.loc 1 117 0
ARM GAS  C:\Users\RICHRD~1\AppData\Local\Temp\ccACDu9Y.s 			page 2


  58 0022 66F08056 		orn	r6, r6, #268435456
  59 0026 1E62     		str	r6, [r3, #32]
  60              		.loc 1 121 0
  61 0028 CEF20001 		movt	r1, 57344
  62              		.loc 1 117 0
  63 002c 1A62     		str	r2, [r3, #32]
  64              		.loc 1 121 0
  65 002e 49F23F05 		movw	r5, #36927
  66              		.loc 1 128 0
  67 0032 4EF6F050 		movw	r0, #60912
  68              		.loc 1 118 0
  69 0036 5E6A     		ldr	r6, [r3, #36]
  70 0038 5C62     		str	r4, [r3, #36]
  71              		.loc 1 128 0
  72 003a CEF20000 		movt	r0, 57344
  73              		.loc 1 123 0
  74 003e 0724     		movs	r4, #7
  75              		.loc 1 121 0
  76 0040 C0F20205 		movt	r5, 2
  77              		.loc 1 118 0
  78 0044 5A62     		str	r2, [r3, #36]
  79              		.loc 1 121 0
  80 0046 4D60     		str	r5, [r1, #4]
  81              		.loc 1 122 0
  82 0048 8A60     		str	r2, [r1, #8]
  83              		.loc 1 123 0
  84 004a 0C60     		str	r4, [r1, #0]
  85              		.loc 1 128 0
  86 004c C468     		ldr	r4, [r0, #12]
  87              		.loc 1 129 0
  88 004e 4FF48051 		mov	r1, #4096
  89 0052 CEF20001 		movt	r1, 57344
  90              		.loc 1 128 0
  91 0056 44F08074 		orr	r4, r4, #16777216
  92 005a C460     		str	r4, [r0, #12]
  93              		.loc 1 129 0
  94 005c 0868     		ldr	r0, [r1, #0]
  95 005e 40F00100 		orr	r0, r0, #1
  96 0062 0860     		str	r0, [r1, #0]
  97              		.loc 1 132 0
  98 0064 186C     		ldr	r0, [r3, #64]
  99              	.LBB4:
 100              	.LBB5:
 101              		.loc 1 54 0
 102 0066 4FF4E041 		mov	r1, #28672
 103 006a C4F20001 		movt	r1, 16384
 104              	.LBE5:
 105              	.LBE4:
 106              		.loc 1 132 0
 107 006e 40F08050 		orr	r0, r0, #268435456
 108 0072 1864     		str	r0, [r3, #64]
 109              	.LBB7:
 110              	.LBB6:
 111              		.loc 1 54 0
 112 0074 0868     		ldr	r0, [r1, #0]
 113 0076 40F48070 		orr	r0, r0, #256
 114 007a 0860     		str	r0, [r1, #0]
ARM GAS  C:\Users\RICHRD~1\AppData\Local\Temp\ccACDu9Y.s 			page 3


 115              		.loc 1 57 0
 116 007c 196F     		ldr	r1, [r3, #112]
 117 007e 01F44070 		and	r0, r1, #768
 118 0082 B0F5007F 		cmp	r0, #512
 119 0086 03D0     		beq	.L2
 120              		.loc 1 59 0
 121 0088 4FF48031 		mov	r1, #65536
 122 008c 1967     		str	r1, [r3, #112]
 123              		.loc 1 60 0
 124 008e 1A67     		str	r2, [r3, #112]
 125              	.L2:
 126              		.loc 1 94 0
 127 0090 4FF4E043 		mov	r3, #28672
 128 0094 C4F20003 		movt	r3, 16384
 129 0098 5A68     		ldr	r2, [r3, #4]
 130 009a 22F40070 		bic	r0, r2, #512
 131 009e 5860     		str	r0, [r3, #4]
 132              	.LBE6:
 133              	.LBE7:
 134              		.loc 1 145 0
 135 00a0 70BC     		pop	{r4, r5, r6}
 136              		.loc 1 138 0
 137 00a2 FFF7FEBF 		b	dmaInit
 138              	.LVL0:
 139              		.cfi_endproc
 140              	.LFE119:
 141              		.size	hal_lld_init, .-hal_lld_init
 142              		.section	.text.stm32_clock_init,"ax",%progbits
 143              		.align	2
 144              		.p2align 4,,15
 145              		.global	stm32_clock_init
 146              		.thumb
 147              		.thumb_func
 148              		.type	stm32_clock_init, %function
 149              	stm32_clock_init:
 150              	.LFB120:
 151              		.loc 1 154 0
 152              		.cfi_startproc
 153              		@ args = 0, pretend = 0, frame = 0
 154              		@ frame_needed = 0, uses_anonymous_args = 0
 155              		@ link register save eliminated.
 156              		.loc 1 158 0
 157 0000 4FF46051 		mov	r1, #14336
 158              		.loc 1 162 0
 159 0004 4FF4E043 		mov	r3, #28672
 160              		.loc 1 158 0
 161 0008 C4F20201 		movt	r1, 16386
 162              		.loc 1 162 0
 163 000c C4F20003 		movt	r3, 16384
 164              		.loc 1 158 0
 165 0010 4FF08052 		mov	r2, #268435456
 166              		.loc 1 162 0
 167 0014 4FF44040 		mov	r0, #49152
 168              		.loc 1 158 0
 169 0018 0A64     		str	r2, [r1, #64]
 170              		.loc 1 162 0
 171 001a 1860     		str	r0, [r3, #0]
ARM GAS  C:\Users\RICHRD~1\AppData\Local\Temp\ccACDu9Y.s 			page 4


 172              		.loc 1 169 0
 173 001c 0B68     		ldr	r3, [r1, #0]
 174 001e 43F00102 		orr	r2, r3, #1
 175 0022 0A60     		str	r2, [r1, #0]
 176              	.L8:
 177              		.loc 1 170 0 discriminator 1
 178 0024 0868     		ldr	r0, [r1, #0]
 179 0026 4FF46053 		mov	r3, #14336
 180 002a 8007     		lsls	r0, r0, #30
 181 002c C4F20203 		movt	r3, 16386
 182 0030 F8D5     		bpl	.L8
 183              		.loc 1 176 0
 184 0032 9968     		ldr	r1, [r3, #8]
 185 0034 21F00302 		bic	r2, r1, #3
 186 0038 9A60     		str	r2, [r3, #8]
 187              		.loc 1 177 0
 188 003a 9868     		ldr	r0, [r3, #8]
 189              		.loc 1 178 0
 190 003c 1946     		mov	r1, r3
 191              		.loc 1 177 0
 192 003e 9860     		str	r0, [r3, #8]
 193              	.L9:
 194              		.loc 1 178 0 discriminator 1
 195 0040 8B68     		ldr	r3, [r1, #8]
 196 0042 4FF46052 		mov	r2, #14336
 197 0046 13F00C00 		ands	r0, r3, #12
 198 004a C4F20202 		movt	r2, 16386
 199 004e F7D1     		bne	.L9
 200              		.loc 1 182 0
 201 0050 1168     		ldr	r1, [r2, #0]
 202 0052 01F0F903 		and	r3, r1, #249
 203 0056 1360     		str	r3, [r2, #0]
 204              		.loc 1 183 0
 205 0058 9060     		str	r0, [r2, #8]
 206              		.loc 1 192 0
 207 005a 1068     		ldr	r0, [r2, #0]
 208 005c 40F48031 		orr	r1, r0, #65536
 209 0060 1160     		str	r1, [r2, #0]
 210              	.L10:
 211              		.loc 1 194 0 discriminator 1
 212 0062 1068     		ldr	r0, [r2, #0]
 213 0064 4FF46053 		mov	r3, #14336
 214 0068 8103     		lsls	r1, r0, #14
 215 006a C4F20203 		movt	r3, 16386
 216 006e F8D5     		bpl	.L10
 217              		.loc 1 200 0
 218 0070 5A6F     		ldr	r2, [r3, #116]
 219 0072 42F00101 		orr	r1, r2, #1
 220 0076 5967     		str	r1, [r3, #116]
 221              		.loc 1 201 0
 222 0078 1946     		mov	r1, r3
 223              	.L11:
 224              		.loc 1 201 0 is_stmt 0 discriminator 1
 225 007a 486F     		ldr	r0, [r1, #116]
 226 007c 4FF46053 		mov	r3, #14336
 227 0080 8007     		lsls	r0, r0, #30
 228 0082 C4F20203 		movt	r3, 16386
ARM GAS  C:\Users\RICHRD~1\AppData\Local\Temp\ccACDu9Y.s 			page 5


 229 0086 F8D5     		bpl	.L11
 230              		.loc 1 207 0 is_stmt 1
 231 0088 45F20842 		movw	r2, #21512
 232 008c C0F24072 		movt	r2, 1856
 233 0090 5A60     		str	r2, [r3, #4]
 234              		.loc 1 209 0
 235 0092 1968     		ldr	r1, [r3, #0]
 236              		.loc 1 213 0
 237 0094 4FF4E040 		mov	r0, #28672
 238              		.loc 1 209 0
 239 0098 41F08072 		orr	r2, r1, #16777216
 240 009c 1A60     		str	r2, [r3, #0]
 241              		.loc 1 213 0
 242 009e C4F20000 		movt	r0, 16384
 243              	.L12:
 244              		.loc 1 213 0 is_stmt 0 discriminator 1
 245 00a2 4368     		ldr	r3, [r0, #4]
 246 00a4 5904     		lsls	r1, r3, #17
 247 00a6 FCD5     		bpl	.L12
 248              		.loc 1 229 0 is_stmt 1
 249 00a8 4FF46051 		mov	r1, #14336
 250 00ac C4F20201 		movt	r1, 16386
 251              	.L25:
 252 00b0 0868     		ldr	r0, [r1, #0]
 253 00b2 4FF46053 		mov	r3, #14336
 254 00b6 8201     		lsls	r2, r0, #6
 255 00b8 C4F20203 		movt	r3, 16386
 256 00bc F8D5     		bpl	.L25
 257              		.loc 1 257 0
 258 00be 4FF47052 		mov	r2, #15360
 259 00c2 C4F20202 		movt	r2, 16386
 260              		.loc 1 244 0
 261 00c6 4FF41441 		mov	r1, #37888
 262 00ca C3F60801 		movt	r1, 14344
 263              		.loc 1 257 0
 264 00ce 40F20570 		movw	r0, #1797
 265              		.loc 1 244 0
 266 00d2 9960     		str	r1, [r3, #8]
 267              		.loc 1 257 0
 268 00d4 1060     		str	r0, [r2, #0]
 269              		.loc 1 263 0
 270 00d6 9A68     		ldr	r2, [r3, #8]
 271 00d8 42F00201 		orr	r1, r2, #2
 272 00dc 9960     		str	r1, [r3, #8]
 273              		.loc 1 264 0
 274 00de 1846     		mov	r0, r3
 275              	.L14:
 276              		.loc 1 264 0 is_stmt 0 discriminator 1
 277 00e0 8268     		ldr	r2, [r0, #8]
 278 00e2 02F00C01 		and	r1, r2, #12
 279 00e6 4FF46053 		mov	r3, #14336
 280 00ea 0829     		cmp	r1, #8
 281 00ec C4F20203 		movt	r3, 16386
 282 00f0 F6D1     		bne	.L14
 283              		.loc 1 271 0 is_stmt 1
 284 00f2 586C     		ldr	r0, [r3, #68]
 285 00f4 40F48042 		orr	r2, r0, #16384
ARM GAS  C:\Users\RICHRD~1\AppData\Local\Temp\ccACDu9Y.s 			page 6


 286 00f8 5A64     		str	r2, [r3, #68]
 287 00fa 596E     		ldr	r1, [r3, #100]
 288 00fc 41F48040 		orr	r0, r1, #16384
 289 0100 5866     		str	r0, [r3, #100]
 290 0102 7047     		bx	lr
 291              		.cfi_endproc
 292              	.LFE120:
 293              		.size	stm32_clock_init, .-stm32_clock_init
 294 0104 AFF30080 		.text
 294      AFF30080 
 294      AFF30080 
 295              	.Letext0:
 296              		.file 2 "c:\\chibistudio\\tools\\gnu tools arm embedded\\4.7 2014q2\\bin\\../lib/gcc/arm-none-eabi
 297              		.file 3 "../../../../Chibios/os/ports/common/ARMCMx/nvic.h"
 298              		.file 4 "../../../../Chibios/os/ports/common/ARMCMx/CMSIS/include/core_cm4.h"
 299              		.file 5 "../../../../Chibios/os/hal/platforms/STM32F4xx/stm32f4xx.h"
 300              		.file 6 "../../../../Chibios/os/hal/platforms/STM32F4xx/stm32_dma.h"
 301              		.section	.debug_info,"",%progbits
 302              	.Ldebug_info0:
 303 0000 01050000 		.4byte	0x501
 304 0004 0200     		.2byte	0x2
 305 0006 00000000 		.4byte	.Ldebug_abbrev0
 306 000a 04       		.byte	0x4
 307 000b 01       		.uleb128 0x1
 308 000c F1000000 		.4byte	.LASF68
 309 0010 01       		.byte	0x1
 310 0011 5E010000 		.4byte	.LASF69
 311 0015 01020000 		.4byte	.LASF70
 312 0019 18000000 		.4byte	.Ldebug_ranges0+0x18
 313 001d 00000000 		.4byte	0
 314 0021 00000000 		.4byte	0
 315 0025 00000000 		.4byte	.Ldebug_line0
 316 0029 02       		.uleb128 0x2
 317 002a 04       		.byte	0x4
 318 002b 05       		.byte	0x5
 319 002c 696E7400 		.ascii	"int\000"
 320 0030 03       		.uleb128 0x3
 321 0031 04       		.byte	0x4
 322 0032 07       		.byte	0x7
 323 0033 F4010000 		.4byte	.LASF0
 324 0037 03       		.uleb128 0x3
 325 0038 01       		.byte	0x1
 326 0039 06       		.byte	0x6
 327 003a C8010000 		.4byte	.LASF1
 328 003e 03       		.uleb128 0x3
 329 003f 01       		.byte	0x1
 330 0040 08       		.byte	0x8
 331 0041 B2010000 		.4byte	.LASF2
 332 0045 03       		.uleb128 0x3
 333 0046 02       		.byte	0x2
 334 0047 05       		.byte	0x5
 335 0048 21000000 		.4byte	.LASF3
 336 004c 03       		.uleb128 0x3
 337 004d 02       		.byte	0x2
 338 004e 07       		.byte	0x7
 339 004f 73020000 		.4byte	.LASF4
 340 0053 04       		.uleb128 0x4
ARM GAS  C:\Users\RICHRD~1\AppData\Local\Temp\ccACDu9Y.s 			page 7


 341 0054 9D020000 		.4byte	.LASF6
 342 0058 02       		.byte	0x2
 343 0059 4F       		.byte	0x4f
 344 005a 5E000000 		.4byte	0x5e
 345 005e 03       		.uleb128 0x3
 346 005f 04       		.byte	0x4
 347 0060 05       		.byte	0x5
 348 0061 40010000 		.4byte	.LASF5
 349 0065 04       		.uleb128 0x4
 350 0066 EB010000 		.4byte	.LASF7
 351 006a 02       		.byte	0x2
 352 006b 50       		.byte	0x50
 353 006c 70000000 		.4byte	0x70
 354 0070 03       		.uleb128 0x3
 355 0071 04       		.byte	0x4
 356 0072 07       		.byte	0x7
 357 0073 3F020000 		.4byte	.LASF8
 358 0077 03       		.uleb128 0x3
 359 0078 08       		.byte	0x8
 360 0079 05       		.byte	0x5
 361 007a D6000000 		.4byte	.LASF9
 362 007e 03       		.uleb128 0x3
 363 007f 08       		.byte	0x8
 364 0080 07       		.byte	0x7
 365 0081 D4010000 		.4byte	.LASF10
 366 0085 03       		.uleb128 0x3
 367 0086 01       		.byte	0x1
 368 0087 02       		.byte	0x2
 369 0088 A5020000 		.4byte	.LASF11
 370 008c 04       		.uleb128 0x4
 371 008d C6000000 		.4byte	.LASF12
 372 0091 03       		.byte	0x3
 373 0092 3A       		.byte	0x3a
 374 0093 97000000 		.4byte	0x97
 375 0097 05       		.uleb128 0x5
 376 0098 65000000 		.4byte	0x65
 377 009c 03       		.uleb128 0x3
 378 009d 04       		.byte	0x4
 379 009e 07       		.byte	0x7
 380 009f 2B000000 		.4byte	.LASF13
 381 00a3 06       		.uleb128 0x6
 382 00a4 10       		.byte	0x10
 383 00a5 03       		.byte	0x3
 384 00a6 F1       		.byte	0xf1
 385 00a7 E4000000 		.4byte	0xe4
 386 00ab 07       		.uleb128 0x7
 387 00ac 3A010000 		.4byte	.LASF14
 388 00b0 03       		.byte	0x3
 389 00b1 F2       		.byte	0xf2
 390 00b2 8C000000 		.4byte	0x8c
 391 00b6 02       		.byte	0x2
 392 00b7 23       		.byte	0x23
 393 00b8 00       		.uleb128 0
 394 00b9 07       		.uleb128 0x7
 395 00ba 97000000 		.4byte	.LASF15
 396 00be 03       		.byte	0x3
 397 00bf F3       		.byte	0xf3
ARM GAS  C:\Users\RICHRD~1\AppData\Local\Temp\ccACDu9Y.s 			page 8


 398 00c0 8C000000 		.4byte	0x8c
 399 00c4 02       		.byte	0x2
 400 00c5 23       		.byte	0x23
 401 00c6 04       		.uleb128 0x4
 402 00c7 07       		.uleb128 0x7
 403 00c8 B8000000 		.4byte	.LASF16
 404 00cc 03       		.byte	0x3
 405 00cd F4       		.byte	0xf4
 406 00ce 8C000000 		.4byte	0x8c
 407 00d2 02       		.byte	0x2
 408 00d3 23       		.byte	0x23
 409 00d4 08       		.uleb128 0x8
 410 00d5 07       		.uleb128 0x7
 411 00d6 1B000000 		.4byte	.LASF17
 412 00da 03       		.byte	0x3
 413 00db F5       		.byte	0xf5
 414 00dc 8C000000 		.4byte	0x8c
 415 00e0 02       		.byte	0x2
 416 00e1 23       		.byte	0x23
 417 00e2 0C       		.uleb128 0xc
 418 00e3 00       		.byte	0
 419 00e4 04       		.uleb128 0x4
 420 00e5 95020000 		.4byte	.LASF18
 421 00e9 03       		.byte	0x3
 422 00ea F6       		.byte	0xf6
 423 00eb A3000000 		.4byte	0xa3
 424 00ef 08       		.uleb128 0x8
 425 00f0 20       		.byte	0x20
 426 00f1 03       		.byte	0x3
 427 00f2 0601     		.2byte	0x106
 428 00f4 71010000 		.4byte	0x171
 429 00f8 09       		.uleb128 0x9
 430 00f9 74000000 		.4byte	.LASF19
 431 00fd 03       		.byte	0x3
 432 00fe 0701     		.2byte	0x107
 433 0100 8C000000 		.4byte	0x8c
 434 0104 02       		.byte	0x2
 435 0105 23       		.byte	0x23
 436 0106 00       		.uleb128 0
 437 0107 09       		.uleb128 0x9
 438 0108 E4000000 		.4byte	.LASF20
 439 010c 03       		.byte	0x3
 440 010d 0801     		.2byte	0x108
 441 010f 8C000000 		.4byte	0x8c
 442 0113 02       		.byte	0x2
 443 0114 23       		.byte	0x23
 444 0115 04       		.uleb128 0x4
 445 0116 09       		.uleb128 0x9
 446 0117 88000000 		.4byte	.LASF21
 447 011b 03       		.byte	0x3
 448 011c 0901     		.2byte	0x109
 449 011e 8C000000 		.4byte	0x8c
 450 0122 02       		.byte	0x2
 451 0123 23       		.byte	0x23
 452 0124 08       		.uleb128 0x8
 453 0125 09       		.uleb128 0x9
 454 0126 AB010000 		.4byte	.LASF22
ARM GAS  C:\Users\RICHRD~1\AppData\Local\Temp\ccACDu9Y.s 			page 9


 455 012a 03       		.byte	0x3
 456 012b 0A01     		.2byte	0x10a
 457 012d 8C000000 		.4byte	0x8c
 458 0131 02       		.byte	0x2
 459 0132 23       		.byte	0x23
 460 0133 0C       		.uleb128 0xc
 461 0134 09       		.uleb128 0x9
 462 0135 03030000 		.4byte	.LASF23
 463 0139 03       		.byte	0x3
 464 013a 0B01     		.2byte	0x10b
 465 013c 8C000000 		.4byte	0x8c
 466 0140 02       		.byte	0x2
 467 0141 23       		.byte	0x23
 468 0142 10       		.uleb128 0x10
 469 0143 09       		.uleb128 0x9
 470 0144 1D030000 		.4byte	.LASF24
 471 0148 03       		.byte	0x3
 472 0149 0C01     		.2byte	0x10c
 473 014b 8C000000 		.4byte	0x8c
 474 014f 02       		.byte	0x2
 475 0150 23       		.byte	0x23
 476 0151 14       		.uleb128 0x14
 477 0152 09       		.uleb128 0x9
 478 0153 3E000000 		.4byte	.LASF25
 479 0157 03       		.byte	0x3
 480 0158 0D01     		.2byte	0x10d
 481 015a 8C000000 		.4byte	0x8c
 482 015e 02       		.byte	0x2
 483 015f 23       		.byte	0x23
 484 0160 18       		.uleb128 0x18
 485 0161 09       		.uleb128 0x9
 486 0162 39000000 		.4byte	.LASF26
 487 0166 03       		.byte	0x3
 488 0167 0E01     		.2byte	0x10e
 489 0169 8C000000 		.4byte	0x8c
 490 016d 02       		.byte	0x2
 491 016e 23       		.byte	0x23
 492 016f 1C       		.uleb128 0x1c
 493 0170 00       		.byte	0
 494 0171 0A       		.uleb128 0xa
 495 0172 5D000000 		.4byte	.LASF27
 496 0176 03       		.byte	0x3
 497 0177 0F01     		.2byte	0x10f
 498 0179 EF000000 		.4byte	0xef
 499 017d 03       		.uleb128 0x3
 500 017e 01       		.byte	0x1
 501 017f 08       		.byte	0x8
 502 0180 90020000 		.4byte	.LASF28
 503 0184 0B       		.uleb128 0xb
 504 0185 97000000 		.4byte	0x97
 505 0189 0C       		.uleb128 0xc
 506 018a 65000000 		.4byte	0x65
 507 018e 99010000 		.4byte	0x199
 508 0192 0D       		.uleb128 0xd
 509 0193 9C000000 		.4byte	0x9c
 510 0197 01       		.byte	0x1
 511 0198 00       		.byte	0
ARM GAS  C:\Users\RICHRD~1\AppData\Local\Temp\ccACDu9Y.s 			page 10


 512 0199 08       		.uleb128 0x8
 513 019a 10       		.byte	0x10
 514 019b 04       		.byte	0x4
 515 019c 6002     		.2byte	0x260
 516 019e DF010000 		.4byte	0x1df
 517 01a2 09       		.uleb128 0x9
 518 01a3 74000000 		.4byte	.LASF19
 519 01a7 04       		.byte	0x4
 520 01a8 6202     		.2byte	0x262
 521 01aa 97000000 		.4byte	0x97
 522 01ae 02       		.byte	0x2
 523 01af 23       		.byte	0x23
 524 01b0 00       		.uleb128 0
 525 01b1 09       		.uleb128 0x9
 526 01b2 24030000 		.4byte	.LASF29
 527 01b6 04       		.byte	0x4
 528 01b7 6302     		.2byte	0x263
 529 01b9 97000000 		.4byte	0x97
 530 01bd 02       		.byte	0x2
 531 01be 23       		.byte	0x23
 532 01bf 04       		.uleb128 0x4
 533 01c0 0E       		.uleb128 0xe
 534 01c1 56414C00 		.ascii	"VAL\000"
 535 01c5 04       		.byte	0x4
 536 01c6 6402     		.2byte	0x264
 537 01c8 97000000 		.4byte	0x97
 538 01cc 02       		.byte	0x2
 539 01cd 23       		.byte	0x23
 540 01ce 08       		.uleb128 0x8
 541 01cf 09       		.uleb128 0x9
 542 01d0 EB000000 		.4byte	.LASF30
 543 01d4 04       		.byte	0x4
 544 01d5 6502     		.2byte	0x265
 545 01d7 84010000 		.4byte	0x184
 546 01db 02       		.byte	0x2
 547 01dc 23       		.byte	0x23
 548 01dd 0C       		.uleb128 0xc
 549 01de 00       		.byte	0
 550 01df 0A       		.uleb128 0xa
 551 01e0 66020000 		.4byte	.LASF31
 552 01e4 04       		.byte	0x4
 553 01e5 6602     		.2byte	0x266
 554 01e7 99010000 		.4byte	0x199
 555 01eb 05       		.uleb128 0x5
 556 01ec 53000000 		.4byte	0x53
 557 01f0 08       		.uleb128 0x8
 558 01f1 1C       		.byte	0x1c
 559 01f2 05       		.byte	0x5
 560 01f3 3E03     		.2byte	0x33e
 561 01f5 61020000 		.4byte	0x261
 562 01f9 0E       		.uleb128 0xe
 563 01fa 41435200 		.ascii	"ACR\000"
 564 01fe 05       		.byte	0x5
 565 01ff 4003     		.2byte	0x340
 566 0201 97000000 		.4byte	0x97
 567 0205 02       		.byte	0x2
 568 0206 23       		.byte	0x23
ARM GAS  C:\Users\RICHRD~1\AppData\Local\Temp\ccACDu9Y.s 			page 11


 569 0207 00       		.uleb128 0
 570 0208 09       		.uleb128 0x9
 571 0209 A6010000 		.4byte	.LASF32
 572 020d 05       		.byte	0x5
 573 020e 4103     		.2byte	0x341
 574 0210 97000000 		.4byte	0x97
 575 0214 02       		.byte	0x2
 576 0215 23       		.byte	0x23
 577 0216 04       		.uleb128 0x4
 578 0217 09       		.uleb128 0x9
 579 0218 CE000000 		.4byte	.LASF33
 580 021c 05       		.byte	0x5
 581 021d 4203     		.2byte	0x342
 582 021f 97000000 		.4byte	0x97
 583 0223 02       		.byte	0x2
 584 0224 23       		.byte	0x23
 585 0225 08       		.uleb128 0x8
 586 0226 0E       		.uleb128 0xe
 587 0227 535200   		.ascii	"SR\000"
 588 022a 05       		.byte	0x5
 589 022b 4303     		.2byte	0x343
 590 022d 97000000 		.4byte	0x97
 591 0231 02       		.byte	0x2
 592 0232 23       		.byte	0x23
 593 0233 0C       		.uleb128 0xc
 594 0234 0E       		.uleb128 0xe
 595 0235 435200   		.ascii	"CR\000"
 596 0238 05       		.byte	0x5
 597 0239 4403     		.2byte	0x344
 598 023b 97000000 		.4byte	0x97
 599 023f 02       		.byte	0x2
 600 0240 23       		.byte	0x23
 601 0241 10       		.uleb128 0x10
 602 0242 09       		.uleb128 0x9
 603 0243 73030000 		.4byte	.LASF34
 604 0247 05       		.byte	0x5
 605 0248 4503     		.2byte	0x345
 606 024a 97000000 		.4byte	0x97
 607 024e 02       		.byte	0x2
 608 024f 23       		.byte	0x23
 609 0250 14       		.uleb128 0x14
 610 0251 09       		.uleb128 0x9
 611 0252 97010000 		.4byte	.LASF35
 612 0256 05       		.byte	0x5
 613 0257 4603     		.2byte	0x346
 614 0259 97000000 		.4byte	0x97
 615 025d 02       		.byte	0x2
 616 025e 23       		.byte	0x23
 617 025f 18       		.uleb128 0x18
 618 0260 00       		.byte	0
 619 0261 0A       		.uleb128 0xa
 620 0262 43030000 		.4byte	.LASF36
 621 0266 05       		.byte	0x5
 622 0267 4703     		.2byte	0x347
 623 0269 F0010000 		.4byte	0x1f0
 624 026d 08       		.uleb128 0x8
 625 026e 08       		.byte	0x8
ARM GAS  C:\Users\RICHRD~1\AppData\Local\Temp\ccACDu9Y.s 			page 12


 626 026f 05       		.byte	0x5
 627 0270 4E04     		.2byte	0x44e
 628 0272 94020000 		.4byte	0x294
 629 0276 0E       		.uleb128 0xe
 630 0277 435200   		.ascii	"CR\000"
 631 027a 05       		.byte	0x5
 632 027b 5004     		.2byte	0x450
 633 027d 97000000 		.4byte	0x97
 634 0281 02       		.byte	0x2
 635 0282 23       		.byte	0x23
 636 0283 00       		.uleb128 0
 637 0284 0E       		.uleb128 0xe
 638 0285 43535200 		.ascii	"CSR\000"
 639 0289 05       		.byte	0x5
 640 028a 5104     		.2byte	0x451
 641 028c 97000000 		.4byte	0x97
 642 0290 02       		.byte	0x2
 643 0291 23       		.byte	0x23
 644 0292 04       		.uleb128 0x4
 645 0293 00       		.byte	0
 646 0294 0A       		.uleb128 0xa
 647 0295 51000000 		.4byte	.LASF37
 648 0299 05       		.byte	0x5
 649 029a 5204     		.2byte	0x452
 650 029c 6D020000 		.4byte	0x26d
 651 02a0 08       		.uleb128 0x8
 652 02a1 90       		.byte	0x90
 653 02a2 05       		.byte	0x5
 654 02a3 5804     		.2byte	0x458
 655 02a5 8D040000 		.4byte	0x48d
 656 02a9 0E       		.uleb128 0xe
 657 02aa 435200   		.ascii	"CR\000"
 658 02ad 05       		.byte	0x5
 659 02ae 5A04     		.2byte	0x45a
 660 02b0 97000000 		.4byte	0x97
 661 02b4 02       		.byte	0x2
 662 02b5 23       		.byte	0x23
 663 02b6 00       		.uleb128 0
 664 02b7 09       		.uleb128 0x9
 665 02b8 5E020000 		.4byte	.LASF38
 666 02bc 05       		.byte	0x5
 667 02bd 5B04     		.2byte	0x45b
 668 02bf 97000000 		.4byte	0x97
 669 02c3 02       		.byte	0x2
 670 02c4 23       		.byte	0x23
 671 02c5 04       		.uleb128 0x4
 672 02c6 09       		.uleb128 0x9
 673 02c7 83000000 		.4byte	.LASF39
 674 02cb 05       		.byte	0x5
 675 02cc 5C04     		.2byte	0x45c
 676 02ce 97000000 		.4byte	0x97
 677 02d2 02       		.byte	0x2
 678 02d3 23       		.byte	0x23
 679 02d4 08       		.uleb128 0x8
 680 02d5 0E       		.uleb128 0xe
 681 02d6 43495200 		.ascii	"CIR\000"
 682 02da 05       		.byte	0x5
ARM GAS  C:\Users\RICHRD~1\AppData\Local\Temp\ccACDu9Y.s 			page 13


 683 02db 5D04     		.2byte	0x45d
 684 02dd 97000000 		.4byte	0x97
 685 02e1 02       		.byte	0x2
 686 02e2 23       		.byte	0x23
 687 02e3 0C       		.uleb128 0xc
 688 02e4 09       		.uleb128 0x9
 689 02e5 29030000 		.4byte	.LASF40
 690 02e9 05       		.byte	0x5
 691 02ea 5E04     		.2byte	0x45e
 692 02ec 97000000 		.4byte	0x97
 693 02f0 02       		.byte	0x2
 694 02f1 23       		.byte	0x23
 695 02f2 10       		.uleb128 0x10
 696 02f3 09       		.uleb128 0x9
 697 02f4 6B000000 		.4byte	.LASF41
 698 02f8 05       		.byte	0x5
 699 02f9 5F04     		.2byte	0x45f
 700 02fb 97000000 		.4byte	0x97
 701 02ff 02       		.byte	0x2
 702 0300 23       		.byte	0x23
 703 0301 14       		.uleb128 0x14
 704 0302 09       		.uleb128 0x9
 705 0303 3A030000 		.4byte	.LASF42
 706 0307 05       		.byte	0x5
 707 0308 6004     		.2byte	0x460
 708 030a 97000000 		.4byte	0x97
 709 030e 02       		.byte	0x2
 710 030f 23       		.byte	0x23
 711 0310 18       		.uleb128 0x18
 712 0311 09       		.uleb128 0x9
 713 0312 BD020000 		.4byte	.LASF43
 714 0316 05       		.byte	0x5
 715 0317 6104     		.2byte	0x461
 716 0319 65000000 		.4byte	0x65
 717 031d 02       		.byte	0x2
 718 031e 23       		.byte	0x23
 719 031f 1C       		.uleb128 0x1c
 720 0320 09       		.uleb128 0x9
 721 0321 0A000000 		.4byte	.LASF44
 722 0325 05       		.byte	0x5
 723 0326 6204     		.2byte	0x462
 724 0328 97000000 		.4byte	0x97
 725 032c 02       		.byte	0x2
 726 032d 23       		.byte	0x23
 727 032e 20       		.uleb128 0x20
 728 032f 09       		.uleb128 0x9
 729 0330 55010000 		.4byte	.LASF45
 730 0334 05       		.byte	0x5
 731 0335 6304     		.2byte	0x463
 732 0337 97000000 		.4byte	0x97
 733 033b 02       		.byte	0x2
 734 033c 23       		.byte	0x23
 735 033d 24       		.uleb128 0x24
 736 033e 09       		.uleb128 0x9
 737 033f C7020000 		.4byte	.LASF46
 738 0343 05       		.byte	0x5
 739 0344 6404     		.2byte	0x464
ARM GAS  C:\Users\RICHRD~1\AppData\Local\Temp\ccACDu9Y.s 			page 14


 740 0346 89010000 		.4byte	0x189
 741 034a 02       		.byte	0x2
 742 034b 23       		.byte	0x23
 743 034c 28       		.uleb128 0x28
 744 034d 09       		.uleb128 0x9
 745 034e 32030000 		.4byte	.LASF47
 746 0352 05       		.byte	0x5
 747 0353 6504     		.2byte	0x465
 748 0355 97000000 		.4byte	0x97
 749 0359 02       		.byte	0x2
 750 035a 23       		.byte	0x23
 751 035b 30       		.uleb128 0x30
 752 035c 09       		.uleb128 0x9
 753 035d 13000000 		.4byte	.LASF48
 754 0361 05       		.byte	0x5
 755 0362 6604     		.2byte	0x466
 756 0364 97000000 		.4byte	0x97
 757 0368 02       		.byte	0x2
 758 0369 23       		.byte	0x23
 759 036a 34       		.uleb128 0x34
 760 036b 09       		.uleb128 0x9
 761 036c 9E010000 		.4byte	.LASF49
 762 0370 05       		.byte	0x5
 763 0371 6704     		.2byte	0x467
 764 0373 97000000 		.4byte	0x97
 765 0377 02       		.byte	0x2
 766 0378 23       		.byte	0x23
 767 0379 38       		.uleb128 0x38
 768 037a 09       		.uleb128 0x9
 769 037b D1020000 		.4byte	.LASF50
 770 037f 05       		.byte	0x5
 771 0380 6804     		.2byte	0x468
 772 0382 65000000 		.4byte	0x65
 773 0386 02       		.byte	0x2
 774 0387 23       		.byte	0x23
 775 0388 3C       		.uleb128 0x3c
 776 0389 09       		.uleb128 0x9
 777 038a 8F000000 		.4byte	.LASF51
 778 038e 05       		.byte	0x5
 779 038f 6904     		.2byte	0x469
 780 0391 97000000 		.4byte	0x97
 781 0395 02       		.byte	0x2
 782 0396 23       		.byte	0x23
 783 0397 40       		.uleb128 0x40
 784 0398 09       		.uleb128 0x9
 785 0399 C0010000 		.4byte	.LASF52
 786 039d 05       		.byte	0x5
 787 039e 6A04     		.2byte	0x46a
 788 03a0 97000000 		.4byte	0x97
 789 03a4 02       		.byte	0x2
 790 03a5 23       		.byte	0x23
 791 03a6 44       		.uleb128 0x44
 792 03a7 09       		.uleb128 0x9
 793 03a8 DB020000 		.4byte	.LASF53
 794 03ac 05       		.byte	0x5
 795 03ad 6B04     		.2byte	0x46b
 796 03af 89010000 		.4byte	0x189
ARM GAS  C:\Users\RICHRD~1\AppData\Local\Temp\ccACDu9Y.s 			page 15


 797 03b3 02       		.byte	0x2
 798 03b4 23       		.byte	0x23
 799 03b5 48       		.uleb128 0x48
 800 03b6 09       		.uleb128 0x9
 801 03b7 00000000 		.4byte	.LASF54
 802 03bb 05       		.byte	0x5
 803 03bc 6C04     		.2byte	0x46c
 804 03be 97000000 		.4byte	0x97
 805 03c2 02       		.byte	0x2
 806 03c3 23       		.byte	0x23
 807 03c4 50       		.uleb128 0x50
 808 03c5 09       		.uleb128 0x9
 809 03c6 AB020000 		.4byte	.LASF55
 810 03ca 05       		.byte	0x5
 811 03cb 6D04     		.2byte	0x46d
 812 03cd 97000000 		.4byte	0x97
 813 03d1 02       		.byte	0x2
 814 03d2 23       		.byte	0x23
 815 03d3 54       		.uleb128 0x54
 816 03d4 09       		.uleb128 0x9
 817 03d5 79000000 		.4byte	.LASF56
 818 03d9 05       		.byte	0x5
 819 03da 6E04     		.2byte	0x46e
 820 03dc 97000000 		.4byte	0x97
 821 03e0 02       		.byte	0x2
 822 03e1 23       		.byte	0x23
 823 03e2 58       		.uleb128 0x58
 824 03e3 09       		.uleb128 0x9
 825 03e4 E5020000 		.4byte	.LASF57
 826 03e8 05       		.byte	0x5
 827 03e9 6F04     		.2byte	0x46f
 828 03eb 65000000 		.4byte	0x65
 829 03ef 02       		.byte	0x2
 830 03f0 23       		.byte	0x23
 831 03f1 5C       		.uleb128 0x5c
 832 03f2 09       		.uleb128 0x9
 833 03f3 86020000 		.4byte	.LASF58
 834 03f7 05       		.byte	0x5
 835 03f8 7004     		.2byte	0x470
 836 03fa 97000000 		.4byte	0x97
 837 03fe 02       		.byte	0x2
 838 03ff 23       		.byte	0x23
 839 0400 60       		.uleb128 0x60
 840 0401 09       		.uleb128 0x9
 841 0402 69030000 		.4byte	.LASF59
 842 0406 05       		.byte	0x5
 843 0407 7104     		.2byte	0x471
 844 0409 97000000 		.4byte	0x97
 845 040d 02       		.byte	0x2
 846 040e 23       		.byte	0x23
 847 040f 64       		.uleb128 0x64
 848 0410 09       		.uleb128 0x9
 849 0411 EF020000 		.4byte	.LASF60
 850 0415 05       		.byte	0x5
 851 0416 7204     		.2byte	0x472
 852 0418 89010000 		.4byte	0x189
 853 041c 02       		.byte	0x2
ARM GAS  C:\Users\RICHRD~1\AppData\Local\Temp\ccACDu9Y.s 			page 16


 854 041d 23       		.byte	0x23
 855 041e 68       		.uleb128 0x68
 856 041f 09       		.uleb128 0x9
 857 0420 34000000 		.4byte	.LASF61
 858 0424 05       		.byte	0x5
 859 0425 7304     		.2byte	0x473
 860 0427 97000000 		.4byte	0x97
 861 042b 02       		.byte	0x2
 862 042c 23       		.byte	0x23
 863 042d 70       		.uleb128 0x70
 864 042e 0E       		.uleb128 0xe
 865 042f 43535200 		.ascii	"CSR\000"
 866 0433 05       		.byte	0x5
 867 0434 7404     		.2byte	0x474
 868 0436 97000000 		.4byte	0x97
 869 043a 02       		.byte	0x2
 870 043b 23       		.byte	0x23
 871 043c 74       		.uleb128 0x74
 872 043d 09       		.uleb128 0x9
 873 043e F9020000 		.4byte	.LASF62
 874 0442 05       		.byte	0x5
 875 0443 7504     		.2byte	0x475
 876 0445 89010000 		.4byte	0x189
 877 0449 02       		.byte	0x2
 878 044a 23       		.byte	0x23
 879 044b 78       		.uleb128 0x78
 880 044c 09       		.uleb128 0x9
 881 044d 65000000 		.4byte	.LASF63
 882 0451 05       		.byte	0x5
 883 0452 7604     		.2byte	0x476
 884 0454 97000000 		.4byte	0x97
 885 0458 03       		.byte	0x3
 886 0459 23       		.byte	0x23
 887 045a 8001     		.uleb128 0x80
 888 045c 09       		.uleb128 0x9
 889 045d 46000000 		.4byte	.LASF64
 890 0461 05       		.byte	0x5
 891 0462 7704     		.2byte	0x477
 892 0464 97000000 		.4byte	0x97
 893 0468 03       		.byte	0x3
 894 0469 23       		.byte	0x23
 895 046a 8401     		.uleb128 0x84
 896 046c 09       		.uleb128 0x9
 897 046d 5E030000 		.4byte	.LASF65
 898 0471 05       		.byte	0x5
 899 0472 7804     		.2byte	0x478
 900 0474 97000000 		.4byte	0x97
 901 0478 03       		.byte	0x3
 902 0479 23       		.byte	0x23
 903 047a 8801     		.uleb128 0x88
 904 047c 09       		.uleb128 0x9
 905 047d BE000000 		.4byte	.LASF66
 906 0481 05       		.byte	0x5
 907 0482 7904     		.2byte	0x479
 908 0484 97000000 		.4byte	0x97
 909 0488 03       		.byte	0x3
 910 0489 23       		.byte	0x23
ARM GAS  C:\Users\RICHRD~1\AppData\Local\Temp\ccACDu9Y.s 			page 17


 911 048a 8C01     		.uleb128 0x8c
 912 048c 00       		.byte	0
 913 048d 0A       		.uleb128 0xa
 914 048e 49010000 		.4byte	.LASF67
 915 0492 05       		.byte	0x5
 916 0493 7B04     		.2byte	0x47b
 917 0495 A0020000 		.4byte	0x2a0
 918 0499 0F       		.uleb128 0xf
 919 049a 9D000000 		.4byte	.LASF71
 920 049e 01       		.byte	0x1
 921 049f 33       		.byte	0x33
 922 04a0 01       		.byte	0x1
 923 04a1 01       		.byte	0x1
 924 04a2 10       		.uleb128 0x10
 925 04a3 01       		.byte	0x1
 926 04a4 51020000 		.4byte	.LASF72
 927 04a8 01       		.byte	0x1
 928 04a9 6F       		.byte	0x6f
 929 04aa 01       		.byte	0x1
 930 04ab 00000000 		.4byte	.LFB119
 931 04af A6000000 		.4byte	.LFE119
 932 04b3 00000000 		.4byte	.LLST0
 933 04b7 01       		.byte	0x1
 934 04b8 D6040000 		.4byte	0x4d6
 935 04bc 11       		.uleb128 0x11
 936 04bd 99040000 		.4byte	0x499
 937 04c1 66000000 		.4byte	.LBB4
 938 04c5 00000000 		.4byte	.Ldebug_ranges0+0
 939 04c9 01       		.byte	0x1
 940 04ca 87       		.byte	0x87
 941 04cb 12       		.uleb128 0x12
 942 04cc A6000000 		.4byte	.LVL0
 943 04d0 01       		.byte	0x1
 944 04d1 F9040000 		.4byte	0x4f9
 945 04d5 00       		.byte	0
 946 04d6 13       		.uleb128 0x13
 947 04d7 01       		.byte	0x1
 948 04d8 0C030000 		.4byte	.LASF73
 949 04dc 01       		.byte	0x1
 950 04dd 9A       		.byte	0x9a
 951 04de 01       		.byte	0x1
 952 04df 00000000 		.4byte	.LFB120
 953 04e3 04010000 		.4byte	.LFE120
 954 04e7 02       		.byte	0x2
 955 04e8 7D       		.byte	0x7d
 956 04e9 00       		.sleb128 0
 957 04ea 01       		.byte	0x1
 958 04eb 14       		.uleb128 0x14
 959 04ec 51030000 		.4byte	.LASF74
 960 04f0 04       		.byte	0x4
 961 04f1 9806     		.2byte	0x698
 962 04f3 EB010000 		.4byte	0x1eb
 963 04f7 01       		.byte	0x1
 964 04f8 01       		.byte	0x1
 965 04f9 15       		.uleb128 0x15
 966 04fa 01       		.byte	0x1
 967 04fb B5020000 		.4byte	.LASF75
ARM GAS  C:\Users\RICHRD~1\AppData\Local\Temp\ccACDu9Y.s 			page 18


 968 04ff 06       		.byte	0x6
 969 0500 C101     		.2byte	0x1c1
 970 0502 01       		.byte	0x1
 971 0503 01       		.byte	0x1
 972 0504 00       		.byte	0
 973              		.section	.debug_abbrev,"",%progbits
 974              	.Ldebug_abbrev0:
 975 0000 01       		.uleb128 0x1
 976 0001 11       		.uleb128 0x11
 977 0002 01       		.byte	0x1
 978 0003 25       		.uleb128 0x25
 979 0004 0E       		.uleb128 0xe
 980 0005 13       		.uleb128 0x13
 981 0006 0B       		.uleb128 0xb
 982 0007 03       		.uleb128 0x3
 983 0008 0E       		.uleb128 0xe
 984 0009 1B       		.uleb128 0x1b
 985 000a 0E       		.uleb128 0xe
 986 000b 55       		.uleb128 0x55
 987 000c 06       		.uleb128 0x6
 988 000d 11       		.uleb128 0x11
 989 000e 01       		.uleb128 0x1
 990 000f 52       		.uleb128 0x52
 991 0010 01       		.uleb128 0x1
 992 0011 10       		.uleb128 0x10
 993 0012 06       		.uleb128 0x6
 994 0013 00       		.byte	0
 995 0014 00       		.byte	0
 996 0015 02       		.uleb128 0x2
 997 0016 24       		.uleb128 0x24
 998 0017 00       		.byte	0
 999 0018 0B       		.uleb128 0xb
 1000 0019 0B       		.uleb128 0xb
 1001 001a 3E       		.uleb128 0x3e
 1002 001b 0B       		.uleb128 0xb
 1003 001c 03       		.uleb128 0x3
 1004 001d 08       		.uleb128 0x8
 1005 001e 00       		.byte	0
 1006 001f 00       		.byte	0
 1007 0020 03       		.uleb128 0x3
 1008 0021 24       		.uleb128 0x24
 1009 0022 00       		.byte	0
 1010 0023 0B       		.uleb128 0xb
 1011 0024 0B       		.uleb128 0xb
 1012 0025 3E       		.uleb128 0x3e
 1013 0026 0B       		.uleb128 0xb
 1014 0027 03       		.uleb128 0x3
 1015 0028 0E       		.uleb128 0xe
 1016 0029 00       		.byte	0
 1017 002a 00       		.byte	0
 1018 002b 04       		.uleb128 0x4
 1019 002c 16       		.uleb128 0x16
 1020 002d 00       		.byte	0
 1021 002e 03       		.uleb128 0x3
 1022 002f 0E       		.uleb128 0xe
 1023 0030 3A       		.uleb128 0x3a
 1024 0031 0B       		.uleb128 0xb
ARM GAS  C:\Users\RICHRD~1\AppData\Local\Temp\ccACDu9Y.s 			page 19


 1025 0032 3B       		.uleb128 0x3b
 1026 0033 0B       		.uleb128 0xb
 1027 0034 49       		.uleb128 0x49
 1028 0035 13       		.uleb128 0x13
 1029 0036 00       		.byte	0
 1030 0037 00       		.byte	0
 1031 0038 05       		.uleb128 0x5
 1032 0039 35       		.uleb128 0x35
 1033 003a 00       		.byte	0
 1034 003b 49       		.uleb128 0x49
 1035 003c 13       		.uleb128 0x13
 1036 003d 00       		.byte	0
 1037 003e 00       		.byte	0
 1038 003f 06       		.uleb128 0x6
 1039 0040 13       		.uleb128 0x13
 1040 0041 01       		.byte	0x1
 1041 0042 0B       		.uleb128 0xb
 1042 0043 0B       		.uleb128 0xb
 1043 0044 3A       		.uleb128 0x3a
 1044 0045 0B       		.uleb128 0xb
 1045 0046 3B       		.uleb128 0x3b
 1046 0047 0B       		.uleb128 0xb
 1047 0048 01       		.uleb128 0x1
 1048 0049 13       		.uleb128 0x13
 1049 004a 00       		.byte	0
 1050 004b 00       		.byte	0
 1051 004c 07       		.uleb128 0x7
 1052 004d 0D       		.uleb128 0xd
 1053 004e 00       		.byte	0
 1054 004f 03       		.uleb128 0x3
 1055 0050 0E       		.uleb128 0xe
 1056 0051 3A       		.uleb128 0x3a
 1057 0052 0B       		.uleb128 0xb
 1058 0053 3B       		.uleb128 0x3b
 1059 0054 0B       		.uleb128 0xb
 1060 0055 49       		.uleb128 0x49
 1061 0056 13       		.uleb128 0x13
 1062 0057 38       		.uleb128 0x38
 1063 0058 0A       		.uleb128 0xa
 1064 0059 00       		.byte	0
 1065 005a 00       		.byte	0
 1066 005b 08       		.uleb128 0x8
 1067 005c 13       		.uleb128 0x13
 1068 005d 01       		.byte	0x1
 1069 005e 0B       		.uleb128 0xb
 1070 005f 0B       		.uleb128 0xb
 1071 0060 3A       		.uleb128 0x3a
 1072 0061 0B       		.uleb128 0xb
 1073 0062 3B       		.uleb128 0x3b
 1074 0063 05       		.uleb128 0x5
 1075 0064 01       		.uleb128 0x1
 1076 0065 13       		.uleb128 0x13
 1077 0066 00       		.byte	0
 1078 0067 00       		.byte	0
 1079 0068 09       		.uleb128 0x9
 1080 0069 0D       		.uleb128 0xd
 1081 006a 00       		.byte	0
ARM GAS  C:\Users\RICHRD~1\AppData\Local\Temp\ccACDu9Y.s 			page 20


 1082 006b 03       		.uleb128 0x3
 1083 006c 0E       		.uleb128 0xe
 1084 006d 3A       		.uleb128 0x3a
 1085 006e 0B       		.uleb128 0xb
 1086 006f 3B       		.uleb128 0x3b
 1087 0070 05       		.uleb128 0x5
 1088 0071 49       		.uleb128 0x49
 1089 0072 13       		.uleb128 0x13
 1090 0073 38       		.uleb128 0x38
 1091 0074 0A       		.uleb128 0xa
 1092 0075 00       		.byte	0
 1093 0076 00       		.byte	0
 1094 0077 0A       		.uleb128 0xa
 1095 0078 16       		.uleb128 0x16
 1096 0079 00       		.byte	0
 1097 007a 03       		.uleb128 0x3
 1098 007b 0E       		.uleb128 0xe
 1099 007c 3A       		.uleb128 0x3a
 1100 007d 0B       		.uleb128 0xb
 1101 007e 3B       		.uleb128 0x3b
 1102 007f 05       		.uleb128 0x5
 1103 0080 49       		.uleb128 0x49
 1104 0081 13       		.uleb128 0x13
 1105 0082 00       		.byte	0
 1106 0083 00       		.byte	0
 1107 0084 0B       		.uleb128 0xb
 1108 0085 26       		.uleb128 0x26
 1109 0086 00       		.byte	0
 1110 0087 49       		.uleb128 0x49
 1111 0088 13       		.uleb128 0x13
 1112 0089 00       		.byte	0
 1113 008a 00       		.byte	0
 1114 008b 0C       		.uleb128 0xc
 1115 008c 01       		.uleb128 0x1
 1116 008d 01       		.byte	0x1
 1117 008e 49       		.uleb128 0x49
 1118 008f 13       		.uleb128 0x13
 1119 0090 01       		.uleb128 0x1
 1120 0091 13       		.uleb128 0x13
 1121 0092 00       		.byte	0
 1122 0093 00       		.byte	0
 1123 0094 0D       		.uleb128 0xd
 1124 0095 21       		.uleb128 0x21
 1125 0096 00       		.byte	0
 1126 0097 49       		.uleb128 0x49
 1127 0098 13       		.uleb128 0x13
 1128 0099 2F       		.uleb128 0x2f
 1129 009a 0B       		.uleb128 0xb
 1130 009b 00       		.byte	0
 1131 009c 00       		.byte	0
 1132 009d 0E       		.uleb128 0xe
 1133 009e 0D       		.uleb128 0xd
 1134 009f 00       		.byte	0
 1135 00a0 03       		.uleb128 0x3
 1136 00a1 08       		.uleb128 0x8
 1137 00a2 3A       		.uleb128 0x3a
 1138 00a3 0B       		.uleb128 0xb
ARM GAS  C:\Users\RICHRD~1\AppData\Local\Temp\ccACDu9Y.s 			page 21


 1139 00a4 3B       		.uleb128 0x3b
 1140 00a5 05       		.uleb128 0x5
 1141 00a6 49       		.uleb128 0x49
 1142 00a7 13       		.uleb128 0x13
 1143 00a8 38       		.uleb128 0x38
 1144 00a9 0A       		.uleb128 0xa
 1145 00aa 00       		.byte	0
 1146 00ab 00       		.byte	0
 1147 00ac 0F       		.uleb128 0xf
 1148 00ad 2E       		.uleb128 0x2e
 1149 00ae 00       		.byte	0
 1150 00af 03       		.uleb128 0x3
 1151 00b0 0E       		.uleb128 0xe
 1152 00b1 3A       		.uleb128 0x3a
 1153 00b2 0B       		.uleb128 0xb
 1154 00b3 3B       		.uleb128 0x3b
 1155 00b4 0B       		.uleb128 0xb
 1156 00b5 27       		.uleb128 0x27
 1157 00b6 0C       		.uleb128 0xc
 1158 00b7 20       		.uleb128 0x20
 1159 00b8 0B       		.uleb128 0xb
 1160 00b9 00       		.byte	0
 1161 00ba 00       		.byte	0
 1162 00bb 10       		.uleb128 0x10
 1163 00bc 2E       		.uleb128 0x2e
 1164 00bd 01       		.byte	0x1
 1165 00be 3F       		.uleb128 0x3f
 1166 00bf 0C       		.uleb128 0xc
 1167 00c0 03       		.uleb128 0x3
 1168 00c1 0E       		.uleb128 0xe
 1169 00c2 3A       		.uleb128 0x3a
 1170 00c3 0B       		.uleb128 0xb
 1171 00c4 3B       		.uleb128 0x3b
 1172 00c5 0B       		.uleb128 0xb
 1173 00c6 27       		.uleb128 0x27
 1174 00c7 0C       		.uleb128 0xc
 1175 00c8 11       		.uleb128 0x11
 1176 00c9 01       		.uleb128 0x1
 1177 00ca 12       		.uleb128 0x12
 1178 00cb 01       		.uleb128 0x1
 1179 00cc 40       		.uleb128 0x40
 1180 00cd 06       		.uleb128 0x6
 1181 00ce 9742     		.uleb128 0x2117
 1182 00d0 0C       		.uleb128 0xc
 1183 00d1 01       		.uleb128 0x1
 1184 00d2 13       		.uleb128 0x13
 1185 00d3 00       		.byte	0
 1186 00d4 00       		.byte	0
 1187 00d5 11       		.uleb128 0x11
 1188 00d6 1D       		.uleb128 0x1d
 1189 00d7 00       		.byte	0
 1190 00d8 31       		.uleb128 0x31
 1191 00d9 13       		.uleb128 0x13
 1192 00da 52       		.uleb128 0x52
 1193 00db 01       		.uleb128 0x1
 1194 00dc 55       		.uleb128 0x55
 1195 00dd 06       		.uleb128 0x6
ARM GAS  C:\Users\RICHRD~1\AppData\Local\Temp\ccACDu9Y.s 			page 22


 1196 00de 58       		.uleb128 0x58
 1197 00df 0B       		.uleb128 0xb
 1198 00e0 59       		.uleb128 0x59
 1199 00e1 0B       		.uleb128 0xb
 1200 00e2 00       		.byte	0
 1201 00e3 00       		.byte	0
 1202 00e4 12       		.uleb128 0x12
 1203 00e5 898201   		.uleb128 0x4109
 1204 00e8 00       		.byte	0
 1205 00e9 11       		.uleb128 0x11
 1206 00ea 01       		.uleb128 0x1
 1207 00eb 9542     		.uleb128 0x2115
 1208 00ed 0C       		.uleb128 0xc
 1209 00ee 31       		.uleb128 0x31
 1210 00ef 13       		.uleb128 0x13
 1211 00f0 00       		.byte	0
 1212 00f1 00       		.byte	0
 1213 00f2 13       		.uleb128 0x13
 1214 00f3 2E       		.uleb128 0x2e
 1215 00f4 00       		.byte	0
 1216 00f5 3F       		.uleb128 0x3f
 1217 00f6 0C       		.uleb128 0xc
 1218 00f7 03       		.uleb128 0x3
 1219 00f8 0E       		.uleb128 0xe
 1220 00f9 3A       		.uleb128 0x3a
 1221 00fa 0B       		.uleb128 0xb
 1222 00fb 3B       		.uleb128 0x3b
 1223 00fc 0B       		.uleb128 0xb
 1224 00fd 27       		.uleb128 0x27
 1225 00fe 0C       		.uleb128 0xc
 1226 00ff 11       		.uleb128 0x11
 1227 0100 01       		.uleb128 0x1
 1228 0101 12       		.uleb128 0x12
 1229 0102 01       		.uleb128 0x1
 1230 0103 40       		.uleb128 0x40
 1231 0104 0A       		.uleb128 0xa
 1232 0105 9742     		.uleb128 0x2117
 1233 0107 0C       		.uleb128 0xc
 1234 0108 00       		.byte	0
 1235 0109 00       		.byte	0
 1236 010a 14       		.uleb128 0x14
 1237 010b 34       		.uleb128 0x34
 1238 010c 00       		.byte	0
 1239 010d 03       		.uleb128 0x3
 1240 010e 0E       		.uleb128 0xe
 1241 010f 3A       		.uleb128 0x3a
 1242 0110 0B       		.uleb128 0xb
 1243 0111 3B       		.uleb128 0x3b
 1244 0112 05       		.uleb128 0x5
 1245 0113 49       		.uleb128 0x49
 1246 0114 13       		.uleb128 0x13
 1247 0115 3F       		.uleb128 0x3f
 1248 0116 0C       		.uleb128 0xc
 1249 0117 3C       		.uleb128 0x3c
 1250 0118 0C       		.uleb128 0xc
 1251 0119 00       		.byte	0
 1252 011a 00       		.byte	0
ARM GAS  C:\Users\RICHRD~1\AppData\Local\Temp\ccACDu9Y.s 			page 23


 1253 011b 15       		.uleb128 0x15
 1254 011c 2E       		.uleb128 0x2e
 1255 011d 00       		.byte	0
 1256 011e 3F       		.uleb128 0x3f
 1257 011f 0C       		.uleb128 0xc
 1258 0120 03       		.uleb128 0x3
 1259 0121 0E       		.uleb128 0xe
 1260 0122 3A       		.uleb128 0x3a
 1261 0123 0B       		.uleb128 0xb
 1262 0124 3B       		.uleb128 0x3b
 1263 0125 05       		.uleb128 0x5
 1264 0126 27       		.uleb128 0x27
 1265 0127 0C       		.uleb128 0xc
 1266 0128 3C       		.uleb128 0x3c
 1267 0129 0C       		.uleb128 0xc
 1268 012a 00       		.byte	0
 1269 012b 00       		.byte	0
 1270 012c 00       		.byte	0
 1271              		.section	.debug_loc,"",%progbits
 1272              	.Ldebug_loc0:
 1273              	.LLST0:
 1274 0000 00000000 		.4byte	.LFB119
 1275 0004 0A000000 		.4byte	.LCFI0
 1276 0008 0200     		.2byte	0x2
 1277 000a 7D       		.byte	0x7d
 1278 000b 00       		.sleb128 0
 1279 000c 0A000000 		.4byte	.LCFI0
 1280 0010 A6000000 		.4byte	.LFE119
 1281 0014 0200     		.2byte	0x2
 1282 0016 7D       		.byte	0x7d
 1283 0017 0C       		.sleb128 12
 1284 0018 00000000 		.4byte	0
 1285 001c 00000000 		.4byte	0
 1286              		.section	.debug_aranges,"",%progbits
 1287 0000 24000000 		.4byte	0x24
 1288 0004 0200     		.2byte	0x2
 1289 0006 00000000 		.4byte	.Ldebug_info0
 1290 000a 04       		.byte	0x4
 1291 000b 00       		.byte	0
 1292 000c 0000     		.2byte	0
 1293 000e 0000     		.2byte	0
 1294 0010 00000000 		.4byte	.LFB119
 1295 0014 A6000000 		.4byte	.LFE119-.LFB119
 1296 0018 00000000 		.4byte	.LFB120
 1297 001c 04010000 		.4byte	.LFE120-.LFB120
 1298 0020 00000000 		.4byte	0
 1299 0024 00000000 		.4byte	0
 1300              		.section	.debug_ranges,"",%progbits
 1301              	.Ldebug_ranges0:
 1302 0000 66000000 		.4byte	.LBB4
 1303 0004 6E000000 		.4byte	.LBE4
 1304 0008 74000000 		.4byte	.LBB7
 1305 000c A0000000 		.4byte	.LBE7
 1306 0010 00000000 		.4byte	0
 1307 0014 00000000 		.4byte	0
 1308 0018 00000000 		.4byte	.LFB119
 1309 001c A6000000 		.4byte	.LFE119
ARM GAS  C:\Users\RICHRD~1\AppData\Local\Temp\ccACDu9Y.s 			page 24


 1310 0020 00000000 		.4byte	.LFB120
 1311 0024 04010000 		.4byte	.LFE120
 1312 0028 00000000 		.4byte	0
 1313 002c 00000000 		.4byte	0
 1314              		.section	.debug_line,"",%progbits
 1315              	.Ldebug_line0:
 1316 0000 1D020000 		.section	.debug_str,"MS",%progbits,1
 1316      02007101 
 1316      00000201 
 1316      FB0E0D00 
 1316      01010101 
 1317              	.LASF54:
 1318 0000 41484231 		.ascii	"AHB1LPENR\000"
 1318      4C50454E 
 1318      5200
 1319              	.LASF44:
 1320 000a 41504231 		.ascii	"APB1RSTR\000"
 1320      52535452 
 1320      00
 1321              	.LASF48:
 1322 0013 41484232 		.ascii	"AHB2ENR\000"
 1322      454E5200 
 1323              	.LASF17:
 1324 001b 44454D43 		.ascii	"DEMCR\000"
 1324      5200
 1325              	.LASF3:
 1326 0021 73686F72 		.ascii	"short int\000"
 1326      7420696E 
 1326      7400
 1327              	.LASF13:
 1328 002b 73697A65 		.ascii	"sizetype\000"
 1328      74797065 
 1328      00
 1329              	.LASF61:
 1330 0034 42444352 		.ascii	"BDCR\000"
 1330      00
 1331              	.LASF26:
 1332 0039 50435352 		.ascii	"PCSR\000"
 1332      00
 1333              	.LASF25:
 1334 003e 464F4C44 		.ascii	"FOLDCNT\000"
 1334      434E5400 
 1335              	.LASF64:
 1336 0046 504C4C49 		.ascii	"PLLI2SCFGR\000"
 1336      32534346 
 1336      475200
 1337              	.LASF37:
 1338 0051 5057525F 		.ascii	"PWR_TypeDef\000"
 1338      54797065 
 1338      44656600 
 1339              	.LASF27:
 1340 005d 434D785F 		.ascii	"CMx_DWT\000"
 1340      44575400 
 1341              	.LASF63:
 1342 0065 53534347 		.ascii	"SSCGR\000"
 1342      5200
 1343              	.LASF41:
ARM GAS  C:\Users\RICHRD~1\AppData\Local\Temp\ccACDu9Y.s 			page 25


 1344 006b 41484232 		.ascii	"AHB2RSTR\000"
 1344      52535452 
 1344      00
 1345              	.LASF19:
 1346 0074 4354524C 		.ascii	"CTRL\000"
 1346      00
 1347              	.LASF56:
 1348 0079 41484233 		.ascii	"AHB3LPENR\000"
 1348      4C50454E 
 1348      5200
 1349              	.LASF39:
 1350 0083 43464752 		.ascii	"CFGR\000"
 1350      00
 1351              	.LASF21:
 1352 0088 43504943 		.ascii	"CPICNT\000"
 1352      4E5400
 1353              	.LASF51:
 1354 008f 41504231 		.ascii	"APB1ENR\000"
 1354      454E5200 
 1355              	.LASF15:
 1356 0097 44435253 		.ascii	"DCRSR\000"
 1356      5200
 1357              	.LASF71:
 1358 009d 68616C5F 		.ascii	"hal_lld_backup_domain_init\000"
 1358      6C6C645F 
 1358      6261636B 
 1358      75705F64 
 1358      6F6D6169 
 1359              	.LASF16:
 1360 00b8 44435244 		.ascii	"DCRDR\000"
 1360      5200
 1361              	.LASF66:
 1362 00be 44434B43 		.ascii	"DCKCFGR\000"
 1362      46475200 
 1363              	.LASF12:
 1364 00c6 494F5245 		.ascii	"IOREG32\000"
 1364      47333200 
 1365              	.LASF33:
 1366 00ce 4F50544B 		.ascii	"OPTKEYR\000"
 1366      45595200 
 1367              	.LASF9:
 1368 00d6 6C6F6E67 		.ascii	"long long int\000"
 1368      206C6F6E 
 1368      6720696E 
 1368      7400
 1369              	.LASF20:
 1370 00e4 43594343 		.ascii	"CYCCNT\000"
 1370      4E5400
 1371              	.LASF30:
 1372 00eb 43414C49 		.ascii	"CALIB\000"
 1372      4200
 1373              	.LASF68:
 1374 00f1 474E5520 		.ascii	"GNU C 4.7.4 20140401 (release) [ARM/embedded-4_7-br"
 1374      4320342E 
 1374      372E3420 
 1374      32303134 
 1374      30343031 
ARM GAS  C:\Users\RICHRD~1\AppData\Local\Temp\ccACDu9Y.s 			page 26


 1375 0124 616E6368 		.ascii	"anch revision 209195]\000"
 1375      20726576 
 1375      6973696F 
 1375      6E203230 
 1375      39313935 
 1376              	.LASF14:
 1377 013a 44484353 		.ascii	"DHCSR\000"
 1377      5200
 1378              	.LASF5:
 1379 0140 6C6F6E67 		.ascii	"long int\000"
 1379      20696E74 
 1379      00
 1380              	.LASF67:
 1381 0149 5243435F 		.ascii	"RCC_TypeDef\000"
 1381      54797065 
 1381      44656600 
 1382              	.LASF45:
 1383 0155 41504232 		.ascii	"APB2RSTR\000"
 1383      52535452 
 1383      00
 1384              	.LASF69:
 1385 015e 2E2E2F2E 		.ascii	"../../../../Chibios/os/hal/platforms/STM32F4xx/hal_"
 1385      2E2F2E2E 
 1385      2F2E2E2F 
 1385      43686962 
 1385      696F732F 
 1386 0191 6C6C642E 		.ascii	"lld.c\000"
 1386      6300
 1387              	.LASF35:
 1388 0197 4F505443 		.ascii	"OPTCR1\000"
 1388      523100
 1389              	.LASF49:
 1390 019e 41484233 		.ascii	"AHB3ENR\000"
 1390      454E5200 
 1391              	.LASF32:
 1392 01a6 4B455952 		.ascii	"KEYR\000"
 1392      00
 1393              	.LASF22:
 1394 01ab 45584343 		.ascii	"EXCCNT\000"
 1394      4E5400
 1395              	.LASF2:
 1396 01b2 756E7369 		.ascii	"unsigned char\000"
 1396      676E6564 
 1396      20636861 
 1396      7200
 1397              	.LASF52:
 1398 01c0 41504232 		.ascii	"APB2ENR\000"
 1398      454E5200 
 1399              	.LASF1:
 1400 01c8 7369676E 		.ascii	"signed char\000"
 1400      65642063 
 1400      68617200 
 1401              	.LASF10:
 1402 01d4 6C6F6E67 		.ascii	"long long unsigned int\000"
 1402      206C6F6E 
 1402      6720756E 
 1402      7369676E 
ARM GAS  C:\Users\RICHRD~1\AppData\Local\Temp\ccACDu9Y.s 			page 27


 1402      65642069 
 1403              	.LASF7:
 1404 01eb 75696E74 		.ascii	"uint32_t\000"
 1404      33325F74 
 1404      00
 1405              	.LASF0:
 1406 01f4 756E7369 		.ascii	"unsigned int\000"
 1406      676E6564 
 1406      20696E74 
 1406      00
 1407              	.LASF70:
 1408 0201 433A5C43 		.ascii	"C:\\ChibiStudio\\workspace26\\Modulux_v0_Lights\\mo"
 1408      68696269 
 1408      53747564 
 1408      696F5C77 
 1408      6F726B73 
 1409 0230 64756C75 		.ascii	"dulux\\firmware\000"
 1409      785C6669 
 1409      726D7761 
 1409      726500
 1410              	.LASF8:
 1411 023f 6C6F6E67 		.ascii	"long unsigned int\000"
 1411      20756E73 
 1411      69676E65 
 1411      6420696E 
 1411      7400
 1412              	.LASF72:
 1413 0251 68616C5F 		.ascii	"hal_lld_init\000"
 1413      6C6C645F 
 1413      696E6974 
 1413      00
 1414              	.LASF38:
 1415 025e 504C4C43 		.ascii	"PLLCFGR\000"
 1415      46475200 
 1416              	.LASF31:
 1417 0266 53797354 		.ascii	"SysTick_Type\000"
 1417      69636B5F 
 1417      54797065 
 1417      00
 1418              	.LASF4:
 1419 0273 73686F72 		.ascii	"short unsigned int\000"
 1419      7420756E 
 1419      7369676E 
 1419      65642069 
 1419      6E7400
 1420              	.LASF58:
 1421 0286 41504231 		.ascii	"APB1LPENR\000"
 1421      4C50454E 
 1421      5200
 1422              	.LASF28:
 1423 0290 63686172 		.ascii	"char\000"
 1423      00
 1424              	.LASF18:
 1425 0295 434D785F 		.ascii	"CMx_SCS\000"
 1425      53435300 
 1426              	.LASF6:
 1427 029d 696E7433 		.ascii	"int32_t\000"
ARM GAS  C:\Users\RICHRD~1\AppData\Local\Temp\ccACDu9Y.s 			page 28


 1427      325F7400 
 1428              	.LASF11:
 1429 02a5 5F426F6F 		.ascii	"_Bool\000"
 1429      6C00
 1430              	.LASF55:
 1431 02ab 41484232 		.ascii	"AHB2LPENR\000"
 1431      4C50454E 
 1431      5200
 1432              	.LASF75:
 1433 02b5 646D6149 		.ascii	"dmaInit\000"
 1433      6E697400 
 1434              	.LASF43:
 1435 02bd 52455345 		.ascii	"RESERVED0\000"
 1435      52564544 
 1435      3000
 1436              	.LASF46:
 1437 02c7 52455345 		.ascii	"RESERVED1\000"
 1437      52564544 
 1437      3100
 1438              	.LASF50:
 1439 02d1 52455345 		.ascii	"RESERVED2\000"
 1439      52564544 
 1439      3200
 1440              	.LASF53:
 1441 02db 52455345 		.ascii	"RESERVED3\000"
 1441      52564544 
 1441      3300
 1442              	.LASF57:
 1443 02e5 52455345 		.ascii	"RESERVED4\000"
 1443      52564544 
 1443      3400
 1444              	.LASF60:
 1445 02ef 52455345 		.ascii	"RESERVED5\000"
 1445      52564544 
 1445      3500
 1446              	.LASF62:
 1447 02f9 52455345 		.ascii	"RESERVED6\000"
 1447      52564544 
 1447      3600
 1448              	.LASF23:
 1449 0303 534C4545 		.ascii	"SLEEPCNT\000"
 1449      50434E54 
 1449      00
 1450              	.LASF73:
 1451 030c 73746D33 		.ascii	"stm32_clock_init\000"
 1451      325F636C 
 1451      6F636B5F 
 1451      696E6974 
 1451      00
 1452              	.LASF24:
 1453 031d 4C535543 		.ascii	"LSUCNT\000"
 1453      4E5400
 1454              	.LASF29:
 1455 0324 4C4F4144 		.ascii	"LOAD\000"
 1455      00
 1456              	.LASF40:
 1457 0329 41484231 		.ascii	"AHB1RSTR\000"
ARM GAS  C:\Users\RICHRD~1\AppData\Local\Temp\ccACDu9Y.s 			page 29


 1457      52535452 
 1457      00
 1458              	.LASF47:
 1459 0332 41484231 		.ascii	"AHB1ENR\000"
 1459      454E5200 
 1460              	.LASF42:
 1461 033a 41484233 		.ascii	"AHB3RSTR\000"
 1461      52535452 
 1461      00
 1462              	.LASF36:
 1463 0343 464C4153 		.ascii	"FLASH_TypeDef\000"
 1463      485F5479 
 1463      70654465 
 1463      6600
 1464              	.LASF74:
 1465 0351 49544D5F 		.ascii	"ITM_RxBuffer\000"
 1465      52784275 
 1465      66666572 
 1465      00
 1466              	.LASF65:
 1467 035e 504C4C53 		.ascii	"PLLSAICFGR\000"
 1467      41494346 
 1467      475200
 1468              	.LASF59:
 1469 0369 41504232 		.ascii	"APB2LPENR\000"
 1469      4C50454E 
 1469      5200
 1470              	.LASF34:
 1471 0373 4F505443 		.ascii	"OPTCR\000"
 1471      5200
 1472              		.ident	"GCC: (GNU Tools for ARM Embedded Processors) 4.7.4 20140401 (release) [ARM/embedded-4_7-br
ARM GAS  C:\Users\RICHRD~1\AppData\Local\Temp\ccACDu9Y.s 			page 30


DEFINED SYMBOLS
                            *ABS*:00000000 hal_lld.c
C:\Users\RICHRD~1\AppData\Local\Temp\ccACDu9Y.s:19     .text.hal_lld_init:00000000 $t
C:\Users\RICHRD~1\AppData\Local\Temp\ccACDu9Y.s:25     .text.hal_lld_init:00000000 hal_lld_init
C:\Users\RICHRD~1\AppData\Local\Temp\ccACDu9Y.s:143    .text.stm32_clock_init:00000000 $t
C:\Users\RICHRD~1\AppData\Local\Temp\ccACDu9Y.s:149    .text.stm32_clock_init:00000000 stm32_clock_init
                     .debug_frame:00000010 $d

UNDEFINED SYMBOLS
dmaInit
