ARM GAS  C:\Users\DNIEL~1\AppData\Local\Temp\cc0pTLEE.s 			page 1


   1              		.syntax unified
   2              		.cpu cortex-m4
   3              		.fpu softvfp
   4              		.eabi_attribute 20, 1
   5              		.eabi_attribute 21, 1
   6              		.eabi_attribute 23, 3
   7              		.eabi_attribute 24, 1
   8              		.eabi_attribute 25, 1
   9              		.eabi_attribute 26, 1
  10              		.eabi_attribute 30, 2
  11              		.eabi_attribute 34, 1
  12              		.eabi_attribute 18, 4
  13              		.thumb
  14              		.file	"light.c"
  15              		.text
  16              	.Ltext0:
  17              		.cfi_sections	.debug_frame
  18              		.section	.text.Light_state,"ax",%progbits
  19              		.align	2
  20              		.p2align 4,,15
  21              		.global	Light_state
  22              		.thumb
  23              		.thumb_func
  24              		.type	Light_state, %function
  25              	Light_state:
  26              	.LFB119:
  27              		.file 1 "src/light.c"
  28              		.loc 1 27 0
  29              		.cfi_startproc
  30              		@ args = 0, pretend = 0, frame = 0
  31              		@ frame_needed = 0, uses_anonymous_args = 0
  32              		@ link register save eliminated.
  33              	.LVL0:
  34              		.loc 1 28 0
  35 0000 40F20003 		movw	r3, #:lower16:.LANCHOR0
  36 0004 C0F20003 		movt	r3, #:upper16:.LANCHOR0
  37 0008 1860     		str	r0, [r3, #0]
  38 000a 7047     		bx	lr
  39              		.cfi_endproc
  40              	.LFE119:
  41              		.size	Light_state, .-Light_state
  42 000c AFF30080 		.section	.text.lightCalc,"ax",%progbits
  43              		.align	2
  44              		.p2align 4,,15
  45              		.global	lightCalc
  46              		.thumb
  47              		.thumb_func
  48              		.type	lightCalc, %function
  49              	lightCalc:
  50              	.LFB120:
  51              		.loc 1 52 0
  52              		.cfi_startproc
  53              		@ args = 0, pretend = 0, frame = 0
  54              		@ frame_needed = 0, uses_anonymous_args = 0
  55 0000 F8B5     		push	{r3, r4, r5, r6, r7, lr}
  56              	.LCFI0:
  57              		.cfi_def_cfa_offset 24
ARM GAS  C:\Users\DNIEL~1\AppData\Local\Temp\cc0pTLEE.s 			page 2


  58              		.cfi_offset 3, -24
  59              		.cfi_offset 4, -20
  60              		.cfi_offset 5, -16
  61              		.cfi_offset 6, -12
  62              		.cfi_offset 7, -8
  63              		.cfi_offset 14, -4
  64              		.loc 1 58 0
  65 0002 274D     		ldr	r5, .L10
  66 0004 41F21414 		movw	r4, #4372
  67 0008 2B68     		ldr	r3, [r5, #0]
  68 000a C0F21114 		movt	r4, 273
  69 000e A342     		cmp	r3, r4
  70 0010 31D0     		beq	.L5
  71 0012 44F26752 		movw	r2, #17767
  72 0016 C0F22312 		movt	r2, 291
  73 001a 9342     		cmp	r3, r2
  74 001c 1FD0     		beq	.L6
  75 001e 41F21110 		movw	r0, #4369
  76 0022 C0F21110 		movt	r0, 273
  77 0026 8342     		cmp	r3, r0
  78 0028 00D0     		beq	.L9
  79              	.L2:
  80 002a F8BD     		pop	{r3, r4, r5, r6, r7, pc}
  81              	.L9:
  82              		.loc 1 67 0
  83 002c 4FF48053 		mov	r3, #4096
  84 0030 C4F20203 		movt	r3, 16386
  85              		.loc 1 68 0
  86 0034 1B48     		ldr	r0, .L10+4
  87              		.loc 1 67 0
  88 0036 5969     		ldr	r1, [r3, #20]
  89              		.loc 1 68 0
  90 0038 0689     		ldrh	r6, [r0, #8]
  91 003a 46F26767 		movw	r7, #26215
  92 003e C6F26667 		movt	r7, 26214
  93              		.loc 1 67 0
  94 0042 81F00401 		eor	r1, r1, #4
  95              		.loc 1 68 0
  96 0046 87FB0672 		smull	r7, r2, r7, r6
  97              		.loc 1 67 0
  98 004a 5961     		str	r1, [r3, #20]
  99              		.loc 1 68 0
 100 004c 9208     		lsrs	r2, r2, #2
 101 004e 0121     		movs	r1, #1
 102              	.L7:
 103 0050 FFF7FEFF 		bl	pwmEnableChannel
 104              	.LVL1:
 105              		.loc 1 69 0
 106 0054 144B     		ldr	r3, .L10+8
 107              		.loc 1 70 0
 108 0056 2C60     		str	r4, [r5, #0]
 109              		.loc 1 69 0
 110 0058 0020     		movs	r0, #0
 111 005a 1860     		str	r0, [r3, #0]
 112              		.loc 1 71 0
 113 005c F8BD     		pop	{r3, r4, r5, r6, r7, pc}
 114              	.L6:
ARM GAS  C:\Users\DNIEL~1\AppData\Local\Temp\cc0pTLEE.s 			page 3


 115              		.loc 1 60 0
 116 005e 4FF48053 		mov	r3, #4096
 117 0062 C4F20203 		movt	r3, 16386
 118              		.loc 1 61 0
 119 0066 0F48     		ldr	r0, .L10+4
 120              		.loc 1 60 0
 121 0068 5969     		ldr	r1, [r3, #20]
 122 006a 81F00402 		eor	r2, r1, #4
 123 006e 5A61     		str	r2, [r3, #20]
 124              		.loc 1 61 0
 125 0070 0121     		movs	r1, #1
 126 0072 0289     		ldrh	r2, [r0, #8]
 127 0074 ECE7     		b	.L7
 128              	.L5:
 129              		.loc 1 73 0
 130 0076 0C4C     		ldr	r4, .L10+8
 131 0078 2168     		ldr	r1, [r4, #0]
 132 007a 4A1C     		adds	r2, r1, #1
 133              		.loc 1 74 0
 134 007c 0A2A     		cmp	r2, #10
 135              		.loc 1 73 0
 136 007e 2260     		str	r2, [r4, #0]
 137              		.loc 1 74 0
 138 0080 D3DD     		ble	.L2
 139              		.loc 1 75 0
 140 0082 0848     		ldr	r0, .L10+4
 141 0084 48F21F53 		movw	r3, #34079
 142 0088 0189     		ldrh	r1, [r0, #8]
 143 008a C5F2EB13 		movt	r3, 20971
 144 008e 83FB0112 		smull	r1, r2, r3, r1
 145 0092 5209     		lsrs	r2, r2, #5
 146 0094 0121     		movs	r1, #1
 147 0096 FFF7FEFF 		bl	pwmEnableChannel
 148              	.LVL2:
 149              		.loc 1 76 0
 150 009a 0020     		movs	r0, #0
 151 009c 2060     		str	r0, [r4, #0]
 152 009e C4E7     		b	.L2
 153              	.L11:
 154              		.align	2
 155              	.L10:
 156 00a0 00000000 		.word	.LANCHOR0
 157 00a4 00000000 		.word	PWMD1
 158 00a8 00000000 		.word	.LANCHOR1
 159              		.cfi_endproc
 160              	.LFE120:
 161              		.size	lightCalc, .-lightCalc
 162 00ac AFF30080 		.section	.text.lightInit,"ax",%progbits
 163              		.align	2
 164              		.p2align 4,,15
 165              		.global	lightInit
 166              		.thumb
 167              		.thumb_func
 168              		.type	lightInit, %function
 169              	lightInit:
 170              	.LFB121:
 171              		.loc 1 107 0
ARM GAS  C:\Users\DNIEL~1\AppData\Local\Temp\cc0pTLEE.s 			page 4


 172              		.cfi_startproc
 173              		@ args = 0, pretend = 0, frame = 0
 174              		@ frame_needed = 0, uses_anonymous_args = 0
 175              		.loc 1 108 0
 176 0000 40F20000 		movw	r0, #:lower16:PWMD1
 177 0004 40F20001 		movw	r1, #:lower16:.LANCHOR2
 178              		.loc 1 107 0
 179 0008 08B5     		push	{r3, lr}
 180              	.LCFI1:
 181              		.cfi_def_cfa_offset 8
 182              		.cfi_offset 3, -8
 183              		.cfi_offset 14, -4
 184              		.loc 1 108 0
 185 000a C0F20000 		movt	r0, #:upper16:PWMD1
 186 000e C0F20001 		movt	r1, #:upper16:.LANCHOR2
 187 0012 FFF7FEFF 		bl	pwmStart
 188              	.LVL3:
 189              		.loc 1 109 0
 190 0016 40F20003 		movw	r3, #:lower16:.LANCHOR3
 191 001a C0F20003 		movt	r3, #:upper16:.LANCHOR3
 192 001e 41F21412 		movw	r2, #4372
 193 0022 C0F21112 		movt	r2, 273
 194 0026 1A60     		str	r2, [r3, #0]
 195 0028 08BD     		pop	{r3, pc}
 196              		.cfi_endproc
 197              	.LFE121:
 198              		.size	lightInit, .-lightInit
 199              		.global	seg2
 200              		.global	seg
 201 002a 00BFAFF3 		.section	.bss.tim_db,"aw",%nobits
 201      0080
 202              		.align	2
 203              		.set	.LANCHOR1,. + 0
 204              		.type	tim_db, %object
 205              		.size	tim_db, 4
 206              	tim_db:
 207 0000 00000000 		.space	4
 208              		.section	.data.pwmcfg,"aw",%progbits
 209              		.align	2
 210              		.set	.LANCHOR2,. + 0
 211              		.type	pwmcfg, %object
 212              		.size	pwmcfg, 52
 213              	pwmcfg:
 214 0000 40420F00 		.word	1000000
 215 0004 E803     		.short	1000
 216 0006 0000     		.space	2
 217 0008 00000000 		.word	0
 218 000c 00000000 		.word	0
 219 0010 00000000 		.word	0
 220 0014 01000000 		.word	1
 221 0018 00000000 		.word	0
 222 001c 00000000 		.word	0
 223 0020 00000000 		.word	0
 224 0024 00000000 		.word	0
 225 0028 00000000 		.word	0
 226 002c 00000000 		.word	0
 227 0030 00000000 		.space	4
ARM GAS  C:\Users\DNIEL~1\AppData\Local\Temp\cc0pTLEE.s 			page 5


 228              		.section	.data.seg,"aw",%progbits
 229              		.align	2
 230              		.type	seg, %object
 231              		.size	seg, 4
 232              	seg:
 233 0000 01000000 		.word	1
 234              		.section	.data.seg2,"aw",%progbits
 235              		.align	2
 236              		.type	seg2, %object
 237              		.size	seg2, 4
 238              	seg2:
 239 0000 01000000 		.word	1
 240              		.section	.bss.allapot,"aw",%nobits
 241              		.align	2
 242              		.set	.LANCHOR3,. + 0
 243              		.type	allapot, %object
 244              		.size	allapot, 4
 245              	allapot:
 246 0000 00000000 		.space	4
 247              		.section	.bss.can_msg,"aw",%nobits
 248              		.align	2
 249              		.set	.LANCHOR0,. + 0
 250              		.type	can_msg, %object
 251              		.size	can_msg, 4
 252              	can_msg:
 253 0000 00000000 		.space	4
 254              		.text
 255              	.Letext0:
 256              		.file 2 "c:\\chibistudio\\tools\\gnu tools arm embedded\\4.7 2014q2\\bin\\../lib/gcc/arm-none-eabi
 257              		.file 3 "../../../Chibios/os/hal/platforms/STM32/GPIOv2/pal_lld.h"
 258              		.file 4 "../../../Chibios/os/hal/include/pwm.h"
 259              		.file 5 "../../../Chibios/os/hal/platforms/STM32/TIMv1/pwm_lld.h"
 260              		.file 6 "../../../Chibios/os/hal/platforms/STM32/TIMv1/stm32_tim.h"
 261              		.file 7 "include/light.h"
 262              		.file 8 "../../../Chibios/os/ports/common/ARMCMx/CMSIS/include/core_cm4.h"
 263              		.section	.debug_info,"",%progbits
 264              	.Ldebug_info0:
 265 0000 46060000 		.4byte	0x646
 266 0004 0200     		.2byte	0x2
 267 0006 00000000 		.4byte	.Ldebug_abbrev0
 268 000a 04       		.byte	0x4
 269 000b 01       		.uleb128 0x1
 270 000c 4B000000 		.4byte	.LASF77
 271 0010 01       		.byte	0x1
 272 0011 AE020000 		.4byte	.LASF78
 273 0015 D8000000 		.4byte	.LASF79
 274 0019 00000000 		.4byte	.Ldebug_ranges0+0
 275 001d 00000000 		.4byte	0
 276 0021 00000000 		.4byte	0
 277 0025 00000000 		.4byte	.Ldebug_line0
 278 0029 02       		.uleb128 0x2
 279 002a 04       		.byte	0x4
 280 002b 05       		.byte	0x5
 281 002c 696E7400 		.ascii	"int\000"
 282 0030 03       		.uleb128 0x3
 283 0031 04       		.byte	0x4
 284 0032 07       		.byte	0x7
ARM GAS  C:\Users\DNIEL~1\AppData\Local\Temp\cc0pTLEE.s 			page 6


 285 0033 14020000 		.4byte	.LASF0
 286 0037 03       		.uleb128 0x3
 287 0038 01       		.byte	0x1
 288 0039 06       		.byte	0x6
 289 003a E8010000 		.4byte	.LASF1
 290 003e 04       		.uleb128 0x4
 291 003f 05010000 		.4byte	.LASF4
 292 0043 02       		.byte	0x2
 293 0044 2A       		.byte	0x2a
 294 0045 49000000 		.4byte	0x49
 295 0049 03       		.uleb128 0x3
 296 004a 01       		.byte	0x1
 297 004b 08       		.byte	0x8
 298 004c D5010000 		.4byte	.LASF2
 299 0050 03       		.uleb128 0x3
 300 0051 02       		.byte	0x2
 301 0052 05       		.byte	0x5
 302 0053 2A000000 		.4byte	.LASF3
 303 0057 04       		.uleb128 0x4
 304 0058 28020000 		.4byte	.LASF5
 305 005c 02       		.byte	0x2
 306 005d 36       		.byte	0x36
 307 005e 62000000 		.4byte	0x62
 308 0062 03       		.uleb128 0x3
 309 0063 02       		.byte	0x2
 310 0064 07       		.byte	0x7
 311 0065 5C020000 		.4byte	.LASF6
 312 0069 04       		.uleb128 0x4
 313 006a 94020000 		.4byte	.LASF7
 314 006e 02       		.byte	0x2
 315 006f 4F       		.byte	0x4f
 316 0070 74000000 		.4byte	0x74
 317 0074 03       		.uleb128 0x3
 318 0075 04       		.byte	0x4
 319 0076 05       		.byte	0x5
 320 0077 59010000 		.4byte	.LASF8
 321 007b 04       		.uleb128 0x4
 322 007c 0B020000 		.4byte	.LASF9
 323 0080 02       		.byte	0x2
 324 0081 50       		.byte	0x50
 325 0082 86000000 		.4byte	0x86
 326 0086 03       		.uleb128 0x3
 327 0087 04       		.byte	0x4
 328 0088 07       		.byte	0x7
 329 0089 CE020000 		.4byte	.LASF10
 330 008d 03       		.uleb128 0x3
 331 008e 08       		.byte	0x8
 332 008f 05       		.byte	0x5
 333 0090 4B010000 		.4byte	.LASF11
 334 0094 03       		.uleb128 0x3
 335 0095 08       		.byte	0x8
 336 0096 07       		.byte	0x7
 337 0097 F4010000 		.4byte	.LASF12
 338 009b 03       		.uleb128 0x3
 339 009c 01       		.byte	0x1
 340 009d 02       		.byte	0x2
 341 009e 9C020000 		.4byte	.LASF13
ARM GAS  C:\Users\DNIEL~1\AppData\Local\Temp\cc0pTLEE.s 			page 7


 342 00a2 05       		.uleb128 0x5
 343 00a3 7B000000 		.4byte	0x7b
 344 00a7 03       		.uleb128 0x3
 345 00a8 04       		.byte	0x4
 346 00a9 07       		.byte	0x7
 347 00aa 42000000 		.4byte	.LASF14
 348 00ae 03       		.uleb128 0x3
 349 00af 01       		.byte	0x1
 350 00b0 08       		.byte	0x8
 351 00b1 79020000 		.4byte	.LASF15
 352 00b5 06       		.uleb128 0x6
 353 00b6 7B000000 		.4byte	0x7b
 354 00ba C5000000 		.4byte	0xc5
 355 00be 07       		.uleb128 0x7
 356 00bf A7000000 		.4byte	0xa7
 357 00c3 03       		.byte	0x3
 358 00c4 00       		.byte	0
 359 00c5 05       		.uleb128 0x5
 360 00c6 69000000 		.4byte	0x69
 361 00ca 08       		.uleb128 0x8
 362 00cb 04       		.byte	0x4
 363 00cc 03       		.byte	0x3
 364 00cd 96       		.byte	0x96
 365 00ce EF000000 		.4byte	0xef
 366 00d2 09       		.uleb128 0x9
 367 00d3 73657400 		.ascii	"set\000"
 368 00d7 03       		.byte	0x3
 369 00d8 97       		.byte	0x97
 370 00d9 57000000 		.4byte	0x57
 371 00dd 02       		.byte	0x2
 372 00de 23       		.byte	0x23
 373 00df 00       		.uleb128 0
 374 00e0 0A       		.uleb128 0xa
 375 00e1 93010000 		.4byte	.LASF16
 376 00e5 03       		.byte	0x3
 377 00e6 98       		.byte	0x98
 378 00e7 57000000 		.4byte	0x57
 379 00eb 02       		.byte	0x2
 380 00ec 23       		.byte	0x23
 381 00ed 02       		.uleb128 0x2
 382 00ee 00       		.byte	0
 383 00ef 0B       		.uleb128 0xb
 384 00f0 04       		.byte	0x4
 385 00f1 03       		.byte	0x3
 386 00f2 94       		.byte	0x94
 387 00f3 0A010000 		.4byte	0x10a
 388 00f7 0C       		.uleb128 0xc
 389 00f8 5700     		.ascii	"W\000"
 390 00fa 03       		.byte	0x3
 391 00fb 95       		.byte	0x95
 392 00fc 7B000000 		.4byte	0x7b
 393 0100 0C       		.uleb128 0xc
 394 0101 4800     		.ascii	"H\000"
 395 0103 03       		.byte	0x3
 396 0104 99       		.byte	0x99
 397 0105 CA000000 		.4byte	0xca
 398 0109 00       		.byte	0
ARM GAS  C:\Users\DNIEL~1\AppData\Local\Temp\cc0pTLEE.s 			page 8


 399 010a 08       		.uleb128 0x8
 400 010b 28       		.byte	0x28
 401 010c 03       		.byte	0x3
 402 010d 8C       		.byte	0x8c
 403 010e 9F010000 		.4byte	0x19f
 404 0112 0A       		.uleb128 0xa
 405 0113 83010000 		.4byte	.LASF17
 406 0117 03       		.byte	0x3
 407 0118 8E       		.byte	0x8e
 408 0119 A2000000 		.4byte	0xa2
 409 011d 02       		.byte	0x2
 410 011e 23       		.byte	0x23
 411 011f 00       		.uleb128 0
 412 0120 0A       		.uleb128 0xa
 413 0121 2B010000 		.4byte	.LASF18
 414 0125 03       		.byte	0x3
 415 0126 8F       		.byte	0x8f
 416 0127 A2000000 		.4byte	0xa2
 417 012b 02       		.byte	0x2
 418 012c 23       		.byte	0x23
 419 012d 04       		.uleb128 0x4
 420 012e 0A       		.uleb128 0xa
 421 012f C6020000 		.4byte	.LASF19
 422 0133 03       		.byte	0x3
 423 0134 90       		.byte	0x90
 424 0135 A2000000 		.4byte	0xa2
 425 0139 02       		.byte	0x2
 426 013a 23       		.byte	0x23
 427 013b 08       		.uleb128 0x8
 428 013c 0A       		.uleb128 0xa
 429 013d 43020000 		.4byte	.LASF20
 430 0141 03       		.byte	0x3
 431 0142 91       		.byte	0x91
 432 0143 A2000000 		.4byte	0xa2
 433 0147 02       		.byte	0x2
 434 0148 23       		.byte	0x23
 435 0149 0C       		.uleb128 0xc
 436 014a 09       		.uleb128 0x9
 437 014b 49445200 		.ascii	"IDR\000"
 438 014f 03       		.byte	0x3
 439 0150 92       		.byte	0x92
 440 0151 A2000000 		.4byte	0xa2
 441 0155 02       		.byte	0x2
 442 0156 23       		.byte	0x23
 443 0157 10       		.uleb128 0x10
 444 0158 09       		.uleb128 0x9
 445 0159 4F445200 		.ascii	"ODR\000"
 446 015d 03       		.byte	0x3
 447 015e 93       		.byte	0x93
 448 015f A2000000 		.4byte	0xa2
 449 0163 02       		.byte	0x2
 450 0164 23       		.byte	0x23
 451 0165 14       		.uleb128 0x14
 452 0166 0A       		.uleb128 0xa
 453 0167 CC000000 		.4byte	.LASF21
 454 016b 03       		.byte	0x3
 455 016c 9A       		.byte	0x9a
ARM GAS  C:\Users\DNIEL~1\AppData\Local\Temp\cc0pTLEE.s 			page 9


 456 016d 9F010000 		.4byte	0x19f
 457 0171 02       		.byte	0x2
 458 0172 23       		.byte	0x23
 459 0173 18       		.uleb128 0x18
 460 0174 0A       		.uleb128 0xa
 461 0175 54030000 		.4byte	.LASF22
 462 0179 03       		.byte	0x3
 463 017a 9B       		.byte	0x9b
 464 017b A2000000 		.4byte	0xa2
 465 017f 02       		.byte	0x2
 466 0180 23       		.byte	0x23
 467 0181 1C       		.uleb128 0x1c
 468 0182 0A       		.uleb128 0xa
 469 0183 57020000 		.4byte	.LASF23
 470 0187 03       		.byte	0x3
 471 0188 9C       		.byte	0x9c
 472 0189 A2000000 		.4byte	0xa2
 473 018d 02       		.byte	0x2
 474 018e 23       		.byte	0x23
 475 018f 20       		.uleb128 0x20
 476 0190 0A       		.uleb128 0xa
 477 0191 3D000000 		.4byte	.LASF24
 478 0195 03       		.byte	0x3
 479 0196 9D       		.byte	0x9d
 480 0197 A2000000 		.4byte	0xa2
 481 019b 02       		.byte	0x2
 482 019c 23       		.byte	0x23
 483 019d 24       		.uleb128 0x24
 484 019e 00       		.byte	0
 485 019f 05       		.uleb128 0x5
 486 01a0 EF000000 		.4byte	0xef
 487 01a4 04       		.uleb128 0x4
 488 01a5 59030000 		.4byte	.LASF25
 489 01a9 03       		.byte	0x3
 490 01aa 9E       		.byte	0x9e
 491 01ab 0A010000 		.4byte	0x10a
 492 01af 04       		.uleb128 0x4
 493 01b0 1E010000 		.4byte	.LASF26
 494 01b4 03       		.byte	0x3
 495 01b5 F0       		.byte	0xf0
 496 01b6 7B000000 		.4byte	0x7b
 497 01ba 0D       		.uleb128 0xd
 498 01bb 01       		.byte	0x1
 499 01bc 04       		.byte	0x4
 500 01bd 55       		.byte	0x55
 501 01be D5010000 		.4byte	0x1d5
 502 01c2 0E       		.uleb128 0xe
 503 01c3 CA010000 		.4byte	.LASF27
 504 01c7 00       		.sleb128 0
 505 01c8 0E       		.uleb128 0xe
 506 01c9 03030000 		.4byte	.LASF28
 507 01cd 01       		.sleb128 1
 508 01ce 0E       		.uleb128 0xe
 509 01cf F9020000 		.4byte	.LASF29
 510 01d3 02       		.sleb128 2
 511 01d4 00       		.byte	0
 512 01d5 04       		.uleb128 0x4
ARM GAS  C:\Users\DNIEL~1\AppData\Local\Temp\cc0pTLEE.s 			page 10


 513 01d6 49030000 		.4byte	.LASF30
 514 01da 04       		.byte	0x4
 515 01db 59       		.byte	0x59
 516 01dc BA010000 		.4byte	0x1ba
 517 01e0 04       		.uleb128 0x4
 518 01e1 89010000 		.4byte	.LASF31
 519 01e5 04       		.byte	0x4
 520 01e6 5E       		.byte	0x5e
 521 01e7 EB010000 		.4byte	0x1eb
 522 01eb 0F       		.uleb128 0xf
 523 01ec 89010000 		.4byte	.LASF31
 524 01f0 14       		.byte	0x14
 525 01f1 05       		.byte	0x5
 526 01f2 6F01     		.2byte	0x16f
 527 01f4 44020000 		.4byte	0x244
 528 01f8 10       		.uleb128 0x10
 529 01f9 18000000 		.4byte	.LASF32
 530 01fd 05       		.byte	0x5
 531 01fe 7301     		.2byte	0x173
 532 0200 D5010000 		.4byte	0x1d5
 533 0204 02       		.byte	0x2
 534 0205 23       		.byte	0x23
 535 0206 00       		.uleb128 0
 536 0207 10       		.uleb128 0x10
 537 0208 D1000000 		.4byte	.LASF33
 538 020c 05       		.byte	0x5
 539 020d 7701     		.2byte	0x177
 540 020f 93040000 		.4byte	0x493
 541 0213 02       		.byte	0x2
 542 0214 23       		.byte	0x23
 543 0215 04       		.uleb128 0x4
 544 0216 10       		.uleb128 0x10
 545 0217 7C010000 		.4byte	.LASF34
 546 021b 05       		.byte	0x5
 547 021c 7B01     		.2byte	0x17b
 548 021e D3030000 		.4byte	0x3d3
 549 0222 02       		.byte	0x2
 550 0223 23       		.byte	0x23
 551 0224 08       		.uleb128 0x8
 552 0225 10       		.uleb128 0x10
 553 0226 00000000 		.4byte	.LASF35
 554 022a 05       		.byte	0x5
 555 022b 8301     		.2byte	0x183
 556 022d 7B000000 		.4byte	0x7b
 557 0231 02       		.byte	0x2
 558 0232 23       		.byte	0x23
 559 0233 0C       		.uleb128 0xc
 560 0234 11       		.uleb128 0x11
 561 0235 74696D00 		.ascii	"tim\000"
 562 0239 05       		.byte	0x5
 563 023a 8701     		.2byte	0x187
 564 023c 9E040000 		.4byte	0x49e
 565 0240 02       		.byte	0x2
 566 0241 23       		.byte	0x23
 567 0242 10       		.uleb128 0x10
 568 0243 00       		.byte	0
 569 0244 04       		.uleb128 0x4
ARM GAS  C:\Users\DNIEL~1\AppData\Local\Temp\cc0pTLEE.s 			page 11


 570 0245 49020000 		.4byte	.LASF36
 571 0249 04       		.byte	0x4
 572 024a 65       		.byte	0x65
 573 024b 4F020000 		.4byte	0x24f
 574 024f 12       		.uleb128 0x12
 575 0250 04       		.byte	0x4
 576 0251 55020000 		.4byte	0x255
 577 0255 13       		.uleb128 0x13
 578 0256 01       		.byte	0x1
 579 0257 61020000 		.4byte	0x261
 580 025b 14       		.uleb128 0x14
 581 025c 61020000 		.4byte	0x261
 582 0260 00       		.byte	0
 583 0261 12       		.uleb128 0x12
 584 0262 04       		.byte	0x4
 585 0263 E0010000 		.4byte	0x1e0
 586 0267 15       		.uleb128 0x15
 587 0268 60       		.byte	0x60
 588 0269 06       		.byte	0x6
 589 026a 9E01     		.2byte	0x19e
 590 026c AA030000 		.4byte	0x3aa
 591 0270 11       		.uleb128 0x11
 592 0271 43523100 		.ascii	"CR1\000"
 593 0275 06       		.byte	0x6
 594 0276 9F01     		.2byte	0x19f
 595 0278 A2000000 		.4byte	0xa2
 596 027c 02       		.byte	0x2
 597 027d 23       		.byte	0x23
 598 027e 00       		.uleb128 0
 599 027f 11       		.uleb128 0x11
 600 0280 43523200 		.ascii	"CR2\000"
 601 0284 06       		.byte	0x6
 602 0285 A001     		.2byte	0x1a0
 603 0287 A2000000 		.4byte	0xa2
 604 028b 02       		.byte	0x2
 605 028c 23       		.byte	0x23
 606 028d 04       		.uleb128 0x4
 607 028e 10       		.uleb128 0x10
 608 028f C5010000 		.4byte	.LASF37
 609 0293 06       		.byte	0x6
 610 0294 A101     		.2byte	0x1a1
 611 0296 A2000000 		.4byte	0xa2
 612 029a 02       		.byte	0x2
 613 029b 23       		.byte	0x23
 614 029c 08       		.uleb128 0x8
 615 029d 10       		.uleb128 0x10
 616 029e 3E020000 		.4byte	.LASF38
 617 02a2 06       		.byte	0x6
 618 02a3 A201     		.2byte	0x1a2
 619 02a5 A2000000 		.4byte	0xa2
 620 02a9 02       		.byte	0x2
 621 02aa 23       		.byte	0x23
 622 02ab 0C       		.uleb128 0xc
 623 02ac 11       		.uleb128 0x11
 624 02ad 535200   		.ascii	"SR\000"
 625 02b0 06       		.byte	0x6
 626 02b1 A301     		.2byte	0x1a3
ARM GAS  C:\Users\DNIEL~1\AppData\Local\Temp\cc0pTLEE.s 			page 12


 627 02b3 A2000000 		.4byte	0xa2
 628 02b7 02       		.byte	0x2
 629 02b8 23       		.byte	0x23
 630 02b9 10       		.uleb128 0x10
 631 02ba 11       		.uleb128 0x11
 632 02bb 45475200 		.ascii	"EGR\000"
 633 02bf 06       		.byte	0x6
 634 02c0 A401     		.2byte	0x1a4
 635 02c2 A2000000 		.4byte	0xa2
 636 02c6 02       		.byte	0x2
 637 02c7 23       		.byte	0x23
 638 02c8 14       		.uleb128 0x14
 639 02c9 10       		.uleb128 0x10
 640 02ca 99010000 		.4byte	.LASF39
 641 02ce 06       		.byte	0x6
 642 02cf A501     		.2byte	0x1a5
 643 02d1 A2000000 		.4byte	0xa2
 644 02d5 02       		.byte	0x2
 645 02d6 23       		.byte	0x23
 646 02d7 18       		.uleb128 0x18
 647 02d8 10       		.uleb128 0x10
 648 02d9 1E000000 		.4byte	.LASF40
 649 02dd 06       		.byte	0x6
 650 02de A601     		.2byte	0x1a6
 651 02e0 A2000000 		.4byte	0xa2
 652 02e4 02       		.byte	0x2
 653 02e5 23       		.byte	0x23
 654 02e6 1C       		.uleb128 0x1c
 655 02e7 10       		.uleb128 0x10
 656 02e8 06000000 		.4byte	.LASF41
 657 02ec 06       		.byte	0x6
 658 02ed A701     		.2byte	0x1a7
 659 02ef A2000000 		.4byte	0xa2
 660 02f3 02       		.byte	0x2
 661 02f4 23       		.byte	0x23
 662 02f5 20       		.uleb128 0x20
 663 02f6 11       		.uleb128 0x11
 664 02f7 434E5400 		.ascii	"CNT\000"
 665 02fb 06       		.byte	0x6
 666 02fc A801     		.2byte	0x1a8
 667 02fe A2000000 		.4byte	0xa2
 668 0302 02       		.byte	0x2
 669 0303 23       		.byte	0x23
 670 0304 24       		.uleb128 0x24
 671 0305 11       		.uleb128 0x11
 672 0306 50534300 		.ascii	"PSC\000"
 673 030a 06       		.byte	0x6
 674 030b A901     		.2byte	0x1a9
 675 030d A2000000 		.4byte	0xa2
 676 0311 02       		.byte	0x2
 677 0312 23       		.byte	0x23
 678 0313 28       		.uleb128 0x28
 679 0314 11       		.uleb128 0x11
 680 0315 41525200 		.ascii	"ARR\000"
 681 0319 06       		.byte	0x6
 682 031a AA01     		.2byte	0x1aa
 683 031c A2000000 		.4byte	0xa2
ARM GAS  C:\Users\DNIEL~1\AppData\Local\Temp\cc0pTLEE.s 			page 13


 684 0320 02       		.byte	0x2
 685 0321 23       		.byte	0x23
 686 0322 2C       		.uleb128 0x2c
 687 0323 11       		.uleb128 0x11
 688 0324 52435200 		.ascii	"RCR\000"
 689 0328 06       		.byte	0x6
 690 0329 AB01     		.2byte	0x1ab
 691 032b A2000000 		.4byte	0xa2
 692 032f 02       		.byte	0x2
 693 0330 23       		.byte	0x23
 694 0331 30       		.uleb128 0x30
 695 0332 11       		.uleb128 0x11
 696 0333 43435200 		.ascii	"CCR\000"
 697 0337 06       		.byte	0x6
 698 0338 AC01     		.2byte	0x1ac
 699 033a AA030000 		.4byte	0x3aa
 700 033e 02       		.byte	0x2
 701 033f 23       		.byte	0x23
 702 0340 34       		.uleb128 0x34
 703 0341 10       		.uleb128 0x10
 704 0342 E3010000 		.4byte	.LASF42
 705 0346 06       		.byte	0x6
 706 0347 AD01     		.2byte	0x1ad
 707 0349 A2000000 		.4byte	0xa2
 708 034d 02       		.byte	0x2
 709 034e 23       		.byte	0x23
 710 034f 44       		.uleb128 0x44
 711 0350 11       		.uleb128 0x11
 712 0351 44435200 		.ascii	"DCR\000"
 713 0355 06       		.byte	0x6
 714 0356 AE01     		.2byte	0x1ae
 715 0358 A2000000 		.4byte	0xa2
 716 035c 02       		.byte	0x2
 717 035d 23       		.byte	0x23
 718 035e 48       		.uleb128 0x48
 719 035f 10       		.uleb128 0x10
 720 0360 13000000 		.4byte	.LASF43
 721 0364 06       		.byte	0x6
 722 0365 AF01     		.2byte	0x1af
 723 0367 A2000000 		.4byte	0xa2
 724 036b 02       		.byte	0x2
 725 036c 23       		.byte	0x23
 726 036d 4C       		.uleb128 0x4c
 727 036e 11       		.uleb128 0x11
 728 036f 4F5200   		.ascii	"OR\000"
 729 0372 06       		.byte	0x6
 730 0373 B001     		.2byte	0x1b0
 731 0375 A2000000 		.4byte	0xa2
 732 0379 02       		.byte	0x2
 733 037a 23       		.byte	0x23
 734 037b 50       		.uleb128 0x50
 735 037c 10       		.uleb128 0x10
 736 037d 24000000 		.4byte	.LASF44
 737 0381 06       		.byte	0x6
 738 0382 B101     		.2byte	0x1b1
 739 0384 A2000000 		.4byte	0xa2
 740 0388 02       		.byte	0x2
ARM GAS  C:\Users\DNIEL~1\AppData\Local\Temp\cc0pTLEE.s 			page 14


 741 0389 23       		.byte	0x23
 742 038a 54       		.uleb128 0x54
 743 038b 10       		.uleb128 0x10
 744 038c 72010000 		.4byte	.LASF45
 745 0390 06       		.byte	0x6
 746 0391 B201     		.2byte	0x1b2
 747 0393 A2000000 		.4byte	0xa2
 748 0397 02       		.byte	0x2
 749 0398 23       		.byte	0x23
 750 0399 58       		.uleb128 0x58
 751 039a 10       		.uleb128 0x10
 752 039b 77010000 		.4byte	.LASF46
 753 039f 06       		.byte	0x6
 754 03a0 B301     		.2byte	0x1b3
 755 03a2 A2000000 		.4byte	0xa2
 756 03a6 02       		.byte	0x2
 757 03a7 23       		.byte	0x23
 758 03a8 5C       		.uleb128 0x5c
 759 03a9 00       		.byte	0
 760 03aa 05       		.uleb128 0x5
 761 03ab B5000000 		.4byte	0xb5
 762 03af 16       		.uleb128 0x16
 763 03b0 7E020000 		.4byte	.LASF47
 764 03b4 06       		.byte	0x6
 765 03b5 B401     		.2byte	0x1b4
 766 03b7 67020000 		.4byte	0x267
 767 03bb 16       		.uleb128 0x16
 768 03bc 32030000 		.4byte	.LASF48
 769 03c0 05       		.byte	0x5
 770 03c1 2001     		.2byte	0x120
 771 03c3 7B000000 		.4byte	0x7b
 772 03c7 16       		.uleb128 0x16
 773 03c8 9B000000 		.4byte	.LASF49
 774 03cc 05       		.byte	0x5
 775 03cd 2501     		.2byte	0x125
 776 03cf 3E000000 		.4byte	0x3e
 777 03d3 16       		.uleb128 0x16
 778 03d4 34000000 		.4byte	.LASF50
 779 03d8 05       		.byte	0x5
 780 03d9 2A01     		.2byte	0x12a
 781 03db 57000000 		.4byte	0x57
 782 03df 15       		.uleb128 0x15
 783 03e0 08       		.byte	0x8
 784 03e1 05       		.byte	0x5
 785 03e2 2F01     		.2byte	0x12f
 786 03e4 07040000 		.4byte	0x407
 787 03e8 10       		.uleb128 0x10
 788 03e9 A8000000 		.4byte	.LASF51
 789 03ed 05       		.byte	0x5
 790 03ee 3301     		.2byte	0x133
 791 03f0 BB030000 		.4byte	0x3bb
 792 03f4 02       		.byte	0x2
 793 03f5 23       		.byte	0x23
 794 03f6 00       		.uleb128 0
 795 03f7 10       		.uleb128 0x10
 796 03f8 66030000 		.4byte	.LASF52
 797 03fc 05       		.byte	0x5
ARM GAS  C:\Users\DNIEL~1\AppData\Local\Temp\cc0pTLEE.s 			page 15


 798 03fd 3901     		.2byte	0x139
 799 03ff 44020000 		.4byte	0x244
 800 0403 02       		.byte	0x2
 801 0404 23       		.byte	0x23
 802 0405 04       		.uleb128 0x4
 803 0406 00       		.byte	0
 804 0407 16       		.uleb128 0x16
 805 0408 21030000 		.4byte	.LASF53
 806 040c 05       		.byte	0x5
 807 040d 3B01     		.2byte	0x13b
 808 040f DF030000 		.4byte	0x3df
 809 0413 15       		.uleb128 0x15
 810 0414 34       		.byte	0x34
 811 0415 05       		.byte	0x5
 812 0416 4001     		.2byte	0x140
 813 0418 77040000 		.4byte	0x477
 814 041c 10       		.uleb128 0x10
 815 041d 11030000 		.4byte	.LASF54
 816 0421 05       		.byte	0x5
 817 0422 4601     		.2byte	0x146
 818 0424 7B000000 		.4byte	0x7b
 819 0428 02       		.byte	0x2
 820 0429 23       		.byte	0x23
 821 042a 00       		.uleb128 0
 822 042b 10       		.uleb128 0x10
 823 042c 7C010000 		.4byte	.LASF34
 824 0430 05       		.byte	0x5
 825 0431 4C01     		.2byte	0x14c
 826 0433 D3030000 		.4byte	0x3d3
 827 0437 02       		.byte	0x2
 828 0438 23       		.byte	0x23
 829 0439 04       		.uleb128 0x4
 830 043a 10       		.uleb128 0x10
 831 043b 66030000 		.4byte	.LASF52
 832 043f 05       		.byte	0x5
 833 0440 5201     		.2byte	0x152
 834 0442 44020000 		.4byte	0x244
 835 0446 02       		.byte	0x2
 836 0447 23       		.byte	0x23
 837 0448 08       		.uleb128 0x8
 838 0449 10       		.uleb128 0x10
 839 044a B4000000 		.4byte	.LASF55
 840 044e 05       		.byte	0x5
 841 044f 5601     		.2byte	0x156
 842 0451 77040000 		.4byte	0x477
 843 0455 02       		.byte	0x2
 844 0456 23       		.byte	0x23
 845 0457 0C       		.uleb128 0xc
 846 0458 11       		.uleb128 0x11
 847 0459 63723200 		.ascii	"cr2\000"
 848 045d 05       		.byte	0x5
 849 045e 5C01     		.2byte	0x15c
 850 0460 7B000000 		.4byte	0x7b
 851 0464 02       		.byte	0x2
 852 0465 23       		.byte	0x23
 853 0466 2C       		.uleb128 0x2c
 854 0467 10       		.uleb128 0x10
ARM GAS  C:\Users\DNIEL~1\AppData\Local\Temp\cc0pTLEE.s 			page 16


 855 0468 0C030000 		.4byte	.LASF56
 856 046c 05       		.byte	0x5
 857 046d 6901     		.2byte	0x169
 858 046f 7B000000 		.4byte	0x7b
 859 0473 02       		.byte	0x2
 860 0474 23       		.byte	0x23
 861 0475 30       		.uleb128 0x30
 862 0476 00       		.byte	0
 863 0477 06       		.uleb128 0x6
 864 0478 07040000 		.4byte	0x407
 865 047c 87040000 		.4byte	0x487
 866 0480 07       		.uleb128 0x7
 867 0481 A7000000 		.4byte	0xa7
 868 0485 03       		.byte	0x3
 869 0486 00       		.byte	0
 870 0487 16       		.uleb128 0x16
 871 0488 9F010000 		.4byte	.LASF57
 872 048c 05       		.byte	0x5
 873 048d 6A01     		.2byte	0x16a
 874 048f 13040000 		.4byte	0x413
 875 0493 12       		.uleb128 0x12
 876 0494 04       		.byte	0x4
 877 0495 99040000 		.4byte	0x499
 878 0499 17       		.uleb128 0x17
 879 049a 87040000 		.4byte	0x487
 880 049e 12       		.uleb128 0x12
 881 049f 04       		.byte	0x4
 882 04a0 AF030000 		.4byte	0x3af
 883 04a4 03       		.uleb128 0x3
 884 04a5 08       		.byte	0x8
 885 04a6 04       		.byte	0x4
 886 04a7 E8020000 		.4byte	.LASF58
 887 04ab 03       		.uleb128 0x3
 888 04ac 04       		.byte	0x4
 889 04ad 04       		.byte	0x4
 890 04ae 3C010000 		.4byte	.LASF59
 891 04b2 03       		.uleb128 0x3
 892 04b3 08       		.byte	0x8
 893 04b4 04       		.byte	0x4
 894 04b5 B4010000 		.4byte	.LASF60
 895 04b9 18       		.uleb128 0x18
 896 04ba A2020000 		.4byte	.LASF80
 897 04be 04       		.byte	0x4
 898 04bf 01       		.byte	0x1
 899 04c0 0F       		.byte	0xf
 900 04c1 F3040000 		.4byte	0x4f3
 901 04c5 0E       		.uleb128 0xe
 902 04c6 62010000 		.4byte	.LASF61
 903 04ca E78A8D09 		.sleb128 19088743
 904 04ce 0E       		.uleb128 0xe
 905 04cf BD000000 		.4byte	.LASF62
 906 04d3 91A2C408 		.sleb128 17895697
 907 04d7 0E       		.uleb128 0xe
 908 04d8 8A020000 		.4byte	.LASF63
 909 04dc 92A2C408 		.sleb128 17895698
 910 04e0 0E       		.uleb128 0xe
 911 04e1 31020000 		.4byte	.LASF64
ARM GAS  C:\Users\DNIEL~1\AppData\Local\Temp\cc0pTLEE.s 			page 17


 912 04e5 93A2C408 		.sleb128 17895699
 913 04e9 0E       		.uleb128 0xe
 914 04ea A9010000 		.4byte	.LASF65
 915 04ee 94A2C408 		.sleb128 17895700
 916 04f2 00       		.byte	0
 917 04f3 19       		.uleb128 0x19
 918 04f4 01       		.byte	0x1
 919 04f5 BA020000 		.4byte	.LASF66
 920 04f9 01       		.byte	0x1
 921 04fa 1B       		.byte	0x1b
 922 04fb 01       		.byte	0x1
 923 04fc 00000000 		.4byte	.LFB119
 924 0500 0C000000 		.4byte	.LFE119
 925 0504 02       		.byte	0x2
 926 0505 7D       		.byte	0x7d
 927 0506 00       		.sleb128 0
 928 0507 01       		.byte	0x1
 929 0508 1A050000 		.4byte	0x51a
 930 050c 1A       		.uleb128 0x1a
 931 050d 21020000 		.4byte	.LASF81
 932 0511 01       		.byte	0x1
 933 0512 1B       		.byte	0x1b
 934 0513 7B000000 		.4byte	0x7b
 935 0517 01       		.byte	0x1
 936 0518 50       		.byte	0x50
 937 0519 00       		.byte	0
 938 051a 1B       		.uleb128 0x1b
 939 051b 01       		.byte	0x1
 940 051c 32010000 		.4byte	.LASF67
 941 0520 01       		.byte	0x1
 942 0521 34       		.byte	0x34
 943 0522 01       		.byte	0x1
 944 0523 00000000 		.4byte	.LFB120
 945 0527 AC000000 		.4byte	.LFE120
 946 052b 00000000 		.4byte	.LLST0
 947 052f 01       		.byte	0x1
 948 0530 4D050000 		.4byte	0x54d
 949 0534 1C       		.uleb128 0x1c
 950 0535 54000000 		.4byte	.LVL1
 951 0539 16060000 		.4byte	0x616
 952 053d 1D       		.uleb128 0x1d
 953 053e 9A000000 		.4byte	.LVL2
 954 0542 16060000 		.4byte	0x616
 955 0546 1E       		.uleb128 0x1e
 956 0547 01       		.byte	0x1
 957 0548 51       		.byte	0x51
 958 0549 01       		.byte	0x1
 959 054a 31       		.byte	0x31
 960 054b 00       		.byte	0
 961 054c 00       		.byte	0
 962 054d 1B       		.uleb128 0x1b
 963 054e 01       		.byte	0x1
 964 054f 6F020000 		.4byte	.LASF68
 965 0553 01       		.byte	0x1
 966 0554 6B       		.byte	0x6b
 967 0555 01       		.byte	0x1
 968 0556 00000000 		.4byte	.LFB121
ARM GAS  C:\Users\DNIEL~1\AppData\Local\Temp\cc0pTLEE.s 			page 18


 969 055a 2A000000 		.4byte	.LFE121
 970 055e 20000000 		.4byte	.LLST1
 971 0562 01       		.byte	0x1
 972 0563 7B050000 		.4byte	0x57b
 973 0567 1D       		.uleb128 0x1d
 974 0568 16000000 		.4byte	.LVL3
 975 056c 34060000 		.4byte	0x634
 976 0570 1E       		.uleb128 0x1e
 977 0571 01       		.byte	0x1
 978 0572 51       		.byte	0x51
 979 0573 05       		.byte	0x5
 980 0574 03       		.byte	0x3
 981 0575 00000000 		.4byte	.LANCHOR2
 982 0579 00       		.byte	0
 983 057a 00       		.byte	0
 984 057b 1F       		.uleb128 0x1f
 985 057c EF020000 		.4byte	.LASF69
 986 0580 07       		.byte	0x7
 987 0581 11       		.byte	0x11
 988 0582 29000000 		.4byte	0x29
 989 0586 00       		.byte	0
 990 0587 20       		.uleb128 0x20
 991 0588 0B000000 		.4byte	.LASF70
 992 058c 01       		.byte	0x1
 993 058d 16       		.byte	0x16
 994 058e B9040000 		.4byte	0x4b9
 995 0592 05       		.byte	0x5
 996 0593 03       		.byte	0x3
 997 0594 00000000 		.4byte	allapot
 998 0598 20       		.uleb128 0x20
 999 0599 E0020000 		.4byte	.LASF71
 1000 059d 01       		.byte	0x1
 1001 059e 1A       		.byte	0x1a
 1002 059f 7B000000 		.4byte	0x7b
 1003 05a3 05       		.byte	0x5
 1004 05a4 03       		.byte	0x3
 1005 05a5 00000000 		.4byte	can_msg
 1006 05a9 20       		.uleb128 0x20
 1007 05aa 94000000 		.4byte	.LASF72
 1008 05ae 01       		.byte	0x1
 1009 05af 22       		.byte	0x22
 1010 05b0 87040000 		.4byte	0x487
 1011 05b4 05       		.byte	0x5
 1012 05b5 03       		.byte	0x3
 1013 05b6 00000000 		.4byte	pwmcfg
 1014 05ba 21       		.uleb128 0x21
 1015 05bb 69646F00 		.ascii	"ido\000"
 1016 05bf 01       		.byte	0x1
 1017 05c0 30       		.byte	0x30
 1018 05c1 7B000000 		.4byte	0x7b
 1019 05c5 20       		.uleb128 0x20
 1020 05c6 AD000000 		.4byte	.LASF73
 1021 05ca 01       		.byte	0x1
 1022 05cb 33       		.byte	0x33
 1023 05cc 29000000 		.4byte	0x29
 1024 05d0 05       		.byte	0x5
 1025 05d1 03       		.byte	0x3
ARM GAS  C:\Users\DNIEL~1\AppData\Local\Temp\cc0pTLEE.s 			page 19


 1026 05d2 00000000 		.4byte	tim_db
 1027 05d6 22       		.uleb128 0x22
 1028 05d7 3C030000 		.4byte	.LASF74
 1029 05db 08       		.byte	0x8
 1030 05dc 9806     		.2byte	0x698
 1031 05de C5000000 		.4byte	0xc5
 1032 05e2 01       		.byte	0x1
 1033 05e3 01       		.byte	0x1
 1034 05e4 22       		.uleb128 0x22
 1035 05e5 1B030000 		.4byte	.LASF75
 1036 05e9 05       		.byte	0x5
 1037 05ea B301     		.2byte	0x1b3
 1038 05ec E0010000 		.4byte	0x1e0
 1039 05f0 01       		.byte	0x1
 1040 05f1 01       		.byte	0x1
 1041 05f2 23       		.uleb128 0x23
 1042 05f3 73656700 		.ascii	"seg\000"
 1043 05f7 01       		.byte	0x1
 1044 05f8 31       		.byte	0x31
 1045 05f9 29000000 		.4byte	0x29
 1046 05fd 01       		.byte	0x1
 1047 05fe 05       		.byte	0x5
 1048 05ff 03       		.byte	0x3
 1049 0600 00000000 		.4byte	seg
 1050 0604 24       		.uleb128 0x24
 1051 0605 C0010000 		.4byte	.LASF76
 1052 0609 01       		.byte	0x1
 1053 060a 32       		.byte	0x32
 1054 060b 29000000 		.4byte	0x29
 1055 060f 01       		.byte	0x1
 1056 0610 05       		.byte	0x5
 1057 0611 03       		.byte	0x3
 1058 0612 00000000 		.4byte	seg2
 1059 0616 25       		.uleb128 0x25
 1060 0617 01       		.byte	0x1
 1061 0618 0D010000 		.4byte	.LASF82
 1062 061c 04       		.byte	0x4
 1063 061d F7       		.byte	0xf7
 1064 061e 01       		.byte	0x1
 1065 061f 01       		.byte	0x1
 1066 0620 34060000 		.4byte	0x634
 1067 0624 14       		.uleb128 0x14
 1068 0625 61020000 		.4byte	0x261
 1069 0629 14       		.uleb128 0x14
 1070 062a C7030000 		.4byte	0x3c7
 1071 062e 14       		.uleb128 0x14
 1072 062f D3030000 		.4byte	0x3d3
 1073 0633 00       		.byte	0
 1074 0634 26       		.uleb128 0x26
 1075 0635 01       		.byte	0x1
 1076 0636 42010000 		.4byte	.LASF83
 1077 063a 04       		.byte	0x4
 1078 063b F4       		.byte	0xf4
 1079 063c 01       		.byte	0x1
 1080 063d 01       		.byte	0x1
 1081 063e 14       		.uleb128 0x14
 1082 063f 61020000 		.4byte	0x261
ARM GAS  C:\Users\DNIEL~1\AppData\Local\Temp\cc0pTLEE.s 			page 20


 1083 0643 14       		.uleb128 0x14
 1084 0644 93040000 		.4byte	0x493
 1085 0648 00       		.byte	0
 1086 0649 00       		.byte	0
 1087              		.section	.debug_abbrev,"",%progbits
 1088              	.Ldebug_abbrev0:
 1089 0000 01       		.uleb128 0x1
 1090 0001 11       		.uleb128 0x11
 1091 0002 01       		.byte	0x1
 1092 0003 25       		.uleb128 0x25
 1093 0004 0E       		.uleb128 0xe
 1094 0005 13       		.uleb128 0x13
 1095 0006 0B       		.uleb128 0xb
 1096 0007 03       		.uleb128 0x3
 1097 0008 0E       		.uleb128 0xe
 1098 0009 1B       		.uleb128 0x1b
 1099 000a 0E       		.uleb128 0xe
 1100 000b 55       		.uleb128 0x55
 1101 000c 06       		.uleb128 0x6
 1102 000d 11       		.uleb128 0x11
 1103 000e 01       		.uleb128 0x1
 1104 000f 52       		.uleb128 0x52
 1105 0010 01       		.uleb128 0x1
 1106 0011 10       		.uleb128 0x10
 1107 0012 06       		.uleb128 0x6
 1108 0013 00       		.byte	0
 1109 0014 00       		.byte	0
 1110 0015 02       		.uleb128 0x2
 1111 0016 24       		.uleb128 0x24
 1112 0017 00       		.byte	0
 1113 0018 0B       		.uleb128 0xb
 1114 0019 0B       		.uleb128 0xb
 1115 001a 3E       		.uleb128 0x3e
 1116 001b 0B       		.uleb128 0xb
 1117 001c 03       		.uleb128 0x3
 1118 001d 08       		.uleb128 0x8
 1119 001e 00       		.byte	0
 1120 001f 00       		.byte	0
 1121 0020 03       		.uleb128 0x3
 1122 0021 24       		.uleb128 0x24
 1123 0022 00       		.byte	0
 1124 0023 0B       		.uleb128 0xb
 1125 0024 0B       		.uleb128 0xb
 1126 0025 3E       		.uleb128 0x3e
 1127 0026 0B       		.uleb128 0xb
 1128 0027 03       		.uleb128 0x3
 1129 0028 0E       		.uleb128 0xe
 1130 0029 00       		.byte	0
 1131 002a 00       		.byte	0
 1132 002b 04       		.uleb128 0x4
 1133 002c 16       		.uleb128 0x16
 1134 002d 00       		.byte	0
 1135 002e 03       		.uleb128 0x3
 1136 002f 0E       		.uleb128 0xe
 1137 0030 3A       		.uleb128 0x3a
 1138 0031 0B       		.uleb128 0xb
 1139 0032 3B       		.uleb128 0x3b
ARM GAS  C:\Users\DNIEL~1\AppData\Local\Temp\cc0pTLEE.s 			page 21


 1140 0033 0B       		.uleb128 0xb
 1141 0034 49       		.uleb128 0x49
 1142 0035 13       		.uleb128 0x13
 1143 0036 00       		.byte	0
 1144 0037 00       		.byte	0
 1145 0038 05       		.uleb128 0x5
 1146 0039 35       		.uleb128 0x35
 1147 003a 00       		.byte	0
 1148 003b 49       		.uleb128 0x49
 1149 003c 13       		.uleb128 0x13
 1150 003d 00       		.byte	0
 1151 003e 00       		.byte	0
 1152 003f 06       		.uleb128 0x6
 1153 0040 01       		.uleb128 0x1
 1154 0041 01       		.byte	0x1
 1155 0042 49       		.uleb128 0x49
 1156 0043 13       		.uleb128 0x13
 1157 0044 01       		.uleb128 0x1
 1158 0045 13       		.uleb128 0x13
 1159 0046 00       		.byte	0
 1160 0047 00       		.byte	0
 1161 0048 07       		.uleb128 0x7
 1162 0049 21       		.uleb128 0x21
 1163 004a 00       		.byte	0
 1164 004b 49       		.uleb128 0x49
 1165 004c 13       		.uleb128 0x13
 1166 004d 2F       		.uleb128 0x2f
 1167 004e 0B       		.uleb128 0xb
 1168 004f 00       		.byte	0
 1169 0050 00       		.byte	0
 1170 0051 08       		.uleb128 0x8
 1171 0052 13       		.uleb128 0x13
 1172 0053 01       		.byte	0x1
 1173 0054 0B       		.uleb128 0xb
 1174 0055 0B       		.uleb128 0xb
 1175 0056 3A       		.uleb128 0x3a
 1176 0057 0B       		.uleb128 0xb
 1177 0058 3B       		.uleb128 0x3b
 1178 0059 0B       		.uleb128 0xb
 1179 005a 01       		.uleb128 0x1
 1180 005b 13       		.uleb128 0x13
 1181 005c 00       		.byte	0
 1182 005d 00       		.byte	0
 1183 005e 09       		.uleb128 0x9
 1184 005f 0D       		.uleb128 0xd
 1185 0060 00       		.byte	0
 1186 0061 03       		.uleb128 0x3
 1187 0062 08       		.uleb128 0x8
 1188 0063 3A       		.uleb128 0x3a
 1189 0064 0B       		.uleb128 0xb
 1190 0065 3B       		.uleb128 0x3b
 1191 0066 0B       		.uleb128 0xb
 1192 0067 49       		.uleb128 0x49
 1193 0068 13       		.uleb128 0x13
 1194 0069 38       		.uleb128 0x38
 1195 006a 0A       		.uleb128 0xa
 1196 006b 00       		.byte	0
ARM GAS  C:\Users\DNIEL~1\AppData\Local\Temp\cc0pTLEE.s 			page 22


 1197 006c 00       		.byte	0
 1198 006d 0A       		.uleb128 0xa
 1199 006e 0D       		.uleb128 0xd
 1200 006f 00       		.byte	0
 1201 0070 03       		.uleb128 0x3
 1202 0071 0E       		.uleb128 0xe
 1203 0072 3A       		.uleb128 0x3a
 1204 0073 0B       		.uleb128 0xb
 1205 0074 3B       		.uleb128 0x3b
 1206 0075 0B       		.uleb128 0xb
 1207 0076 49       		.uleb128 0x49
 1208 0077 13       		.uleb128 0x13
 1209 0078 38       		.uleb128 0x38
 1210 0079 0A       		.uleb128 0xa
 1211 007a 00       		.byte	0
 1212 007b 00       		.byte	0
 1213 007c 0B       		.uleb128 0xb
 1214 007d 17       		.uleb128 0x17
 1215 007e 01       		.byte	0x1
 1216 007f 0B       		.uleb128 0xb
 1217 0080 0B       		.uleb128 0xb
 1218 0081 3A       		.uleb128 0x3a
 1219 0082 0B       		.uleb128 0xb
 1220 0083 3B       		.uleb128 0x3b
 1221 0084 0B       		.uleb128 0xb
 1222 0085 01       		.uleb128 0x1
 1223 0086 13       		.uleb128 0x13
 1224 0087 00       		.byte	0
 1225 0088 00       		.byte	0
 1226 0089 0C       		.uleb128 0xc
 1227 008a 0D       		.uleb128 0xd
 1228 008b 00       		.byte	0
 1229 008c 03       		.uleb128 0x3
 1230 008d 08       		.uleb128 0x8
 1231 008e 3A       		.uleb128 0x3a
 1232 008f 0B       		.uleb128 0xb
 1233 0090 3B       		.uleb128 0x3b
 1234 0091 0B       		.uleb128 0xb
 1235 0092 49       		.uleb128 0x49
 1236 0093 13       		.uleb128 0x13
 1237 0094 00       		.byte	0
 1238 0095 00       		.byte	0
 1239 0096 0D       		.uleb128 0xd
 1240 0097 04       		.uleb128 0x4
 1241 0098 01       		.byte	0x1
 1242 0099 0B       		.uleb128 0xb
 1243 009a 0B       		.uleb128 0xb
 1244 009b 3A       		.uleb128 0x3a
 1245 009c 0B       		.uleb128 0xb
 1246 009d 3B       		.uleb128 0x3b
 1247 009e 0B       		.uleb128 0xb
 1248 009f 01       		.uleb128 0x1
 1249 00a0 13       		.uleb128 0x13
 1250 00a1 00       		.byte	0
 1251 00a2 00       		.byte	0
 1252 00a3 0E       		.uleb128 0xe
 1253 00a4 28       		.uleb128 0x28
ARM GAS  C:\Users\DNIEL~1\AppData\Local\Temp\cc0pTLEE.s 			page 23


 1254 00a5 00       		.byte	0
 1255 00a6 03       		.uleb128 0x3
 1256 00a7 0E       		.uleb128 0xe
 1257 00a8 1C       		.uleb128 0x1c
 1258 00a9 0D       		.uleb128 0xd
 1259 00aa 00       		.byte	0
 1260 00ab 00       		.byte	0
 1261 00ac 0F       		.uleb128 0xf
 1262 00ad 13       		.uleb128 0x13
 1263 00ae 01       		.byte	0x1
 1264 00af 03       		.uleb128 0x3
 1265 00b0 0E       		.uleb128 0xe
 1266 00b1 0B       		.uleb128 0xb
 1267 00b2 0B       		.uleb128 0xb
 1268 00b3 3A       		.uleb128 0x3a
 1269 00b4 0B       		.uleb128 0xb
 1270 00b5 3B       		.uleb128 0x3b
 1271 00b6 05       		.uleb128 0x5
 1272 00b7 01       		.uleb128 0x1
 1273 00b8 13       		.uleb128 0x13
 1274 00b9 00       		.byte	0
 1275 00ba 00       		.byte	0
 1276 00bb 10       		.uleb128 0x10
 1277 00bc 0D       		.uleb128 0xd
 1278 00bd 00       		.byte	0
 1279 00be 03       		.uleb128 0x3
 1280 00bf 0E       		.uleb128 0xe
 1281 00c0 3A       		.uleb128 0x3a
 1282 00c1 0B       		.uleb128 0xb
 1283 00c2 3B       		.uleb128 0x3b
 1284 00c3 05       		.uleb128 0x5
 1285 00c4 49       		.uleb128 0x49
 1286 00c5 13       		.uleb128 0x13
 1287 00c6 38       		.uleb128 0x38
 1288 00c7 0A       		.uleb128 0xa
 1289 00c8 00       		.byte	0
 1290 00c9 00       		.byte	0
 1291 00ca 11       		.uleb128 0x11
 1292 00cb 0D       		.uleb128 0xd
 1293 00cc 00       		.byte	0
 1294 00cd 03       		.uleb128 0x3
 1295 00ce 08       		.uleb128 0x8
 1296 00cf 3A       		.uleb128 0x3a
 1297 00d0 0B       		.uleb128 0xb
 1298 00d1 3B       		.uleb128 0x3b
 1299 00d2 05       		.uleb128 0x5
 1300 00d3 49       		.uleb128 0x49
 1301 00d4 13       		.uleb128 0x13
 1302 00d5 38       		.uleb128 0x38
 1303 00d6 0A       		.uleb128 0xa
 1304 00d7 00       		.byte	0
 1305 00d8 00       		.byte	0
 1306 00d9 12       		.uleb128 0x12
 1307 00da 0F       		.uleb128 0xf
 1308 00db 00       		.byte	0
 1309 00dc 0B       		.uleb128 0xb
 1310 00dd 0B       		.uleb128 0xb
ARM GAS  C:\Users\DNIEL~1\AppData\Local\Temp\cc0pTLEE.s 			page 24


 1311 00de 49       		.uleb128 0x49
 1312 00df 13       		.uleb128 0x13
 1313 00e0 00       		.byte	0
 1314 00e1 00       		.byte	0
 1315 00e2 13       		.uleb128 0x13
 1316 00e3 15       		.uleb128 0x15
 1317 00e4 01       		.byte	0x1
 1318 00e5 27       		.uleb128 0x27
 1319 00e6 0C       		.uleb128 0xc
 1320 00e7 01       		.uleb128 0x1
 1321 00e8 13       		.uleb128 0x13
 1322 00e9 00       		.byte	0
 1323 00ea 00       		.byte	0
 1324 00eb 14       		.uleb128 0x14
 1325 00ec 05       		.uleb128 0x5
 1326 00ed 00       		.byte	0
 1327 00ee 49       		.uleb128 0x49
 1328 00ef 13       		.uleb128 0x13
 1329 00f0 00       		.byte	0
 1330 00f1 00       		.byte	0
 1331 00f2 15       		.uleb128 0x15
 1332 00f3 13       		.uleb128 0x13
 1333 00f4 01       		.byte	0x1
 1334 00f5 0B       		.uleb128 0xb
 1335 00f6 0B       		.uleb128 0xb
 1336 00f7 3A       		.uleb128 0x3a
 1337 00f8 0B       		.uleb128 0xb
 1338 00f9 3B       		.uleb128 0x3b
 1339 00fa 05       		.uleb128 0x5
 1340 00fb 01       		.uleb128 0x1
 1341 00fc 13       		.uleb128 0x13
 1342 00fd 00       		.byte	0
 1343 00fe 00       		.byte	0
 1344 00ff 16       		.uleb128 0x16
 1345 0100 16       		.uleb128 0x16
 1346 0101 00       		.byte	0
 1347 0102 03       		.uleb128 0x3
 1348 0103 0E       		.uleb128 0xe
 1349 0104 3A       		.uleb128 0x3a
 1350 0105 0B       		.uleb128 0xb
 1351 0106 3B       		.uleb128 0x3b
 1352 0107 05       		.uleb128 0x5
 1353 0108 49       		.uleb128 0x49
 1354 0109 13       		.uleb128 0x13
 1355 010a 00       		.byte	0
 1356 010b 00       		.byte	0
 1357 010c 17       		.uleb128 0x17
 1358 010d 26       		.uleb128 0x26
 1359 010e 00       		.byte	0
 1360 010f 49       		.uleb128 0x49
 1361 0110 13       		.uleb128 0x13
 1362 0111 00       		.byte	0
 1363 0112 00       		.byte	0
 1364 0113 18       		.uleb128 0x18
 1365 0114 04       		.uleb128 0x4
 1366 0115 01       		.byte	0x1
 1367 0116 03       		.uleb128 0x3
ARM GAS  C:\Users\DNIEL~1\AppData\Local\Temp\cc0pTLEE.s 			page 25


 1368 0117 0E       		.uleb128 0xe
 1369 0118 0B       		.uleb128 0xb
 1370 0119 0B       		.uleb128 0xb
 1371 011a 3A       		.uleb128 0x3a
 1372 011b 0B       		.uleb128 0xb
 1373 011c 3B       		.uleb128 0x3b
 1374 011d 0B       		.uleb128 0xb
 1375 011e 01       		.uleb128 0x1
 1376 011f 13       		.uleb128 0x13
 1377 0120 00       		.byte	0
 1378 0121 00       		.byte	0
 1379 0122 19       		.uleb128 0x19
 1380 0123 2E       		.uleb128 0x2e
 1381 0124 01       		.byte	0x1
 1382 0125 3F       		.uleb128 0x3f
 1383 0126 0C       		.uleb128 0xc
 1384 0127 03       		.uleb128 0x3
 1385 0128 0E       		.uleb128 0xe
 1386 0129 3A       		.uleb128 0x3a
 1387 012a 0B       		.uleb128 0xb
 1388 012b 3B       		.uleb128 0x3b
 1389 012c 0B       		.uleb128 0xb
 1390 012d 27       		.uleb128 0x27
 1391 012e 0C       		.uleb128 0xc
 1392 012f 11       		.uleb128 0x11
 1393 0130 01       		.uleb128 0x1
 1394 0131 12       		.uleb128 0x12
 1395 0132 01       		.uleb128 0x1
 1396 0133 40       		.uleb128 0x40
 1397 0134 0A       		.uleb128 0xa
 1398 0135 9742     		.uleb128 0x2117
 1399 0137 0C       		.uleb128 0xc
 1400 0138 01       		.uleb128 0x1
 1401 0139 13       		.uleb128 0x13
 1402 013a 00       		.byte	0
 1403 013b 00       		.byte	0
 1404 013c 1A       		.uleb128 0x1a
 1405 013d 05       		.uleb128 0x5
 1406 013e 00       		.byte	0
 1407 013f 03       		.uleb128 0x3
 1408 0140 0E       		.uleb128 0xe
 1409 0141 3A       		.uleb128 0x3a
 1410 0142 0B       		.uleb128 0xb
 1411 0143 3B       		.uleb128 0x3b
 1412 0144 0B       		.uleb128 0xb
 1413 0145 49       		.uleb128 0x49
 1414 0146 13       		.uleb128 0x13
 1415 0147 02       		.uleb128 0x2
 1416 0148 0A       		.uleb128 0xa
 1417 0149 00       		.byte	0
 1418 014a 00       		.byte	0
 1419 014b 1B       		.uleb128 0x1b
 1420 014c 2E       		.uleb128 0x2e
 1421 014d 01       		.byte	0x1
 1422 014e 3F       		.uleb128 0x3f
 1423 014f 0C       		.uleb128 0xc
 1424 0150 03       		.uleb128 0x3
ARM GAS  C:\Users\DNIEL~1\AppData\Local\Temp\cc0pTLEE.s 			page 26


 1425 0151 0E       		.uleb128 0xe
 1426 0152 3A       		.uleb128 0x3a
 1427 0153 0B       		.uleb128 0xb
 1428 0154 3B       		.uleb128 0x3b
 1429 0155 0B       		.uleb128 0xb
 1430 0156 27       		.uleb128 0x27
 1431 0157 0C       		.uleb128 0xc
 1432 0158 11       		.uleb128 0x11
 1433 0159 01       		.uleb128 0x1
 1434 015a 12       		.uleb128 0x12
 1435 015b 01       		.uleb128 0x1
 1436 015c 40       		.uleb128 0x40
 1437 015d 06       		.uleb128 0x6
 1438 015e 9742     		.uleb128 0x2117
 1439 0160 0C       		.uleb128 0xc
 1440 0161 01       		.uleb128 0x1
 1441 0162 13       		.uleb128 0x13
 1442 0163 00       		.byte	0
 1443 0164 00       		.byte	0
 1444 0165 1C       		.uleb128 0x1c
 1445 0166 898201   		.uleb128 0x4109
 1446 0169 00       		.byte	0
 1447 016a 11       		.uleb128 0x11
 1448 016b 01       		.uleb128 0x1
 1449 016c 31       		.uleb128 0x31
 1450 016d 13       		.uleb128 0x13
 1451 016e 00       		.byte	0
 1452 016f 00       		.byte	0
 1453 0170 1D       		.uleb128 0x1d
 1454 0171 898201   		.uleb128 0x4109
 1455 0174 01       		.byte	0x1
 1456 0175 11       		.uleb128 0x11
 1457 0176 01       		.uleb128 0x1
 1458 0177 31       		.uleb128 0x31
 1459 0178 13       		.uleb128 0x13
 1460 0179 00       		.byte	0
 1461 017a 00       		.byte	0
 1462 017b 1E       		.uleb128 0x1e
 1463 017c 8A8201   		.uleb128 0x410a
 1464 017f 00       		.byte	0
 1465 0180 02       		.uleb128 0x2
 1466 0181 0A       		.uleb128 0xa
 1467 0182 9142     		.uleb128 0x2111
 1468 0184 0A       		.uleb128 0xa
 1469 0185 00       		.byte	0
 1470 0186 00       		.byte	0
 1471 0187 1F       		.uleb128 0x1f
 1472 0188 34       		.uleb128 0x34
 1473 0189 00       		.byte	0
 1474 018a 03       		.uleb128 0x3
 1475 018b 0E       		.uleb128 0xe
 1476 018c 3A       		.uleb128 0x3a
 1477 018d 0B       		.uleb128 0xb
 1478 018e 3B       		.uleb128 0x3b
 1479 018f 0B       		.uleb128 0xb
 1480 0190 49       		.uleb128 0x49
 1481 0191 13       		.uleb128 0x13
ARM GAS  C:\Users\DNIEL~1\AppData\Local\Temp\cc0pTLEE.s 			page 27


 1482 0192 1C       		.uleb128 0x1c
 1483 0193 0B       		.uleb128 0xb
 1484 0194 00       		.byte	0
 1485 0195 00       		.byte	0
 1486 0196 20       		.uleb128 0x20
 1487 0197 34       		.uleb128 0x34
 1488 0198 00       		.byte	0
 1489 0199 03       		.uleb128 0x3
 1490 019a 0E       		.uleb128 0xe
 1491 019b 3A       		.uleb128 0x3a
 1492 019c 0B       		.uleb128 0xb
 1493 019d 3B       		.uleb128 0x3b
 1494 019e 0B       		.uleb128 0xb
 1495 019f 49       		.uleb128 0x49
 1496 01a0 13       		.uleb128 0x13
 1497 01a1 02       		.uleb128 0x2
 1498 01a2 0A       		.uleb128 0xa
 1499 01a3 00       		.byte	0
 1500 01a4 00       		.byte	0
 1501 01a5 21       		.uleb128 0x21
 1502 01a6 34       		.uleb128 0x34
 1503 01a7 00       		.byte	0
 1504 01a8 03       		.uleb128 0x3
 1505 01a9 08       		.uleb128 0x8
 1506 01aa 3A       		.uleb128 0x3a
 1507 01ab 0B       		.uleb128 0xb
 1508 01ac 3B       		.uleb128 0x3b
 1509 01ad 0B       		.uleb128 0xb
 1510 01ae 49       		.uleb128 0x49
 1511 01af 13       		.uleb128 0x13
 1512 01b0 00       		.byte	0
 1513 01b1 00       		.byte	0
 1514 01b2 22       		.uleb128 0x22
 1515 01b3 34       		.uleb128 0x34
 1516 01b4 00       		.byte	0
 1517 01b5 03       		.uleb128 0x3
 1518 01b6 0E       		.uleb128 0xe
 1519 01b7 3A       		.uleb128 0x3a
 1520 01b8 0B       		.uleb128 0xb
 1521 01b9 3B       		.uleb128 0x3b
 1522 01ba 05       		.uleb128 0x5
 1523 01bb 49       		.uleb128 0x49
 1524 01bc 13       		.uleb128 0x13
 1525 01bd 3F       		.uleb128 0x3f
 1526 01be 0C       		.uleb128 0xc
 1527 01bf 3C       		.uleb128 0x3c
 1528 01c0 0C       		.uleb128 0xc
 1529 01c1 00       		.byte	0
 1530 01c2 00       		.byte	0
 1531 01c3 23       		.uleb128 0x23
 1532 01c4 34       		.uleb128 0x34
 1533 01c5 00       		.byte	0
 1534 01c6 03       		.uleb128 0x3
 1535 01c7 08       		.uleb128 0x8
 1536 01c8 3A       		.uleb128 0x3a
 1537 01c9 0B       		.uleb128 0xb
 1538 01ca 3B       		.uleb128 0x3b
ARM GAS  C:\Users\DNIEL~1\AppData\Local\Temp\cc0pTLEE.s 			page 28


 1539 01cb 0B       		.uleb128 0xb
 1540 01cc 49       		.uleb128 0x49
 1541 01cd 13       		.uleb128 0x13
 1542 01ce 3F       		.uleb128 0x3f
 1543 01cf 0C       		.uleb128 0xc
 1544 01d0 02       		.uleb128 0x2
 1545 01d1 0A       		.uleb128 0xa
 1546 01d2 00       		.byte	0
 1547 01d3 00       		.byte	0
 1548 01d4 24       		.uleb128 0x24
 1549 01d5 34       		.uleb128 0x34
 1550 01d6 00       		.byte	0
 1551 01d7 03       		.uleb128 0x3
 1552 01d8 0E       		.uleb128 0xe
 1553 01d9 3A       		.uleb128 0x3a
 1554 01da 0B       		.uleb128 0xb
 1555 01db 3B       		.uleb128 0x3b
 1556 01dc 0B       		.uleb128 0xb
 1557 01dd 49       		.uleb128 0x49
 1558 01de 13       		.uleb128 0x13
 1559 01df 3F       		.uleb128 0x3f
 1560 01e0 0C       		.uleb128 0xc
 1561 01e1 02       		.uleb128 0x2
 1562 01e2 0A       		.uleb128 0xa
 1563 01e3 00       		.byte	0
 1564 01e4 00       		.byte	0
 1565 01e5 25       		.uleb128 0x25
 1566 01e6 2E       		.uleb128 0x2e
 1567 01e7 01       		.byte	0x1
 1568 01e8 3F       		.uleb128 0x3f
 1569 01e9 0C       		.uleb128 0xc
 1570 01ea 03       		.uleb128 0x3
 1571 01eb 0E       		.uleb128 0xe
 1572 01ec 3A       		.uleb128 0x3a
 1573 01ed 0B       		.uleb128 0xb
 1574 01ee 3B       		.uleb128 0x3b
 1575 01ef 0B       		.uleb128 0xb
 1576 01f0 27       		.uleb128 0x27
 1577 01f1 0C       		.uleb128 0xc
 1578 01f2 3C       		.uleb128 0x3c
 1579 01f3 0C       		.uleb128 0xc
 1580 01f4 01       		.uleb128 0x1
 1581 01f5 13       		.uleb128 0x13
 1582 01f6 00       		.byte	0
 1583 01f7 00       		.byte	0
 1584 01f8 26       		.uleb128 0x26
 1585 01f9 2E       		.uleb128 0x2e
 1586 01fa 01       		.byte	0x1
 1587 01fb 3F       		.uleb128 0x3f
 1588 01fc 0C       		.uleb128 0xc
 1589 01fd 03       		.uleb128 0x3
 1590 01fe 0E       		.uleb128 0xe
 1591 01ff 3A       		.uleb128 0x3a
 1592 0200 0B       		.uleb128 0xb
 1593 0201 3B       		.uleb128 0x3b
 1594 0202 0B       		.uleb128 0xb
 1595 0203 27       		.uleb128 0x27
ARM GAS  C:\Users\DNIEL~1\AppData\Local\Temp\cc0pTLEE.s 			page 29


 1596 0204 0C       		.uleb128 0xc
 1597 0205 3C       		.uleb128 0x3c
 1598 0206 0C       		.uleb128 0xc
 1599 0207 00       		.byte	0
 1600 0208 00       		.byte	0
 1601 0209 00       		.byte	0
 1602              		.section	.debug_loc,"",%progbits
 1603              	.Ldebug_loc0:
 1604              	.LLST0:
 1605 0000 00000000 		.4byte	.LFB120
 1606 0004 02000000 		.4byte	.LCFI0
 1607 0008 0200     		.2byte	0x2
 1608 000a 7D       		.byte	0x7d
 1609 000b 00       		.sleb128 0
 1610 000c 02000000 		.4byte	.LCFI0
 1611 0010 AC000000 		.4byte	.LFE120
 1612 0014 0200     		.2byte	0x2
 1613 0016 7D       		.byte	0x7d
 1614 0017 18       		.sleb128 24
 1615 0018 00000000 		.4byte	0
 1616 001c 00000000 		.4byte	0
 1617              	.LLST1:
 1618 0020 00000000 		.4byte	.LFB121
 1619 0024 0A000000 		.4byte	.LCFI1
 1620 0028 0200     		.2byte	0x2
 1621 002a 7D       		.byte	0x7d
 1622 002b 00       		.sleb128 0
 1623 002c 0A000000 		.4byte	.LCFI1
 1624 0030 2A000000 		.4byte	.LFE121
 1625 0034 0200     		.2byte	0x2
 1626 0036 7D       		.byte	0x7d
 1627 0037 08       		.sleb128 8
 1628 0038 00000000 		.4byte	0
 1629 003c 00000000 		.4byte	0
 1630              		.section	.debug_aranges,"",%progbits
 1631 0000 2C000000 		.4byte	0x2c
 1632 0004 0200     		.2byte	0x2
 1633 0006 00000000 		.4byte	.Ldebug_info0
 1634 000a 04       		.byte	0x4
 1635 000b 00       		.byte	0
 1636 000c 0000     		.2byte	0
 1637 000e 0000     		.2byte	0
 1638 0010 00000000 		.4byte	.LFB119
 1639 0014 0C000000 		.4byte	.LFE119-.LFB119
 1640 0018 00000000 		.4byte	.LFB120
 1641 001c AC000000 		.4byte	.LFE120-.LFB120
 1642 0020 00000000 		.4byte	.LFB121
 1643 0024 2A000000 		.4byte	.LFE121-.LFB121
 1644 0028 00000000 		.4byte	0
 1645 002c 00000000 		.4byte	0
 1646              		.section	.debug_ranges,"",%progbits
 1647              	.Ldebug_ranges0:
 1648 0000 00000000 		.4byte	.LFB119
 1649 0004 0C000000 		.4byte	.LFE119
 1650 0008 00000000 		.4byte	.LFB120
 1651 000c AC000000 		.4byte	.LFE120
 1652 0010 00000000 		.4byte	.LFB121
ARM GAS  C:\Users\DNIEL~1\AppData\Local\Temp\cc0pTLEE.s 			page 30


 1653 0014 2A000000 		.4byte	.LFE121
 1654 0018 00000000 		.4byte	0
 1655 001c 00000000 		.4byte	0
 1656              		.section	.debug_line,"",%progbits
 1657              	.Ldebug_line0:
 1658 0000 07020000 		.section	.debug_str,"MS",%progbits,1
 1658      0200B001 
 1658      00000201 
 1658      FB0E0D00 
 1658      01010101 
 1659              	.LASF35:
 1660 0000 636C6F63 		.ascii	"clock\000"
 1660      6B00
 1661              	.LASF41:
 1662 0006 43434552 		.ascii	"CCER\000"
 1662      00
 1663              	.LASF70:
 1664 000b 616C6C61 		.ascii	"allapot\000"
 1664      706F7400 
 1665              	.LASF43:
 1666 0013 444D4152 		.ascii	"DMAR\000"
 1666      00
 1667              	.LASF32:
 1668 0018 73746174 		.ascii	"state\000"
 1668      6500
 1669              	.LASF40:
 1670 001e 43434D52 		.ascii	"CCMR2\000"
 1670      3200
 1671              	.LASF44:
 1672 0024 43434D52 		.ascii	"CCMR3\000"
 1672      3300
 1673              	.LASF3:
 1674 002a 73686F72 		.ascii	"short int\000"
 1674      7420696E 
 1674      7400
 1675              	.LASF50:
 1676 0034 70776D63 		.ascii	"pwmcnt_t\000"
 1676      6E745F74 
 1676      00
 1677              	.LASF24:
 1678 003d 41465248 		.ascii	"AFRH\000"
 1678      00
 1679              	.LASF14:
 1680 0042 73697A65 		.ascii	"sizetype\000"
 1680      74797065 
 1680      00
 1681              	.LASF77:
 1682 004b 474E5520 		.ascii	"GNU C 4.7.4 20140401 (release) [ARM/embedded-4_7-br"
 1682      4320342E 
 1682      372E3420 
 1682      32303134 
 1682      30343031 
 1683 007e 616E6368 		.ascii	"anch revision 209195]\000"
 1683      20726576 
 1683      6973696F 
 1683      6E203230 
 1683      39313935 
ARM GAS  C:\Users\DNIEL~1\AppData\Local\Temp\cc0pTLEE.s 			page 31


 1684              	.LASF72:
 1685 0094 70776D63 		.ascii	"pwmcfg\000"
 1685      666700
 1686              	.LASF49:
 1687 009b 70776D63 		.ascii	"pwmchannel_t\000"
 1687      68616E6E 
 1687      656C5F74 
 1687      00
 1688              	.LASF51:
 1689 00a8 6D6F6465 		.ascii	"mode\000"
 1689      00
 1690              	.LASF73:
 1691 00ad 74696D5F 		.ascii	"tim_db\000"
 1691      646200
 1692              	.LASF55:
 1693 00b4 6368616E 		.ascii	"channels\000"
 1693      6E656C73 
 1693      00
 1694              	.LASF62:
 1695 00bd 4C494748 		.ascii	"LIGHT_BALINDEX\000"
 1695      545F4241 
 1695      4C494E44 
 1695      455800
 1696              	.LASF21:
 1697 00cc 42535252 		.ascii	"BSRR\000"
 1697      00
 1698              	.LASF33:
 1699 00d1 636F6E66 		.ascii	"config\000"
 1699      696700
 1700              	.LASF79:
 1701 00d8 433A5C55 		.ascii	"C:\\Users\\D\341niel\\git\\Modulux\\modulux\\firmwa"
 1701      73657273 
 1701      5C44E16E 
 1701      69656C5C 
 1701      6769745C 
 1702 0102 726500   		.ascii	"re\000"
 1703              	.LASF4:
 1704 0105 75696E74 		.ascii	"uint8_t\000"
 1704      385F7400 
 1705              	.LASF82:
 1706 010d 70776D45 		.ascii	"pwmEnableChannel\000"
 1706      6E61626C 
 1706      65436861 
 1706      6E6E656C 
 1706      00
 1707              	.LASF26:
 1708 011e 696F706F 		.ascii	"ioportmask_t\000"
 1708      72746D61 
 1708      736B5F74 
 1708      00
 1709              	.LASF18:
 1710 012b 4F545950 		.ascii	"OTYPER\000"
 1710      455200
 1711              	.LASF67:
 1712 0132 6C696768 		.ascii	"lightCalc\000"
 1712      7443616C 
 1712      6300
ARM GAS  C:\Users\DNIEL~1\AppData\Local\Temp\cc0pTLEE.s 			page 32


 1713              	.LASF59:
 1714 013c 666C6F61 		.ascii	"float\000"
 1714      7400
 1715              	.LASF83:
 1716 0142 70776D53 		.ascii	"pwmStart\000"
 1716      74617274 
 1716      00
 1717              	.LASF11:
 1718 014b 6C6F6E67 		.ascii	"long long int\000"
 1718      206C6F6E 
 1718      6720696E 
 1718      7400
 1719              	.LASF8:
 1720 0159 6C6F6E67 		.ascii	"long int\000"
 1720      20696E74 
 1720      00
 1721              	.LASF61:
 1722 0162 4C494748 		.ascii	"LIGHT_JOBBINDEX\000"
 1722      545F4A4F 
 1722      4242494E 
 1722      44455800 
 1723              	.LASF45:
 1724 0172 43435235 		.ascii	"CCR5\000"
 1724      00
 1725              	.LASF46:
 1726 0177 43435236 		.ascii	"CCR6\000"
 1726      00
 1727              	.LASF34:
 1728 017c 70657269 		.ascii	"period\000"
 1728      6F6400
 1729              	.LASF17:
 1730 0183 4D4F4445 		.ascii	"MODER\000"
 1730      5200
 1731              	.LASF31:
 1732 0189 50574D44 		.ascii	"PWMDriver\000"
 1732      72697665 
 1732      7200
 1733              	.LASF16:
 1734 0193 636C6561 		.ascii	"clear\000"
 1734      7200
 1735              	.LASF39:
 1736 0199 43434D52 		.ascii	"CCMR1\000"
 1736      3100
 1737              	.LASF57:
 1738 019f 50574D43 		.ascii	"PWMConfig\000"
 1738      6F6E6669 
 1738      6700
 1739              	.LASF65:
 1740 01a9 4C494748 		.ascii	"LIGHT_WAIT\000"
 1740      545F5741 
 1740      495400
 1741              	.LASF60:
 1742 01b4 6C6F6E67 		.ascii	"long double\000"
 1742      20646F75 
 1742      626C6500 
 1743              	.LASF76:
 1744 01c0 73656732 		.ascii	"seg2\000"
ARM GAS  C:\Users\DNIEL~1\AppData\Local\Temp\cc0pTLEE.s 			page 33


 1744      00
 1745              	.LASF37:
 1746 01c5 534D4352 		.ascii	"SMCR\000"
 1746      00
 1747              	.LASF27:
 1748 01ca 50574D5F 		.ascii	"PWM_UNINIT\000"
 1748      554E494E 
 1748      495400
 1749              	.LASF2:
 1750 01d5 756E7369 		.ascii	"unsigned char\000"
 1750      676E6564 
 1750      20636861 
 1750      7200
 1751              	.LASF42:
 1752 01e3 42445452 		.ascii	"BDTR\000"
 1752      00
 1753              	.LASF1:
 1754 01e8 7369676E 		.ascii	"signed char\000"
 1754      65642063 
 1754      68617200 
 1755              	.LASF12:
 1756 01f4 6C6F6E67 		.ascii	"long long unsigned int\000"
 1756      206C6F6E 
 1756      6720756E 
 1756      7369676E 
 1756      65642069 
 1757              	.LASF9:
 1758 020b 75696E74 		.ascii	"uint32_t\000"
 1758      33325F74 
 1758      00
 1759              	.LASF0:
 1760 0214 756E7369 		.ascii	"unsigned int\000"
 1760      676E6564 
 1760      20696E74 
 1760      00
 1761              	.LASF81:
 1762 0221 63616E5F 		.ascii	"can_Id\000"
 1762      496400
 1763              	.LASF5:
 1764 0228 75696E74 		.ascii	"uint16_t\000"
 1764      31365F74 
 1764      00
 1765              	.LASF64:
 1766 0231 4C494748 		.ascii	"LIGHT_TOLATO\000"
 1766      545F544F 
 1766      4C41544F 
 1766      00
 1767              	.LASF38:
 1768 023e 44494552 		.ascii	"DIER\000"
 1768      00
 1769              	.LASF20:
 1770 0243 50555044 		.ascii	"PUPDR\000"
 1770      5200
 1771              	.LASF36:
 1772 0249 70776D63 		.ascii	"pwmcallback_t\000"
 1772      616C6C62 
 1772      61636B5F 
ARM GAS  C:\Users\DNIEL~1\AppData\Local\Temp\cc0pTLEE.s 			page 34


 1772      7400
 1773              	.LASF23:
 1774 0257 4146524C 		.ascii	"AFRL\000"
 1774      00
 1775              	.LASF6:
 1776 025c 73686F72 		.ascii	"short unsigned int\000"
 1776      7420756E 
 1776      7369676E 
 1776      65642069 
 1776      6E7400
 1777              	.LASF68:
 1778 026f 6C696768 		.ascii	"lightInit\000"
 1778      74496E69 
 1778      7400
 1779              	.LASF15:
 1780 0279 63686172 		.ascii	"char\000"
 1780      00
 1781              	.LASF47:
 1782 027e 73746D33 		.ascii	"stm32_tim_t\000"
 1782      325F7469 
 1782      6D5F7400 
 1783              	.LASF63:
 1784 028a 4C494748 		.ascii	"LIGHT_FEK\000"
 1784      545F4645 
 1784      4B00
 1785              	.LASF7:
 1786 0294 696E7433 		.ascii	"int32_t\000"
 1786      325F7400 
 1787              	.LASF13:
 1788 029c 5F426F6F 		.ascii	"_Bool\000"
 1788      6C00
 1789              	.LASF80:
 1790 02a2 63616E4D 		.ascii	"canMessages\000"
 1790      65737361 
 1790      67657300 
 1791              	.LASF78:
 1792 02ae 7372632F 		.ascii	"src/light.c\000"
 1792      6C696768 
 1792      742E6300 
 1793              	.LASF66:
 1794 02ba 4C696768 		.ascii	"Light_state\000"
 1794      745F7374 
 1794      61746500 
 1795              	.LASF19:
 1796 02c6 4F535045 		.ascii	"OSPEEDR\000"
 1796      45445200 
 1797              	.LASF10:
 1798 02ce 6C6F6E67 		.ascii	"long unsigned int\000"
 1798      20756E73 
 1798      69676E65 
 1798      6420696E 
 1798      7400
 1799              	.LASF71:
 1800 02e0 63616E5F 		.ascii	"can_msg\000"
 1800      6D736700 
 1801              	.LASF58:
 1802 02e8 646F7562 		.ascii	"double\000"
ARM GAS  C:\Users\DNIEL~1\AppData\Local\Temp\cc0pTLEE.s 			page 35


 1802      6C6500
 1803              	.LASF69:
 1804 02ef 696E6465 		.ascii	"indexTrue\000"
 1804      78547275 
 1804      6500
 1805              	.LASF29:
 1806 02f9 50574D5F 		.ascii	"PWM_READY\000"
 1806      52454144 
 1806      5900
 1807              	.LASF28:
 1808 0303 50574D5F 		.ascii	"PWM_STOP\000"
 1808      53544F50 
 1808      00
 1809              	.LASF56:
 1810 030c 64696572 		.ascii	"dier\000"
 1810      00
 1811              	.LASF54:
 1812 0311 66726571 		.ascii	"frequency\000"
 1812      75656E63 
 1812      7900
 1813              	.LASF75:
 1814 031b 50574D44 		.ascii	"PWMD1\000"
 1814      3100
 1815              	.LASF53:
 1816 0321 50574D43 		.ascii	"PWMChannelConfig\000"
 1816      68616E6E 
 1816      656C436F 
 1816      6E666967 
 1816      00
 1817              	.LASF48:
 1818 0332 70776D6D 		.ascii	"pwmmode_t\000"
 1818      6F64655F 
 1818      7400
 1819              	.LASF74:
 1820 033c 49544D5F 		.ascii	"ITM_RxBuffer\000"
 1820      52784275 
 1820      66666572 
 1820      00
 1821              	.LASF30:
 1822 0349 70776D73 		.ascii	"pwmstate_t\000"
 1822      74617465 
 1822      5F7400
 1823              	.LASF22:
 1824 0354 4C434B52 		.ascii	"LCKR\000"
 1824      00
 1825              	.LASF25:
 1826 0359 4750494F 		.ascii	"GPIO_TypeDef\000"
 1826      5F547970 
 1826      65446566 
 1826      00
 1827              	.LASF52:
 1828 0366 63616C6C 		.ascii	"callback\000"
 1828      6261636B 
 1828      00
 1829              		.ident	"GCC: (GNU Tools for ARM Embedded Processors) 4.7.4 20140401 (release) [ARM/embedded-4_7-br
ARM GAS  C:\Users\DNIEL~1\AppData\Local\Temp\cc0pTLEE.s 			page 36


DEFINED SYMBOLS
                            *ABS*:00000000 light.c
C:\Users\DNIEL~1\AppData\Local\Temp\cc0pTLEE.s:19     .text.Light_state:00000000 $t
C:\Users\DNIEL~1\AppData\Local\Temp\cc0pTLEE.s:25     .text.Light_state:00000000 Light_state
C:\Users\DNIEL~1\AppData\Local\Temp\cc0pTLEE.s:249    .bss.can_msg:00000000 .LANCHOR0
C:\Users\DNIEL~1\AppData\Local\Temp\cc0pTLEE.s:43     .text.lightCalc:00000000 $t
C:\Users\DNIEL~1\AppData\Local\Temp\cc0pTLEE.s:49     .text.lightCalc:00000000 lightCalc
C:\Users\DNIEL~1\AppData\Local\Temp\cc0pTLEE.s:156    .text.lightCalc:000000a0 $d
C:\Users\DNIEL~1\AppData\Local\Temp\cc0pTLEE.s:163    .text.lightInit:00000000 $t
C:\Users\DNIEL~1\AppData\Local\Temp\cc0pTLEE.s:169    .text.lightInit:00000000 lightInit
C:\Users\DNIEL~1\AppData\Local\Temp\cc0pTLEE.s:210    .data.pwmcfg:00000000 .LANCHOR2
C:\Users\DNIEL~1\AppData\Local\Temp\cc0pTLEE.s:242    .bss.allapot:00000000 .LANCHOR3
C:\Users\DNIEL~1\AppData\Local\Temp\cc0pTLEE.s:238    .data.seg2:00000000 seg2
C:\Users\DNIEL~1\AppData\Local\Temp\cc0pTLEE.s:232    .data.seg:00000000 seg
C:\Users\DNIEL~1\AppData\Local\Temp\cc0pTLEE.s:202    .bss.tim_db:00000000 $d
C:\Users\DNIEL~1\AppData\Local\Temp\cc0pTLEE.s:206    .bss.tim_db:00000000 tim_db
C:\Users\DNIEL~1\AppData\Local\Temp\cc0pTLEE.s:209    .data.pwmcfg:00000000 $d
C:\Users\DNIEL~1\AppData\Local\Temp\cc0pTLEE.s:213    .data.pwmcfg:00000000 pwmcfg
C:\Users\DNIEL~1\AppData\Local\Temp\cc0pTLEE.s:229    .data.seg:00000000 $d
C:\Users\DNIEL~1\AppData\Local\Temp\cc0pTLEE.s:235    .data.seg2:00000000 $d
C:\Users\DNIEL~1\AppData\Local\Temp\cc0pTLEE.s:241    .bss.allapot:00000000 $d
C:\Users\DNIEL~1\AppData\Local\Temp\cc0pTLEE.s:245    .bss.allapot:00000000 allapot
C:\Users\DNIEL~1\AppData\Local\Temp\cc0pTLEE.s:248    .bss.can_msg:00000000 $d
C:\Users\DNIEL~1\AppData\Local\Temp\cc0pTLEE.s:252    .bss.can_msg:00000000 can_msg
                     .debug_frame:00000010 $d
C:\Users\DNIEL~1\AppData\Local\Temp\cc0pTLEE.s:162    .text.lightCalc:000000ac $t

UNDEFINED SYMBOLS
pwmEnableChannel
PWMD1
pwmStart
