ARM GAS  C:\Users\srich\AppData\Local\Temp\cceHH8Cg.s 			page 1


   1              		.syntax unified
   2              		.cpu cortex-m4
   3              		.fpu softvfp
   4              		.eabi_attribute 20, 1
   5              		.eabi_attribute 21, 1
   6              		.eabi_attribute 23, 3
   7              		.eabi_attribute 24, 1
   8              		.eabi_attribute 25, 1
   9              		.eabi_attribute 26, 1
  10              		.eabi_attribute 30, 2
  11              		.eabi_attribute 34, 1
  12              		.eabi_attribute 18, 4
  13              		.thumb
  14              		.file	"pal.c"
  15              		.text
  16              	.Ltext0:
  17              		.cfi_sections	.debug_frame
  18              		.section	.text.palReadBus,"ax",%progbits
  19              		.align	2
  20              		.p2align 4,,15
  21              		.global	palReadBus
  22              		.thumb
  23              		.thumb_func
  24              		.type	palReadBus, %function
  25              	palReadBus:
  26              	.LFB118:
  27              		.file 1 "c:\\ChibiStudio\\chibios/os/hal/src/pal.c"
  28              		.loc 1 77 0
  29              		.cfi_startproc
  30              		@ args = 0, pretend = 0, frame = 0
  31              		@ frame_needed = 0, uses_anonymous_args = 0
  32              		@ link register save eliminated.
  33              	.LVL0:
  34              		.loc 1 82 0
  35 0000 0368     		ldr	r3, [r0, #0]
  36 0002 8268     		ldr	r2, [r0, #8]
  37 0004 1969     		ldr	r1, [r3, #16]
  38 0006 4368     		ldr	r3, [r0, #4]
  39 0008 21FA02F0 		lsr	r0, r1, r2
  40              	.LVL1:
  41              		.loc 1 83 0
  42 000c 1840     		ands	r0, r0, r3
  43 000e 7047     		bx	lr
  44              		.cfi_endproc
  45              	.LFE118:
  46              		.size	palReadBus, .-palReadBus
  47              		.section	.text.palWriteBus,"ax",%progbits
  48              		.align	2
  49              		.p2align 4,,15
  50              		.global	palWriteBus
  51              		.thumb
  52              		.thumb_func
  53              		.type	palWriteBus, %function
  54              	palWriteBus:
  55              	.LFB119:
  56              		.loc 1 103 0
  57              		.cfi_startproc
ARM GAS  C:\Users\srich\AppData\Local\Temp\cceHH8Cg.s 			page 2


  58              		@ args = 0, pretend = 0, frame = 0
  59              		@ frame_needed = 0, uses_anonymous_args = 0
  60              		@ link register save eliminated.
  61              	.LVL2:
  62              		.loc 1 108 0
  63 0000 0DC8     		ldmia	r0, {r0, r2, r3}
  64              	.LVL3:
  65              		.loc 1 103 0
  66 0002 30B4     		push	{r4, r5}
  67              	.LCFI0:
  68              		.cfi_def_cfa_offset 8
  69              		.cfi_offset 4, -8
  70              		.cfi_offset 5, -4
  71              		.loc 1 108 0
  72 0004 22EA0105 		bic	r5, r2, r1
  73 0008 03F11004 		add	r4, r3, #16
  74 000c 0A40     		ands	r2, r2, r1
  75 000e 05FA04F4 		lsl	r4, r5, r4
  76 0012 02FA03F3 		lsl	r3, r2, r3
  77 0016 44EA0301 		orr	r1, r4, r3
  78              	.LVL4:
  79 001a 8161     		str	r1, [r0, #24]
  80              		.loc 1 109 0
  81 001c 30BC     		pop	{r4, r5}
  82 001e 7047     		bx	lr
  83              		.cfi_endproc
  84              	.LFE119:
  85              		.size	palWriteBus, .-palWriteBus
  86              		.section	.text.palSetBusMode,"ax",%progbits
  87              		.align	2
  88              		.p2align 4,,15
  89              		.global	palSetBusMode
  90              		.thumb
  91              		.thumb_func
  92              		.type	palSetBusMode, %function
  93              	palSetBusMode:
  94              	.LFB120:
  95              		.loc 1 127 0
  96              		.cfi_startproc
  97              		@ args = 0, pretend = 0, frame = 0
  98              		@ frame_needed = 0, uses_anonymous_args = 0
  99              		@ link register save eliminated.
 100              	.LVL5:
 101              		.loc 1 127 0
 102 0000 0A46     		mov	r2, r1
 103              		.loc 1 132 0
 104 0002 0BC8     		ldmia	r0, {r0, r1, r3}
 105              	.LVL6:
 106 0004 01FA03F1 		lsl	r1, r1, r3
 107              		.loc 1 133 0
 108              		.loc 1 132 0
 109 0008 FFF7FEBF 		b	_pal_lld_setgroupmode
 110              	.LVL7:
 111              		.cfi_endproc
 112              	.LFE120:
 113              		.size	palSetBusMode, .-palSetBusMode
 114 000c AFF30080 		.text
ARM GAS  C:\Users\srich\AppData\Local\Temp\cceHH8Cg.s 			page 3


 115              	.Letext0:
 116              		.file 2 "c:\\chibistudio\\tools\\gnu tools arm embedded\\4.7 2014q2\\bin\\../lib/gcc/arm-none-eabi
 117              		.file 3 "c:\\ChibiStudio\\chibios/os/hal/platforms/STM32/GPIOv2/pal_lld.h"
 118              		.file 4 "c:\\ChibiStudio\\chibios/os/hal/include/pal.h"
 119              		.file 5 "c:\\ChibiStudio\\chibios/os/ports/common/ARMCMx/CMSIS/include/core_cm4.h"
 120              		.section	.debug_info,"",%progbits
 121              	.Ldebug_info0:
 122 0000 DC020000 		.4byte	0x2dc
 123 0004 0200     		.2byte	0x2
 124 0006 00000000 		.4byte	.Ldebug_abbrev0
 125 000a 04       		.byte	0x4
 126 000b 01       		.uleb128 0x1
 127 000c B8000000 		.4byte	.LASF37
 128 0010 01       		.byte	0x1
 129 0011 7C010000 		.4byte	.LASF38
 130 0015 00000000 		.4byte	.Ldebug_ranges0+0
 131 0019 00000000 		.4byte	0
 132 001d 00000000 		.4byte	0
 133 0021 00000000 		.4byte	.Ldebug_line0
 134 0025 02       		.uleb128 0x2
 135 0026 04       		.byte	0x4
 136 0027 05       		.byte	0x5
 137 0028 696E7400 		.ascii	"int\000"
 138 002c 03       		.uleb128 0x3
 139 002d 04       		.byte	0x4
 140 002e 07       		.byte	0x7
 141 002f 29010000 		.4byte	.LASF0
 142 0033 03       		.uleb128 0x3
 143 0034 01       		.byte	0x1
 144 0035 06       		.byte	0x6
 145 0036 CF010000 		.4byte	.LASF1
 146 003a 03       		.uleb128 0x3
 147 003b 01       		.byte	0x1
 148 003c 08       		.byte	0x8
 149 003d 6C000000 		.4byte	.LASF2
 150 0041 03       		.uleb128 0x3
 151 0042 02       		.byte	0x2
 152 0043 05       		.byte	0x5
 153 0044 01010000 		.4byte	.LASF3
 154 0048 04       		.uleb128 0x4
 155 0049 B4010000 		.4byte	.LASF5
 156 004d 02       		.byte	0x2
 157 004e 36       		.byte	0x36
 158 004f 53000000 		.4byte	0x53
 159 0053 03       		.uleb128 0x3
 160 0054 02       		.byte	0x2
 161 0055 07       		.byte	0x7
 162 0056 93000000 		.4byte	.LASF4
 163 005a 04       		.uleb128 0x4
 164 005b 4D010000 		.4byte	.LASF6
 165 005f 02       		.byte	0x2
 166 0060 4F       		.byte	0x4f
 167 0061 65000000 		.4byte	0x65
 168 0065 03       		.uleb128 0x3
 169 0066 04       		.byte	0x4
 170 0067 05       		.byte	0x5
 171 0068 C6010000 		.4byte	.LASF7
ARM GAS  C:\Users\srich\AppData\Local\Temp\cceHH8Cg.s 			page 4


 172 006c 04       		.uleb128 0x4
 173 006d BD010000 		.4byte	.LASF8
 174 0071 02       		.byte	0x2
 175 0072 50       		.byte	0x50
 176 0073 77000000 		.4byte	0x77
 177 0077 03       		.uleb128 0x3
 178 0078 04       		.byte	0x4
 179 0079 07       		.byte	0x7
 180 007a 81000000 		.4byte	.LASF9
 181 007e 03       		.uleb128 0x3
 182 007f 08       		.byte	0x8
 183 0080 05       		.byte	0x5
 184 0081 64010000 		.4byte	.LASF10
 185 0085 03       		.uleb128 0x3
 186 0086 08       		.byte	0x8
 187 0087 07       		.byte	0x7
 188 0088 E1010000 		.4byte	.LASF11
 189 008c 04       		.uleb128 0x4
 190 008d 1C000000 		.4byte	.LASF12
 191 0091 02       		.byte	0x2
 192 0092 A0       		.byte	0xa0
 193 0093 2C000000 		.4byte	0x2c
 194 0097 03       		.uleb128 0x3
 195 0098 01       		.byte	0x1
 196 0099 02       		.byte	0x2
 197 009a DB010000 		.4byte	.LASF13
 198 009e 05       		.uleb128 0x5
 199 009f 6C000000 		.4byte	0x6c
 200 00a3 03       		.uleb128 0x3
 201 00a4 04       		.byte	0x4
 202 00a5 07       		.byte	0x7
 203 00a6 55010000 		.4byte	.LASF14
 204 00aa 03       		.uleb128 0x3
 205 00ab 01       		.byte	0x1
 206 00ac 08       		.byte	0x8
 207 00ad 43010000 		.4byte	.LASF15
 208 00b1 05       		.uleb128 0x5
 209 00b2 5A000000 		.4byte	0x5a
 210 00b6 06       		.uleb128 0x6
 211 00b7 04       		.byte	0x4
 212 00b8 03       		.byte	0x3
 213 00b9 96       		.byte	0x96
 214 00ba DB000000 		.4byte	0xdb
 215 00be 07       		.uleb128 0x7
 216 00bf 73657400 		.ascii	"set\000"
 217 00c3 03       		.byte	0x3
 218 00c4 97       		.byte	0x97
 219 00c5 48000000 		.4byte	0x48
 220 00c9 02       		.byte	0x2
 221 00ca 23       		.byte	0x23
 222 00cb 00       		.uleb128 0
 223 00cc 08       		.uleb128 0x8
 224 00cd 05000000 		.4byte	.LASF16
 225 00d1 03       		.byte	0x3
 226 00d2 98       		.byte	0x98
 227 00d3 48000000 		.4byte	0x48
 228 00d7 02       		.byte	0x2
ARM GAS  C:\Users\srich\AppData\Local\Temp\cceHH8Cg.s 			page 5


 229 00d8 23       		.byte	0x23
 230 00d9 02       		.uleb128 0x2
 231 00da 00       		.byte	0
 232 00db 09       		.uleb128 0x9
 233 00dc 04       		.byte	0x4
 234 00dd 03       		.byte	0x3
 235 00de 94       		.byte	0x94
 236 00df F6000000 		.4byte	0xf6
 237 00e3 0A       		.uleb128 0xa
 238 00e4 5700     		.ascii	"W\000"
 239 00e6 03       		.byte	0x3
 240 00e7 95       		.byte	0x95
 241 00e8 6C000000 		.4byte	0x6c
 242 00ec 0A       		.uleb128 0xa
 243 00ed 4800     		.ascii	"H\000"
 244 00ef 03       		.byte	0x3
 245 00f0 99       		.byte	0x99
 246 00f1 B6000000 		.4byte	0xb6
 247 00f5 00       		.byte	0
 248 00f6 06       		.uleb128 0x6
 249 00f7 28       		.byte	0x28
 250 00f8 03       		.byte	0x3
 251 00f9 8C       		.byte	0x8c
 252 00fa 8B010000 		.4byte	0x18b
 253 00fe 08       		.uleb128 0x8
 254 00ff 0B000000 		.4byte	.LASF17
 255 0103 03       		.byte	0x3
 256 0104 8E       		.byte	0x8e
 257 0105 9E000000 		.4byte	0x9e
 258 0109 02       		.byte	0x2
 259 010a 23       		.byte	0x23
 260 010b 00       		.uleb128 0
 261 010c 08       		.uleb128 0x8
 262 010d 5C000000 		.4byte	.LASF18
 263 0111 03       		.byte	0x3
 264 0112 8F       		.byte	0x8f
 265 0113 9E000000 		.4byte	0x9e
 266 0117 02       		.byte	0x2
 267 0118 23       		.byte	0x23
 268 0119 04       		.uleb128 0x4
 269 011a 08       		.uleb128 0x8
 270 011b 0B010000 		.4byte	.LASF19
 271 011f 03       		.byte	0x3
 272 0120 90       		.byte	0x90
 273 0121 9E000000 		.4byte	0x9e
 274 0125 02       		.byte	0x2
 275 0126 23       		.byte	0x23
 276 0127 08       		.uleb128 0x8
 277 0128 08       		.uleb128 0x8
 278 0129 5E010000 		.4byte	.LASF20
 279 012d 03       		.byte	0x3
 280 012e 91       		.byte	0x91
 281 012f 9E000000 		.4byte	0x9e
 282 0133 02       		.byte	0x2
 283 0134 23       		.byte	0x23
 284 0135 0C       		.uleb128 0xc
 285 0136 07       		.uleb128 0x7
ARM GAS  C:\Users\srich\AppData\Local\Temp\cceHH8Cg.s 			page 6


 286 0137 49445200 		.ascii	"IDR\000"
 287 013b 03       		.byte	0x3
 288 013c 92       		.byte	0x92
 289 013d 9E000000 		.4byte	0x9e
 290 0141 02       		.byte	0x2
 291 0142 23       		.byte	0x23
 292 0143 10       		.uleb128 0x10
 293 0144 07       		.uleb128 0x7
 294 0145 4F445200 		.ascii	"ODR\000"
 295 0149 03       		.byte	0x3
 296 014a 93       		.byte	0x93
 297 014b 9E000000 		.4byte	0x9e
 298 014f 02       		.byte	0x2
 299 0150 23       		.byte	0x23
 300 0151 14       		.uleb128 0x14
 301 0152 08       		.uleb128 0x8
 302 0153 29000000 		.4byte	.LASF21
 303 0157 03       		.byte	0x3
 304 0158 9A       		.byte	0x9a
 305 0159 8B010000 		.4byte	0x18b
 306 015d 02       		.byte	0x2
 307 015e 23       		.byte	0x23
 308 015f 18       		.uleb128 0x18
 309 0160 08       		.uleb128 0x8
 310 0161 00000000 		.4byte	.LASF22
 311 0165 03       		.byte	0x3
 312 0166 9B       		.byte	0x9b
 313 0167 9E000000 		.4byte	0x9e
 314 016b 02       		.byte	0x2
 315 016c 23       		.byte	0x23
 316 016d 1C       		.uleb128 0x1c
 317 016e 08       		.uleb128 0x8
 318 016f A6000000 		.4byte	.LASF23
 319 0173 03       		.byte	0x3
 320 0174 9C       		.byte	0x9c
 321 0175 9E000000 		.4byte	0x9e
 322 0179 02       		.byte	0x2
 323 017a 23       		.byte	0x23
 324 017b 20       		.uleb128 0x20
 325 017c 08       		.uleb128 0x8
 326 017d A4010000 		.4byte	.LASF24
 327 0181 03       		.byte	0x3
 328 0182 9D       		.byte	0x9d
 329 0183 9E000000 		.4byte	0x9e
 330 0187 02       		.byte	0x2
 331 0188 23       		.byte	0x23
 332 0189 24       		.uleb128 0x24
 333 018a 00       		.byte	0
 334 018b 05       		.uleb128 0x5
 335 018c DB000000 		.4byte	0xdb
 336 0190 04       		.uleb128 0x4
 337 0191 36010000 		.4byte	.LASF25
 338 0195 03       		.byte	0x3
 339 0196 9E       		.byte	0x9e
 340 0197 F6000000 		.4byte	0xf6
 341 019b 04       		.uleb128 0x4
 342 019c 4F000000 		.4byte	.LASF26
ARM GAS  C:\Users\srich\AppData\Local\Temp\cceHH8Cg.s 			page 7


 343 01a0 03       		.byte	0x3
 344 01a1 F0       		.byte	0xf0
 345 01a2 6C000000 		.4byte	0x6c
 346 01a6 04       		.uleb128 0x4
 347 01a7 63000000 		.4byte	.LASF27
 348 01ab 03       		.byte	0x3
 349 01ac F5       		.byte	0xf5
 350 01ad 6C000000 		.4byte	0x6c
 351 01b1 04       		.uleb128 0x4
 352 01b2 A9010000 		.4byte	.LASF28
 353 01b6 03       		.byte	0x3
 354 01b7 FD       		.byte	0xfd
 355 01b8 BC010000 		.4byte	0x1bc
 356 01bc 0B       		.uleb128 0xb
 357 01bd 04       		.byte	0x4
 358 01be 90010000 		.4byte	0x190
 359 01c2 06       		.uleb128 0x6
 360 01c3 0C       		.byte	0xc
 361 01c4 04       		.byte	0x4
 362 01c5 85       		.byte	0x85
 363 01c6 F5010000 		.4byte	0x1f5
 364 01ca 08       		.uleb128 0x8
 365 01cb 48000000 		.4byte	.LASF29
 366 01cf 04       		.byte	0x4
 367 01d0 89       		.byte	0x89
 368 01d1 B1010000 		.4byte	0x1b1
 369 01d5 02       		.byte	0x2
 370 01d6 23       		.byte	0x23
 371 01d7 00       		.uleb128 0
 372 01d8 08       		.uleb128 0x8
 373 01d9 72010000 		.4byte	.LASF30
 374 01dd 04       		.byte	0x4
 375 01de 8F       		.byte	0x8f
 376 01df 9B010000 		.4byte	0x19b
 377 01e3 02       		.byte	0x2
 378 01e4 23       		.byte	0x23
 379 01e5 04       		.uleb128 0x4
 380 01e6 08       		.uleb128 0x8
 381 01e7 7A000000 		.4byte	.LASF31
 382 01eb 04       		.byte	0x4
 383 01ec 93       		.byte	0x93
 384 01ed 8C000000 		.4byte	0x8c
 385 01f1 02       		.byte	0x2
 386 01f2 23       		.byte	0x23
 387 01f3 08       		.uleb128 0x8
 388 01f4 00       		.byte	0
 389 01f5 04       		.uleb128 0x4
 390 01f6 F8010000 		.4byte	.LASF32
 391 01fa 04       		.byte	0x4
 392 01fb 94       		.byte	0x94
 393 01fc C2010000 		.4byte	0x1c2
 394 0200 0C       		.uleb128 0xc
 395 0201 01       		.byte	0x1
 396 0202 11000000 		.4byte	.LASF39
 397 0206 01       		.byte	0x1
 398 0207 4D       		.byte	0x4d
 399 0208 01       		.byte	0x1
ARM GAS  C:\Users\srich\AppData\Local\Temp\cceHH8Cg.s 			page 8


 400 0209 9B010000 		.4byte	0x19b
 401 020d 00000000 		.4byte	.LFB118
 402 0211 10000000 		.4byte	.LFE118
 403 0215 02       		.byte	0x2
 404 0216 7D       		.byte	0x7d
 405 0217 00       		.sleb128 0
 406 0218 01       		.byte	0x1
 407 0219 2D020000 		.4byte	0x22d
 408 021d 0D       		.uleb128 0xd
 409 021e 62757300 		.ascii	"bus\000"
 410 0222 01       		.byte	0x1
 411 0223 4D       		.byte	0x4d
 412 0224 2D020000 		.4byte	0x22d
 413 0228 00000000 		.4byte	.LLST0
 414 022c 00       		.byte	0
 415 022d 0B       		.uleb128 0xb
 416 022e 04       		.byte	0x4
 417 022f F5010000 		.4byte	0x1f5
 418 0233 0E       		.uleb128 0xe
 419 0234 01       		.byte	0x1
 420 0235 2E000000 		.4byte	.LASF34
 421 0239 01       		.byte	0x1
 422 023a 67       		.byte	0x67
 423 023b 01       		.byte	0x1
 424 023c 00000000 		.4byte	.LFB119
 425 0240 20000000 		.4byte	.LFE119
 426 0244 21000000 		.4byte	.LLST1
 427 0248 01       		.byte	0x1
 428 0249 6C020000 		.4byte	0x26c
 429 024d 0D       		.uleb128 0xd
 430 024e 62757300 		.ascii	"bus\000"
 431 0252 01       		.byte	0x1
 432 0253 67       		.byte	0x67
 433 0254 2D020000 		.4byte	0x22d
 434 0258 41000000 		.4byte	.LLST2
 435 025c 0F       		.uleb128 0xf
 436 025d 77010000 		.4byte	.LASF33
 437 0261 01       		.byte	0x1
 438 0262 67       		.byte	0x67
 439 0263 9B010000 		.4byte	0x19b
 440 0267 62000000 		.4byte	.LLST3
 441 026b 00       		.byte	0
 442 026c 10       		.uleb128 0x10
 443 026d 01       		.byte	0x1
 444 026e 3A000000 		.4byte	.LASF35
 445 0272 01       		.byte	0x1
 446 0273 7F       		.byte	0x7f
 447 0274 01       		.byte	0x1
 448 0275 00000000 		.4byte	.LFB120
 449 0279 0C000000 		.4byte	.LFE120
 450 027d 02       		.byte	0x2
 451 027e 7D       		.byte	0x7d
 452 027f 00       		.sleb128 0
 453 0280 01       		.byte	0x1
 454 0281 B6020000 		.4byte	0x2b6
 455 0285 0D       		.uleb128 0xd
 456 0286 62757300 		.ascii	"bus\000"
ARM GAS  C:\Users\srich\AppData\Local\Temp\cceHH8Cg.s 			page 9


 457 028a 01       		.byte	0x1
 458 028b 7F       		.byte	0x7f
 459 028c 2D020000 		.4byte	0x22d
 460 0290 83000000 		.4byte	.LLST4
 461 0294 0F       		.uleb128 0xf
 462 0295 48010000 		.4byte	.LASF36
 463 0299 01       		.byte	0x1
 464 029a 7F       		.byte	0x7f
 465 029b A6010000 		.4byte	0x1a6
 466 029f A4000000 		.4byte	.LLST5
 467 02a3 11       		.uleb128 0x11
 468 02a4 0C000000 		.4byte	.LVL7
 469 02a8 01       		.byte	0x1
 470 02a9 C4020000 		.4byte	0x2c4
 471 02ad 12       		.uleb128 0x12
 472 02ae 01       		.byte	0x1
 473 02af 52       		.byte	0x52
 474 02b0 03       		.byte	0x3
 475 02b1 F3       		.byte	0xf3
 476 02b2 01       		.uleb128 0x1
 477 02b3 51       		.byte	0x51
 478 02b4 00       		.byte	0
 479 02b5 00       		.byte	0
 480 02b6 13       		.uleb128 0x13
 481 02b7 AB000000 		.4byte	.LASF40
 482 02bb 05       		.byte	0x5
 483 02bc 9806     		.2byte	0x698
 484 02be B1000000 		.4byte	0xb1
 485 02c2 01       		.byte	0x1
 486 02c3 01       		.byte	0x1
 487 02c4 14       		.uleb128 0x14
 488 02c5 01       		.byte	0x1
 489 02c6 13010000 		.4byte	.LASF41
 490 02ca 03       		.byte	0x3
 491 02cb C201     		.2byte	0x1c2
 492 02cd 01       		.byte	0x1
 493 02ce 01       		.byte	0x1
 494 02cf 15       		.uleb128 0x15
 495 02d0 B1010000 		.4byte	0x1b1
 496 02d4 15       		.uleb128 0x15
 497 02d5 9B010000 		.4byte	0x19b
 498 02d9 15       		.uleb128 0x15
 499 02da A6010000 		.4byte	0x1a6
 500 02de 00       		.byte	0
 501 02df 00       		.byte	0
 502              		.section	.debug_abbrev,"",%progbits
 503              	.Ldebug_abbrev0:
 504 0000 01       		.uleb128 0x1
 505 0001 11       		.uleb128 0x11
 506 0002 01       		.byte	0x1
 507 0003 25       		.uleb128 0x25
 508 0004 0E       		.uleb128 0xe
 509 0005 13       		.uleb128 0x13
 510 0006 0B       		.uleb128 0xb
 511 0007 03       		.uleb128 0x3
 512 0008 0E       		.uleb128 0xe
 513 0009 55       		.uleb128 0x55
ARM GAS  C:\Users\srich\AppData\Local\Temp\cceHH8Cg.s 			page 10


 514 000a 06       		.uleb128 0x6
 515 000b 11       		.uleb128 0x11
 516 000c 01       		.uleb128 0x1
 517 000d 52       		.uleb128 0x52
 518 000e 01       		.uleb128 0x1
 519 000f 10       		.uleb128 0x10
 520 0010 06       		.uleb128 0x6
 521 0011 00       		.byte	0
 522 0012 00       		.byte	0
 523 0013 02       		.uleb128 0x2
 524 0014 24       		.uleb128 0x24
 525 0015 00       		.byte	0
 526 0016 0B       		.uleb128 0xb
 527 0017 0B       		.uleb128 0xb
 528 0018 3E       		.uleb128 0x3e
 529 0019 0B       		.uleb128 0xb
 530 001a 03       		.uleb128 0x3
 531 001b 08       		.uleb128 0x8
 532 001c 00       		.byte	0
 533 001d 00       		.byte	0
 534 001e 03       		.uleb128 0x3
 535 001f 24       		.uleb128 0x24
 536 0020 00       		.byte	0
 537 0021 0B       		.uleb128 0xb
 538 0022 0B       		.uleb128 0xb
 539 0023 3E       		.uleb128 0x3e
 540 0024 0B       		.uleb128 0xb
 541 0025 03       		.uleb128 0x3
 542 0026 0E       		.uleb128 0xe
 543 0027 00       		.byte	0
 544 0028 00       		.byte	0
 545 0029 04       		.uleb128 0x4
 546 002a 16       		.uleb128 0x16
 547 002b 00       		.byte	0
 548 002c 03       		.uleb128 0x3
 549 002d 0E       		.uleb128 0xe
 550 002e 3A       		.uleb128 0x3a
 551 002f 0B       		.uleb128 0xb
 552 0030 3B       		.uleb128 0x3b
 553 0031 0B       		.uleb128 0xb
 554 0032 49       		.uleb128 0x49
 555 0033 13       		.uleb128 0x13
 556 0034 00       		.byte	0
 557 0035 00       		.byte	0
 558 0036 05       		.uleb128 0x5
 559 0037 35       		.uleb128 0x35
 560 0038 00       		.byte	0
 561 0039 49       		.uleb128 0x49
 562 003a 13       		.uleb128 0x13
 563 003b 00       		.byte	0
 564 003c 00       		.byte	0
 565 003d 06       		.uleb128 0x6
 566 003e 13       		.uleb128 0x13
 567 003f 01       		.byte	0x1
 568 0040 0B       		.uleb128 0xb
 569 0041 0B       		.uleb128 0xb
 570 0042 3A       		.uleb128 0x3a
ARM GAS  C:\Users\srich\AppData\Local\Temp\cceHH8Cg.s 			page 11


 571 0043 0B       		.uleb128 0xb
 572 0044 3B       		.uleb128 0x3b
 573 0045 0B       		.uleb128 0xb
 574 0046 01       		.uleb128 0x1
 575 0047 13       		.uleb128 0x13
 576 0048 00       		.byte	0
 577 0049 00       		.byte	0
 578 004a 07       		.uleb128 0x7
 579 004b 0D       		.uleb128 0xd
 580 004c 00       		.byte	0
 581 004d 03       		.uleb128 0x3
 582 004e 08       		.uleb128 0x8
 583 004f 3A       		.uleb128 0x3a
 584 0050 0B       		.uleb128 0xb
 585 0051 3B       		.uleb128 0x3b
 586 0052 0B       		.uleb128 0xb
 587 0053 49       		.uleb128 0x49
 588 0054 13       		.uleb128 0x13
 589 0055 38       		.uleb128 0x38
 590 0056 0A       		.uleb128 0xa
 591 0057 00       		.byte	0
 592 0058 00       		.byte	0
 593 0059 08       		.uleb128 0x8
 594 005a 0D       		.uleb128 0xd
 595 005b 00       		.byte	0
 596 005c 03       		.uleb128 0x3
 597 005d 0E       		.uleb128 0xe
 598 005e 3A       		.uleb128 0x3a
 599 005f 0B       		.uleb128 0xb
 600 0060 3B       		.uleb128 0x3b
 601 0061 0B       		.uleb128 0xb
 602 0062 49       		.uleb128 0x49
 603 0063 13       		.uleb128 0x13
 604 0064 38       		.uleb128 0x38
 605 0065 0A       		.uleb128 0xa
 606 0066 00       		.byte	0
 607 0067 00       		.byte	0
 608 0068 09       		.uleb128 0x9
 609 0069 17       		.uleb128 0x17
 610 006a 01       		.byte	0x1
 611 006b 0B       		.uleb128 0xb
 612 006c 0B       		.uleb128 0xb
 613 006d 3A       		.uleb128 0x3a
 614 006e 0B       		.uleb128 0xb
 615 006f 3B       		.uleb128 0x3b
 616 0070 0B       		.uleb128 0xb
 617 0071 01       		.uleb128 0x1
 618 0072 13       		.uleb128 0x13
 619 0073 00       		.byte	0
 620 0074 00       		.byte	0
 621 0075 0A       		.uleb128 0xa
 622 0076 0D       		.uleb128 0xd
 623 0077 00       		.byte	0
 624 0078 03       		.uleb128 0x3
 625 0079 08       		.uleb128 0x8
 626 007a 3A       		.uleb128 0x3a
 627 007b 0B       		.uleb128 0xb
ARM GAS  C:\Users\srich\AppData\Local\Temp\cceHH8Cg.s 			page 12


 628 007c 3B       		.uleb128 0x3b
 629 007d 0B       		.uleb128 0xb
 630 007e 49       		.uleb128 0x49
 631 007f 13       		.uleb128 0x13
 632 0080 00       		.byte	0
 633 0081 00       		.byte	0
 634 0082 0B       		.uleb128 0xb
 635 0083 0F       		.uleb128 0xf
 636 0084 00       		.byte	0
 637 0085 0B       		.uleb128 0xb
 638 0086 0B       		.uleb128 0xb
 639 0087 49       		.uleb128 0x49
 640 0088 13       		.uleb128 0x13
 641 0089 00       		.byte	0
 642 008a 00       		.byte	0
 643 008b 0C       		.uleb128 0xc
 644 008c 2E       		.uleb128 0x2e
 645 008d 01       		.byte	0x1
 646 008e 3F       		.uleb128 0x3f
 647 008f 0C       		.uleb128 0xc
 648 0090 03       		.uleb128 0x3
 649 0091 0E       		.uleb128 0xe
 650 0092 3A       		.uleb128 0x3a
 651 0093 0B       		.uleb128 0xb
 652 0094 3B       		.uleb128 0x3b
 653 0095 0B       		.uleb128 0xb
 654 0096 27       		.uleb128 0x27
 655 0097 0C       		.uleb128 0xc
 656 0098 49       		.uleb128 0x49
 657 0099 13       		.uleb128 0x13
 658 009a 11       		.uleb128 0x11
 659 009b 01       		.uleb128 0x1
 660 009c 12       		.uleb128 0x12
 661 009d 01       		.uleb128 0x1
 662 009e 40       		.uleb128 0x40
 663 009f 0A       		.uleb128 0xa
 664 00a0 9742     		.uleb128 0x2117
 665 00a2 0C       		.uleb128 0xc
 666 00a3 01       		.uleb128 0x1
 667 00a4 13       		.uleb128 0x13
 668 00a5 00       		.byte	0
 669 00a6 00       		.byte	0
 670 00a7 0D       		.uleb128 0xd
 671 00a8 05       		.uleb128 0x5
 672 00a9 00       		.byte	0
 673 00aa 03       		.uleb128 0x3
 674 00ab 08       		.uleb128 0x8
 675 00ac 3A       		.uleb128 0x3a
 676 00ad 0B       		.uleb128 0xb
 677 00ae 3B       		.uleb128 0x3b
 678 00af 0B       		.uleb128 0xb
 679 00b0 49       		.uleb128 0x49
 680 00b1 13       		.uleb128 0x13
 681 00b2 02       		.uleb128 0x2
 682 00b3 06       		.uleb128 0x6
 683 00b4 00       		.byte	0
 684 00b5 00       		.byte	0
ARM GAS  C:\Users\srich\AppData\Local\Temp\cceHH8Cg.s 			page 13


 685 00b6 0E       		.uleb128 0xe
 686 00b7 2E       		.uleb128 0x2e
 687 00b8 01       		.byte	0x1
 688 00b9 3F       		.uleb128 0x3f
 689 00ba 0C       		.uleb128 0xc
 690 00bb 03       		.uleb128 0x3
 691 00bc 0E       		.uleb128 0xe
 692 00bd 3A       		.uleb128 0x3a
 693 00be 0B       		.uleb128 0xb
 694 00bf 3B       		.uleb128 0x3b
 695 00c0 0B       		.uleb128 0xb
 696 00c1 27       		.uleb128 0x27
 697 00c2 0C       		.uleb128 0xc
 698 00c3 11       		.uleb128 0x11
 699 00c4 01       		.uleb128 0x1
 700 00c5 12       		.uleb128 0x12
 701 00c6 01       		.uleb128 0x1
 702 00c7 40       		.uleb128 0x40
 703 00c8 06       		.uleb128 0x6
 704 00c9 9742     		.uleb128 0x2117
 705 00cb 0C       		.uleb128 0xc
 706 00cc 01       		.uleb128 0x1
 707 00cd 13       		.uleb128 0x13
 708 00ce 00       		.byte	0
 709 00cf 00       		.byte	0
 710 00d0 0F       		.uleb128 0xf
 711 00d1 05       		.uleb128 0x5
 712 00d2 00       		.byte	0
 713 00d3 03       		.uleb128 0x3
 714 00d4 0E       		.uleb128 0xe
 715 00d5 3A       		.uleb128 0x3a
 716 00d6 0B       		.uleb128 0xb
 717 00d7 3B       		.uleb128 0x3b
 718 00d8 0B       		.uleb128 0xb
 719 00d9 49       		.uleb128 0x49
 720 00da 13       		.uleb128 0x13
 721 00db 02       		.uleb128 0x2
 722 00dc 06       		.uleb128 0x6
 723 00dd 00       		.byte	0
 724 00de 00       		.byte	0
 725 00df 10       		.uleb128 0x10
 726 00e0 2E       		.uleb128 0x2e
 727 00e1 01       		.byte	0x1
 728 00e2 3F       		.uleb128 0x3f
 729 00e3 0C       		.uleb128 0xc
 730 00e4 03       		.uleb128 0x3
 731 00e5 0E       		.uleb128 0xe
 732 00e6 3A       		.uleb128 0x3a
 733 00e7 0B       		.uleb128 0xb
 734 00e8 3B       		.uleb128 0x3b
 735 00e9 0B       		.uleb128 0xb
 736 00ea 27       		.uleb128 0x27
 737 00eb 0C       		.uleb128 0xc
 738 00ec 11       		.uleb128 0x11
 739 00ed 01       		.uleb128 0x1
 740 00ee 12       		.uleb128 0x12
 741 00ef 01       		.uleb128 0x1
ARM GAS  C:\Users\srich\AppData\Local\Temp\cceHH8Cg.s 			page 14


 742 00f0 40       		.uleb128 0x40
 743 00f1 0A       		.uleb128 0xa
 744 00f2 9742     		.uleb128 0x2117
 745 00f4 0C       		.uleb128 0xc
 746 00f5 01       		.uleb128 0x1
 747 00f6 13       		.uleb128 0x13
 748 00f7 00       		.byte	0
 749 00f8 00       		.byte	0
 750 00f9 11       		.uleb128 0x11
 751 00fa 898201   		.uleb128 0x4109
 752 00fd 01       		.byte	0x1
 753 00fe 11       		.uleb128 0x11
 754 00ff 01       		.uleb128 0x1
 755 0100 9542     		.uleb128 0x2115
 756 0102 0C       		.uleb128 0xc
 757 0103 31       		.uleb128 0x31
 758 0104 13       		.uleb128 0x13
 759 0105 00       		.byte	0
 760 0106 00       		.byte	0
 761 0107 12       		.uleb128 0x12
 762 0108 8A8201   		.uleb128 0x410a
 763 010b 00       		.byte	0
 764 010c 02       		.uleb128 0x2
 765 010d 0A       		.uleb128 0xa
 766 010e 9142     		.uleb128 0x2111
 767 0110 0A       		.uleb128 0xa
 768 0111 00       		.byte	0
 769 0112 00       		.byte	0
 770 0113 13       		.uleb128 0x13
 771 0114 34       		.uleb128 0x34
 772 0115 00       		.byte	0
 773 0116 03       		.uleb128 0x3
 774 0117 0E       		.uleb128 0xe
 775 0118 3A       		.uleb128 0x3a
 776 0119 0B       		.uleb128 0xb
 777 011a 3B       		.uleb128 0x3b
 778 011b 05       		.uleb128 0x5
 779 011c 49       		.uleb128 0x49
 780 011d 13       		.uleb128 0x13
 781 011e 3F       		.uleb128 0x3f
 782 011f 0C       		.uleb128 0xc
 783 0120 3C       		.uleb128 0x3c
 784 0121 0C       		.uleb128 0xc
 785 0122 00       		.byte	0
 786 0123 00       		.byte	0
 787 0124 14       		.uleb128 0x14
 788 0125 2E       		.uleb128 0x2e
 789 0126 01       		.byte	0x1
 790 0127 3F       		.uleb128 0x3f
 791 0128 0C       		.uleb128 0xc
 792 0129 03       		.uleb128 0x3
 793 012a 0E       		.uleb128 0xe
 794 012b 3A       		.uleb128 0x3a
 795 012c 0B       		.uleb128 0xb
 796 012d 3B       		.uleb128 0x3b
 797 012e 05       		.uleb128 0x5
 798 012f 27       		.uleb128 0x27
ARM GAS  C:\Users\srich\AppData\Local\Temp\cceHH8Cg.s 			page 15


 799 0130 0C       		.uleb128 0xc
 800 0131 3C       		.uleb128 0x3c
 801 0132 0C       		.uleb128 0xc
 802 0133 00       		.byte	0
 803 0134 00       		.byte	0
 804 0135 15       		.uleb128 0x15
 805 0136 05       		.uleb128 0x5
 806 0137 00       		.byte	0
 807 0138 49       		.uleb128 0x49
 808 0139 13       		.uleb128 0x13
 809 013a 00       		.byte	0
 810 013b 00       		.byte	0
 811 013c 00       		.byte	0
 812              		.section	.debug_loc,"",%progbits
 813              	.Ldebug_loc0:
 814              	.LLST0:
 815 0000 00000000 		.4byte	.LVL0
 816 0004 0C000000 		.4byte	.LVL1
 817 0008 0100     		.2byte	0x1
 818 000a 50       		.byte	0x50
 819 000b 0C000000 		.4byte	.LVL1
 820 000f 10000000 		.4byte	.LFE118
 821 0013 0400     		.2byte	0x4
 822 0015 F3       		.byte	0xf3
 823 0016 01       		.uleb128 0x1
 824 0017 50       		.byte	0x50
 825 0018 9F       		.byte	0x9f
 826 0019 00000000 		.4byte	0
 827 001d 00000000 		.4byte	0
 828              	.LLST1:
 829 0021 00000000 		.4byte	.LFB119
 830 0025 04000000 		.4byte	.LCFI0
 831 0029 0200     		.2byte	0x2
 832 002b 7D       		.byte	0x7d
 833 002c 00       		.sleb128 0
 834 002d 04000000 		.4byte	.LCFI0
 835 0031 20000000 		.4byte	.LFE119
 836 0035 0200     		.2byte	0x2
 837 0037 7D       		.byte	0x7d
 838 0038 08       		.sleb128 8
 839 0039 00000000 		.4byte	0
 840 003d 00000000 		.4byte	0
 841              	.LLST2:
 842 0041 00000000 		.4byte	.LVL2
 843 0045 02000000 		.4byte	.LVL3
 844 0049 0100     		.2byte	0x1
 845 004b 50       		.byte	0x50
 846 004c 02000000 		.4byte	.LVL3
 847 0050 20000000 		.4byte	.LFE119
 848 0054 0400     		.2byte	0x4
 849 0056 F3       		.byte	0xf3
 850 0057 01       		.uleb128 0x1
 851 0058 50       		.byte	0x50
 852 0059 9F       		.byte	0x9f
 853 005a 00000000 		.4byte	0
 854 005e 00000000 		.4byte	0
 855              	.LLST3:
ARM GAS  C:\Users\srich\AppData\Local\Temp\cceHH8Cg.s 			page 16


 856 0062 00000000 		.4byte	.LVL2
 857 0066 1A000000 		.4byte	.LVL4
 858 006a 0100     		.2byte	0x1
 859 006c 51       		.byte	0x51
 860 006d 1A000000 		.4byte	.LVL4
 861 0071 20000000 		.4byte	.LFE119
 862 0075 0400     		.2byte	0x4
 863 0077 F3       		.byte	0xf3
 864 0078 01       		.uleb128 0x1
 865 0079 51       		.byte	0x51
 866 007a 9F       		.byte	0x9f
 867 007b 00000000 		.4byte	0
 868 007f 00000000 		.4byte	0
 869              	.LLST4:
 870 0083 00000000 		.4byte	.LVL5
 871 0087 04000000 		.4byte	.LVL6
 872 008b 0100     		.2byte	0x1
 873 008d 50       		.byte	0x50
 874 008e 04000000 		.4byte	.LVL6
 875 0092 0C000000 		.4byte	.LFE120
 876 0096 0400     		.2byte	0x4
 877 0098 F3       		.byte	0xf3
 878 0099 01       		.uleb128 0x1
 879 009a 50       		.byte	0x50
 880 009b 9F       		.byte	0x9f
 881 009c 00000000 		.4byte	0
 882 00a0 00000000 		.4byte	0
 883              	.LLST5:
 884 00a4 00000000 		.4byte	.LVL5
 885 00a8 04000000 		.4byte	.LVL6
 886 00ac 0100     		.2byte	0x1
 887 00ae 51       		.byte	0x51
 888 00af 04000000 		.4byte	.LVL6
 889 00b3 0B000000 		.4byte	.LVL7-1
 890 00b7 0100     		.2byte	0x1
 891 00b9 52       		.byte	0x52
 892 00ba 0B000000 		.4byte	.LVL7-1
 893 00be 0C000000 		.4byte	.LFE120
 894 00c2 0400     		.2byte	0x4
 895 00c4 F3       		.byte	0xf3
 896 00c5 01       		.uleb128 0x1
 897 00c6 51       		.byte	0x51
 898 00c7 9F       		.byte	0x9f
 899 00c8 00000000 		.4byte	0
 900 00cc 00000000 		.4byte	0
 901              		.section	.debug_aranges,"",%progbits
 902 0000 2C000000 		.4byte	0x2c
 903 0004 0200     		.2byte	0x2
 904 0006 00000000 		.4byte	.Ldebug_info0
 905 000a 04       		.byte	0x4
 906 000b 00       		.byte	0
 907 000c 0000     		.2byte	0
 908 000e 0000     		.2byte	0
 909 0010 00000000 		.4byte	.LFB118
 910 0014 10000000 		.4byte	.LFE118-.LFB118
 911 0018 00000000 		.4byte	.LFB119
 912 001c 20000000 		.4byte	.LFE119-.LFB119
ARM GAS  C:\Users\srich\AppData\Local\Temp\cceHH8Cg.s 			page 17


 913 0020 00000000 		.4byte	.LFB120
 914 0024 0C000000 		.4byte	.LFE120-.LFB120
 915 0028 00000000 		.4byte	0
 916 002c 00000000 		.4byte	0
 917              		.section	.debug_ranges,"",%progbits
 918              	.Ldebug_ranges0:
 919 0000 00000000 		.4byte	.LFB118
 920 0004 10000000 		.4byte	.LFE118
 921 0008 00000000 		.4byte	.LFB119
 922 000c 20000000 		.4byte	.LFE119
 923 0010 00000000 		.4byte	.LFB120
 924 0014 0C000000 		.4byte	.LFE120
 925 0018 00000000 		.4byte	0
 926 001c 00000000 		.4byte	0
 927              		.section	.debug_line,"",%progbits
 928              	.Ldebug_line0:
 929 0000 C1010000 		.section	.debug_str,"MS",%progbits,1
 929      02008101 
 929      00000201 
 929      FB0E0D00 
 929      01010101 
 930              	.LASF22:
 931 0000 4C434B52 		.ascii	"LCKR\000"
 931      00
 932              	.LASF16:
 933 0005 636C6561 		.ascii	"clear\000"
 933      7200
 934              	.LASF17:
 935 000b 4D4F4445 		.ascii	"MODER\000"
 935      5200
 936              	.LASF39:
 937 0011 70616C52 		.ascii	"palReadBus\000"
 937      65616442 
 937      757300
 938              	.LASF12:
 939 001c 75696E74 		.ascii	"uint_fast8_t\000"
 939      5F666173 
 939      74385F74 
 939      00
 940              	.LASF21:
 941 0029 42535252 		.ascii	"BSRR\000"
 941      00
 942              	.LASF34:
 943 002e 70616C57 		.ascii	"palWriteBus\000"
 943      72697465 
 943      42757300 
 944              	.LASF35:
 945 003a 70616C53 		.ascii	"palSetBusMode\000"
 945      65744275 
 945      734D6F64 
 945      6500
 946              	.LASF29:
 947 0048 706F7274 		.ascii	"portid\000"
 947      696400
 948              	.LASF26:
 949 004f 696F706F 		.ascii	"ioportmask_t\000"
 949      72746D61 
ARM GAS  C:\Users\srich\AppData\Local\Temp\cceHH8Cg.s 			page 18


 949      736B5F74 
 949      00
 950              	.LASF18:
 951 005c 4F545950 		.ascii	"OTYPER\000"
 951      455200
 952              	.LASF27:
 953 0063 696F6D6F 		.ascii	"iomode_t\000"
 953      64655F74 
 953      00
 954              	.LASF2:
 955 006c 756E7369 		.ascii	"unsigned char\000"
 955      676E6564 
 955      20636861 
 955      7200
 956              	.LASF31:
 957 007a 6F666673 		.ascii	"offset\000"
 957      657400
 958              	.LASF9:
 959 0081 6C6F6E67 		.ascii	"long unsigned int\000"
 959      20756E73 
 959      69676E65 
 959      6420696E 
 959      7400
 960              	.LASF4:
 961 0093 73686F72 		.ascii	"short unsigned int\000"
 961      7420756E 
 961      7369676E 
 961      65642069 
 961      6E7400
 962              	.LASF23:
 963 00a6 4146524C 		.ascii	"AFRL\000"
 963      00
 964              	.LASF40:
 965 00ab 49544D5F 		.ascii	"ITM_RxBuffer\000"
 965      52784275 
 965      66666572 
 965      00
 966              	.LASF37:
 967 00b8 474E5520 		.ascii	"GNU C 4.7.4 20140401 (release) [ARM/embedded-4_7-br"
 967      4320342E 
 967      372E3420 
 967      32303134 
 967      30343031 
 968 00eb 616E6368 		.ascii	"anch revision 209195]\000"
 968      20726576 
 968      6973696F 
 968      6E203230 
 968      39313935 
 969              	.LASF3:
 970 0101 73686F72 		.ascii	"short int\000"
 970      7420696E 
 970      7400
 971              	.LASF19:
 972 010b 4F535045 		.ascii	"OSPEEDR\000"
 972      45445200 
 973              	.LASF41:
 974 0113 5F70616C 		.ascii	"_pal_lld_setgroupmode\000"
ARM GAS  C:\Users\srich\AppData\Local\Temp\cceHH8Cg.s 			page 19


 974      5F6C6C64 
 974      5F736574 
 974      67726F75 
 974      706D6F64 
 975              	.LASF0:
 976 0129 756E7369 		.ascii	"unsigned int\000"
 976      676E6564 
 976      20696E74 
 976      00
 977              	.LASF25:
 978 0136 4750494F 		.ascii	"GPIO_TypeDef\000"
 978      5F547970 
 978      65446566 
 978      00
 979              	.LASF15:
 980 0143 63686172 		.ascii	"char\000"
 980      00
 981              	.LASF36:
 982 0148 6D6F6465 		.ascii	"mode\000"
 982      00
 983              	.LASF6:
 984 014d 696E7433 		.ascii	"int32_t\000"
 984      325F7400 
 985              	.LASF14:
 986 0155 73697A65 		.ascii	"sizetype\000"
 986      74797065 
 986      00
 987              	.LASF20:
 988 015e 50555044 		.ascii	"PUPDR\000"
 988      5200
 989              	.LASF10:
 990 0164 6C6F6E67 		.ascii	"long long int\000"
 990      206C6F6E 
 990      6720696E 
 990      7400
 991              	.LASF30:
 992 0172 6D61736B 		.ascii	"mask\000"
 992      00
 993              	.LASF33:
 994 0177 62697473 		.ascii	"bits\000"
 994      00
 995              	.LASF38:
 996 017c 633A5C43 		.ascii	"c:\\ChibiStudio\\chibios/os/hal/src/pal.c\000"
 996      68696269 
 996      53747564 
 996      696F5C63 
 996      68696269 
 997              	.LASF24:
 998 01a4 41465248 		.ascii	"AFRH\000"
 998      00
 999              	.LASF28:
 1000 01a9 696F706F 		.ascii	"ioportid_t\000"
 1000      72746964 
 1000      5F7400
 1001              	.LASF5:
 1002 01b4 75696E74 		.ascii	"uint16_t\000"
 1002      31365F74 
ARM GAS  C:\Users\srich\AppData\Local\Temp\cceHH8Cg.s 			page 20


 1002      00
 1003              	.LASF8:
 1004 01bd 75696E74 		.ascii	"uint32_t\000"
 1004      33325F74 
 1004      00
 1005              	.LASF7:
 1006 01c6 6C6F6E67 		.ascii	"long int\000"
 1006      20696E74 
 1006      00
 1007              	.LASF1:
 1008 01cf 7369676E 		.ascii	"signed char\000"
 1008      65642063 
 1008      68617200 
 1009              	.LASF13:
 1010 01db 5F426F6F 		.ascii	"_Bool\000"
 1010      6C00
 1011              	.LASF11:
 1012 01e1 6C6F6E67 		.ascii	"long long unsigned int\000"
 1012      206C6F6E 
 1012      6720756E 
 1012      7369676E 
 1012      65642069 
 1013              	.LASF32:
 1014 01f8 494F4275 		.ascii	"IOBus\000"
 1014      7300
 1015              		.ident	"GCC: (GNU Tools for ARM Embedded Processors) 4.7.4 20140401 (release) [ARM/embedded-4_7-br
ARM GAS  C:\Users\srich\AppData\Local\Temp\cceHH8Cg.s 			page 21


DEFINED SYMBOLS
                            *ABS*:00000000 pal.c
C:\Users\srich\AppData\Local\Temp\cceHH8Cg.s:19     .text.palReadBus:00000000 $t
C:\Users\srich\AppData\Local\Temp\cceHH8Cg.s:25     .text.palReadBus:00000000 palReadBus
C:\Users\srich\AppData\Local\Temp\cceHH8Cg.s:48     .text.palWriteBus:00000000 $t
C:\Users\srich\AppData\Local\Temp\cceHH8Cg.s:54     .text.palWriteBus:00000000 palWriteBus
C:\Users\srich\AppData\Local\Temp\cceHH8Cg.s:87     .text.palSetBusMode:00000000 $t
C:\Users\srich\AppData\Local\Temp\cceHH8Cg.s:93     .text.palSetBusMode:00000000 palSetBusMode
                     .debug_frame:00000010 $d

UNDEFINED SYMBOLS
_pal_lld_setgroupmode
