ARM GAS  C:\Users\srich\AppData\Local\Temp\cc62Mzop.s 			page 1


   1              		.syntax unified
   2              		.cpu cortex-m4
   3              		.fpu softvfp
   4              		.eabi_attribute 20, 1
   5              		.eabi_attribute 21, 1
   6              		.eabi_attribute 23, 3
   7              		.eabi_attribute 24, 1
   8              		.eabi_attribute 25, 1
   9              		.eabi_attribute 26, 1
  10              		.eabi_attribute 30, 2
  11              		.eabi_attribute 34, 1
  12              		.eabi_attribute 18, 4
  13              		.thumb
  14              		.file	"pwm.c"
  15              		.text
  16              	.Ltext0:
  17              		.cfi_sections	.debug_frame
  18              		.section	.text.pwmInit,"ax",%progbits
  19              		.align	2
  20              		.p2align 4,,15
  21              		.global	pwmInit
  22              		.thumb
  23              		.thumb_func
  24              		.type	pwmInit, %function
  25              	pwmInit:
  26              	.LFB118:
  27              		.file 1 "c:\\ChibiStudio\\chibios/os/hal/src/pwm.c"
  28              		.loc 1 68 0
  29              		.cfi_startproc
  30              		@ args = 0, pretend = 0, frame = 0
  31              		@ frame_needed = 0, uses_anonymous_args = 0
  32              		@ link register save eliminated.
  33              		.loc 1 71 0
  34              		.loc 1 70 0
  35 0000 FFF7FEBF 		b	pwm_lld_init
  36              	.LVL0:
  37              		.cfi_endproc
  38              	.LFE118:
  39              		.size	pwmInit, .-pwmInit
  40 0004 AFF30080 		.section	.text.pwmObjectInit,"ax",%progbits
  40      AFF30080 
  40      AFF30080 
  41              		.align	2
  42              		.p2align 4,,15
  43              		.global	pwmObjectInit
  44              		.thumb
  45              		.thumb_func
  46              		.type	pwmObjectInit, %function
  47              	pwmObjectInit:
  48              	.LFB119:
  49              		.loc 1 80 0
  50              		.cfi_startproc
  51              		@ args = 0, pretend = 0, frame = 0
  52              		@ frame_needed = 0, uses_anonymous_args = 0
  53              		@ link register save eliminated.
  54              	.LVL1:
  55              		.loc 1 82 0
ARM GAS  C:\Users\srich\AppData\Local\Temp\cc62Mzop.s 			page 2


  56 0000 0123     		movs	r3, #1
  57              		.loc 1 83 0
  58 0002 0021     		movs	r1, #0
  59              		.loc 1 82 0
  60 0004 0370     		strb	r3, [r0, #0]
  61              		.loc 1 83 0
  62 0006 4160     		str	r1, [r0, #4]
  63 0008 7047     		bx	lr
  64              		.cfi_endproc
  65              	.LFE119:
  66              		.size	pwmObjectInit, .-pwmObjectInit
  67 000a 00BFAFF3 		.section	.text.pwmStart,"ax",%progbits
  67      0080
  68              		.align	2
  69              		.p2align 4,,15
  70              		.global	pwmStart
  71              		.thumb
  72              		.thumb_func
  73              		.type	pwmStart, %function
  74              	pwmStart:
  75              	.LFB120:
  76              		.loc 1 99 0
  77              		.cfi_startproc
  78              		@ args = 0, pretend = 0, frame = 0
  79              		@ frame_needed = 0, uses_anonymous_args = 0
  80              	.LVL2:
  81 0000 10B5     		push	{r4, lr}
  82              	.LCFI0:
  83              		.cfi_def_cfa_offset 8
  84              		.cfi_offset 4, -8
  85              		.cfi_offset 14, -4
  86              	.LBB2:
  87              		.loc 1 103 0
  88 0002 2023     		movs	r3, #32
  89              	.LVL3:
  90              	.LBE2:
  91              		.loc 1 99 0
  92 0004 0446     		mov	r4, r0
  93              	.LBB3:
  94              		.loc 1 103 0
  95              	@ 103 "c:\ChibiStudio\chibios/os/hal/src/pwm.c" 1
  96 0006 83F31188 		msr     BASEPRI, r3
  97              	@ 0 "" 2
  98              	.LVL4:
  99              		.thumb
 100              	.LBE3:
 101              		.loc 1 107 0
 102 000a 8B88     		ldrh	r3, [r1, #4]
 103              	.LVL5:
 104              		.loc 1 106 0
 105 000c 4160     		str	r1, [r0, #4]
 106              		.loc 1 107 0
 107 000e 0381     		strh	r3, [r0, #8]	@ movhi
 108              		.loc 1 108 0
 109 0010 FFF7FEFF 		bl	pwm_lld_start
 110              	.LVL6:
 111              		.loc 1 109 0
ARM GAS  C:\Users\srich\AppData\Local\Temp\cc62Mzop.s 			page 3


 112 0014 0220     		movs	r0, #2
 113 0016 2070     		strb	r0, [r4, #0]
 114              	.LBB4:
 115              		.loc 1 110 0
 116 0018 0023     		movs	r3, #0
 117              	.LVL7:
 118              	@ 110 "c:\ChibiStudio\chibios/os/hal/src/pwm.c" 1
 119 001a 83F31188 		msr     BASEPRI, r3
 120              	@ 0 "" 2
 121              	.LVL8:
 122              		.thumb
 123 001e 10BD     		pop	{r4, pc}
 124              	.LBE4:
 125              		.cfi_endproc
 126              	.LFE120:
 127              		.size	pwmStart, .-pwmStart
 128              		.section	.text.pwmStop,"ax",%progbits
 129              		.align	2
 130              		.p2align 4,,15
 131              		.global	pwmStop
 132              		.thumb
 133              		.thumb_func
 134              		.type	pwmStop, %function
 135              	pwmStop:
 136              	.LFB121:
 137              		.loc 1 120 0
 138              		.cfi_startproc
 139              		@ args = 0, pretend = 0, frame = 0
 140              		@ frame_needed = 0, uses_anonymous_args = 0
 141              	.LVL9:
 142 0000 10B5     		push	{r4, lr}
 143              	.LCFI1:
 144              		.cfi_def_cfa_offset 8
 145              		.cfi_offset 4, -8
 146              		.cfi_offset 14, -4
 147              	.LBB5:
 148              		.loc 1 124 0
 149 0002 2023     		movs	r3, #32
 150              	.LVL10:
 151              	.LBE5:
 152              		.loc 1 120 0
 153 0004 0446     		mov	r4, r0
 154              	.LBB6:
 155              		.loc 1 124 0
 156              	@ 124 "c:\ChibiStudio\chibios/os/hal/src/pwm.c" 1
 157 0006 83F31188 		msr     BASEPRI, r3
 158              	@ 0 "" 2
 159              	.LVL11:
 160              		.thumb
 161              	.LBE6:
 162              		.loc 1 127 0
 163 000a FFF7FEFF 		bl	pwm_lld_stop
 164              	.LVL12:
 165              		.loc 1 128 0
 166 000e 0123     		movs	r3, #1
 167 0010 2370     		strb	r3, [r4, #0]
 168              	.LBB7:
ARM GAS  C:\Users\srich\AppData\Local\Temp\cc62Mzop.s 			page 4


 169              		.loc 1 129 0
 170 0012 0023     		movs	r3, #0
 171              	.LVL13:
 172              	@ 129 "c:\ChibiStudio\chibios/os/hal/src/pwm.c" 1
 173 0014 83F31188 		msr     BASEPRI, r3
 174              	@ 0 "" 2
 175              	.LVL14:
 176              		.thumb
 177 0018 10BD     		pop	{r4, pc}
 178              	.LBE7:
 179              		.cfi_endproc
 180              	.LFE121:
 181              		.size	pwmStop, .-pwmStop
 182 001a 00BFAFF3 		.section	.text.pwmChangePeriod,"ax",%progbits
 182      0080
 183              		.align	2
 184              		.p2align 4,,15
 185              		.global	pwmChangePeriod
 186              		.thumb
 187              		.thumb_func
 188              		.type	pwmChangePeriod, %function
 189              	pwmChangePeriod:
 190              	.LFB122:
 191              		.loc 1 147 0
 192              		.cfi_startproc
 193              		@ args = 0, pretend = 0, frame = 0
 194              		@ frame_needed = 0, uses_anonymous_args = 0
 195              		@ link register save eliminated.
 196              	.LVL15:
 197              	.LBB8:
 198              		.loc 1 151 0
 199 0000 2023     		movs	r3, #32
 200              	.LVL16:
 201              	@ 151 "c:\ChibiStudio\chibios/os/hal/src/pwm.c" 1
 202 0002 83F31188 		msr     BASEPRI, r3
 203              	@ 0 "" 2
 204              	.LVL17:
 205              		.thumb
 206              	.LBE8:
 207              		.loc 1 154 0
 208 0006 0369     		ldr	r3, [r0, #16]
 209              	.LVL18:
 210 0008 0181     		strh	r1, [r0, #8]	@ movhi
 211 000a 0139     		subs	r1, r1, #1
 212              	.LVL19:
 213 000c 88B2     		uxth	r0, r1
 214              	.LVL20:
 215 000e D862     		str	r0, [r3, #44]
 216              	.LBB9:
 217              		.loc 1 155 0
 218 0010 0023     		movs	r3, #0
 219              	.LVL21:
 220              	@ 155 "c:\ChibiStudio\chibios/os/hal/src/pwm.c" 1
 221 0012 83F31188 		msr     BASEPRI, r3
 222              	@ 0 "" 2
 223              	.LVL22:
 224              		.thumb
ARM GAS  C:\Users\srich\AppData\Local\Temp\cc62Mzop.s 			page 5


 225 0016 7047     		bx	lr
 226              	.LBE9:
 227              		.cfi_endproc
 228              	.LFE122:
 229              		.size	pwmChangePeriod, .-pwmChangePeriod
 230 0018 AFF30080 		.section	.text.pwmEnableChannel,"ax",%progbits
 230      AFF30080 
 231              		.align	2
 232              		.p2align 4,,15
 233              		.global	pwmEnableChannel
 234              		.thumb
 235              		.thumb_func
 236              		.type	pwmEnableChannel, %function
 237              	pwmEnableChannel:
 238              	.LFB123:
 239              		.loc 1 174 0
 240              		.cfi_startproc
 241              		@ args = 0, pretend = 0, frame = 0
 242              		@ frame_needed = 0, uses_anonymous_args = 0
 243              	.LVL23:
 244 0000 08B5     		push	{r3, lr}
 245              	.LCFI2:
 246              		.cfi_def_cfa_offset 8
 247              		.cfi_offset 3, -8
 248              		.cfi_offset 14, -4
 249              	.LBB10:
 250              		.loc 1 179 0
 251 0002 2023     		movs	r3, #32
 252              	.LVL24:
 253              	@ 179 "c:\ChibiStudio\chibios/os/hal/src/pwm.c" 1
 254 0004 83F31188 		msr     BASEPRI, r3
 255              	@ 0 "" 2
 256              	.LVL25:
 257              		.thumb
 258              	.LBE10:
 259              		.loc 1 182 0
 260 0008 FFF7FEFF 		bl	pwm_lld_enable_channel
 261              	.LVL26:
 262              	.LBB11:
 263              		.loc 1 183 0
 264 000c 0023     		movs	r3, #0
 265              	.LVL27:
 266              	@ 183 "c:\ChibiStudio\chibios/os/hal/src/pwm.c" 1
 267 000e 83F31188 		msr     BASEPRI, r3
 268              	@ 0 "" 2
 269              	.LVL28:
 270              		.thumb
 271 0012 08BD     		pop	{r3, pc}
 272              	.LBE11:
 273              		.cfi_endproc
 274              	.LFE123:
 275              		.size	pwmEnableChannel, .-pwmEnableChannel
 276 0014 AFF30080 		.section	.text.pwmDisableChannel,"ax",%progbits
 276      AFF30080 
 276      AFF30080 
 277              		.align	2
 278              		.p2align 4,,15
ARM GAS  C:\Users\srich\AppData\Local\Temp\cc62Mzop.s 			page 6


 279              		.global	pwmDisableChannel
 280              		.thumb
 281              		.thumb_func
 282              		.type	pwmDisableChannel, %function
 283              	pwmDisableChannel:
 284              	.LFB124:
 285              		.loc 1 200 0
 286              		.cfi_startproc
 287              		@ args = 0, pretend = 0, frame = 0
 288              		@ frame_needed = 0, uses_anonymous_args = 0
 289              	.LVL29:
 290 0000 08B5     		push	{r3, lr}
 291              	.LCFI3:
 292              		.cfi_def_cfa_offset 8
 293              		.cfi_offset 3, -8
 294              		.cfi_offset 14, -4
 295              	.LBB12:
 296              		.loc 1 205 0
 297 0002 2023     		movs	r3, #32
 298              	.LVL30:
 299              	@ 205 "c:\ChibiStudio\chibios/os/hal/src/pwm.c" 1
 300 0004 83F31188 		msr     BASEPRI, r3
 301              	@ 0 "" 2
 302              	.LVL31:
 303              		.thumb
 304              	.LBE12:
 305              		.loc 1 208 0
 306 0008 FFF7FEFF 		bl	pwm_lld_disable_channel
 307              	.LVL32:
 308              	.LBB13:
 309              		.loc 1 209 0
 310 000c 0023     		movs	r3, #0
 311              	.LVL33:
 312              	@ 209 "c:\ChibiStudio\chibios/os/hal/src/pwm.c" 1
 313 000e 83F31188 		msr     BASEPRI, r3
 314              	@ 0 "" 2
 315              	.LVL34:
 316              		.thumb
 317 0012 08BD     		pop	{r3, pc}
 318              	.LBE13:
 319              		.cfi_endproc
 320              	.LFE124:
 321              		.size	pwmDisableChannel, .-pwmDisableChannel
 322 0014 AFF30080 		.text
 322      AFF30080 
 322      AFF30080 
 323              	.Letext0:
 324              		.file 2 "c:\\chibistudio\\tools\\gnu tools arm embedded\\4.7 2014q2\\bin\\../lib/gcc/arm-none-eabi
 325              		.file 3 "c:\\ChibiStudio\\chibios/os/hal/include/pwm.h"
 326              		.file 4 "c:\\ChibiStudio\\chibios/os/hal/platforms/STM32/TIMv1/pwm_lld.h"
 327              		.file 5 "c:\\ChibiStudio\\chibios/os/hal/platforms/STM32/TIMv1/stm32_tim.h"
 328              		.file 6 "c:\\ChibiStudio\\chibios/os/ports/common/ARMCMx/CMSIS/include/core_cm4.h"
 329              		.section	.debug_info,"",%progbits
 330              	.Ldebug_info0:
 331 0000 E4060000 		.4byte	0x6e4
 332 0004 0200     		.2byte	0x2
 333 0006 00000000 		.4byte	.Ldebug_abbrev0
ARM GAS  C:\Users\srich\AppData\Local\Temp\cc62Mzop.s 			page 7


 334 000a 04       		.byte	0x4
 335 000b 01       		.uleb128 0x1
 336 000c BE010000 		.4byte	.LASF60
 337 0010 01       		.byte	0x1
 338 0011 AC000000 		.4byte	.LASF61
 339 0015 30000000 		.4byte	.Ldebug_ranges0+0x30
 340 0019 00000000 		.4byte	0
 341 001d 00000000 		.4byte	0
 342 0021 00000000 		.4byte	.Ldebug_line0
 343 0025 02       		.uleb128 0x2
 344 0026 04       		.byte	0x4
 345 0027 05       		.byte	0x5
 346 0028 696E7400 		.ascii	"int\000"
 347 002c 03       		.uleb128 0x3
 348 002d 04       		.byte	0x4
 349 002e 07       		.byte	0x7
 350 002f A3010000 		.4byte	.LASF0
 351 0033 03       		.uleb128 0x3
 352 0034 01       		.byte	0x1
 353 0035 06       		.byte	0x6
 354 0036 77010000 		.4byte	.LASF1
 355 003a 04       		.uleb128 0x4
 356 003b 8D000000 		.4byte	.LASF4
 357 003f 02       		.byte	0x2
 358 0040 2A       		.byte	0x2a
 359 0041 45000000 		.4byte	0x45
 360 0045 03       		.uleb128 0x3
 361 0046 01       		.byte	0x1
 362 0047 08       		.byte	0x8
 363 0048 40010000 		.4byte	.LASF2
 364 004c 03       		.uleb128 0x3
 365 004d 02       		.byte	0x2
 366 004e 05       		.byte	0x5
 367 004f 29000000 		.4byte	.LASF3
 368 0053 04       		.uleb128 0x4
 369 0054 B0010000 		.4byte	.LASF5
 370 0058 02       		.byte	0x2
 371 0059 36       		.byte	0x36
 372 005a 5E000000 		.4byte	0x5e
 373 005e 03       		.uleb128 0x3
 374 005f 02       		.byte	0x2
 375 0060 07       		.byte	0x7
 376 0061 0C020000 		.4byte	.LASF6
 377 0065 04       		.uleb128 0x4
 378 0066 47020000 		.4byte	.LASF7
 379 006a 02       		.byte	0x2
 380 006b 4F       		.byte	0x4f
 381 006c 70000000 		.4byte	0x70
 382 0070 03       		.uleb128 0x3
 383 0071 04       		.byte	0x4
 384 0072 05       		.byte	0x5
 385 0073 EB000000 		.4byte	.LASF8
 386 0077 04       		.uleb128 0x4
 387 0078 9A010000 		.4byte	.LASF9
 388 007c 02       		.byte	0x2
 389 007d 50       		.byte	0x50
 390 007e 82000000 		.4byte	0x82
ARM GAS  C:\Users\srich\AppData\Local\Temp\cc62Mzop.s 			page 8


 391 0082 03       		.uleb128 0x3
 392 0083 04       		.byte	0x4
 393 0084 07       		.byte	0x7
 394 0085 6D020000 		.4byte	.LASF10
 395 0089 03       		.uleb128 0x3
 396 008a 08       		.byte	0x8
 397 008b 05       		.byte	0x5
 398 008c DD000000 		.4byte	.LASF11
 399 0090 03       		.uleb128 0x3
 400 0091 08       		.byte	0x8
 401 0092 07       		.byte	0x7
 402 0093 83010000 		.4byte	.LASF12
 403 0097 03       		.uleb128 0x3
 404 0098 01       		.byte	0x1
 405 0099 02       		.byte	0x2
 406 009a 4F020000 		.4byte	.LASF13
 407 009e 05       		.uleb128 0x5
 408 009f 77000000 		.4byte	0x77
 409 00a3 03       		.uleb128 0x3
 410 00a4 04       		.byte	0x4
 411 00a5 07       		.byte	0x7
 412 00a6 3C000000 		.4byte	.LASF14
 413 00aa 03       		.uleb128 0x3
 414 00ab 01       		.byte	0x1
 415 00ac 08       		.byte	0x8
 416 00ad 2C020000 		.4byte	.LASF15
 417 00b1 06       		.uleb128 0x6
 418 00b2 77000000 		.4byte	0x77
 419 00b6 C1000000 		.4byte	0xc1
 420 00ba 07       		.uleb128 0x7
 421 00bb A3000000 		.4byte	0xa3
 422 00bf 03       		.byte	0x3
 423 00c0 00       		.byte	0
 424 00c1 05       		.uleb128 0x5
 425 00c2 65000000 		.4byte	0x65
 426 00c6 08       		.uleb128 0x8
 427 00c7 01       		.byte	0x1
 428 00c8 03       		.byte	0x3
 429 00c9 55       		.byte	0x55
 430 00ca E1000000 		.4byte	0xe1
 431 00ce 09       		.uleb128 0x9
 432 00cf 35010000 		.4byte	.LASF16
 433 00d3 00       		.sleb128 0
 434 00d4 09       		.uleb128 0x9
 435 00d5 8F020000 		.4byte	.LASF17
 436 00d9 01       		.sleb128 1
 437 00da 09       		.uleb128 0x9
 438 00db 85020000 		.4byte	.LASF18
 439 00df 02       		.sleb128 2
 440 00e0 00       		.byte	0
 441 00e1 04       		.uleb128 0x4
 442 00e2 D7020000 		.4byte	.LASF19
 443 00e6 03       		.byte	0x3
 444 00e7 59       		.byte	0x59
 445 00e8 C6000000 		.4byte	0xc6
 446 00ec 04       		.uleb128 0x4
 447 00ed 3D020000 		.4byte	.LASF20
ARM GAS  C:\Users\srich\AppData\Local\Temp\cc62Mzop.s 			page 9


 448 00f1 03       		.byte	0x3
 449 00f2 5E       		.byte	0x5e
 450 00f3 F7000000 		.4byte	0xf7
 451 00f7 0A       		.uleb128 0xa
 452 00f8 3D020000 		.4byte	.LASF20
 453 00fc 14       		.byte	0x14
 454 00fd 04       		.byte	0x4
 455 00fe 6F01     		.2byte	0x16f
 456 0100 50010000 		.4byte	0x150
 457 0104 0B       		.uleb128 0xb
 458 0105 17000000 		.4byte	.LASF21
 459 0109 04       		.byte	0x4
 460 010a 7301     		.2byte	0x173
 461 010c E1000000 		.4byte	0xe1
 462 0110 02       		.byte	0x2
 463 0111 23       		.byte	0x23
 464 0112 00       		.uleb128 0
 465 0113 0B       		.uleb128 0xb
 466 0114 78000000 		.4byte	.LASF22
 467 0118 04       		.byte	0x4
 468 0119 7701     		.2byte	0x177
 469 011b 9F030000 		.4byte	0x39f
 470 011f 02       		.byte	0x2
 471 0120 23       		.byte	0x23
 472 0121 04       		.uleb128 0x4
 473 0122 0B       		.uleb128 0xb
 474 0123 06010000 		.4byte	.LASF23
 475 0127 04       		.byte	0x4
 476 0128 7B01     		.2byte	0x17b
 477 012a DF020000 		.4byte	0x2df
 478 012e 02       		.byte	0x2
 479 012f 23       		.byte	0x23
 480 0130 08       		.uleb128 0x8
 481 0131 0B       		.uleb128 0xb
 482 0132 7F020000 		.4byte	.LASF24
 483 0136 04       		.byte	0x4
 484 0137 8301     		.2byte	0x183
 485 0139 77000000 		.4byte	0x77
 486 013d 02       		.byte	0x2
 487 013e 23       		.byte	0x23
 488 013f 0C       		.uleb128 0xc
 489 0140 0C       		.uleb128 0xc
 490 0141 74696D00 		.ascii	"tim\000"
 491 0145 04       		.byte	0x4
 492 0146 8701     		.2byte	0x187
 493 0148 AA030000 		.4byte	0x3aa
 494 014c 02       		.byte	0x2
 495 014d 23       		.byte	0x23
 496 014e 10       		.uleb128 0x10
 497 014f 00       		.byte	0
 498 0150 04       		.uleb128 0x4
 499 0151 E2020000 		.4byte	.LASF25
 500 0155 03       		.byte	0x3
 501 0156 65       		.byte	0x65
 502 0157 5B010000 		.4byte	0x15b
 503 015b 0D       		.uleb128 0xd
 504 015c 04       		.byte	0x4
ARM GAS  C:\Users\srich\AppData\Local\Temp\cc62Mzop.s 			page 10


 505 015d 61010000 		.4byte	0x161
 506 0161 0E       		.uleb128 0xe
 507 0162 01       		.byte	0x1
 508 0163 6D010000 		.4byte	0x16d
 509 0167 0F       		.uleb128 0xf
 510 0168 6D010000 		.4byte	0x16d
 511 016c 00       		.byte	0
 512 016d 0D       		.uleb128 0xd
 513 016e 04       		.byte	0x4
 514 016f EC000000 		.4byte	0xec
 515 0173 10       		.uleb128 0x10
 516 0174 60       		.byte	0x60
 517 0175 05       		.byte	0x5
 518 0176 9E01     		.2byte	0x19e
 519 0178 B6020000 		.4byte	0x2b6
 520 017c 0C       		.uleb128 0xc
 521 017d 43523100 		.ascii	"CR1\000"
 522 0181 05       		.byte	0x5
 523 0182 9F01     		.2byte	0x19f
 524 0184 9E000000 		.4byte	0x9e
 525 0188 02       		.byte	0x2
 526 0189 23       		.byte	0x23
 527 018a 00       		.uleb128 0
 528 018b 0C       		.uleb128 0xc
 529 018c 43523200 		.ascii	"CR2\000"
 530 0190 05       		.byte	0x5
 531 0191 A001     		.2byte	0x1a0
 532 0193 9E000000 		.4byte	0x9e
 533 0197 02       		.byte	0x2
 534 0198 23       		.byte	0x23
 535 0199 04       		.uleb128 0x4
 536 019a 0B       		.uleb128 0xb
 537 019b 30010000 		.4byte	.LASF26
 538 019f 05       		.byte	0x5
 539 01a0 A101     		.2byte	0x1a1
 540 01a2 9E000000 		.4byte	0x9e
 541 01a6 02       		.byte	0x2
 542 01a7 23       		.byte	0x23
 543 01a8 08       		.uleb128 0x8
 544 01a9 0B       		.uleb128 0xb
 545 01aa 07020000 		.4byte	.LASF27
 546 01ae 05       		.byte	0x5
 547 01af A201     		.2byte	0x1a2
 548 01b1 9E000000 		.4byte	0x9e
 549 01b5 02       		.byte	0x2
 550 01b6 23       		.byte	0x23
 551 01b7 0C       		.uleb128 0xc
 552 01b8 0C       		.uleb128 0xc
 553 01b9 535200   		.ascii	"SR\000"
 554 01bc 05       		.byte	0x5
 555 01bd A301     		.2byte	0x1a3
 556 01bf 9E000000 		.4byte	0x9e
 557 01c3 02       		.byte	0x2
 558 01c4 23       		.byte	0x23
 559 01c5 10       		.uleb128 0x10
 560 01c6 0C       		.uleb128 0xc
 561 01c7 45475200 		.ascii	"EGR\000"
ARM GAS  C:\Users\srich\AppData\Local\Temp\cc62Mzop.s 			page 11


 562 01cb 05       		.byte	0x5
 563 01cc A401     		.2byte	0x1a4
 564 01ce 9E000000 		.4byte	0x9e
 565 01d2 02       		.byte	0x2
 566 01d3 23       		.byte	0x23
 567 01d4 14       		.uleb128 0x14
 568 01d5 0B       		.uleb128 0xb
 569 01d6 0D010000 		.4byte	.LASF28
 570 01da 05       		.byte	0x5
 571 01db A501     		.2byte	0x1a5
 572 01dd 9E000000 		.4byte	0x9e
 573 01e1 02       		.byte	0x2
 574 01e2 23       		.byte	0x23
 575 01e3 18       		.uleb128 0x18
 576 01e4 0B       		.uleb128 0xb
 577 01e5 1D000000 		.4byte	.LASF29
 578 01e9 05       		.byte	0x5
 579 01ea A601     		.2byte	0x1a6
 580 01ec 9E000000 		.4byte	0x9e
 581 01f0 02       		.byte	0x2
 582 01f1 23       		.byte	0x23
 583 01f2 1C       		.uleb128 0x1c
 584 01f3 0B       		.uleb128 0xb
 585 01f4 00000000 		.4byte	.LASF30
 586 01f8 05       		.byte	0x5
 587 01f9 A701     		.2byte	0x1a7
 588 01fb 9E000000 		.4byte	0x9e
 589 01ff 02       		.byte	0x2
 590 0200 23       		.byte	0x23
 591 0201 20       		.uleb128 0x20
 592 0202 0C       		.uleb128 0xc
 593 0203 434E5400 		.ascii	"CNT\000"
 594 0207 05       		.byte	0x5
 595 0208 A801     		.2byte	0x1a8
 596 020a 9E000000 		.4byte	0x9e
 597 020e 02       		.byte	0x2
 598 020f 23       		.byte	0x23
 599 0210 24       		.uleb128 0x24
 600 0211 0C       		.uleb128 0xc
 601 0212 50534300 		.ascii	"PSC\000"
 602 0216 05       		.byte	0x5
 603 0217 A901     		.2byte	0x1a9
 604 0219 9E000000 		.4byte	0x9e
 605 021d 02       		.byte	0x2
 606 021e 23       		.byte	0x23
 607 021f 28       		.uleb128 0x28
 608 0220 0C       		.uleb128 0xc
 609 0221 41525200 		.ascii	"ARR\000"
 610 0225 05       		.byte	0x5
 611 0226 AA01     		.2byte	0x1aa
 612 0228 9E000000 		.4byte	0x9e
 613 022c 02       		.byte	0x2
 614 022d 23       		.byte	0x23
 615 022e 2C       		.uleb128 0x2c
 616 022f 0C       		.uleb128 0xc
 617 0230 52435200 		.ascii	"RCR\000"
 618 0234 05       		.byte	0x5
ARM GAS  C:\Users\srich\AppData\Local\Temp\cc62Mzop.s 			page 12


 619 0235 AB01     		.2byte	0x1ab
 620 0237 9E000000 		.4byte	0x9e
 621 023b 02       		.byte	0x2
 622 023c 23       		.byte	0x23
 623 023d 30       		.uleb128 0x30
 624 023e 0C       		.uleb128 0xc
 625 023f 43435200 		.ascii	"CCR\000"
 626 0243 05       		.byte	0x5
 627 0244 AC01     		.2byte	0x1ac
 628 0246 B6020000 		.4byte	0x2b6
 629 024a 02       		.byte	0x2
 630 024b 23       		.byte	0x23
 631 024c 34       		.uleb128 0x34
 632 024d 0B       		.uleb128 0xb
 633 024e B9010000 		.4byte	.LASF31
 634 0252 05       		.byte	0x5
 635 0253 AD01     		.2byte	0x1ad
 636 0255 9E000000 		.4byte	0x9e
 637 0259 02       		.byte	0x2
 638 025a 23       		.byte	0x23
 639 025b 44       		.uleb128 0x44
 640 025c 0C       		.uleb128 0xc
 641 025d 44435200 		.ascii	"DCR\000"
 642 0261 05       		.byte	0x5
 643 0262 AE01     		.2byte	0x1ae
 644 0264 9E000000 		.4byte	0x9e
 645 0268 02       		.byte	0x2
 646 0269 23       		.byte	0x23
 647 026a 48       		.uleb128 0x48
 648 026b 0B       		.uleb128 0xb
 649 026c 12000000 		.4byte	.LASF32
 650 0270 05       		.byte	0x5
 651 0271 AF01     		.2byte	0x1af
 652 0273 9E000000 		.4byte	0x9e
 653 0277 02       		.byte	0x2
 654 0278 23       		.byte	0x23
 655 0279 4C       		.uleb128 0x4c
 656 027a 0C       		.uleb128 0xc
 657 027b 4F5200   		.ascii	"OR\000"
 658 027e 05       		.byte	0x5
 659 027f B001     		.2byte	0x1b0
 660 0281 9E000000 		.4byte	0x9e
 661 0285 02       		.byte	0x2
 662 0286 23       		.byte	0x23
 663 0287 50       		.uleb128 0x50
 664 0288 0B       		.uleb128 0xb
 665 0289 23000000 		.4byte	.LASF33
 666 028d 05       		.byte	0x5
 667 028e B101     		.2byte	0x1b1
 668 0290 9E000000 		.4byte	0x9e
 669 0294 02       		.byte	0x2
 670 0295 23       		.byte	0x23
 671 0296 54       		.uleb128 0x54
 672 0297 0B       		.uleb128 0xb
 673 0298 FC000000 		.4byte	.LASF34
 674 029c 05       		.byte	0x5
 675 029d B201     		.2byte	0x1b2
ARM GAS  C:\Users\srich\AppData\Local\Temp\cc62Mzop.s 			page 13


 676 029f 9E000000 		.4byte	0x9e
 677 02a3 02       		.byte	0x2
 678 02a4 23       		.byte	0x23
 679 02a5 58       		.uleb128 0x58
 680 02a6 0B       		.uleb128 0xb
 681 02a7 01010000 		.4byte	.LASF35
 682 02ab 05       		.byte	0x5
 683 02ac B301     		.2byte	0x1b3
 684 02ae 9E000000 		.4byte	0x9e
 685 02b2 02       		.byte	0x2
 686 02b3 23       		.byte	0x23
 687 02b4 5C       		.uleb128 0x5c
 688 02b5 00       		.byte	0
 689 02b6 05       		.uleb128 0x5
 690 02b7 B1000000 		.4byte	0xb1
 691 02bb 11       		.uleb128 0x11
 692 02bc 31020000 		.4byte	.LASF36
 693 02c0 05       		.byte	0x5
 694 02c1 B401     		.2byte	0x1b4
 695 02c3 73010000 		.4byte	0x173
 696 02c7 11       		.uleb128 0x11
 697 02c8 C0020000 		.4byte	.LASF37
 698 02cc 04       		.byte	0x4
 699 02cd 2001     		.2byte	0x120
 700 02cf 77000000 		.4byte	0x77
 701 02d3 11       		.uleb128 0x11
 702 02d4 5D000000 		.4byte	.LASF38
 703 02d8 04       		.byte	0x4
 704 02d9 2501     		.2byte	0x125
 705 02db 3A000000 		.4byte	0x3a
 706 02df 11       		.uleb128 0x11
 707 02e0 33000000 		.4byte	.LASF39
 708 02e4 04       		.byte	0x4
 709 02e5 2A01     		.2byte	0x12a
 710 02e7 53000000 		.4byte	0x53
 711 02eb 10       		.uleb128 0x10
 712 02ec 08       		.byte	0x8
 713 02ed 04       		.byte	0x4
 714 02ee 2F01     		.2byte	0x12f
 715 02f0 13030000 		.4byte	0x313
 716 02f4 0B       		.uleb128 0xb
 717 02f5 6A000000 		.4byte	.LASF40
 718 02f9 04       		.byte	0x4
 719 02fa 3301     		.2byte	0x133
 720 02fc C7020000 		.4byte	0x2c7
 721 0300 02       		.byte	0x2
 722 0301 23       		.byte	0x23
 723 0302 00       		.uleb128 0
 724 0303 0B       		.uleb128 0xb
 725 0304 F0020000 		.4byte	.LASF41
 726 0308 04       		.byte	0x4
 727 0309 3901     		.2byte	0x139
 728 030b 50010000 		.4byte	0x150
 729 030f 02       		.byte	0x2
 730 0310 23       		.byte	0x23
 731 0311 04       		.uleb128 0x4
 732 0312 00       		.byte	0
ARM GAS  C:\Users\srich\AppData\Local\Temp\cc62Mzop.s 			page 14


 733 0313 11       		.uleb128 0x11
 734 0314 AF020000 		.4byte	.LASF42
 735 0318 04       		.byte	0x4
 736 0319 3B01     		.2byte	0x13b
 737 031b EB020000 		.4byte	0x2eb
 738 031f 10       		.uleb128 0x10
 739 0320 34       		.byte	0x34
 740 0321 04       		.byte	0x4
 741 0322 4001     		.2byte	0x140
 742 0324 83030000 		.4byte	0x383
 743 0328 0B       		.uleb128 0xb
 744 0329 A5020000 		.4byte	.LASF43
 745 032d 04       		.byte	0x4
 746 032e 4601     		.2byte	0x146
 747 0330 77000000 		.4byte	0x77
 748 0334 02       		.byte	0x2
 749 0335 23       		.byte	0x23
 750 0336 00       		.uleb128 0
 751 0337 0B       		.uleb128 0xb
 752 0338 06010000 		.4byte	.LASF23
 753 033c 04       		.byte	0x4
 754 033d 4C01     		.2byte	0x14c
 755 033f DF020000 		.4byte	0x2df
 756 0343 02       		.byte	0x2
 757 0344 23       		.byte	0x23
 758 0345 04       		.uleb128 0x4
 759 0346 0B       		.uleb128 0xb
 760 0347 F0020000 		.4byte	.LASF41
 761 034b 04       		.byte	0x4
 762 034c 5201     		.2byte	0x152
 763 034e 50010000 		.4byte	0x150
 764 0352 02       		.byte	0x2
 765 0353 23       		.byte	0x23
 766 0354 08       		.uleb128 0x8
 767 0355 0B       		.uleb128 0xb
 768 0356 6F000000 		.4byte	.LASF44
 769 035a 04       		.byte	0x4
 770 035b 5601     		.2byte	0x156
 771 035d 83030000 		.4byte	0x383
 772 0361 02       		.byte	0x2
 773 0362 23       		.byte	0x23
 774 0363 0C       		.uleb128 0xc
 775 0364 0C       		.uleb128 0xc
 776 0365 63723200 		.ascii	"cr2\000"
 777 0369 04       		.byte	0x4
 778 036a 5C01     		.2byte	0x15c
 779 036c 77000000 		.4byte	0x77
 780 0370 02       		.byte	0x2
 781 0371 23       		.byte	0x23
 782 0372 2C       		.uleb128 0x2c
 783 0373 0B       		.uleb128 0xb
 784 0374 98020000 		.4byte	.LASF45
 785 0378 04       		.byte	0x4
 786 0379 6901     		.2byte	0x169
 787 037b 77000000 		.4byte	0x77
 788 037f 02       		.byte	0x2
 789 0380 23       		.byte	0x23
ARM GAS  C:\Users\srich\AppData\Local\Temp\cc62Mzop.s 			page 15


 790 0381 30       		.uleb128 0x30
 791 0382 00       		.byte	0
 792 0383 06       		.uleb128 0x6
 793 0384 13030000 		.4byte	0x313
 794 0388 93030000 		.4byte	0x393
 795 038c 07       		.uleb128 0x7
 796 038d A3000000 		.4byte	0xa3
 797 0391 03       		.byte	0x3
 798 0392 00       		.byte	0
 799 0393 11       		.uleb128 0x11
 800 0394 21010000 		.4byte	.LASF46
 801 0398 04       		.byte	0x4
 802 0399 6A01     		.2byte	0x16a
 803 039b 1F030000 		.4byte	0x31f
 804 039f 0D       		.uleb128 0xd
 805 03a0 04       		.byte	0x4
 806 03a1 A5030000 		.4byte	0x3a5
 807 03a5 12       		.uleb128 0x12
 808 03a6 93030000 		.4byte	0x393
 809 03aa 0D       		.uleb128 0xd
 810 03ab 04       		.byte	0x4
 811 03ac BB020000 		.4byte	0x2bb
 812 03b0 13       		.uleb128 0x13
 813 03b1 01       		.byte	0x1
 814 03b2 F4000000 		.4byte	.LASF47
 815 03b6 01       		.byte	0x1
 816 03b7 44       		.byte	0x44
 817 03b8 01       		.byte	0x1
 818 03b9 00000000 		.4byte	.LFB118
 819 03bd 04000000 		.4byte	.LFE118
 820 03c1 02       		.byte	0x2
 821 03c2 7D       		.byte	0x7d
 822 03c3 00       		.sleb128 0
 823 03c4 01       		.byte	0x1
 824 03c5 D4030000 		.4byte	0x3d4
 825 03c9 14       		.uleb128 0x14
 826 03ca 04000000 		.4byte	.LVL0
 827 03ce 01       		.byte	0x1
 828 03cf 7D060000 		.4byte	0x67d
 829 03d3 00       		.byte	0
 830 03d4 13       		.uleb128 0x13
 831 03d5 01       		.byte	0x1
 832 03d6 7F000000 		.4byte	.LASF48
 833 03da 01       		.byte	0x1
 834 03db 50       		.byte	0x50
 835 03dc 01       		.byte	0x1
 836 03dd 00000000 		.4byte	.LFB119
 837 03e1 0A000000 		.4byte	.LFE119
 838 03e5 02       		.byte	0x2
 839 03e6 7D       		.byte	0x7d
 840 03e7 00       		.sleb128 0
 841 03e8 01       		.byte	0x1
 842 03e9 FB030000 		.4byte	0x3fb
 843 03ed 15       		.uleb128 0x15
 844 03ee 2B010000 		.4byte	.LASF50
 845 03f2 01       		.byte	0x1
 846 03f3 50       		.byte	0x50
ARM GAS  C:\Users\srich\AppData\Local\Temp\cc62Mzop.s 			page 16


 847 03f4 6D010000 		.4byte	0x16d
 848 03f8 01       		.byte	0x1
 849 03f9 50       		.byte	0x50
 850 03fa 00       		.byte	0
 851 03fb 16       		.uleb128 0x16
 852 03fc 01       		.byte	0x1
 853 03fd D4000000 		.4byte	.LASF49
 854 0401 01       		.byte	0x1
 855 0402 63       		.byte	0x63
 856 0403 01       		.byte	0x1
 857 0404 00000000 		.4byte	.LFB120
 858 0408 20000000 		.4byte	.LFE120
 859 040c 00000000 		.4byte	.LLST0
 860 0410 01       		.byte	0x1
 861 0411 7A040000 		.4byte	0x47a
 862 0415 17       		.uleb128 0x17
 863 0416 2B010000 		.4byte	.LASF50
 864 041a 01       		.byte	0x1
 865 041b 63       		.byte	0x63
 866 041c 6D010000 		.4byte	0x16d
 867 0420 20000000 		.4byte	.LLST1
 868 0424 17       		.uleb128 0x17
 869 0425 78000000 		.4byte	.LASF22
 870 0429 01       		.byte	0x1
 871 042a 63       		.byte	0x63
 872 042b 9F030000 		.4byte	0x39f
 873 042f 3E000000 		.4byte	.LLST2
 874 0433 18       		.uleb128 0x18
 875 0434 00000000 		.4byte	.Ldebug_ranges0+0
 876 0438 4C040000 		.4byte	0x44c
 877 043c 19       		.uleb128 0x19
 878 043d 746D7000 		.ascii	"tmp\000"
 879 0441 01       		.byte	0x1
 880 0442 67       		.byte	0x67
 881 0443 77000000 		.4byte	0x77
 882 0447 5F000000 		.4byte	.LLST3
 883 044b 00       		.byte	0
 884 044c 1A       		.uleb128 0x1a
 885 044d 18000000 		.4byte	.LBB4
 886 0451 20000000 		.4byte	.LBE4
 887 0455 69040000 		.4byte	0x469
 888 0459 19       		.uleb128 0x19
 889 045a 746D7000 		.ascii	"tmp\000"
 890 045e 01       		.byte	0x1
 891 045f 6E       		.byte	0x6e
 892 0460 77000000 		.4byte	0x77
 893 0464 72000000 		.4byte	.LLST4
 894 0468 00       		.byte	0
 895 0469 1B       		.uleb128 0x1b
 896 046a 14000000 		.4byte	.LVL6
 897 046e 88060000 		.4byte	0x688
 898 0472 1C       		.uleb128 0x1c
 899 0473 01       		.byte	0x1
 900 0474 50       		.byte	0x50
 901 0475 02       		.byte	0x2
 902 0476 74       		.byte	0x74
 903 0477 00       		.sleb128 0
ARM GAS  C:\Users\srich\AppData\Local\Temp\cc62Mzop.s 			page 17


 904 0478 00       		.byte	0
 905 0479 00       		.byte	0
 906 047a 16       		.uleb128 0x16
 907 047b 01       		.byte	0x1
 908 047c 9D020000 		.4byte	.LASF51
 909 0480 01       		.byte	0x1
 910 0481 78       		.byte	0x78
 911 0482 01       		.byte	0x1
 912 0483 00000000 		.4byte	.LFB121
 913 0487 1A000000 		.4byte	.LFE121
 914 048b 85000000 		.4byte	.LLST5
 915 048f 01       		.byte	0x1
 916 0490 EA040000 		.4byte	0x4ea
 917 0494 17       		.uleb128 0x17
 918 0495 2B010000 		.4byte	.LASF50
 919 0499 01       		.byte	0x1
 920 049a 78       		.byte	0x78
 921 049b 6D010000 		.4byte	0x16d
 922 049f A5000000 		.4byte	.LLST6
 923 04a3 18       		.uleb128 0x18
 924 04a4 18000000 		.4byte	.Ldebug_ranges0+0x18
 925 04a8 BC040000 		.4byte	0x4bc
 926 04ac 19       		.uleb128 0x19
 927 04ad 746D7000 		.ascii	"tmp\000"
 928 04b1 01       		.byte	0x1
 929 04b2 7C       		.byte	0x7c
 930 04b3 77000000 		.4byte	0x77
 931 04b7 C3000000 		.4byte	.LLST7
 932 04bb 00       		.byte	0
 933 04bc 1A       		.uleb128 0x1a
 934 04bd 12000000 		.4byte	.LBB7
 935 04c1 1A000000 		.4byte	.LBE7
 936 04c5 D9040000 		.4byte	0x4d9
 937 04c9 19       		.uleb128 0x19
 938 04ca 746D7000 		.ascii	"tmp\000"
 939 04ce 01       		.byte	0x1
 940 04cf 81       		.byte	0x81
 941 04d0 77000000 		.4byte	0x77
 942 04d4 D6000000 		.4byte	.LLST8
 943 04d8 00       		.byte	0
 944 04d9 1B       		.uleb128 0x1b
 945 04da 0E000000 		.4byte	.LVL12
 946 04de 9D060000 		.4byte	0x69d
 947 04e2 1C       		.uleb128 0x1c
 948 04e3 01       		.byte	0x1
 949 04e4 50       		.byte	0x50
 950 04e5 02       		.byte	0x2
 951 04e6 74       		.byte	0x74
 952 04e7 00       		.sleb128 0
 953 04e8 00       		.byte	0
 954 04e9 00       		.byte	0
 955 04ea 13       		.uleb128 0x13
 956 04eb 01       		.byte	0x1
 957 04ec 5D020000 		.4byte	.LASF52
 958 04f0 01       		.byte	0x1
 959 04f1 93       		.byte	0x93
 960 04f2 01       		.byte	0x1
ARM GAS  C:\Users\srich\AppData\Local\Temp\cc62Mzop.s 			page 18


 961 04f3 00000000 		.4byte	.LFB122
 962 04f7 18000000 		.4byte	.LFE122
 963 04fb 02       		.byte	0x2
 964 04fc 7D       		.byte	0x7d
 965 04fd 00       		.sleb128 0
 966 04fe 01       		.byte	0x1
 967 04ff 58050000 		.4byte	0x558
 968 0503 17       		.uleb128 0x17
 969 0504 2B010000 		.4byte	.LASF50
 970 0508 01       		.byte	0x1
 971 0509 93       		.byte	0x93
 972 050a 6D010000 		.4byte	0x16d
 973 050e E9000000 		.4byte	.LLST9
 974 0512 17       		.uleb128 0x17
 975 0513 06010000 		.4byte	.LASF23
 976 0517 01       		.byte	0x1
 977 0518 93       		.byte	0x93
 978 0519 DF020000 		.4byte	0x2df
 979 051d 0A010000 		.4byte	.LLST10
 980 0521 1A       		.uleb128 0x1a
 981 0522 00000000 		.4byte	.LBB8
 982 0526 06000000 		.4byte	.LBE8
 983 052a 3E050000 		.4byte	0x53e
 984 052e 19       		.uleb128 0x19
 985 052f 746D7000 		.ascii	"tmp\000"
 986 0533 01       		.byte	0x1
 987 0534 97       		.byte	0x97
 988 0535 77000000 		.4byte	0x77
 989 0539 38010000 		.4byte	.LLST11
 990 053d 00       		.byte	0
 991 053e 1D       		.uleb128 0x1d
 992 053f 10000000 		.4byte	.LBB9
 993 0543 18000000 		.4byte	.LBE9
 994 0547 19       		.uleb128 0x19
 995 0548 746D7000 		.ascii	"tmp\000"
 996 054c 01       		.byte	0x1
 997 054d 9B       		.byte	0x9b
 998 054e 77000000 		.4byte	0x77
 999 0552 4B010000 		.4byte	.LLST12
 1000 0556 00       		.byte	0
 1001 0557 00       		.byte	0
 1002 0558 16       		.uleb128 0x16
 1003 0559 01       		.byte	0x1
 1004 055a 95000000 		.4byte	.LASF53
 1005 055e 01       		.byte	0x1
 1006 055f AC       		.byte	0xac
 1007 0560 01       		.byte	0x1
 1008 0561 00000000 		.4byte	.LFB123
 1009 0565 14000000 		.4byte	.LFE123
 1010 0569 5E010000 		.4byte	.LLST13
 1011 056d 01       		.byte	0x1
 1012 056e EB050000 		.4byte	0x5eb
 1013 0572 17       		.uleb128 0x17
 1014 0573 2B010000 		.4byte	.LASF50
 1015 0577 01       		.byte	0x1
 1016 0578 AC       		.byte	0xac
 1017 0579 6D010000 		.4byte	0x16d
ARM GAS  C:\Users\srich\AppData\Local\Temp\cc62Mzop.s 			page 19


 1018 057d 7E010000 		.4byte	.LLST14
 1019 0581 17       		.uleb128 0x17
 1020 0582 55020000 		.4byte	.LASF54
 1021 0586 01       		.byte	0x1
 1022 0587 AD       		.byte	0xad
 1023 0588 D3020000 		.4byte	0x2d3
 1024 058c 9F010000 		.4byte	.LLST15
 1025 0590 17       		.uleb128 0x17
 1026 0591 A6000000 		.4byte	.LASF55
 1027 0595 01       		.byte	0x1
 1028 0596 AE       		.byte	0xae
 1029 0597 DF020000 		.4byte	0x2df
 1030 059b C0010000 		.4byte	.LLST16
 1031 059f 1A       		.uleb128 0x1a
 1032 05a0 02000000 		.4byte	.LBB10
 1033 05a4 08000000 		.4byte	.LBE10
 1034 05a8 BC050000 		.4byte	0x5bc
 1035 05ac 19       		.uleb128 0x19
 1036 05ad 746D7000 		.ascii	"tmp\000"
 1037 05b1 01       		.byte	0x1
 1038 05b2 B3       		.byte	0xb3
 1039 05b3 77000000 		.4byte	0x77
 1040 05b7 E1010000 		.4byte	.LLST17
 1041 05bb 00       		.byte	0
 1042 05bc 1A       		.uleb128 0x1a
 1043 05bd 0C000000 		.4byte	.LBB11
 1044 05c1 14000000 		.4byte	.LBE11
 1045 05c5 D9050000 		.4byte	0x5d9
 1046 05c9 19       		.uleb128 0x19
 1047 05ca 746D7000 		.ascii	"tmp\000"
 1048 05ce 01       		.byte	0x1
 1049 05cf B7       		.byte	0xb7
 1050 05d0 77000000 		.4byte	0x77
 1051 05d4 F4010000 		.4byte	.LLST18
 1052 05d8 00       		.byte	0
 1053 05d9 1B       		.uleb128 0x1b
 1054 05da 0C000000 		.4byte	.LVL26
 1055 05de B2060000 		.4byte	0x6b2
 1056 05e2 1C       		.uleb128 0x1c
 1057 05e3 01       		.byte	0x1
 1058 05e4 50       		.byte	0x50
 1059 05e5 03       		.byte	0x3
 1060 05e6 F3       		.byte	0xf3
 1061 05e7 01       		.uleb128 0x1
 1062 05e8 50       		.byte	0x50
 1063 05e9 00       		.byte	0
 1064 05ea 00       		.byte	0
 1065 05eb 16       		.uleb128 0x16
 1066 05ec 01       		.byte	0x1
 1067 05ed 65010000 		.4byte	.LASF56
 1068 05f1 01       		.byte	0x1
 1069 05f2 C8       		.byte	0xc8
 1070 05f3 01       		.byte	0x1
 1071 05f4 00000000 		.4byte	.LFB124
 1072 05f8 14000000 		.4byte	.LFE124
 1073 05fc 07020000 		.4byte	.LLST19
 1074 0600 01       		.byte	0x1
ARM GAS  C:\Users\srich\AppData\Local\Temp\cc62Mzop.s 			page 20


 1075 0601 6F060000 		.4byte	0x66f
 1076 0605 17       		.uleb128 0x17
 1077 0606 2B010000 		.4byte	.LASF50
 1078 060a 01       		.byte	0x1
 1079 060b C8       		.byte	0xc8
 1080 060c 6D010000 		.4byte	0x16d
 1081 0610 27020000 		.4byte	.LLST20
 1082 0614 17       		.uleb128 0x17
 1083 0615 55020000 		.4byte	.LASF54
 1084 0619 01       		.byte	0x1
 1085 061a C8       		.byte	0xc8
 1086 061b D3020000 		.4byte	0x2d3
 1087 061f 48020000 		.4byte	.LLST21
 1088 0623 1A       		.uleb128 0x1a
 1089 0624 02000000 		.4byte	.LBB12
 1090 0628 08000000 		.4byte	.LBE12
 1091 062c 40060000 		.4byte	0x640
 1092 0630 19       		.uleb128 0x19
 1093 0631 746D7000 		.ascii	"tmp\000"
 1094 0635 01       		.byte	0x1
 1095 0636 CD       		.byte	0xcd
 1096 0637 77000000 		.4byte	0x77
 1097 063b 69020000 		.4byte	.LLST22
 1098 063f 00       		.byte	0
 1099 0640 1A       		.uleb128 0x1a
 1100 0641 0C000000 		.4byte	.LBB13
 1101 0645 14000000 		.4byte	.LBE13
 1102 0649 5D060000 		.4byte	0x65d
 1103 064d 19       		.uleb128 0x19
 1104 064e 746D7000 		.ascii	"tmp\000"
 1105 0652 01       		.byte	0x1
 1106 0653 D1       		.byte	0xd1
 1107 0654 77000000 		.4byte	0x77
 1108 0658 7C020000 		.4byte	.LLST23
 1109 065c 00       		.byte	0
 1110 065d 1B       		.uleb128 0x1b
 1111 065e 0C000000 		.4byte	.LVL32
 1112 0662 D1060000 		.4byte	0x6d1
 1113 0666 1C       		.uleb128 0x1c
 1114 0667 01       		.byte	0x1
 1115 0668 50       		.byte	0x50
 1116 0669 03       		.byte	0x3
 1117 066a F3       		.byte	0xf3
 1118 066b 01       		.uleb128 0x1
 1119 066c 50       		.byte	0x50
 1120 066d 00       		.byte	0
 1121 066e 00       		.byte	0
 1122 066f 1E       		.uleb128 0x1e
 1123 0670 CA020000 		.4byte	.LASF62
 1124 0674 06       		.byte	0x6
 1125 0675 9806     		.2byte	0x698
 1126 0677 C1000000 		.4byte	0xc1
 1127 067b 01       		.byte	0x1
 1128 067c 01       		.byte	0x1
 1129 067d 1F       		.uleb128 0x1f
 1130 067e 01       		.byte	0x1
 1131 067f 1F020000 		.4byte	.LASF63
ARM GAS  C:\Users\srich\AppData\Local\Temp\cc62Mzop.s 			page 21


 1132 0683 04       		.byte	0x4
 1133 0684 D101     		.2byte	0x1d1
 1134 0686 01       		.byte	0x1
 1135 0687 01       		.byte	0x1
 1136 0688 20       		.uleb128 0x20
 1137 0689 01       		.byte	0x1
 1138 068a 13010000 		.4byte	.LASF57
 1139 068e 04       		.byte	0x4
 1140 068f D201     		.2byte	0x1d2
 1141 0691 01       		.byte	0x1
 1142 0692 01       		.byte	0x1
 1143 0693 9D060000 		.4byte	0x69d
 1144 0697 0F       		.uleb128 0xf
 1145 0698 6D010000 		.4byte	0x16d
 1146 069c 00       		.byte	0
 1147 069d 20       		.uleb128 0x20
 1148 069e 01       		.byte	0x1
 1149 069f 05000000 		.4byte	.LASF58
 1150 06a3 04       		.byte	0x4
 1151 06a4 D301     		.2byte	0x1d3
 1152 06a6 01       		.byte	0x1
 1153 06a7 01       		.byte	0x1
 1154 06a8 B2060000 		.4byte	0x6b2
 1155 06ac 0F       		.uleb128 0xf
 1156 06ad 6D010000 		.4byte	0x16d
 1157 06b1 00       		.byte	0
 1158 06b2 20       		.uleb128 0x20
 1159 06b3 01       		.byte	0x1
 1160 06b4 4E010000 		.4byte	.LASF59
 1161 06b8 04       		.byte	0x4
 1162 06b9 D401     		.2byte	0x1d4
 1163 06bb 01       		.byte	0x1
 1164 06bc 01       		.byte	0x1
 1165 06bd D1060000 		.4byte	0x6d1
 1166 06c1 0F       		.uleb128 0xf
 1167 06c2 6D010000 		.4byte	0x16d
 1168 06c6 0F       		.uleb128 0xf
 1169 06c7 D3020000 		.4byte	0x2d3
 1170 06cb 0F       		.uleb128 0xf
 1171 06cc DF020000 		.4byte	0x2df
 1172 06d0 00       		.byte	0
 1173 06d1 21       		.uleb128 0x21
 1174 06d2 01       		.byte	0x1
 1175 06d3 45000000 		.4byte	.LASF64
 1176 06d7 04       		.byte	0x4
 1177 06d8 D701     		.2byte	0x1d7
 1178 06da 01       		.byte	0x1
 1179 06db 01       		.byte	0x1
 1180 06dc 0F       		.uleb128 0xf
 1181 06dd 6D010000 		.4byte	0x16d
 1182 06e1 0F       		.uleb128 0xf
 1183 06e2 D3020000 		.4byte	0x2d3
 1184 06e6 00       		.byte	0
 1185 06e7 00       		.byte	0
 1186              		.section	.debug_abbrev,"",%progbits
 1187              	.Ldebug_abbrev0:
 1188 0000 01       		.uleb128 0x1
ARM GAS  C:\Users\srich\AppData\Local\Temp\cc62Mzop.s 			page 22


 1189 0001 11       		.uleb128 0x11
 1190 0002 01       		.byte	0x1
 1191 0003 25       		.uleb128 0x25
 1192 0004 0E       		.uleb128 0xe
 1193 0005 13       		.uleb128 0x13
 1194 0006 0B       		.uleb128 0xb
 1195 0007 03       		.uleb128 0x3
 1196 0008 0E       		.uleb128 0xe
 1197 0009 55       		.uleb128 0x55
 1198 000a 06       		.uleb128 0x6
 1199 000b 11       		.uleb128 0x11
 1200 000c 01       		.uleb128 0x1
 1201 000d 52       		.uleb128 0x52
 1202 000e 01       		.uleb128 0x1
 1203 000f 10       		.uleb128 0x10
 1204 0010 06       		.uleb128 0x6
 1205 0011 00       		.byte	0
 1206 0012 00       		.byte	0
 1207 0013 02       		.uleb128 0x2
 1208 0014 24       		.uleb128 0x24
 1209 0015 00       		.byte	0
 1210 0016 0B       		.uleb128 0xb
 1211 0017 0B       		.uleb128 0xb
 1212 0018 3E       		.uleb128 0x3e
 1213 0019 0B       		.uleb128 0xb
 1214 001a 03       		.uleb128 0x3
 1215 001b 08       		.uleb128 0x8
 1216 001c 00       		.byte	0
 1217 001d 00       		.byte	0
 1218 001e 03       		.uleb128 0x3
 1219 001f 24       		.uleb128 0x24
 1220 0020 00       		.byte	0
 1221 0021 0B       		.uleb128 0xb
 1222 0022 0B       		.uleb128 0xb
 1223 0023 3E       		.uleb128 0x3e
 1224 0024 0B       		.uleb128 0xb
 1225 0025 03       		.uleb128 0x3
 1226 0026 0E       		.uleb128 0xe
 1227 0027 00       		.byte	0
 1228 0028 00       		.byte	0
 1229 0029 04       		.uleb128 0x4
 1230 002a 16       		.uleb128 0x16
 1231 002b 00       		.byte	0
 1232 002c 03       		.uleb128 0x3
 1233 002d 0E       		.uleb128 0xe
 1234 002e 3A       		.uleb128 0x3a
 1235 002f 0B       		.uleb128 0xb
 1236 0030 3B       		.uleb128 0x3b
 1237 0031 0B       		.uleb128 0xb
 1238 0032 49       		.uleb128 0x49
 1239 0033 13       		.uleb128 0x13
 1240 0034 00       		.byte	0
 1241 0035 00       		.byte	0
 1242 0036 05       		.uleb128 0x5
 1243 0037 35       		.uleb128 0x35
 1244 0038 00       		.byte	0
 1245 0039 49       		.uleb128 0x49
ARM GAS  C:\Users\srich\AppData\Local\Temp\cc62Mzop.s 			page 23


 1246 003a 13       		.uleb128 0x13
 1247 003b 00       		.byte	0
 1248 003c 00       		.byte	0
 1249 003d 06       		.uleb128 0x6
 1250 003e 01       		.uleb128 0x1
 1251 003f 01       		.byte	0x1
 1252 0040 49       		.uleb128 0x49
 1253 0041 13       		.uleb128 0x13
 1254 0042 01       		.uleb128 0x1
 1255 0043 13       		.uleb128 0x13
 1256 0044 00       		.byte	0
 1257 0045 00       		.byte	0
 1258 0046 07       		.uleb128 0x7
 1259 0047 21       		.uleb128 0x21
 1260 0048 00       		.byte	0
 1261 0049 49       		.uleb128 0x49
 1262 004a 13       		.uleb128 0x13
 1263 004b 2F       		.uleb128 0x2f
 1264 004c 0B       		.uleb128 0xb
 1265 004d 00       		.byte	0
 1266 004e 00       		.byte	0
 1267 004f 08       		.uleb128 0x8
 1268 0050 04       		.uleb128 0x4
 1269 0051 01       		.byte	0x1
 1270 0052 0B       		.uleb128 0xb
 1271 0053 0B       		.uleb128 0xb
 1272 0054 3A       		.uleb128 0x3a
 1273 0055 0B       		.uleb128 0xb
 1274 0056 3B       		.uleb128 0x3b
 1275 0057 0B       		.uleb128 0xb
 1276 0058 01       		.uleb128 0x1
 1277 0059 13       		.uleb128 0x13
 1278 005a 00       		.byte	0
 1279 005b 00       		.byte	0
 1280 005c 09       		.uleb128 0x9
 1281 005d 28       		.uleb128 0x28
 1282 005e 00       		.byte	0
 1283 005f 03       		.uleb128 0x3
 1284 0060 0E       		.uleb128 0xe
 1285 0061 1C       		.uleb128 0x1c
 1286 0062 0D       		.uleb128 0xd
 1287 0063 00       		.byte	0
 1288 0064 00       		.byte	0
 1289 0065 0A       		.uleb128 0xa
 1290 0066 13       		.uleb128 0x13
 1291 0067 01       		.byte	0x1
 1292 0068 03       		.uleb128 0x3
 1293 0069 0E       		.uleb128 0xe
 1294 006a 0B       		.uleb128 0xb
 1295 006b 0B       		.uleb128 0xb
 1296 006c 3A       		.uleb128 0x3a
 1297 006d 0B       		.uleb128 0xb
 1298 006e 3B       		.uleb128 0x3b
 1299 006f 05       		.uleb128 0x5
 1300 0070 01       		.uleb128 0x1
 1301 0071 13       		.uleb128 0x13
 1302 0072 00       		.byte	0
ARM GAS  C:\Users\srich\AppData\Local\Temp\cc62Mzop.s 			page 24


 1303 0073 00       		.byte	0
 1304 0074 0B       		.uleb128 0xb
 1305 0075 0D       		.uleb128 0xd
 1306 0076 00       		.byte	0
 1307 0077 03       		.uleb128 0x3
 1308 0078 0E       		.uleb128 0xe
 1309 0079 3A       		.uleb128 0x3a
 1310 007a 0B       		.uleb128 0xb
 1311 007b 3B       		.uleb128 0x3b
 1312 007c 05       		.uleb128 0x5
 1313 007d 49       		.uleb128 0x49
 1314 007e 13       		.uleb128 0x13
 1315 007f 38       		.uleb128 0x38
 1316 0080 0A       		.uleb128 0xa
 1317 0081 00       		.byte	0
 1318 0082 00       		.byte	0
 1319 0083 0C       		.uleb128 0xc
 1320 0084 0D       		.uleb128 0xd
 1321 0085 00       		.byte	0
 1322 0086 03       		.uleb128 0x3
 1323 0087 08       		.uleb128 0x8
 1324 0088 3A       		.uleb128 0x3a
 1325 0089 0B       		.uleb128 0xb
 1326 008a 3B       		.uleb128 0x3b
 1327 008b 05       		.uleb128 0x5
 1328 008c 49       		.uleb128 0x49
 1329 008d 13       		.uleb128 0x13
 1330 008e 38       		.uleb128 0x38
 1331 008f 0A       		.uleb128 0xa
 1332 0090 00       		.byte	0
 1333 0091 00       		.byte	0
 1334 0092 0D       		.uleb128 0xd
 1335 0093 0F       		.uleb128 0xf
 1336 0094 00       		.byte	0
 1337 0095 0B       		.uleb128 0xb
 1338 0096 0B       		.uleb128 0xb
 1339 0097 49       		.uleb128 0x49
 1340 0098 13       		.uleb128 0x13
 1341 0099 00       		.byte	0
 1342 009a 00       		.byte	0
 1343 009b 0E       		.uleb128 0xe
 1344 009c 15       		.uleb128 0x15
 1345 009d 01       		.byte	0x1
 1346 009e 27       		.uleb128 0x27
 1347 009f 0C       		.uleb128 0xc
 1348 00a0 01       		.uleb128 0x1
 1349 00a1 13       		.uleb128 0x13
 1350 00a2 00       		.byte	0
 1351 00a3 00       		.byte	0
 1352 00a4 0F       		.uleb128 0xf
 1353 00a5 05       		.uleb128 0x5
 1354 00a6 00       		.byte	0
 1355 00a7 49       		.uleb128 0x49
 1356 00a8 13       		.uleb128 0x13
 1357 00a9 00       		.byte	0
 1358 00aa 00       		.byte	0
 1359 00ab 10       		.uleb128 0x10
ARM GAS  C:\Users\srich\AppData\Local\Temp\cc62Mzop.s 			page 25


 1360 00ac 13       		.uleb128 0x13
 1361 00ad 01       		.byte	0x1
 1362 00ae 0B       		.uleb128 0xb
 1363 00af 0B       		.uleb128 0xb
 1364 00b0 3A       		.uleb128 0x3a
 1365 00b1 0B       		.uleb128 0xb
 1366 00b2 3B       		.uleb128 0x3b
 1367 00b3 05       		.uleb128 0x5
 1368 00b4 01       		.uleb128 0x1
 1369 00b5 13       		.uleb128 0x13
 1370 00b6 00       		.byte	0
 1371 00b7 00       		.byte	0
 1372 00b8 11       		.uleb128 0x11
 1373 00b9 16       		.uleb128 0x16
 1374 00ba 00       		.byte	0
 1375 00bb 03       		.uleb128 0x3
 1376 00bc 0E       		.uleb128 0xe
 1377 00bd 3A       		.uleb128 0x3a
 1378 00be 0B       		.uleb128 0xb
 1379 00bf 3B       		.uleb128 0x3b
 1380 00c0 05       		.uleb128 0x5
 1381 00c1 49       		.uleb128 0x49
 1382 00c2 13       		.uleb128 0x13
 1383 00c3 00       		.byte	0
 1384 00c4 00       		.byte	0
 1385 00c5 12       		.uleb128 0x12
 1386 00c6 26       		.uleb128 0x26
 1387 00c7 00       		.byte	0
 1388 00c8 49       		.uleb128 0x49
 1389 00c9 13       		.uleb128 0x13
 1390 00ca 00       		.byte	0
 1391 00cb 00       		.byte	0
 1392 00cc 13       		.uleb128 0x13
 1393 00cd 2E       		.uleb128 0x2e
 1394 00ce 01       		.byte	0x1
 1395 00cf 3F       		.uleb128 0x3f
 1396 00d0 0C       		.uleb128 0xc
 1397 00d1 03       		.uleb128 0x3
 1398 00d2 0E       		.uleb128 0xe
 1399 00d3 3A       		.uleb128 0x3a
 1400 00d4 0B       		.uleb128 0xb
 1401 00d5 3B       		.uleb128 0x3b
 1402 00d6 0B       		.uleb128 0xb
 1403 00d7 27       		.uleb128 0x27
 1404 00d8 0C       		.uleb128 0xc
 1405 00d9 11       		.uleb128 0x11
 1406 00da 01       		.uleb128 0x1
 1407 00db 12       		.uleb128 0x12
 1408 00dc 01       		.uleb128 0x1
 1409 00dd 40       		.uleb128 0x40
 1410 00de 0A       		.uleb128 0xa
 1411 00df 9742     		.uleb128 0x2117
 1412 00e1 0C       		.uleb128 0xc
 1413 00e2 01       		.uleb128 0x1
 1414 00e3 13       		.uleb128 0x13
 1415 00e4 00       		.byte	0
 1416 00e5 00       		.byte	0
ARM GAS  C:\Users\srich\AppData\Local\Temp\cc62Mzop.s 			page 26


 1417 00e6 14       		.uleb128 0x14
 1418 00e7 898201   		.uleb128 0x4109
 1419 00ea 00       		.byte	0
 1420 00eb 11       		.uleb128 0x11
 1421 00ec 01       		.uleb128 0x1
 1422 00ed 9542     		.uleb128 0x2115
 1423 00ef 0C       		.uleb128 0xc
 1424 00f0 31       		.uleb128 0x31
 1425 00f1 13       		.uleb128 0x13
 1426 00f2 00       		.byte	0
 1427 00f3 00       		.byte	0
 1428 00f4 15       		.uleb128 0x15
 1429 00f5 05       		.uleb128 0x5
 1430 00f6 00       		.byte	0
 1431 00f7 03       		.uleb128 0x3
 1432 00f8 0E       		.uleb128 0xe
 1433 00f9 3A       		.uleb128 0x3a
 1434 00fa 0B       		.uleb128 0xb
 1435 00fb 3B       		.uleb128 0x3b
 1436 00fc 0B       		.uleb128 0xb
 1437 00fd 49       		.uleb128 0x49
 1438 00fe 13       		.uleb128 0x13
 1439 00ff 02       		.uleb128 0x2
 1440 0100 0A       		.uleb128 0xa
 1441 0101 00       		.byte	0
 1442 0102 00       		.byte	0
 1443 0103 16       		.uleb128 0x16
 1444 0104 2E       		.uleb128 0x2e
 1445 0105 01       		.byte	0x1
 1446 0106 3F       		.uleb128 0x3f
 1447 0107 0C       		.uleb128 0xc
 1448 0108 03       		.uleb128 0x3
 1449 0109 0E       		.uleb128 0xe
 1450 010a 3A       		.uleb128 0x3a
 1451 010b 0B       		.uleb128 0xb
 1452 010c 3B       		.uleb128 0x3b
 1453 010d 0B       		.uleb128 0xb
 1454 010e 27       		.uleb128 0x27
 1455 010f 0C       		.uleb128 0xc
 1456 0110 11       		.uleb128 0x11
 1457 0111 01       		.uleb128 0x1
 1458 0112 12       		.uleb128 0x12
 1459 0113 01       		.uleb128 0x1
 1460 0114 40       		.uleb128 0x40
 1461 0115 06       		.uleb128 0x6
 1462 0116 9742     		.uleb128 0x2117
 1463 0118 0C       		.uleb128 0xc
 1464 0119 01       		.uleb128 0x1
 1465 011a 13       		.uleb128 0x13
 1466 011b 00       		.byte	0
 1467 011c 00       		.byte	0
 1468 011d 17       		.uleb128 0x17
 1469 011e 05       		.uleb128 0x5
 1470 011f 00       		.byte	0
 1471 0120 03       		.uleb128 0x3
 1472 0121 0E       		.uleb128 0xe
 1473 0122 3A       		.uleb128 0x3a
ARM GAS  C:\Users\srich\AppData\Local\Temp\cc62Mzop.s 			page 27


 1474 0123 0B       		.uleb128 0xb
 1475 0124 3B       		.uleb128 0x3b
 1476 0125 0B       		.uleb128 0xb
 1477 0126 49       		.uleb128 0x49
 1478 0127 13       		.uleb128 0x13
 1479 0128 02       		.uleb128 0x2
 1480 0129 06       		.uleb128 0x6
 1481 012a 00       		.byte	0
 1482 012b 00       		.byte	0
 1483 012c 18       		.uleb128 0x18
 1484 012d 0B       		.uleb128 0xb
 1485 012e 01       		.byte	0x1
 1486 012f 55       		.uleb128 0x55
 1487 0130 06       		.uleb128 0x6
 1488 0131 01       		.uleb128 0x1
 1489 0132 13       		.uleb128 0x13
 1490 0133 00       		.byte	0
 1491 0134 00       		.byte	0
 1492 0135 19       		.uleb128 0x19
 1493 0136 34       		.uleb128 0x34
 1494 0137 00       		.byte	0
 1495 0138 03       		.uleb128 0x3
 1496 0139 08       		.uleb128 0x8
 1497 013a 3A       		.uleb128 0x3a
 1498 013b 0B       		.uleb128 0xb
 1499 013c 3B       		.uleb128 0x3b
 1500 013d 0B       		.uleb128 0xb
 1501 013e 49       		.uleb128 0x49
 1502 013f 13       		.uleb128 0x13
 1503 0140 02       		.uleb128 0x2
 1504 0141 06       		.uleb128 0x6
 1505 0142 00       		.byte	0
 1506 0143 00       		.byte	0
 1507 0144 1A       		.uleb128 0x1a
 1508 0145 0B       		.uleb128 0xb
 1509 0146 01       		.byte	0x1
 1510 0147 11       		.uleb128 0x11
 1511 0148 01       		.uleb128 0x1
 1512 0149 12       		.uleb128 0x12
 1513 014a 01       		.uleb128 0x1
 1514 014b 01       		.uleb128 0x1
 1515 014c 13       		.uleb128 0x13
 1516 014d 00       		.byte	0
 1517 014e 00       		.byte	0
 1518 014f 1B       		.uleb128 0x1b
 1519 0150 898201   		.uleb128 0x4109
 1520 0153 01       		.byte	0x1
 1521 0154 11       		.uleb128 0x11
 1522 0155 01       		.uleb128 0x1
 1523 0156 31       		.uleb128 0x31
 1524 0157 13       		.uleb128 0x13
 1525 0158 00       		.byte	0
 1526 0159 00       		.byte	0
 1527 015a 1C       		.uleb128 0x1c
 1528 015b 8A8201   		.uleb128 0x410a
 1529 015e 00       		.byte	0
 1530 015f 02       		.uleb128 0x2
ARM GAS  C:\Users\srich\AppData\Local\Temp\cc62Mzop.s 			page 28


 1531 0160 0A       		.uleb128 0xa
 1532 0161 9142     		.uleb128 0x2111
 1533 0163 0A       		.uleb128 0xa
 1534 0164 00       		.byte	0
 1535 0165 00       		.byte	0
 1536 0166 1D       		.uleb128 0x1d
 1537 0167 0B       		.uleb128 0xb
 1538 0168 01       		.byte	0x1
 1539 0169 11       		.uleb128 0x11
 1540 016a 01       		.uleb128 0x1
 1541 016b 12       		.uleb128 0x12
 1542 016c 01       		.uleb128 0x1
 1543 016d 00       		.byte	0
 1544 016e 00       		.byte	0
 1545 016f 1E       		.uleb128 0x1e
 1546 0170 34       		.uleb128 0x34
 1547 0171 00       		.byte	0
 1548 0172 03       		.uleb128 0x3
 1549 0173 0E       		.uleb128 0xe
 1550 0174 3A       		.uleb128 0x3a
 1551 0175 0B       		.uleb128 0xb
 1552 0176 3B       		.uleb128 0x3b
 1553 0177 05       		.uleb128 0x5
 1554 0178 49       		.uleb128 0x49
 1555 0179 13       		.uleb128 0x13
 1556 017a 3F       		.uleb128 0x3f
 1557 017b 0C       		.uleb128 0xc
 1558 017c 3C       		.uleb128 0x3c
 1559 017d 0C       		.uleb128 0xc
 1560 017e 00       		.byte	0
 1561 017f 00       		.byte	0
 1562 0180 1F       		.uleb128 0x1f
 1563 0181 2E       		.uleb128 0x2e
 1564 0182 00       		.byte	0
 1565 0183 3F       		.uleb128 0x3f
 1566 0184 0C       		.uleb128 0xc
 1567 0185 03       		.uleb128 0x3
 1568 0186 0E       		.uleb128 0xe
 1569 0187 3A       		.uleb128 0x3a
 1570 0188 0B       		.uleb128 0xb
 1571 0189 3B       		.uleb128 0x3b
 1572 018a 05       		.uleb128 0x5
 1573 018b 27       		.uleb128 0x27
 1574 018c 0C       		.uleb128 0xc
 1575 018d 3C       		.uleb128 0x3c
 1576 018e 0C       		.uleb128 0xc
 1577 018f 00       		.byte	0
 1578 0190 00       		.byte	0
 1579 0191 20       		.uleb128 0x20
 1580 0192 2E       		.uleb128 0x2e
 1581 0193 01       		.byte	0x1
 1582 0194 3F       		.uleb128 0x3f
 1583 0195 0C       		.uleb128 0xc
 1584 0196 03       		.uleb128 0x3
 1585 0197 0E       		.uleb128 0xe
 1586 0198 3A       		.uleb128 0x3a
 1587 0199 0B       		.uleb128 0xb
ARM GAS  C:\Users\srich\AppData\Local\Temp\cc62Mzop.s 			page 29


 1588 019a 3B       		.uleb128 0x3b
 1589 019b 05       		.uleb128 0x5
 1590 019c 27       		.uleb128 0x27
 1591 019d 0C       		.uleb128 0xc
 1592 019e 3C       		.uleb128 0x3c
 1593 019f 0C       		.uleb128 0xc
 1594 01a0 01       		.uleb128 0x1
 1595 01a1 13       		.uleb128 0x13
 1596 01a2 00       		.byte	0
 1597 01a3 00       		.byte	0
 1598 01a4 21       		.uleb128 0x21
 1599 01a5 2E       		.uleb128 0x2e
 1600 01a6 01       		.byte	0x1
 1601 01a7 3F       		.uleb128 0x3f
 1602 01a8 0C       		.uleb128 0xc
 1603 01a9 03       		.uleb128 0x3
 1604 01aa 0E       		.uleb128 0xe
 1605 01ab 3A       		.uleb128 0x3a
 1606 01ac 0B       		.uleb128 0xb
 1607 01ad 3B       		.uleb128 0x3b
 1608 01ae 05       		.uleb128 0x5
 1609 01af 27       		.uleb128 0x27
 1610 01b0 0C       		.uleb128 0xc
 1611 01b1 3C       		.uleb128 0x3c
 1612 01b2 0C       		.uleb128 0xc
 1613 01b3 00       		.byte	0
 1614 01b4 00       		.byte	0
 1615 01b5 00       		.byte	0
 1616              		.section	.debug_loc,"",%progbits
 1617              	.Ldebug_loc0:
 1618              	.LLST0:
 1619 0000 00000000 		.4byte	.LFB120
 1620 0004 02000000 		.4byte	.LCFI0
 1621 0008 0200     		.2byte	0x2
 1622 000a 7D       		.byte	0x7d
 1623 000b 00       		.sleb128 0
 1624 000c 02000000 		.4byte	.LCFI0
 1625 0010 20000000 		.4byte	.LFE120
 1626 0014 0200     		.2byte	0x2
 1627 0016 7D       		.byte	0x7d
 1628 0017 08       		.sleb128 8
 1629 0018 00000000 		.4byte	0
 1630 001c 00000000 		.4byte	0
 1631              	.LLST1:
 1632 0020 00000000 		.4byte	.LVL2
 1633 0024 13000000 		.4byte	.LVL6-1
 1634 0028 0100     		.2byte	0x1
 1635 002a 50       		.byte	0x50
 1636 002b 13000000 		.4byte	.LVL6-1
 1637 002f 20000000 		.4byte	.LFE120
 1638 0033 0100     		.2byte	0x1
 1639 0035 54       		.byte	0x54
 1640 0036 00000000 		.4byte	0
 1641 003a 00000000 		.4byte	0
 1642              	.LLST2:
 1643 003e 00000000 		.4byte	.LVL2
 1644 0042 13000000 		.4byte	.LVL6-1
ARM GAS  C:\Users\srich\AppData\Local\Temp\cc62Mzop.s 			page 30


 1645 0046 0100     		.2byte	0x1
 1646 0048 51       		.byte	0x51
 1647 0049 13000000 		.4byte	.LVL6-1
 1648 004d 20000000 		.4byte	.LFE120
 1649 0051 0400     		.2byte	0x4
 1650 0053 F3       		.byte	0xf3
 1651 0054 01       		.uleb128 0x1
 1652 0055 51       		.byte	0x51
 1653 0056 9F       		.byte	0x9f
 1654 0057 00000000 		.4byte	0
 1655 005b 00000000 		.4byte	0
 1656              	.LLST3:
 1657 005f 0A000000 		.4byte	.LVL4
 1658 0063 0C000000 		.4byte	.LVL5
 1659 0067 0100     		.2byte	0x1
 1660 0069 53       		.byte	0x53
 1661 006a 00000000 		.4byte	0
 1662 006e 00000000 		.4byte	0
 1663              	.LLST4:
 1664 0072 1E000000 		.4byte	.LVL8
 1665 0076 20000000 		.4byte	.LFE120
 1666 007a 0100     		.2byte	0x1
 1667 007c 53       		.byte	0x53
 1668 007d 00000000 		.4byte	0
 1669 0081 00000000 		.4byte	0
 1670              	.LLST5:
 1671 0085 00000000 		.4byte	.LFB121
 1672 0089 02000000 		.4byte	.LCFI1
 1673 008d 0200     		.2byte	0x2
 1674 008f 7D       		.byte	0x7d
 1675 0090 00       		.sleb128 0
 1676 0091 02000000 		.4byte	.LCFI1
 1677 0095 1A000000 		.4byte	.LFE121
 1678 0099 0200     		.2byte	0x2
 1679 009b 7D       		.byte	0x7d
 1680 009c 08       		.sleb128 8
 1681 009d 00000000 		.4byte	0
 1682 00a1 00000000 		.4byte	0
 1683              	.LLST6:
 1684 00a5 00000000 		.4byte	.LVL9
 1685 00a9 0D000000 		.4byte	.LVL12-1
 1686 00ad 0100     		.2byte	0x1
 1687 00af 50       		.byte	0x50
 1688 00b0 0D000000 		.4byte	.LVL12-1
 1689 00b4 1A000000 		.4byte	.LFE121
 1690 00b8 0100     		.2byte	0x1
 1691 00ba 54       		.byte	0x54
 1692 00bb 00000000 		.4byte	0
 1693 00bf 00000000 		.4byte	0
 1694              	.LLST7:
 1695 00c3 0A000000 		.4byte	.LVL11
 1696 00c7 0D000000 		.4byte	.LVL12-1
 1697 00cb 0100     		.2byte	0x1
 1698 00cd 53       		.byte	0x53
 1699 00ce 00000000 		.4byte	0
 1700 00d2 00000000 		.4byte	0
 1701              	.LLST8:
ARM GAS  C:\Users\srich\AppData\Local\Temp\cc62Mzop.s 			page 31


 1702 00d6 18000000 		.4byte	.LVL14
 1703 00da 1A000000 		.4byte	.LFE121
 1704 00de 0100     		.2byte	0x1
 1705 00e0 53       		.byte	0x53
 1706 00e1 00000000 		.4byte	0
 1707 00e5 00000000 		.4byte	0
 1708              	.LLST9:
 1709 00e9 00000000 		.4byte	.LVL15
 1710 00ed 0E000000 		.4byte	.LVL20
 1711 00f1 0100     		.2byte	0x1
 1712 00f3 50       		.byte	0x50
 1713 00f4 0E000000 		.4byte	.LVL20
 1714 00f8 18000000 		.4byte	.LFE122
 1715 00fc 0400     		.2byte	0x4
 1716 00fe F3       		.byte	0xf3
 1717 00ff 01       		.uleb128 0x1
 1718 0100 50       		.byte	0x50
 1719 0101 9F       		.byte	0x9f
 1720 0102 00000000 		.4byte	0
 1721 0106 00000000 		.4byte	0
 1722              	.LLST10:
 1723 010a 00000000 		.4byte	.LVL15
 1724 010e 0C000000 		.4byte	.LVL19
 1725 0112 0100     		.2byte	0x1
 1726 0114 51       		.byte	0x51
 1727 0115 0C000000 		.4byte	.LVL19
 1728 0119 0E000000 		.4byte	.LVL20
 1729 011d 0200     		.2byte	0x2
 1730 011f 70       		.byte	0x70
 1731 0120 08       		.sleb128 8
 1732 0121 0E000000 		.4byte	.LVL20
 1733 0125 18000000 		.4byte	.LFE122
 1734 0129 0500     		.2byte	0x5
 1735 012b F3       		.byte	0xf3
 1736 012c 01       		.uleb128 0x1
 1737 012d 50       		.byte	0x50
 1738 012e 23       		.byte	0x23
 1739 012f 08       		.uleb128 0x8
 1740 0130 00000000 		.4byte	0
 1741 0134 00000000 		.4byte	0
 1742              	.LLST11:
 1743 0138 06000000 		.4byte	.LVL17
 1744 013c 08000000 		.4byte	.LVL18
 1745 0140 0100     		.2byte	0x1
 1746 0142 53       		.byte	0x53
 1747 0143 00000000 		.4byte	0
 1748 0147 00000000 		.4byte	0
 1749              	.LLST12:
 1750 014b 16000000 		.4byte	.LVL22
 1751 014f 18000000 		.4byte	.LFE122
 1752 0153 0100     		.2byte	0x1
 1753 0155 53       		.byte	0x53
 1754 0156 00000000 		.4byte	0
 1755 015a 00000000 		.4byte	0
 1756              	.LLST13:
 1757 015e 00000000 		.4byte	.LFB123
 1758 0162 02000000 		.4byte	.LCFI2
ARM GAS  C:\Users\srich\AppData\Local\Temp\cc62Mzop.s 			page 32


 1759 0166 0200     		.2byte	0x2
 1760 0168 7D       		.byte	0x7d
 1761 0169 00       		.sleb128 0
 1762 016a 02000000 		.4byte	.LCFI2
 1763 016e 14000000 		.4byte	.LFE123
 1764 0172 0200     		.2byte	0x2
 1765 0174 7D       		.byte	0x7d
 1766 0175 08       		.sleb128 8
 1767 0176 00000000 		.4byte	0
 1768 017a 00000000 		.4byte	0
 1769              	.LLST14:
 1770 017e 00000000 		.4byte	.LVL23
 1771 0182 0B000000 		.4byte	.LVL26-1
 1772 0186 0100     		.2byte	0x1
 1773 0188 50       		.byte	0x50
 1774 0189 0B000000 		.4byte	.LVL26-1
 1775 018d 14000000 		.4byte	.LFE123
 1776 0191 0400     		.2byte	0x4
 1777 0193 F3       		.byte	0xf3
 1778 0194 01       		.uleb128 0x1
 1779 0195 50       		.byte	0x50
 1780 0196 9F       		.byte	0x9f
 1781 0197 00000000 		.4byte	0
 1782 019b 00000000 		.4byte	0
 1783              	.LLST15:
 1784 019f 00000000 		.4byte	.LVL23
 1785 01a3 0B000000 		.4byte	.LVL26-1
 1786 01a7 0100     		.2byte	0x1
 1787 01a9 51       		.byte	0x51
 1788 01aa 0B000000 		.4byte	.LVL26-1
 1789 01ae 14000000 		.4byte	.LFE123
 1790 01b2 0400     		.2byte	0x4
 1791 01b4 F3       		.byte	0xf3
 1792 01b5 01       		.uleb128 0x1
 1793 01b6 51       		.byte	0x51
 1794 01b7 9F       		.byte	0x9f
 1795 01b8 00000000 		.4byte	0
 1796 01bc 00000000 		.4byte	0
 1797              	.LLST16:
 1798 01c0 00000000 		.4byte	.LVL23
 1799 01c4 0B000000 		.4byte	.LVL26-1
 1800 01c8 0100     		.2byte	0x1
 1801 01ca 52       		.byte	0x52
 1802 01cb 0B000000 		.4byte	.LVL26-1
 1803 01cf 14000000 		.4byte	.LFE123
 1804 01d3 0400     		.2byte	0x4
 1805 01d5 F3       		.byte	0xf3
 1806 01d6 01       		.uleb128 0x1
 1807 01d7 52       		.byte	0x52
 1808 01d8 9F       		.byte	0x9f
 1809 01d9 00000000 		.4byte	0
 1810 01dd 00000000 		.4byte	0
 1811              	.LLST17:
 1812 01e1 08000000 		.4byte	.LVL25
 1813 01e5 0B000000 		.4byte	.LVL26-1
 1814 01e9 0100     		.2byte	0x1
 1815 01eb 53       		.byte	0x53
ARM GAS  C:\Users\srich\AppData\Local\Temp\cc62Mzop.s 			page 33


 1816 01ec 00000000 		.4byte	0
 1817 01f0 00000000 		.4byte	0
 1818              	.LLST18:
 1819 01f4 12000000 		.4byte	.LVL28
 1820 01f8 14000000 		.4byte	.LFE123
 1821 01fc 0100     		.2byte	0x1
 1822 01fe 53       		.byte	0x53
 1823 01ff 00000000 		.4byte	0
 1824 0203 00000000 		.4byte	0
 1825              	.LLST19:
 1826 0207 00000000 		.4byte	.LFB124
 1827 020b 02000000 		.4byte	.LCFI3
 1828 020f 0200     		.2byte	0x2
 1829 0211 7D       		.byte	0x7d
 1830 0212 00       		.sleb128 0
 1831 0213 02000000 		.4byte	.LCFI3
 1832 0217 14000000 		.4byte	.LFE124
 1833 021b 0200     		.2byte	0x2
 1834 021d 7D       		.byte	0x7d
 1835 021e 08       		.sleb128 8
 1836 021f 00000000 		.4byte	0
 1837 0223 00000000 		.4byte	0
 1838              	.LLST20:
 1839 0227 00000000 		.4byte	.LVL29
 1840 022b 0B000000 		.4byte	.LVL32-1
 1841 022f 0100     		.2byte	0x1
 1842 0231 50       		.byte	0x50
 1843 0232 0B000000 		.4byte	.LVL32-1
 1844 0236 14000000 		.4byte	.LFE124
 1845 023a 0400     		.2byte	0x4
 1846 023c F3       		.byte	0xf3
 1847 023d 01       		.uleb128 0x1
 1848 023e 50       		.byte	0x50
 1849 023f 9F       		.byte	0x9f
 1850 0240 00000000 		.4byte	0
 1851 0244 00000000 		.4byte	0
 1852              	.LLST21:
 1853 0248 00000000 		.4byte	.LVL29
 1854 024c 0B000000 		.4byte	.LVL32-1
 1855 0250 0100     		.2byte	0x1
 1856 0252 51       		.byte	0x51
 1857 0253 0B000000 		.4byte	.LVL32-1
 1858 0257 14000000 		.4byte	.LFE124
 1859 025b 0400     		.2byte	0x4
 1860 025d F3       		.byte	0xf3
 1861 025e 01       		.uleb128 0x1
 1862 025f 51       		.byte	0x51
 1863 0260 9F       		.byte	0x9f
 1864 0261 00000000 		.4byte	0
 1865 0265 00000000 		.4byte	0
 1866              	.LLST22:
 1867 0269 08000000 		.4byte	.LVL31
 1868 026d 0B000000 		.4byte	.LVL32-1
 1869 0271 0100     		.2byte	0x1
 1870 0273 53       		.byte	0x53
 1871 0274 00000000 		.4byte	0
 1872 0278 00000000 		.4byte	0
ARM GAS  C:\Users\srich\AppData\Local\Temp\cc62Mzop.s 			page 34


 1873              	.LLST23:
 1874 027c 12000000 		.4byte	.LVL34
 1875 0280 14000000 		.4byte	.LFE124
 1876 0284 0100     		.2byte	0x1
 1877 0286 53       		.byte	0x53
 1878 0287 00000000 		.4byte	0
 1879 028b 00000000 		.4byte	0
 1880              		.section	.debug_aranges,"",%progbits
 1881 0000 4C000000 		.4byte	0x4c
 1882 0004 0200     		.2byte	0x2
 1883 0006 00000000 		.4byte	.Ldebug_info0
 1884 000a 04       		.byte	0x4
 1885 000b 00       		.byte	0
 1886 000c 0000     		.2byte	0
 1887 000e 0000     		.2byte	0
 1888 0010 00000000 		.4byte	.LFB118
 1889 0014 04000000 		.4byte	.LFE118-.LFB118
 1890 0018 00000000 		.4byte	.LFB119
 1891 001c 0A000000 		.4byte	.LFE119-.LFB119
 1892 0020 00000000 		.4byte	.LFB120
 1893 0024 20000000 		.4byte	.LFE120-.LFB120
 1894 0028 00000000 		.4byte	.LFB121
 1895 002c 1A000000 		.4byte	.LFE121-.LFB121
 1896 0030 00000000 		.4byte	.LFB122
 1897 0034 18000000 		.4byte	.LFE122-.LFB122
 1898 0038 00000000 		.4byte	.LFB123
 1899 003c 14000000 		.4byte	.LFE123-.LFB123
 1900 0040 00000000 		.4byte	.LFB124
 1901 0044 14000000 		.4byte	.LFE124-.LFB124
 1902 0048 00000000 		.4byte	0
 1903 004c 00000000 		.4byte	0
 1904              		.section	.debug_ranges,"",%progbits
 1905              	.Ldebug_ranges0:
 1906 0000 02000000 		.4byte	.LBB2
 1907 0004 04000000 		.4byte	.LBE2
 1908 0008 06000000 		.4byte	.LBB3
 1909 000c 0A000000 		.4byte	.LBE3
 1910 0010 00000000 		.4byte	0
 1911 0014 00000000 		.4byte	0
 1912 0018 02000000 		.4byte	.LBB5
 1913 001c 04000000 		.4byte	.LBE5
 1914 0020 06000000 		.4byte	.LBB6
 1915 0024 0A000000 		.4byte	.LBE6
 1916 0028 00000000 		.4byte	0
 1917 002c 00000000 		.4byte	0
 1918 0030 00000000 		.4byte	.LFB118
 1919 0034 04000000 		.4byte	.LFE118
 1920 0038 00000000 		.4byte	.LFB119
 1921 003c 0A000000 		.4byte	.LFE119
 1922 0040 00000000 		.4byte	.LFB120
 1923 0044 20000000 		.4byte	.LFE120
 1924 0048 00000000 		.4byte	.LFB121
 1925 004c 1A000000 		.4byte	.LFE121
 1926 0050 00000000 		.4byte	.LFB122
 1927 0054 18000000 		.4byte	.LFE122
 1928 0058 00000000 		.4byte	.LFB123
 1929 005c 14000000 		.4byte	.LFE123
ARM GAS  C:\Users\srich\AppData\Local\Temp\cc62Mzop.s 			page 35


 1930 0060 00000000 		.4byte	.LFB124
 1931 0064 14000000 		.4byte	.LFE124
 1932 0068 00000000 		.4byte	0
 1933 006c 00000000 		.4byte	0
 1934              		.section	.debug_line,"",%progbits
 1935              	.Ldebug_line0:
 1936 0000 23020000 		.section	.debug_str,"MS",%progbits,1
 1936      02008F01 
 1936      00000201 
 1936      FB0E0D00 
 1936      01010101 
 1937              	.LASF30:
 1938 0000 43434552 		.ascii	"CCER\000"
 1938      00
 1939              	.LASF58:
 1940 0005 70776D5F 		.ascii	"pwm_lld_stop\000"
 1940      6C6C645F 
 1940      73746F70 
 1940      00
 1941              	.LASF32:
 1942 0012 444D4152 		.ascii	"DMAR\000"
 1942      00
 1943              	.LASF21:
 1944 0017 73746174 		.ascii	"state\000"
 1944      6500
 1945              	.LASF29:
 1946 001d 43434D52 		.ascii	"CCMR2\000"
 1946      3200
 1947              	.LASF33:
 1948 0023 43434D52 		.ascii	"CCMR3\000"
 1948      3300
 1949              	.LASF3:
 1950 0029 73686F72 		.ascii	"short int\000"
 1950      7420696E 
 1950      7400
 1951              	.LASF39:
 1952 0033 70776D63 		.ascii	"pwmcnt_t\000"
 1952      6E745F74 
 1952      00
 1953              	.LASF14:
 1954 003c 73697A65 		.ascii	"sizetype\000"
 1954      74797065 
 1954      00
 1955              	.LASF64:
 1956 0045 70776D5F 		.ascii	"pwm_lld_disable_channel\000"
 1956      6C6C645F 
 1956      64697361 
 1956      626C655F 
 1956      6368616E 
 1957              	.LASF38:
 1958 005d 70776D63 		.ascii	"pwmchannel_t\000"
 1958      68616E6E 
 1958      656C5F74 
 1958      00
 1959              	.LASF40:
 1960 006a 6D6F6465 		.ascii	"mode\000"
 1960      00
ARM GAS  C:\Users\srich\AppData\Local\Temp\cc62Mzop.s 			page 36


 1961              	.LASF44:
 1962 006f 6368616E 		.ascii	"channels\000"
 1962      6E656C73 
 1962      00
 1963              	.LASF22:
 1964 0078 636F6E66 		.ascii	"config\000"
 1964      696700
 1965              	.LASF48:
 1966 007f 70776D4F 		.ascii	"pwmObjectInit\000"
 1966      626A6563 
 1966      74496E69 
 1966      7400
 1967              	.LASF4:
 1968 008d 75696E74 		.ascii	"uint8_t\000"
 1968      385F7400 
 1969              	.LASF53:
 1970 0095 70776D45 		.ascii	"pwmEnableChannel\000"
 1970      6E61626C 
 1970      65436861 
 1970      6E6E656C 
 1970      00
 1971              	.LASF55:
 1972 00a6 77696474 		.ascii	"width\000"
 1972      6800
 1973              	.LASF61:
 1974 00ac 633A5C43 		.ascii	"c:\\ChibiStudio\\chibios/os/hal/src/pwm.c\000"
 1974      68696269 
 1974      53747564 
 1974      696F5C63 
 1974      68696269 
 1975              	.LASF49:
 1976 00d4 70776D53 		.ascii	"pwmStart\000"
 1976      74617274 
 1976      00
 1977              	.LASF11:
 1978 00dd 6C6F6E67 		.ascii	"long long int\000"
 1978      206C6F6E 
 1978      6720696E 
 1978      7400
 1979              	.LASF8:
 1980 00eb 6C6F6E67 		.ascii	"long int\000"
 1980      20696E74 
 1980      00
 1981              	.LASF47:
 1982 00f4 70776D49 		.ascii	"pwmInit\000"
 1982      6E697400 
 1983              	.LASF34:
 1984 00fc 43435235 		.ascii	"CCR5\000"
 1984      00
 1985              	.LASF35:
 1986 0101 43435236 		.ascii	"CCR6\000"
 1986      00
 1987              	.LASF23:
 1988 0106 70657269 		.ascii	"period\000"
 1988      6F6400
 1989              	.LASF28:
 1990 010d 43434D52 		.ascii	"CCMR1\000"
ARM GAS  C:\Users\srich\AppData\Local\Temp\cc62Mzop.s 			page 37


 1990      3100
 1991              	.LASF57:
 1992 0113 70776D5F 		.ascii	"pwm_lld_start\000"
 1992      6C6C645F 
 1992      73746172 
 1992      7400
 1993              	.LASF46:
 1994 0121 50574D43 		.ascii	"PWMConfig\000"
 1994      6F6E6669 
 1994      6700
 1995              	.LASF50:
 1996 012b 70776D70 		.ascii	"pwmp\000"
 1996      00
 1997              	.LASF26:
 1998 0130 534D4352 		.ascii	"SMCR\000"
 1998      00
 1999              	.LASF16:
 2000 0135 50574D5F 		.ascii	"PWM_UNINIT\000"
 2000      554E494E 
 2000      495400
 2001              	.LASF2:
 2002 0140 756E7369 		.ascii	"unsigned char\000"
 2002      676E6564 
 2002      20636861 
 2002      7200
 2003              	.LASF59:
 2004 014e 70776D5F 		.ascii	"pwm_lld_enable_channel\000"
 2004      6C6C645F 
 2004      656E6162 
 2004      6C655F63 
 2004      68616E6E 
 2005              	.LASF56:
 2006 0165 70776D44 		.ascii	"pwmDisableChannel\000"
 2006      69736162 
 2006      6C654368 
 2006      616E6E65 
 2006      6C00
 2007              	.LASF1:
 2008 0177 7369676E 		.ascii	"signed char\000"
 2008      65642063 
 2008      68617200 
 2009              	.LASF12:
 2010 0183 6C6F6E67 		.ascii	"long long unsigned int\000"
 2010      206C6F6E 
 2010      6720756E 
 2010      7369676E 
 2010      65642069 
 2011              	.LASF9:
 2012 019a 75696E74 		.ascii	"uint32_t\000"
 2012      33325F74 
 2012      00
 2013              	.LASF0:
 2014 01a3 756E7369 		.ascii	"unsigned int\000"
 2014      676E6564 
 2014      20696E74 
 2014      00
 2015              	.LASF5:
ARM GAS  C:\Users\srich\AppData\Local\Temp\cc62Mzop.s 			page 38


 2016 01b0 75696E74 		.ascii	"uint16_t\000"
 2016      31365F74 
 2016      00
 2017              	.LASF31:
 2018 01b9 42445452 		.ascii	"BDTR\000"
 2018      00
 2019              	.LASF60:
 2020 01be 474E5520 		.ascii	"GNU C 4.7.4 20140401 (release) [ARM/embedded-4_7-br"
 2020      4320342E 
 2020      372E3420 
 2020      32303134 
 2020      30343031 
 2021 01f1 616E6368 		.ascii	"anch revision 209195]\000"
 2021      20726576 
 2021      6973696F 
 2021      6E203230 
 2021      39313935 
 2022              	.LASF27:
 2023 0207 44494552 		.ascii	"DIER\000"
 2023      00
 2024              	.LASF6:
 2025 020c 73686F72 		.ascii	"short unsigned int\000"
 2025      7420756E 
 2025      7369676E 
 2025      65642069 
 2025      6E7400
 2026              	.LASF63:
 2027 021f 70776D5F 		.ascii	"pwm_lld_init\000"
 2027      6C6C645F 
 2027      696E6974 
 2027      00
 2028              	.LASF15:
 2029 022c 63686172 		.ascii	"char\000"
 2029      00
 2030              	.LASF36:
 2031 0231 73746D33 		.ascii	"stm32_tim_t\000"
 2031      325F7469 
 2031      6D5F7400 
 2032              	.LASF20:
 2033 023d 50574D44 		.ascii	"PWMDriver\000"
 2033      72697665 
 2033      7200
 2034              	.LASF7:
 2035 0247 696E7433 		.ascii	"int32_t\000"
 2035      325F7400 
 2036              	.LASF13:
 2037 024f 5F426F6F 		.ascii	"_Bool\000"
 2037      6C00
 2038              	.LASF54:
 2039 0255 6368616E 		.ascii	"channel\000"
 2039      6E656C00 
 2040              	.LASF52:
 2041 025d 70776D43 		.ascii	"pwmChangePeriod\000"
 2041      68616E67 
 2041      65506572 
 2041      696F6400 
 2042              	.LASF10:
ARM GAS  C:\Users\srich\AppData\Local\Temp\cc62Mzop.s 			page 39


 2043 026d 6C6F6E67 		.ascii	"long unsigned int\000"
 2043      20756E73 
 2043      69676E65 
 2043      6420696E 
 2043      7400
 2044              	.LASF24:
 2045 027f 636C6F63 		.ascii	"clock\000"
 2045      6B00
 2046              	.LASF18:
 2047 0285 50574D5F 		.ascii	"PWM_READY\000"
 2047      52454144 
 2047      5900
 2048              	.LASF17:
 2049 028f 50574D5F 		.ascii	"PWM_STOP\000"
 2049      53544F50 
 2049      00
 2050              	.LASF45:
 2051 0298 64696572 		.ascii	"dier\000"
 2051      00
 2052              	.LASF51:
 2053 029d 70776D53 		.ascii	"pwmStop\000"
 2053      746F7000 
 2054              	.LASF43:
 2055 02a5 66726571 		.ascii	"frequency\000"
 2055      75656E63 
 2055      7900
 2056              	.LASF42:
 2057 02af 50574D43 		.ascii	"PWMChannelConfig\000"
 2057      68616E6E 
 2057      656C436F 
 2057      6E666967 
 2057      00
 2058              	.LASF37:
 2059 02c0 70776D6D 		.ascii	"pwmmode_t\000"
 2059      6F64655F 
 2059      7400
 2060              	.LASF62:
 2061 02ca 49544D5F 		.ascii	"ITM_RxBuffer\000"
 2061      52784275 
 2061      66666572 
 2061      00
 2062              	.LASF19:
 2063 02d7 70776D73 		.ascii	"pwmstate_t\000"
 2063      74617465 
 2063      5F7400
 2064              	.LASF25:
 2065 02e2 70776D63 		.ascii	"pwmcallback_t\000"
 2065      616C6C62 
 2065      61636B5F 
 2065      7400
 2066              	.LASF41:
 2067 02f0 63616C6C 		.ascii	"callback\000"
 2067      6261636B 
 2067      00
 2068              		.ident	"GCC: (GNU Tools for ARM Embedded Processors) 4.7.4 20140401 (release) [ARM/embedded-4_7-br
ARM GAS  C:\Users\srich\AppData\Local\Temp\cc62Mzop.s 			page 40


DEFINED SYMBOLS
                            *ABS*:00000000 pwm.c
C:\Users\srich\AppData\Local\Temp\cc62Mzop.s:19     .text.pwmInit:00000000 $t
C:\Users\srich\AppData\Local\Temp\cc62Mzop.s:25     .text.pwmInit:00000000 pwmInit
C:\Users\srich\AppData\Local\Temp\cc62Mzop.s:41     .text.pwmObjectInit:00000000 $t
C:\Users\srich\AppData\Local\Temp\cc62Mzop.s:47     .text.pwmObjectInit:00000000 pwmObjectInit
C:\Users\srich\AppData\Local\Temp\cc62Mzop.s:68     .text.pwmStart:00000000 $t
C:\Users\srich\AppData\Local\Temp\cc62Mzop.s:74     .text.pwmStart:00000000 pwmStart
C:\Users\srich\AppData\Local\Temp\cc62Mzop.s:129    .text.pwmStop:00000000 $t
C:\Users\srich\AppData\Local\Temp\cc62Mzop.s:135    .text.pwmStop:00000000 pwmStop
C:\Users\srich\AppData\Local\Temp\cc62Mzop.s:183    .text.pwmChangePeriod:00000000 $t
C:\Users\srich\AppData\Local\Temp\cc62Mzop.s:189    .text.pwmChangePeriod:00000000 pwmChangePeriod
C:\Users\srich\AppData\Local\Temp\cc62Mzop.s:231    .text.pwmEnableChannel:00000000 $t
C:\Users\srich\AppData\Local\Temp\cc62Mzop.s:237    .text.pwmEnableChannel:00000000 pwmEnableChannel
C:\Users\srich\AppData\Local\Temp\cc62Mzop.s:277    .text.pwmDisableChannel:00000000 $t
C:\Users\srich\AppData\Local\Temp\cc62Mzop.s:283    .text.pwmDisableChannel:00000000 pwmDisableChannel
                     .debug_frame:00000010 $d

UNDEFINED SYMBOLS
pwm_lld_init
pwm_lld_start
pwm_lld_stop
pwm_lld_enable_channel
pwm_lld_disable_channel
