ARM GAS  C:\Users\srich\AppData\Local\Temp\ccKVcRic.s 			page 1


   1              		.syntax unified
   2              		.cpu cortex-m4
   3              		.fpu softvfp
   4              		.eabi_attribute 20, 1
   5              		.eabi_attribute 21, 1
   6              		.eabi_attribute 23, 3
   7              		.eabi_attribute 24, 1
   8              		.eabi_attribute 25, 1
   9              		.eabi_attribute 26, 1
  10              		.eabi_attribute 30, 2
  11              		.eabi_attribute 34, 1
  12              		.eabi_attribute 18, 4
  13              		.thumb
  14              		.file	"vectors.c"
  15              		.text
  16              	.Ltext0:
  17              		.cfi_sections	.debug_frame
  18              		.section	.text._unhandled_exception,"ax",%progbits
  19              		.align	2
  20              		.p2align 4,,15
  21              		.global	_unhandled_exception
  22              		.thumb
  23              		.thumb_func
  24              		.type	_unhandled_exception, %function
  25              	_unhandled_exception:
  26              	.LFB7:
  27              		.file 1 "c:\\ChibiStudio\\chibios/os/ports/GCC/ARMCMx/STM32F4xx/vectors.c"
  28              		.loc 1 226 0
  29              		.cfi_startproc
  30              		@ Naked Function: prologue and epilogue provided by programmer.
  31              		@ Volatile: function does not return.
  32              		@ args = 0, pretend = 0, frame = 0
  33              		@ frame_needed = 0, uses_anonymous_args = 0
  34              	.L2:
  35 0000 FEE7     		b	.L2
  36              		.cfi_endproc
  37              	.LFE7:
  38              		.size	_unhandled_exception, .-_unhandled_exception
  39              		.weak	HardFaultVector
  40              		.thumb_set HardFaultVector,_unhandled_exception
  41              		.weak	MemManageVector
  42              		.thumb_set MemManageVector,_unhandled_exception
  43              		.weak	BusFaultVector
  44              		.thumb_set BusFaultVector,_unhandled_exception
  45              		.weak	UsageFaultVector
  46              		.thumb_set UsageFaultVector,_unhandled_exception
  47              		.weak	Vector1C
  48              		.thumb_set Vector1C,_unhandled_exception
  49              		.weak	Vector20
  50              		.thumb_set Vector20,_unhandled_exception
  51              		.weak	Vector24
  52              		.thumb_set Vector24,_unhandled_exception
  53              		.weak	Vector28
  54              		.thumb_set Vector28,_unhandled_exception
  55              		.weak	SVCallVector
  56              		.thumb_set SVCallVector,_unhandled_exception
  57              		.weak	DebugMonitorVector
ARM GAS  C:\Users\srich\AppData\Local\Temp\ccKVcRic.s 			page 2


  58              		.thumb_set DebugMonitorVector,_unhandled_exception
  59              		.weak	Vector34
  60              		.thumb_set Vector34,_unhandled_exception
  61              		.weak	PendSVVector
  62              		.thumb_set PendSVVector,_unhandled_exception
  63              		.weak	SysTickVector
  64              		.thumb_set SysTickVector,_unhandled_exception
  65              		.weak	Vector40
  66              		.thumb_set Vector40,_unhandled_exception
  67              		.weak	Vector44
  68              		.thumb_set Vector44,_unhandled_exception
  69              		.weak	Vector48
  70              		.thumb_set Vector48,_unhandled_exception
  71              		.weak	Vector4C
  72              		.thumb_set Vector4C,_unhandled_exception
  73              		.weak	Vector50
  74              		.thumb_set Vector50,_unhandled_exception
  75              		.weak	Vector54
  76              		.thumb_set Vector54,_unhandled_exception
  77              		.weak	Vector58
  78              		.thumb_set Vector58,_unhandled_exception
  79              		.weak	Vector5C
  80              		.thumb_set Vector5C,_unhandled_exception
  81              		.weak	Vector60
  82              		.thumb_set Vector60,_unhandled_exception
  83              		.weak	Vector64
  84              		.thumb_set Vector64,_unhandled_exception
  85              		.weak	Vector68
  86              		.thumb_set Vector68,_unhandled_exception
  87              		.weak	Vector6C
  88              		.thumb_set Vector6C,_unhandled_exception
  89              		.weak	Vector70
  90              		.thumb_set Vector70,_unhandled_exception
  91              		.weak	Vector74
  92              		.thumb_set Vector74,_unhandled_exception
  93              		.weak	Vector78
  94              		.thumb_set Vector78,_unhandled_exception
  95              		.weak	Vector7C
  96              		.thumb_set Vector7C,_unhandled_exception
  97              		.weak	Vector80
  98              		.thumb_set Vector80,_unhandled_exception
  99              		.weak	Vector84
 100              		.thumb_set Vector84,_unhandled_exception
 101              		.weak	Vector88
 102              		.thumb_set Vector88,_unhandled_exception
 103              		.weak	Vector8C
 104              		.thumb_set Vector8C,_unhandled_exception
 105              		.weak	Vector90
 106              		.thumb_set Vector90,_unhandled_exception
 107              		.weak	Vector94
 108              		.thumb_set Vector94,_unhandled_exception
 109              		.weak	Vector98
 110              		.thumb_set Vector98,_unhandled_exception
 111              		.weak	Vector9C
 112              		.thumb_set Vector9C,_unhandled_exception
 113              		.weak	VectorA0
 114              		.thumb_set VectorA0,_unhandled_exception
ARM GAS  C:\Users\srich\AppData\Local\Temp\ccKVcRic.s 			page 3


 115              		.weak	VectorA4
 116              		.thumb_set VectorA4,_unhandled_exception
 117              		.weak	VectorA8
 118              		.thumb_set VectorA8,_unhandled_exception
 119              		.weak	VectorAC
 120              		.thumb_set VectorAC,_unhandled_exception
 121              		.weak	VectorB0
 122              		.thumb_set VectorB0,_unhandled_exception
 123              		.weak	VectorB4
 124              		.thumb_set VectorB4,_unhandled_exception
 125              		.weak	VectorB8
 126              		.thumb_set VectorB8,_unhandled_exception
 127              		.weak	VectorBC
 128              		.thumb_set VectorBC,_unhandled_exception
 129              		.weak	VectorC0
 130              		.thumb_set VectorC0,_unhandled_exception
 131              		.weak	VectorC4
 132              		.thumb_set VectorC4,_unhandled_exception
 133              		.weak	VectorC8
 134              		.thumb_set VectorC8,_unhandled_exception
 135              		.weak	VectorCC
 136              		.thumb_set VectorCC,_unhandled_exception
 137              		.weak	VectorD0
 138              		.thumb_set VectorD0,_unhandled_exception
 139              		.weak	VectorD4
 140              		.thumb_set VectorD4,_unhandled_exception
 141              		.weak	VectorD8
 142              		.thumb_set VectorD8,_unhandled_exception
 143              		.weak	VectorDC
 144              		.thumb_set VectorDC,_unhandled_exception
 145              		.weak	VectorE0
 146              		.thumb_set VectorE0,_unhandled_exception
 147              		.weak	VectorE4
 148              		.thumb_set VectorE4,_unhandled_exception
 149              		.weak	VectorE8
 150              		.thumb_set VectorE8,_unhandled_exception
 151              		.weak	VectorEC
 152              		.thumb_set VectorEC,_unhandled_exception
 153              		.weak	VectorF0
 154              		.thumb_set VectorF0,_unhandled_exception
 155              		.weak	VectorF4
 156              		.thumb_set VectorF4,_unhandled_exception
 157              		.weak	VectorF8
 158              		.thumb_set VectorF8,_unhandled_exception
 159              		.weak	VectorFC
 160              		.thumb_set VectorFC,_unhandled_exception
 161              		.weak	Vector100
 162              		.thumb_set Vector100,_unhandled_exception
 163              		.weak	Vector104
 164              		.thumb_set Vector104,_unhandled_exception
 165              		.weak	Vector108
 166              		.thumb_set Vector108,_unhandled_exception
 167              		.weak	Vector10C
 168              		.thumb_set Vector10C,_unhandled_exception
 169              		.weak	Vector110
 170              		.thumb_set Vector110,_unhandled_exception
 171              		.weak	Vector114
ARM GAS  C:\Users\srich\AppData\Local\Temp\ccKVcRic.s 			page 4


 172              		.thumb_set Vector114,_unhandled_exception
 173              		.weak	Vector118
 174              		.thumb_set Vector118,_unhandled_exception
 175              		.weak	Vector11C
 176              		.thumb_set Vector11C,_unhandled_exception
 177              		.weak	Vector120
 178              		.thumb_set Vector120,_unhandled_exception
 179              		.weak	Vector124
 180              		.thumb_set Vector124,_unhandled_exception
 181              		.weak	Vector128
 182              		.thumb_set Vector128,_unhandled_exception
 183              		.weak	Vector12C
 184              		.thumb_set Vector12C,_unhandled_exception
 185              		.weak	Vector130
 186              		.thumb_set Vector130,_unhandled_exception
 187              		.weak	Vector134
 188              		.thumb_set Vector134,_unhandled_exception
 189              		.weak	Vector138
 190              		.thumb_set Vector138,_unhandled_exception
 191              		.weak	Vector13C
 192              		.thumb_set Vector13C,_unhandled_exception
 193              		.weak	Vector140
 194              		.thumb_set Vector140,_unhandled_exception
 195              		.weak	Vector144
 196              		.thumb_set Vector144,_unhandled_exception
 197              		.weak	Vector148
 198              		.thumb_set Vector148,_unhandled_exception
 199              		.weak	Vector14C
 200              		.thumb_set Vector14C,_unhandled_exception
 201              		.weak	Vector150
 202              		.thumb_set Vector150,_unhandled_exception
 203              		.weak	Vector154
 204              		.thumb_set Vector154,_unhandled_exception
 205              		.weak	Vector158
 206              		.thumb_set Vector158,_unhandled_exception
 207              		.weak	Vector15C
 208              		.thumb_set Vector15C,_unhandled_exception
 209              		.weak	Vector160
 210              		.thumb_set Vector160,_unhandled_exception
 211              		.weak	Vector164
 212              		.thumb_set Vector164,_unhandled_exception
 213              		.weak	Vector168
 214              		.thumb_set Vector168,_unhandled_exception
 215              		.weak	Vector16C
 216              		.thumb_set Vector16C,_unhandled_exception
 217              		.weak	Vector170
 218              		.thumb_set Vector170,_unhandled_exception
 219              		.weak	Vector174
 220              		.thumb_set Vector174,_unhandled_exception
 221              		.weak	Vector178
 222              		.thumb_set Vector178,_unhandled_exception
 223              		.weak	Vector17C
 224              		.thumb_set Vector17C,_unhandled_exception
 225              		.weak	Vector180
 226              		.thumb_set Vector180,_unhandled_exception
 227              		.weak	Vector184
 228              		.thumb_set Vector184,_unhandled_exception
ARM GAS  C:\Users\srich\AppData\Local\Temp\ccKVcRic.s 			page 5


 229              		.weak	Vector188
 230              		.thumb_set Vector188,_unhandled_exception
 231              		.weak	Vector18C
 232              		.thumb_set Vector18C,_unhandled_exception
 233              		.weak	Vector190
 234              		.thumb_set Vector190,_unhandled_exception
 235              		.weak	Vector194
 236              		.thumb_set Vector194,_unhandled_exception
 237              		.weak	Vector198
 238              		.thumb_set Vector198,_unhandled_exception
 239              		.weak	Vector19C
 240              		.thumb_set Vector19C,_unhandled_exception
 241              		.weak	Vector1A0
 242              		.thumb_set Vector1A0,_unhandled_exception
 243              		.weak	Vector1A4
 244              		.thumb_set Vector1A4,_unhandled_exception
 245              		.weak	Vector1A8
 246              		.thumb_set Vector1A8,_unhandled_exception
 247              		.weak	NMIVector
 248              		.thumb_set NMIVector,_unhandled_exception
 249              		.global	_vectors
 250              		.section	vectors,"aw",%progbits
 251              		.align	2
 252              		.type	_vectors, %object
 253              		.size	_vectors, 428
 254              	_vectors:
 255 0000 00000000 		.word	__main_stack_end__
 256 0004 00000000 		.word	ResetHandler
 257 0008 00000000 		.word	NMIVector
 258 000c 00000000 		.word	HardFaultVector
 259 0010 00000000 		.word	MemManageVector
 260 0014 00000000 		.word	BusFaultVector
 261 0018 00000000 		.word	UsageFaultVector
 262 001c 00000000 		.word	Vector1C
 263 0020 00000000 		.word	Vector20
 264 0024 00000000 		.word	Vector24
 265 0028 00000000 		.word	Vector28
 266 002c 00000000 		.word	SVCallVector
 267 0030 00000000 		.word	DebugMonitorVector
 268 0034 00000000 		.word	Vector34
 269 0038 00000000 		.word	PendSVVector
 270 003c 00000000 		.word	SysTickVector
 271 0040 00000000 		.word	Vector40
 272 0044 00000000 		.word	Vector44
 273 0048 00000000 		.word	Vector48
 274 004c 00000000 		.word	Vector4C
 275 0050 00000000 		.word	Vector50
 276 0054 00000000 		.word	Vector54
 277 0058 00000000 		.word	Vector58
 278 005c 00000000 		.word	Vector5C
 279 0060 00000000 		.word	Vector60
 280 0064 00000000 		.word	Vector64
 281 0068 00000000 		.word	Vector68
 282 006c 00000000 		.word	Vector6C
 283 0070 00000000 		.word	Vector70
 284 0074 00000000 		.word	Vector74
 285 0078 00000000 		.word	Vector78
ARM GAS  C:\Users\srich\AppData\Local\Temp\ccKVcRic.s 			page 6


 286 007c 00000000 		.word	Vector7C
 287 0080 00000000 		.word	Vector80
 288 0084 00000000 		.word	Vector84
 289 0088 00000000 		.word	Vector88
 290 008c 00000000 		.word	Vector8C
 291 0090 00000000 		.word	Vector90
 292 0094 00000000 		.word	Vector94
 293 0098 00000000 		.word	Vector98
 294 009c 00000000 		.word	Vector9C
 295 00a0 00000000 		.word	VectorA0
 296 00a4 00000000 		.word	VectorA4
 297 00a8 00000000 		.word	VectorA8
 298 00ac 00000000 		.word	VectorAC
 299 00b0 00000000 		.word	VectorB0
 300 00b4 00000000 		.word	VectorB4
 301 00b8 00000000 		.word	VectorB8
 302 00bc 00000000 		.word	VectorBC
 303 00c0 00000000 		.word	VectorC0
 304 00c4 00000000 		.word	VectorC4
 305 00c8 00000000 		.word	VectorC8
 306 00cc 00000000 		.word	VectorCC
 307 00d0 00000000 		.word	VectorD0
 308 00d4 00000000 		.word	VectorD4
 309 00d8 00000000 		.word	VectorD8
 310 00dc 00000000 		.word	VectorDC
 311 00e0 00000000 		.word	VectorE0
 312 00e4 00000000 		.word	VectorE4
 313 00e8 00000000 		.word	VectorE8
 314 00ec 00000000 		.word	VectorEC
 315 00f0 00000000 		.word	VectorF0
 316 00f4 00000000 		.word	VectorF4
 317 00f8 00000000 		.word	VectorF8
 318 00fc 00000000 		.word	VectorFC
 319 0100 00000000 		.word	Vector100
 320 0104 00000000 		.word	Vector104
 321 0108 00000000 		.word	Vector108
 322 010c 00000000 		.word	Vector10C
 323 0110 00000000 		.word	Vector110
 324 0114 00000000 		.word	Vector114
 325 0118 00000000 		.word	Vector118
 326 011c 00000000 		.word	Vector11C
 327 0120 00000000 		.word	Vector120
 328 0124 00000000 		.word	Vector124
 329 0128 00000000 		.word	Vector128
 330 012c 00000000 		.word	Vector12C
 331 0130 00000000 		.word	Vector130
 332 0134 00000000 		.word	Vector134
 333 0138 00000000 		.word	Vector138
 334 013c 00000000 		.word	Vector13C
 335 0140 00000000 		.word	Vector140
 336 0144 00000000 		.word	Vector144
 337 0148 00000000 		.word	Vector148
 338 014c 00000000 		.word	Vector14C
 339 0150 00000000 		.word	Vector150
 340 0154 00000000 		.word	Vector154
 341 0158 00000000 		.word	Vector158
 342 015c 00000000 		.word	Vector15C
ARM GAS  C:\Users\srich\AppData\Local\Temp\ccKVcRic.s 			page 7


 343 0160 00000000 		.word	Vector160
 344 0164 00000000 		.word	Vector164
 345 0168 00000000 		.word	Vector168
 346 016c 00000000 		.word	Vector16C
 347 0170 00000000 		.word	Vector170
 348 0174 00000000 		.word	Vector174
 349 0178 00000000 		.word	Vector178
 350 017c 00000000 		.word	Vector17C
 351 0180 00000000 		.word	Vector180
 352 0184 00000000 		.word	Vector184
 353 0188 00000000 		.word	Vector188
 354 018c 00000000 		.word	Vector18C
 355 0190 00000000 		.word	Vector190
 356 0194 00000000 		.word	Vector194
 357 0198 00000000 		.word	Vector198
 358 019c 00000000 		.word	Vector19C
 359 01a0 00000000 		.word	Vector1A0
 360 01a4 00000000 		.word	Vector1A4
 361 01a8 00000000 		.word	Vector1A8
 362              		.text
 363              	.Letext0:
 364              		.file 2 "c:\\chibistudio\\tools\\gnu tools arm embedded\\4.7 2014q2\\bin\\../lib/gcc/arm-none-eabi
 365              		.section	.debug_info,"",%progbits
 366              	.Ldebug_info0:
 367 0000 E8010000 		.4byte	0x1e8
 368 0004 0200     		.2byte	0x2
 369 0006 00000000 		.4byte	.Ldebug_abbrev0
 370 000a 04       		.byte	0x4
 371 000b 01       		.uleb128 0x1
 372 000c B3000000 		.4byte	.LASF34
 373 0010 01       		.byte	0x1
 374 0011 4F000000 		.4byte	.LASF35
 375 0015 00000000 		.4byte	.Ldebug_ranges0+0
 376 0019 00000000 		.4byte	0
 377 001d 00000000 		.4byte	0
 378 0021 00000000 		.4byte	.Ldebug_line0
 379 0025 02       		.uleb128 0x2
 380 0026 04       		.byte	0x4
 381 0027 05       		.byte	0x5
 382 0028 696E7400 		.ascii	"int\000"
 383 002c 03       		.uleb128 0x3
 384 002d 04       		.byte	0x4
 385 002e 07       		.byte	0x7
 386 002f 14010000 		.4byte	.LASF0
 387 0033 03       		.uleb128 0x3
 388 0034 01       		.byte	0x1
 389 0035 06       		.byte	0x6
 390 0036 0A020000 		.4byte	.LASF1
 391 003a 03       		.uleb128 0x3
 392 003b 01       		.byte	0x1
 393 003c 08       		.byte	0x8
 394 003d 41000000 		.4byte	.LASF2
 395 0041 03       		.uleb128 0x3
 396 0042 02       		.byte	0x2
 397 0043 05       		.byte	0x5
 398 0044 E1010000 		.4byte	.LASF3
 399 0048 03       		.uleb128 0x3
ARM GAS  C:\Users\srich\AppData\Local\Temp\ccKVcRic.s 			page 8


 400 0049 02       		.byte	0x2
 401 004a 07       		.byte	0x7
 402 004b A0000000 		.4byte	.LASF4
 403 004f 03       		.uleb128 0x3
 404 0050 04       		.byte	0x4
 405 0051 05       		.byte	0x5
 406 0052 01020000 		.4byte	.LASF5
 407 0056 04       		.uleb128 0x4
 408 0057 F8010000 		.4byte	.LASF12
 409 005b 02       		.byte	0x2
 410 005c 50       		.byte	0x50
 411 005d 61000000 		.4byte	0x61
 412 0061 03       		.uleb128 0x3
 413 0062 04       		.byte	0x4
 414 0063 07       		.byte	0x7
 415 0064 8E000000 		.4byte	.LASF6
 416 0068 03       		.uleb128 0x3
 417 0069 08       		.byte	0x8
 418 006a 05       		.byte	0x5
 419 006b A0010000 		.4byte	.LASF7
 420 006f 03       		.uleb128 0x3
 421 0070 08       		.byte	0x8
 422 0071 07       		.byte	0x7
 423 0072 2C010000 		.4byte	.LASF8
 424 0076 03       		.uleb128 0x3
 425 0077 01       		.byte	0x1
 426 0078 02       		.byte	0x2
 427 0079 33020000 		.4byte	.LASF9
 428 007d 03       		.uleb128 0x3
 429 007e 04       		.byte	0x4
 430 007f 07       		.byte	0x7
 431 0080 78010000 		.4byte	.LASF10
 432 0084 03       		.uleb128 0x3
 433 0085 01       		.byte	0x1
 434 0086 08       		.byte	0x8
 435 0087 AE010000 		.4byte	.LASF11
 436 008b 04       		.uleb128 0x4
 437 008c 09000000 		.4byte	.LASF13
 438 0090 01       		.byte	0x1
 439 0091 2B       		.byte	0x2b
 440 0092 96000000 		.4byte	0x96
 441 0096 05       		.uleb128 0x5
 442 0097 04       		.byte	0x4
 443 0098 9C000000 		.4byte	0x9c
 444 009c 06       		.uleb128 0x6
 445 009d 01       		.byte	0x1
 446 009e 07       		.uleb128 0x7
 447 009f AC01     		.2byte	0x1ac
 448 00a1 01       		.byte	0x1
 449 00a2 30       		.byte	0x30
 450 00a3 96010000 		.4byte	0x196
 451 00a7 08       		.uleb128 0x8
 452 00a8 28000000 		.4byte	.LASF14
 453 00ac 01       		.byte	0x1
 454 00ad 31       		.byte	0x31
 455 00ae 96010000 		.4byte	0x196
 456 00b2 02       		.byte	0x2
ARM GAS  C:\Users\srich\AppData\Local\Temp\ccKVcRic.s 			page 9


 457 00b3 23       		.byte	0x23
 458 00b4 00       		.uleb128 0
 459 00b5 08       		.uleb128 0x8
 460 00b6 EB010000 		.4byte	.LASF15
 461 00ba 01       		.byte	0x1
 462 00bb 32       		.byte	0x32
 463 00bc 8B000000 		.4byte	0x8b
 464 00c0 02       		.byte	0x2
 465 00c1 23       		.byte	0x23
 466 00c2 04       		.uleb128 0x4
 467 00c3 08       		.uleb128 0x8
 468 00c4 21010000 		.4byte	.LASF16
 469 00c8 01       		.byte	0x1
 470 00c9 33       		.byte	0x33
 471 00ca 8B000000 		.4byte	0x8b
 472 00ce 02       		.byte	0x2
 473 00cf 23       		.byte	0x23
 474 00d0 08       		.uleb128 0x8
 475 00d1 08       		.uleb128 0x8
 476 00d2 8F010000 		.4byte	.LASF17
 477 00d6 01       		.byte	0x1
 478 00d7 34       		.byte	0x34
 479 00d8 8B000000 		.4byte	0x8b
 480 00dc 02       		.byte	0x2
 481 00dd 23       		.byte	0x23
 482 00de 0C       		.uleb128 0xc
 483 00df 08       		.uleb128 0x8
 484 00e0 B3010000 		.4byte	.LASF18
 485 00e4 01       		.byte	0x1
 486 00e5 35       		.byte	0x35
 487 00e6 8B000000 		.4byte	0x8b
 488 00ea 02       		.byte	0x2
 489 00eb 23       		.byte	0x23
 490 00ec 10       		.uleb128 0x10
 491 00ed 08       		.uleb128 0x8
 492 00ee 43010000 		.4byte	.LASF19
 493 00f2 01       		.byte	0x1
 494 00f3 36       		.byte	0x36
 495 00f4 8B000000 		.4byte	0x8b
 496 00f8 02       		.byte	0x2
 497 00f9 23       		.byte	0x23
 498 00fa 14       		.uleb128 0x14
 499 00fb 08       		.uleb128 0x8
 500 00fc 5C010000 		.4byte	.LASF20
 501 0100 01       		.byte	0x1
 502 0101 37       		.byte	0x37
 503 0102 8B000000 		.4byte	0x8b
 504 0106 02       		.byte	0x2
 505 0107 23       		.byte	0x23
 506 0108 18       		.uleb128 0x18
 507 0109 08       		.uleb128 0x8
 508 010a FC000000 		.4byte	.LASF21
 509 010e 01       		.byte	0x1
 510 010f 38       		.byte	0x38
 511 0110 8B000000 		.4byte	0x8b
 512 0114 02       		.byte	0x2
 513 0115 23       		.byte	0x23
ARM GAS  C:\Users\srich\AppData\Local\Temp\ccKVcRic.s 			page 10


 514 0116 1C       		.uleb128 0x1c
 515 0117 08       		.uleb128 0x8
 516 0118 2A020000 		.4byte	.LASF22
 517 011c 01       		.byte	0x1
 518 011d 39       		.byte	0x39
 519 011e 8B000000 		.4byte	0x8b
 520 0122 02       		.byte	0x2
 521 0123 23       		.byte	0x23
 522 0124 20       		.uleb128 0x20
 523 0125 08       		.uleb128 0x8
 524 0126 00000000 		.4byte	.LASF23
 525 012a 01       		.byte	0x1
 526 012b 3A       		.byte	0x3a
 527 012c 8B000000 		.4byte	0x8b
 528 0130 02       		.byte	0x2
 529 0131 23       		.byte	0x23
 530 0132 24       		.uleb128 0x24
 531 0133 08       		.uleb128 0x8
 532 0134 53010000 		.4byte	.LASF24
 533 0138 01       		.byte	0x1
 534 0139 3B       		.byte	0x3b
 535 013a 8B000000 		.4byte	0x8b
 536 013e 02       		.byte	0x2
 537 013f 23       		.byte	0x23
 538 0140 28       		.uleb128 0x28
 539 0141 08       		.uleb128 0x8
 540 0142 33000000 		.4byte	.LASF25
 541 0146 01       		.byte	0x1
 542 0147 3C       		.byte	0x3c
 543 0148 8B000000 		.4byte	0x8b
 544 014c 02       		.byte	0x2
 545 014d 23       		.byte	0x23
 546 014e 2C       		.uleb128 0x2c
 547 014f 08       		.uleb128 0x8
 548 0150 16020000 		.4byte	.LASF26
 549 0154 01       		.byte	0x1
 550 0155 3D       		.byte	0x3d
 551 0156 8B000000 		.4byte	0x8b
 552 015a 02       		.byte	0x2
 553 015b 23       		.byte	0x23
 554 015c 30       		.uleb128 0x30
 555 015d 08       		.uleb128 0x8
 556 015e 16000000 		.4byte	.LASF27
 557 0162 01       		.byte	0x1
 558 0163 3E       		.byte	0x3e
 559 0164 8B000000 		.4byte	0x8b
 560 0168 02       		.byte	0x2
 561 0169 23       		.byte	0x23
 562 016a 34       		.uleb128 0x34
 563 016b 08       		.uleb128 0x8
 564 016c 81010000 		.4byte	.LASF28
 565 0170 01       		.byte	0x1
 566 0171 3F       		.byte	0x3f
 567 0172 8B000000 		.4byte	0x8b
 568 0176 02       		.byte	0x2
 569 0177 23       		.byte	0x23
 570 0178 38       		.uleb128 0x38
ARM GAS  C:\Users\srich\AppData\Local\Temp\ccKVcRic.s 			page 11


 571 0179 08       		.uleb128 0x8
 572 017a 05010000 		.4byte	.LASF29
 573 017e 01       		.byte	0x1
 574 017f 40       		.byte	0x40
 575 0180 8B000000 		.4byte	0x8b
 576 0184 02       		.byte	0x2
 577 0185 23       		.byte	0x23
 578 0186 3C       		.uleb128 0x3c
 579 0187 08       		.uleb128 0x8
 580 0188 D9010000 		.4byte	.LASF30
 581 018c 01       		.byte	0x1
 582 018d 41       		.byte	0x41
 583 018e 9C010000 		.4byte	0x19c
 584 0192 02       		.byte	0x2
 585 0193 23       		.byte	0x23
 586 0194 40       		.uleb128 0x40
 587 0195 00       		.byte	0
 588 0196 05       		.uleb128 0x5
 589 0197 04       		.byte	0x4
 590 0198 56000000 		.4byte	0x56
 591 019c 09       		.uleb128 0x9
 592 019d 8B000000 		.4byte	0x8b
 593 01a1 AC010000 		.4byte	0x1ac
 594 01a5 0A       		.uleb128 0xa
 595 01a6 7D000000 		.4byte	0x7d
 596 01aa 5A       		.byte	0x5a
 597 01ab 00       		.byte	0
 598 01ac 04       		.uleb128 0x4
 599 01ad 6E010000 		.4byte	.LASF31
 600 01b1 01       		.byte	0x1
 601 01b2 42       		.byte	0x42
 602 01b3 9E000000 		.4byte	0x9e
 603 01b7 0B       		.uleb128 0xb
 604 01b8 01       		.byte	0x1
 605 01b9 C4010000 		.4byte	.LASF36
 606 01bd 01       		.byte	0x1
 607 01be E2       		.byte	0xe2
 608 01bf 01       		.byte	0x1
 609 01c0 00000000 		.4byte	.LFB7
 610 01c4 02000000 		.4byte	.LFE7
 611 01c8 02       		.byte	0x2
 612 01c9 7D       		.byte	0x7d
 613 01ca 00       		.sleb128 0
 614 01cb 01       		.byte	0x1
 615 01cc 0C       		.uleb128 0xc
 616 01cd 39020000 		.4byte	.LASF32
 617 01d1 01       		.byte	0x1
 618 01d2 45       		.byte	0x45
 619 01d3 56000000 		.4byte	0x56
 620 01d7 01       		.byte	0x1
 621 01d8 01       		.byte	0x1
 622 01d9 0D       		.uleb128 0xd
 623 01da 1F000000 		.4byte	.LASF33
 624 01de 01       		.byte	0x1
 625 01df B8       		.byte	0xb8
 626 01e0 AC010000 		.4byte	0x1ac
 627 01e4 01       		.byte	0x1
ARM GAS  C:\Users\srich\AppData\Local\Temp\ccKVcRic.s 			page 12


 628 01e5 05       		.byte	0x5
 629 01e6 03       		.byte	0x3
 630 01e7 00000000 		.4byte	_vectors
 631 01eb 00       		.byte	0
 632              		.section	.debug_abbrev,"",%progbits
 633              	.Ldebug_abbrev0:
 634 0000 01       		.uleb128 0x1
 635 0001 11       		.uleb128 0x11
 636 0002 01       		.byte	0x1
 637 0003 25       		.uleb128 0x25
 638 0004 0E       		.uleb128 0xe
 639 0005 13       		.uleb128 0x13
 640 0006 0B       		.uleb128 0xb
 641 0007 03       		.uleb128 0x3
 642 0008 0E       		.uleb128 0xe
 643 0009 55       		.uleb128 0x55
 644 000a 06       		.uleb128 0x6
 645 000b 11       		.uleb128 0x11
 646 000c 01       		.uleb128 0x1
 647 000d 52       		.uleb128 0x52
 648 000e 01       		.uleb128 0x1
 649 000f 10       		.uleb128 0x10
 650 0010 06       		.uleb128 0x6
 651 0011 00       		.byte	0
 652 0012 00       		.byte	0
 653 0013 02       		.uleb128 0x2
 654 0014 24       		.uleb128 0x24
 655 0015 00       		.byte	0
 656 0016 0B       		.uleb128 0xb
 657 0017 0B       		.uleb128 0xb
 658 0018 3E       		.uleb128 0x3e
 659 0019 0B       		.uleb128 0xb
 660 001a 03       		.uleb128 0x3
 661 001b 08       		.uleb128 0x8
 662 001c 00       		.byte	0
 663 001d 00       		.byte	0
 664 001e 03       		.uleb128 0x3
 665 001f 24       		.uleb128 0x24
 666 0020 00       		.byte	0
 667 0021 0B       		.uleb128 0xb
 668 0022 0B       		.uleb128 0xb
 669 0023 3E       		.uleb128 0x3e
 670 0024 0B       		.uleb128 0xb
 671 0025 03       		.uleb128 0x3
 672 0026 0E       		.uleb128 0xe
 673 0027 00       		.byte	0
 674 0028 00       		.byte	0
 675 0029 04       		.uleb128 0x4
 676 002a 16       		.uleb128 0x16
 677 002b 00       		.byte	0
 678 002c 03       		.uleb128 0x3
 679 002d 0E       		.uleb128 0xe
 680 002e 3A       		.uleb128 0x3a
 681 002f 0B       		.uleb128 0xb
 682 0030 3B       		.uleb128 0x3b
 683 0031 0B       		.uleb128 0xb
 684 0032 49       		.uleb128 0x49
ARM GAS  C:\Users\srich\AppData\Local\Temp\ccKVcRic.s 			page 13


 685 0033 13       		.uleb128 0x13
 686 0034 00       		.byte	0
 687 0035 00       		.byte	0
 688 0036 05       		.uleb128 0x5
 689 0037 0F       		.uleb128 0xf
 690 0038 00       		.byte	0
 691 0039 0B       		.uleb128 0xb
 692 003a 0B       		.uleb128 0xb
 693 003b 49       		.uleb128 0x49
 694 003c 13       		.uleb128 0x13
 695 003d 00       		.byte	0
 696 003e 00       		.byte	0
 697 003f 06       		.uleb128 0x6
 698 0040 15       		.uleb128 0x15
 699 0041 00       		.byte	0
 700 0042 27       		.uleb128 0x27
 701 0043 0C       		.uleb128 0xc
 702 0044 00       		.byte	0
 703 0045 00       		.byte	0
 704 0046 07       		.uleb128 0x7
 705 0047 13       		.uleb128 0x13
 706 0048 01       		.byte	0x1
 707 0049 0B       		.uleb128 0xb
 708 004a 05       		.uleb128 0x5
 709 004b 3A       		.uleb128 0x3a
 710 004c 0B       		.uleb128 0xb
 711 004d 3B       		.uleb128 0x3b
 712 004e 0B       		.uleb128 0xb
 713 004f 01       		.uleb128 0x1
 714 0050 13       		.uleb128 0x13
 715 0051 00       		.byte	0
 716 0052 00       		.byte	0
 717 0053 08       		.uleb128 0x8
 718 0054 0D       		.uleb128 0xd
 719 0055 00       		.byte	0
 720 0056 03       		.uleb128 0x3
 721 0057 0E       		.uleb128 0xe
 722 0058 3A       		.uleb128 0x3a
 723 0059 0B       		.uleb128 0xb
 724 005a 3B       		.uleb128 0x3b
 725 005b 0B       		.uleb128 0xb
 726 005c 49       		.uleb128 0x49
 727 005d 13       		.uleb128 0x13
 728 005e 38       		.uleb128 0x38
 729 005f 0A       		.uleb128 0xa
 730 0060 00       		.byte	0
 731 0061 00       		.byte	0
 732 0062 09       		.uleb128 0x9
 733 0063 01       		.uleb128 0x1
 734 0064 01       		.byte	0x1
 735 0065 49       		.uleb128 0x49
 736 0066 13       		.uleb128 0x13
 737 0067 01       		.uleb128 0x1
 738 0068 13       		.uleb128 0x13
 739 0069 00       		.byte	0
 740 006a 00       		.byte	0
 741 006b 0A       		.uleb128 0xa
ARM GAS  C:\Users\srich\AppData\Local\Temp\ccKVcRic.s 			page 14


 742 006c 21       		.uleb128 0x21
 743 006d 00       		.byte	0
 744 006e 49       		.uleb128 0x49
 745 006f 13       		.uleb128 0x13
 746 0070 2F       		.uleb128 0x2f
 747 0071 0B       		.uleb128 0xb
 748 0072 00       		.byte	0
 749 0073 00       		.byte	0
 750 0074 0B       		.uleb128 0xb
 751 0075 2E       		.uleb128 0x2e
 752 0076 00       		.byte	0
 753 0077 3F       		.uleb128 0x3f
 754 0078 0C       		.uleb128 0xc
 755 0079 03       		.uleb128 0x3
 756 007a 0E       		.uleb128 0xe
 757 007b 3A       		.uleb128 0x3a
 758 007c 0B       		.uleb128 0xb
 759 007d 3B       		.uleb128 0x3b
 760 007e 0B       		.uleb128 0xb
 761 007f 27       		.uleb128 0x27
 762 0080 0C       		.uleb128 0xc
 763 0081 11       		.uleb128 0x11
 764 0082 01       		.uleb128 0x1
 765 0083 12       		.uleb128 0x12
 766 0084 01       		.uleb128 0x1
 767 0085 40       		.uleb128 0x40
 768 0086 0A       		.uleb128 0xa
 769 0087 9742     		.uleb128 0x2117
 770 0089 0C       		.uleb128 0xc
 771 008a 00       		.byte	0
 772 008b 00       		.byte	0
 773 008c 0C       		.uleb128 0xc
 774 008d 34       		.uleb128 0x34
 775 008e 00       		.byte	0
 776 008f 03       		.uleb128 0x3
 777 0090 0E       		.uleb128 0xe
 778 0091 3A       		.uleb128 0x3a
 779 0092 0B       		.uleb128 0xb
 780 0093 3B       		.uleb128 0x3b
 781 0094 0B       		.uleb128 0xb
 782 0095 49       		.uleb128 0x49
 783 0096 13       		.uleb128 0x13
 784 0097 3F       		.uleb128 0x3f
 785 0098 0C       		.uleb128 0xc
 786 0099 3C       		.uleb128 0x3c
 787 009a 0C       		.uleb128 0xc
 788 009b 00       		.byte	0
 789 009c 00       		.byte	0
 790 009d 0D       		.uleb128 0xd
 791 009e 34       		.uleb128 0x34
 792 009f 00       		.byte	0
 793 00a0 03       		.uleb128 0x3
 794 00a1 0E       		.uleb128 0xe
 795 00a2 3A       		.uleb128 0x3a
 796 00a3 0B       		.uleb128 0xb
 797 00a4 3B       		.uleb128 0x3b
 798 00a5 0B       		.uleb128 0xb
ARM GAS  C:\Users\srich\AppData\Local\Temp\ccKVcRic.s 			page 15


 799 00a6 49       		.uleb128 0x49
 800 00a7 13       		.uleb128 0x13
 801 00a8 3F       		.uleb128 0x3f
 802 00a9 0C       		.uleb128 0xc
 803 00aa 02       		.uleb128 0x2
 804 00ab 0A       		.uleb128 0xa
 805 00ac 00       		.byte	0
 806 00ad 00       		.byte	0
 807 00ae 00       		.byte	0
 808              		.section	.debug_aranges,"",%progbits
 809 0000 1C000000 		.4byte	0x1c
 810 0004 0200     		.2byte	0x2
 811 0006 00000000 		.4byte	.Ldebug_info0
 812 000a 04       		.byte	0x4
 813 000b 00       		.byte	0
 814 000c 0000     		.2byte	0
 815 000e 0000     		.2byte	0
 816 0010 00000000 		.4byte	.LFB7
 817 0014 02000000 		.4byte	.LFE7-.LFB7
 818 0018 00000000 		.4byte	0
 819 001c 00000000 		.4byte	0
 820              		.section	.debug_ranges,"",%progbits
 821              	.Ldebug_ranges0:
 822 0000 00000000 		.4byte	.LFB7
 823 0004 02000000 		.4byte	.LFE7
 824 0008 00000000 		.4byte	0
 825 000c 00000000 		.4byte	0
 826              		.section	.debug_line,"",%progbits
 827              	.Ldebug_line0:
 828 0000 F3000000 		.section	.debug_str,"MS",%progbits,1
 828      0200DD00 
 828      00000201 
 828      FB0E0D00 
 828      01010101 
 829              	.LASF23:
 830 0000 76656374 		.ascii	"vector24\000"
 830      6F723234 
 830      00
 831              	.LASF13:
 832 0009 6972715F 		.ascii	"irq_vector_t\000"
 832      76656374 
 832      6F725F74 
 832      00
 833              	.LASF27:
 834 0016 76656374 		.ascii	"vector34\000"
 834      6F723334 
 834      00
 835              	.LASF33:
 836 001f 5F766563 		.ascii	"_vectors\000"
 836      746F7273 
 836      00
 837              	.LASF14:
 838 0028 696E6974 		.ascii	"init_stack\000"
 838      5F737461 
 838      636B00
 839              	.LASF25:
 840 0033 73766361 		.ascii	"svcall_vector\000"
ARM GAS  C:\Users\srich\AppData\Local\Temp\ccKVcRic.s 			page 16


 840      6C6C5F76 
 840      6563746F 
 840      7200
 841              	.LASF2:
 842 0041 756E7369 		.ascii	"unsigned char\000"
 842      676E6564 
 842      20636861 
 842      7200
 843              	.LASF35:
 844 004f 633A5C43 		.ascii	"c:\\ChibiStudio\\chibios/os/ports/GCC/ARMCMx/STM32F"
 844      68696269 
 844      53747564 
 844      696F5C63 
 844      68696269 
 845 0080 3478782F 		.ascii	"4xx/vectors.c\000"
 845      76656374 
 845      6F72732E 
 845      6300
 846              	.LASF6:
 847 008e 6C6F6E67 		.ascii	"long unsigned int\000"
 847      20756E73 
 847      69676E65 
 847      6420696E 
 847      7400
 848              	.LASF4:
 849 00a0 73686F72 		.ascii	"short unsigned int\000"
 849      7420756E 
 849      7369676E 
 849      65642069 
 849      6E7400
 850              	.LASF34:
 851 00b3 474E5520 		.ascii	"GNU C 4.7.4 20140401 (release) [ARM/embedded-4_7-br"
 851      4320342E 
 851      372E3420 
 851      32303134 
 851      30343031 
 852 00e6 616E6368 		.ascii	"anch revision 209195]\000"
 852      20726576 
 852      6973696F 
 852      6E203230 
 852      39313935 
 853              	.LASF21:
 854 00fc 76656374 		.ascii	"vector1c\000"
 854      6F723163 
 854      00
 855              	.LASF29:
 856 0105 73797374 		.ascii	"systick_vector\000"
 856      69636B5F 
 856      76656374 
 856      6F7200
 857              	.LASF0:
 858 0114 756E7369 		.ascii	"unsigned int\000"
 858      676E6564 
 858      20696E74 
 858      00
 859              	.LASF16:
 860 0121 6E6D695F 		.ascii	"nmi_vector\000"
ARM GAS  C:\Users\srich\AppData\Local\Temp\ccKVcRic.s 			page 17


 860      76656374 
 860      6F7200
 861              	.LASF8:
 862 012c 6C6F6E67 		.ascii	"long long unsigned int\000"
 862      206C6F6E 
 862      6720756E 
 862      7369676E 
 862      65642069 
 863              	.LASF19:
 864 0143 62757366 		.ascii	"busfault_vector\000"
 864      61756C74 
 864      5F766563 
 864      746F7200 
 865              	.LASF24:
 866 0153 76656374 		.ascii	"vector28\000"
 866      6F723238 
 866      00
 867              	.LASF20:
 868 015c 75736167 		.ascii	"usagefault_vector\000"
 868      65666175 
 868      6C745F76 
 868      6563746F 
 868      7200
 869              	.LASF31:
 870 016e 76656374 		.ascii	"vectors_t\000"
 870      6F72735F 
 870      7400
 871              	.LASF10:
 872 0178 73697A65 		.ascii	"sizetype\000"
 872      74797065 
 872      00
 873              	.LASF28:
 874 0181 70656E64 		.ascii	"pendsv_vector\000"
 874      73765F76 
 874      6563746F 
 874      7200
 875              	.LASF17:
 876 018f 68617264 		.ascii	"hardfault_vector\000"
 876      6661756C 
 876      745F7665 
 876      63746F72 
 876      00
 877              	.LASF7:
 878 01a0 6C6F6E67 		.ascii	"long long int\000"
 878      206C6F6E 
 878      6720696E 
 878      7400
 879              	.LASF11:
 880 01ae 63686172 		.ascii	"char\000"
 880      00
 881              	.LASF18:
 882 01b3 6D656D6D 		.ascii	"memmanage_vector\000"
 882      616E6167 
 882      655F7665 
 882      63746F72 
 882      00
 883              	.LASF36:
ARM GAS  C:\Users\srich\AppData\Local\Temp\ccKVcRic.s 			page 18


 884 01c4 5F756E68 		.ascii	"_unhandled_exception\000"
 884      616E646C 
 884      65645F65 
 884      78636570 
 884      74696F6E 
 885              	.LASF30:
 886 01d9 76656374 		.ascii	"vectors\000"
 886      6F727300 
 887              	.LASF3:
 888 01e1 73686F72 		.ascii	"short int\000"
 888      7420696E 
 888      7400
 889              	.LASF15:
 890 01eb 72657365 		.ascii	"reset_vector\000"
 890      745F7665 
 890      63746F72 
 890      00
 891              	.LASF12:
 892 01f8 75696E74 		.ascii	"uint32_t\000"
 892      33325F74 
 892      00
 893              	.LASF5:
 894 0201 6C6F6E67 		.ascii	"long int\000"
 894      20696E74 
 894      00
 895              	.LASF1:
 896 020a 7369676E 		.ascii	"signed char\000"
 896      65642063 
 896      68617200 
 897              	.LASF26:
 898 0216 64656275 		.ascii	"debugmonitor_vector\000"
 898      676D6F6E 
 898      69746F72 
 898      5F766563 
 898      746F7200 
 899              	.LASF22:
 900 022a 76656374 		.ascii	"vector20\000"
 900      6F723230 
 900      00
 901              	.LASF9:
 902 0233 5F426F6F 		.ascii	"_Bool\000"
 902      6C00
 903              	.LASF32:
 904 0239 5F5F6D61 		.ascii	"__main_stack_end__\000"
 904      696E5F73 
 904      7461636B 
 904      5F656E64 
 904      5F5F00
 905              		.ident	"GCC: (GNU Tools for ARM Embedded Processors) 4.7.4 20140401 (release) [ARM/embedded-4_7-br
ARM GAS  C:\Users\srich\AppData\Local\Temp\ccKVcRic.s 			page 19


DEFINED SYMBOLS
                            *ABS*:00000000 vectors.c
C:\Users\srich\AppData\Local\Temp\ccKVcRic.s:19     .text._unhandled_exception:00000000 $t
C:\Users\srich\AppData\Local\Temp\ccKVcRic.s:25     .text._unhandled_exception:00000000 _unhandled_exception
C:\Users\srich\AppData\Local\Temp\ccKVcRic.s:25     .text._unhandled_exception:00000000 HardFaultVector
C:\Users\srich\AppData\Local\Temp\ccKVcRic.s:25     .text._unhandled_exception:00000000 MemManageVector
C:\Users\srich\AppData\Local\Temp\ccKVcRic.s:25     .text._unhandled_exception:00000000 BusFaultVector
C:\Users\srich\AppData\Local\Temp\ccKVcRic.s:25     .text._unhandled_exception:00000000 UsageFaultVector
C:\Users\srich\AppData\Local\Temp\ccKVcRic.s:25     .text._unhandled_exception:00000000 Vector1C
C:\Users\srich\AppData\Local\Temp\ccKVcRic.s:25     .text._unhandled_exception:00000000 Vector20
C:\Users\srich\AppData\Local\Temp\ccKVcRic.s:25     .text._unhandled_exception:00000000 Vector24
C:\Users\srich\AppData\Local\Temp\ccKVcRic.s:25     .text._unhandled_exception:00000000 Vector28
C:\Users\srich\AppData\Local\Temp\ccKVcRic.s:25     .text._unhandled_exception:00000000 SVCallVector
C:\Users\srich\AppData\Local\Temp\ccKVcRic.s:25     .text._unhandled_exception:00000000 DebugMonitorVector
C:\Users\srich\AppData\Local\Temp\ccKVcRic.s:25     .text._unhandled_exception:00000000 Vector34
C:\Users\srich\AppData\Local\Temp\ccKVcRic.s:25     .text._unhandled_exception:00000000 PendSVVector
C:\Users\srich\AppData\Local\Temp\ccKVcRic.s:25     .text._unhandled_exception:00000000 SysTickVector
C:\Users\srich\AppData\Local\Temp\ccKVcRic.s:25     .text._unhandled_exception:00000000 Vector40
C:\Users\srich\AppData\Local\Temp\ccKVcRic.s:25     .text._unhandled_exception:00000000 Vector44
C:\Users\srich\AppData\Local\Temp\ccKVcRic.s:25     .text._unhandled_exception:00000000 Vector48
C:\Users\srich\AppData\Local\Temp\ccKVcRic.s:25     .text._unhandled_exception:00000000 Vector4C
C:\Users\srich\AppData\Local\Temp\ccKVcRic.s:25     .text._unhandled_exception:00000000 Vector50
C:\Users\srich\AppData\Local\Temp\ccKVcRic.s:25     .text._unhandled_exception:00000000 Vector54
C:\Users\srich\AppData\Local\Temp\ccKVcRic.s:25     .text._unhandled_exception:00000000 Vector58
C:\Users\srich\AppData\Local\Temp\ccKVcRic.s:25     .text._unhandled_exception:00000000 Vector5C
C:\Users\srich\AppData\Local\Temp\ccKVcRic.s:25     .text._unhandled_exception:00000000 Vector60
C:\Users\srich\AppData\Local\Temp\ccKVcRic.s:25     .text._unhandled_exception:00000000 Vector64
C:\Users\srich\AppData\Local\Temp\ccKVcRic.s:25     .text._unhandled_exception:00000000 Vector68
C:\Users\srich\AppData\Local\Temp\ccKVcRic.s:25     .text._unhandled_exception:00000000 Vector6C
C:\Users\srich\AppData\Local\Temp\ccKVcRic.s:25     .text._unhandled_exception:00000000 Vector70
C:\Users\srich\AppData\Local\Temp\ccKVcRic.s:25     .text._unhandled_exception:00000000 Vector74
C:\Users\srich\AppData\Local\Temp\ccKVcRic.s:25     .text._unhandled_exception:00000000 Vector78
C:\Users\srich\AppData\Local\Temp\ccKVcRic.s:25     .text._unhandled_exception:00000000 Vector7C
C:\Users\srich\AppData\Local\Temp\ccKVcRic.s:25     .text._unhandled_exception:00000000 Vector80
C:\Users\srich\AppData\Local\Temp\ccKVcRic.s:25     .text._unhandled_exception:00000000 Vector84
C:\Users\srich\AppData\Local\Temp\ccKVcRic.s:25     .text._unhandled_exception:00000000 Vector88
C:\Users\srich\AppData\Local\Temp\ccKVcRic.s:25     .text._unhandled_exception:00000000 Vector8C
C:\Users\srich\AppData\Local\Temp\ccKVcRic.s:25     .text._unhandled_exception:00000000 Vector90
C:\Users\srich\AppData\Local\Temp\ccKVcRic.s:25     .text._unhandled_exception:00000000 Vector94
C:\Users\srich\AppData\Local\Temp\ccKVcRic.s:25     .text._unhandled_exception:00000000 Vector98
C:\Users\srich\AppData\Local\Temp\ccKVcRic.s:25     .text._unhandled_exception:00000000 Vector9C
C:\Users\srich\AppData\Local\Temp\ccKVcRic.s:25     .text._unhandled_exception:00000000 VectorA0
C:\Users\srich\AppData\Local\Temp\ccKVcRic.s:25     .text._unhandled_exception:00000000 VectorA4
C:\Users\srich\AppData\Local\Temp\ccKVcRic.s:25     .text._unhandled_exception:00000000 VectorA8
C:\Users\srich\AppData\Local\Temp\ccKVcRic.s:25     .text._unhandled_exception:00000000 VectorAC
C:\Users\srich\AppData\Local\Temp\ccKVcRic.s:25     .text._unhandled_exception:00000000 VectorB0
C:\Users\srich\AppData\Local\Temp\ccKVcRic.s:25     .text._unhandled_exception:00000000 VectorB4
C:\Users\srich\AppData\Local\Temp\ccKVcRic.s:25     .text._unhandled_exception:00000000 VectorB8
C:\Users\srich\AppData\Local\Temp\ccKVcRic.s:25     .text._unhandled_exception:00000000 VectorBC
C:\Users\srich\AppData\Local\Temp\ccKVcRic.s:25     .text._unhandled_exception:00000000 VectorC0
C:\Users\srich\AppData\Local\Temp\ccKVcRic.s:25     .text._unhandled_exception:00000000 VectorC4
C:\Users\srich\AppData\Local\Temp\ccKVcRic.s:25     .text._unhandled_exception:00000000 VectorC8
C:\Users\srich\AppData\Local\Temp\ccKVcRic.s:25     .text._unhandled_exception:00000000 VectorCC
C:\Users\srich\AppData\Local\Temp\ccKVcRic.s:25     .text._unhandled_exception:00000000 VectorD0
C:\Users\srich\AppData\Local\Temp\ccKVcRic.s:25     .text._unhandled_exception:00000000 VectorD4
C:\Users\srich\AppData\Local\Temp\ccKVcRic.s:25     .text._unhandled_exception:00000000 VectorD8
C:\Users\srich\AppData\Local\Temp\ccKVcRic.s:25     .text._unhandled_exception:00000000 VectorDC
ARM GAS  C:\Users\srich\AppData\Local\Temp\ccKVcRic.s 			page 20


C:\Users\srich\AppData\Local\Temp\ccKVcRic.s:25     .text._unhandled_exception:00000000 VectorE0
C:\Users\srich\AppData\Local\Temp\ccKVcRic.s:25     .text._unhandled_exception:00000000 VectorE4
C:\Users\srich\AppData\Local\Temp\ccKVcRic.s:25     .text._unhandled_exception:00000000 VectorE8
C:\Users\srich\AppData\Local\Temp\ccKVcRic.s:25     .text._unhandled_exception:00000000 VectorEC
C:\Users\srich\AppData\Local\Temp\ccKVcRic.s:25     .text._unhandled_exception:00000000 VectorF0
C:\Users\srich\AppData\Local\Temp\ccKVcRic.s:25     .text._unhandled_exception:00000000 VectorF4
C:\Users\srich\AppData\Local\Temp\ccKVcRic.s:25     .text._unhandled_exception:00000000 VectorF8
C:\Users\srich\AppData\Local\Temp\ccKVcRic.s:25     .text._unhandled_exception:00000000 VectorFC
C:\Users\srich\AppData\Local\Temp\ccKVcRic.s:25     .text._unhandled_exception:00000000 Vector100
C:\Users\srich\AppData\Local\Temp\ccKVcRic.s:25     .text._unhandled_exception:00000000 Vector104
C:\Users\srich\AppData\Local\Temp\ccKVcRic.s:25     .text._unhandled_exception:00000000 Vector108
C:\Users\srich\AppData\Local\Temp\ccKVcRic.s:25     .text._unhandled_exception:00000000 Vector10C
C:\Users\srich\AppData\Local\Temp\ccKVcRic.s:25     .text._unhandled_exception:00000000 Vector110
C:\Users\srich\AppData\Local\Temp\ccKVcRic.s:25     .text._unhandled_exception:00000000 Vector114
C:\Users\srich\AppData\Local\Temp\ccKVcRic.s:25     .text._unhandled_exception:00000000 Vector118
C:\Users\srich\AppData\Local\Temp\ccKVcRic.s:25     .text._unhandled_exception:00000000 Vector11C
C:\Users\srich\AppData\Local\Temp\ccKVcRic.s:25     .text._unhandled_exception:00000000 Vector120
C:\Users\srich\AppData\Local\Temp\ccKVcRic.s:25     .text._unhandled_exception:00000000 Vector124
C:\Users\srich\AppData\Local\Temp\ccKVcRic.s:25     .text._unhandled_exception:00000000 Vector128
C:\Users\srich\AppData\Local\Temp\ccKVcRic.s:25     .text._unhandled_exception:00000000 Vector12C
C:\Users\srich\AppData\Local\Temp\ccKVcRic.s:25     .text._unhandled_exception:00000000 Vector130
C:\Users\srich\AppData\Local\Temp\ccKVcRic.s:25     .text._unhandled_exception:00000000 Vector134
C:\Users\srich\AppData\Local\Temp\ccKVcRic.s:25     .text._unhandled_exception:00000000 Vector138
C:\Users\srich\AppData\Local\Temp\ccKVcRic.s:25     .text._unhandled_exception:00000000 Vector13C
C:\Users\srich\AppData\Local\Temp\ccKVcRic.s:25     .text._unhandled_exception:00000000 Vector140
C:\Users\srich\AppData\Local\Temp\ccKVcRic.s:25     .text._unhandled_exception:00000000 Vector144
C:\Users\srich\AppData\Local\Temp\ccKVcRic.s:25     .text._unhandled_exception:00000000 Vector148
C:\Users\srich\AppData\Local\Temp\ccKVcRic.s:25     .text._unhandled_exception:00000000 Vector14C
C:\Users\srich\AppData\Local\Temp\ccKVcRic.s:25     .text._unhandled_exception:00000000 Vector150
C:\Users\srich\AppData\Local\Temp\ccKVcRic.s:25     .text._unhandled_exception:00000000 Vector154
C:\Users\srich\AppData\Local\Temp\ccKVcRic.s:25     .text._unhandled_exception:00000000 Vector158
C:\Users\srich\AppData\Local\Temp\ccKVcRic.s:25     .text._unhandled_exception:00000000 Vector15C
C:\Users\srich\AppData\Local\Temp\ccKVcRic.s:25     .text._unhandled_exception:00000000 Vector160
C:\Users\srich\AppData\Local\Temp\ccKVcRic.s:25     .text._unhandled_exception:00000000 Vector164
C:\Users\srich\AppData\Local\Temp\ccKVcRic.s:25     .text._unhandled_exception:00000000 Vector168
C:\Users\srich\AppData\Local\Temp\ccKVcRic.s:25     .text._unhandled_exception:00000000 Vector16C
C:\Users\srich\AppData\Local\Temp\ccKVcRic.s:25     .text._unhandled_exception:00000000 Vector170
C:\Users\srich\AppData\Local\Temp\ccKVcRic.s:25     .text._unhandled_exception:00000000 Vector174
C:\Users\srich\AppData\Local\Temp\ccKVcRic.s:25     .text._unhandled_exception:00000000 Vector178
C:\Users\srich\AppData\Local\Temp\ccKVcRic.s:25     .text._unhandled_exception:00000000 Vector17C
C:\Users\srich\AppData\Local\Temp\ccKVcRic.s:25     .text._unhandled_exception:00000000 Vector180
C:\Users\srich\AppData\Local\Temp\ccKVcRic.s:25     .text._unhandled_exception:00000000 Vector184
C:\Users\srich\AppData\Local\Temp\ccKVcRic.s:25     .text._unhandled_exception:00000000 Vector188
C:\Users\srich\AppData\Local\Temp\ccKVcRic.s:25     .text._unhandled_exception:00000000 Vector18C
C:\Users\srich\AppData\Local\Temp\ccKVcRic.s:25     .text._unhandled_exception:00000000 Vector190
C:\Users\srich\AppData\Local\Temp\ccKVcRic.s:25     .text._unhandled_exception:00000000 Vector194
C:\Users\srich\AppData\Local\Temp\ccKVcRic.s:25     .text._unhandled_exception:00000000 Vector198
C:\Users\srich\AppData\Local\Temp\ccKVcRic.s:25     .text._unhandled_exception:00000000 Vector19C
C:\Users\srich\AppData\Local\Temp\ccKVcRic.s:25     .text._unhandled_exception:00000000 Vector1A0
C:\Users\srich\AppData\Local\Temp\ccKVcRic.s:25     .text._unhandled_exception:00000000 Vector1A4
C:\Users\srich\AppData\Local\Temp\ccKVcRic.s:25     .text._unhandled_exception:00000000 Vector1A8
C:\Users\srich\AppData\Local\Temp\ccKVcRic.s:25     .text._unhandled_exception:00000000 NMIVector
C:\Users\srich\AppData\Local\Temp\ccKVcRic.s:254    vectors:00000000 _vectors
C:\Users\srich\AppData\Local\Temp\ccKVcRic.s:251    vectors:00000000 $d
                     .debug_frame:00000010 $d

UNDEFINED SYMBOLS
ARM GAS  C:\Users\srich\AppData\Local\Temp\ccKVcRic.s 			page 21


__main_stack_end__
ResetHandler
